CRITICAL - 2020-10-02 13:53:48 --> Trying to access array offset on value of type null
#0 C:\xampp\htdocs\nxgestao\app\Controllers\Vendas.php(97): CodeIgniter\Debug\Exceptions->errorHandler(8, 'Trying to acces...', 'C:\\xampp\\htdocs...', 97, Array)
#1 C:\xampp\htdocs\nxgestao\system\CodeIgniter.php(914): App\Controllers\Vendas->show('3')
#2 C:\xampp\htdocs\nxgestao\system\CodeIgniter.php(400): CodeIgniter\CodeIgniter->runController(Object(App\Controllers\Vendas))
#3 C:\xampp\htdocs\nxgestao\system\CodeIgniter.php(308): CodeIgniter\CodeIgniter->handleRequest(NULL, Object(Config\Cache), false)
#4 C:\xampp\htdocs\nxgestao\public\index.php(45): CodeIgniter\CodeIgniter->run()
#5 {main}
CRITICAL - 2020-10-02 13:56:47 --> Undefined variable: dados_da_nota
#0 C:\xampp\htdocs\nxgestao\app\Controllers\NFe.php(65): CodeIgniter\Debug\Exceptions->errorHandler(8, 'Undefined varia...', 'C:\\xampp\\htdocs...', 65, Array)
#1 C:\xampp\htdocs\nxgestao\system\CodeIgniter.php(914): App\Controllers\NFe->emitirNotaDeSaida('1')
#2 C:\xampp\htdocs\nxgestao\system\CodeIgniter.php(400): CodeIgniter\CodeIgniter->runController(Object(App\Controllers\NFe))
#3 C:\xampp\htdocs\nxgestao\system\CodeIgniter.php(308): CodeIgniter\CodeIgniter->handleRequest(NULL, Object(Config\Cache), false)
#4 C:\xampp\htdocs\nxgestao\public\index.php(45): CodeIgniter\CodeIgniter->run()
#5 {main}
CRITICAL - 2020-10-02 13:58:10 --> Undefined property: App\Controllers\NFe::$venda_model
#0 C:\xampp\htdocs\nxgestao\app\Controllers\NFe.php(63): CodeIgniter\Debug\Exceptions->errorHandler(8, 'Undefined prope...', 'C:\\xampp\\htdocs...', 63, Array)
#1 C:\xampp\htdocs\nxgestao\system\CodeIgniter.php(914): App\Controllers\NFe->emitirNotaDeSaida('1')
#2 C:\xampp\htdocs\nxgestao\system\CodeIgniter.php(400): CodeIgniter\CodeIgniter->runController(Object(App\Controllers\NFe))
#3 C:\xampp\htdocs\nxgestao\system\CodeIgniter.php(308): CodeIgniter\CodeIgniter->handleRequest(NULL, Object(Config\Cache), false)
#4 C:\xampp\htdocs\nxgestao\public\index.php(45): CodeIgniter\CodeIgniter->run()
#5 {main}
CRITICAL - 2020-10-02 14:17:59 --> Call to a member function getElementsByTagName() on null
#0 C:\xampp\htdocs\nxgestao\app\ThirdParty\sped-nfe\vendor\nfephp-org\sped-nfe\src\Make.php(441): NFePHP\NFe\Make->checkNFeKey(Object(NFePHP\Common\DOMImproved))
#1 C:\xampp\htdocs\nxgestao\app\ThirdParty\sped-nfe\vendor\nfephp-org\sped-nfe\src\Make.php(370): NFePHP\NFe\Make->monta()
#2 C:\xampp\htdocs\nxgestao\app\ThirdParty\sped-nfe\vendor\nfephp-org\sped-nfe\src\Make.php(341): NFePHP\NFe\Make->montaNFe()
#3 C:\xampp\htdocs\nxgestao\app\Controllers\NFe.php(71): NFePHP\NFe\Make->getXML()
#4 C:\xampp\htdocs\nxgestao\app\Controllers\NFe.php(103): App\Controllers\NFe->montaXML()
#5 C:\xampp\htdocs\nxgestao\system\CodeIgniter.php(914): App\Controllers\NFe->emitirNotaDeSaida('1')
#6 C:\xampp\htdocs\nxgestao\system\CodeIgniter.php(400): CodeIgniter\CodeIgniter->runController(Object(App\Controllers\NFe))
#7 C:\xampp\htdocs\nxgestao\system\CodeIgniter.php(308): CodeIgniter\CodeIgniter->handleRequest(NULL, Object(Config\Cache), false)
#8 C:\xampp\htdocs\nxgestao\public\index.php(45): CodeIgniter\CodeIgniter->run()
#9 {main}
CRITICAL - 2020-10-02 14:19:22 --> Undefined variable: dados_da_nota
#0 C:\xampp\htdocs\nxgestao\app\Controllers\NFe.php(75): CodeIgniter\Debug\Exceptions->errorHandler(8, 'Undefined varia...', 'C:\\xampp\\htdocs...', 75, Array)
#1 C:\xampp\htdocs\nxgestao\app\Controllers\NFe.php(137): App\Controllers\NFe->montaXML(Array)
#2 C:\xampp\htdocs\nxgestao\system\CodeIgniter.php(914): App\Controllers\NFe->emitirNotaDeSaida('1')
#3 C:\xampp\htdocs\nxgestao\system\CodeIgniter.php(400): CodeIgniter\CodeIgniter->runController(Object(App\Controllers\NFe))
#4 C:\xampp\htdocs\nxgestao\system\CodeIgniter.php(308): CodeIgniter\CodeIgniter->handleRequest(NULL, Object(Config\Cache), false)
#5 C:\xampp\htdocs\nxgestao\public\index.php(45): CodeIgniter\CodeIgniter->run()
#6 {main}
CRITICAL - 2020-10-02 14:21:05 --> Undefined variable: dados_da_nota
#0 C:\xampp\htdocs\nxgestao\app\Controllers\NFe.php(75): CodeIgniter\Debug\Exceptions->errorHandler(8, 'Undefined varia...', 'C:\\xampp\\htdocs...', 75, Array)
#1 C:\xampp\htdocs\nxgestao\app\Controllers\NFe.php(131): App\Controllers\NFe->montaXML(Array, Array)
#2 C:\xampp\htdocs\nxgestao\system\CodeIgniter.php(914): App\Controllers\NFe->emitirNotaDeSaida('1')
#3 C:\xampp\htdocs\nxgestao\system\CodeIgniter.php(400): CodeIgniter\CodeIgniter->runController(Object(App\Controllers\NFe))
#4 C:\xampp\htdocs\nxgestao\system\CodeIgniter.php(308): CodeIgniter\CodeIgniter->handleRequest(NULL, Object(Config\Cache), false)
#5 C:\xampp\htdocs\nxgestao\public\index.php(45): CodeIgniter\CodeIgniter->run()
#6 {main}
CRITICAL - 2020-10-02 14:21:30 --> Call to a member function getElementsByTagName() on null
#0 C:\xampp\htdocs\nxgestao\app\ThirdParty\sped-nfe\vendor\nfephp-org\sped-nfe\src\Make.php(441): NFePHP\NFe\Make->checkNFeKey(Object(NFePHP\Common\DOMImproved))
#1 C:\xampp\htdocs\nxgestao\app\ThirdParty\sped-nfe\vendor\nfephp-org\sped-nfe\src\Make.php(370): NFePHP\NFe\Make->monta()
#2 C:\xampp\htdocs\nxgestao\app\ThirdParty\sped-nfe\vendor\nfephp-org\sped-nfe\src\Make.php(341): NFePHP\NFe\Make->montaNFe()
#3 C:\xampp\htdocs\nxgestao\app\Controllers\NFe.php(99): NFePHP\NFe\Make->getXML()
#4 C:\xampp\htdocs\nxgestao\app\Controllers\NFe.php(131): App\Controllers\NFe->montaXML(Array, Array)
#5 C:\xampp\htdocs\nxgestao\system\CodeIgniter.php(914): App\Controllers\NFe->emitirNotaDeSaida('1')
#6 C:\xampp\htdocs\nxgestao\system\CodeIgniter.php(400): CodeIgniter\CodeIgniter->runController(Object(App\Controllers\NFe))
#7 C:\xampp\htdocs\nxgestao\system\CodeIgniter.php(308): CodeIgniter\CodeIgniter->handleRequest(NULL, Object(Config\Cache), false)
#8 C:\xampp\htdocs\nxgestao\public\index.php(45): CodeIgniter\CodeIgniter->run()
#9 {main}
CRITICAL - 2020-10-02 14:22:37 --> Trying to get property 'nodeValue' of non-object
#0 C:\xampp\htdocs\nxgestao\app\ThirdParty\sped-nfe\vendor\nfephp-org\sped-nfe\src\Make.php(7344): CodeIgniter\Debug\Exceptions->errorHandler(8, 'Trying to get p...', 'C:\\xampp\\htdocs...', 7344, Array)
#1 C:\xampp\htdocs\nxgestao\app\ThirdParty\sped-nfe\vendor\nfephp-org\sped-nfe\src\Make.php(441): NFePHP\NFe\Make->checkNFeKey(Object(NFePHP\Common\DOMImproved))
#2 C:\xampp\htdocs\nxgestao\app\ThirdParty\sped-nfe\vendor\nfephp-org\sped-nfe\src\Make.php(370): NFePHP\NFe\Make->monta()
#3 C:\xampp\htdocs\nxgestao\app\ThirdParty\sped-nfe\vendor\nfephp-org\sped-nfe\src\Make.php(341): NFePHP\NFe\Make->montaNFe()
#4 C:\xampp\htdocs\nxgestao\app\Controllers\NFe.php(123): NFePHP\NFe\Make->getXML()
#5 C:\xampp\htdocs\nxgestao\app\Controllers\NFe.php(155): App\Controllers\NFe->montaXML(Array, Array)
#6 C:\xampp\htdocs\nxgestao\system\CodeIgniter.php(914): App\Controllers\NFe->emitirNotaDeSaida('1')
#7 C:\xampp\htdocs\nxgestao\system\CodeIgniter.php(400): CodeIgniter\CodeIgniter->runController(Object(App\Controllers\NFe))
#8 C:\xampp\htdocs\nxgestao\system\CodeIgniter.php(308): CodeIgniter\CodeIgniter->handleRequest(NULL, Object(Config\Cache), false)
#9 C:\xampp\htdocs\nxgestao\public\index.php(45): CodeIgniter\CodeIgniter->run()
#10 {main}
CRITICAL - 2020-10-02 14:23:17 --> Trying to get property 'nodeValue' of non-object
#0 C:\xampp\htdocs\nxgestao\app\ThirdParty\sped-nfe\vendor\nfephp-org\sped-nfe\src\Make.php(7344): CodeIgniter\Debug\Exceptions->errorHandler(8, 'Trying to get p...', 'C:\\xampp\\htdocs...', 7344, Array)
#1 C:\xampp\htdocs\nxgestao\app\ThirdParty\sped-nfe\vendor\nfephp-org\sped-nfe\src\Make.php(441): NFePHP\NFe\Make->checkNFeKey(Object(NFePHP\Common\DOMImproved))
#2 C:\xampp\htdocs\nxgestao\app\ThirdParty\sped-nfe\vendor\nfephp-org\sped-nfe\src\Make.php(370): NFePHP\NFe\Make->monta()
#3 C:\xampp\htdocs\nxgestao\app\ThirdParty\sped-nfe\vendor\nfephp-org\sped-nfe\src\Make.php(341): NFePHP\NFe\Make->montaNFe()
#4 C:\xampp\htdocs\nxgestao\app\Controllers\NFe.php(123): NFePHP\NFe\Make->getXML()
#5 C:\xampp\htdocs\nxgestao\app\Controllers\NFe.php(155): App\Controllers\NFe->montaXML(Array, Array)
#6 C:\xampp\htdocs\nxgestao\system\CodeIgniter.php(914): App\Controllers\NFe->emitirNotaDeSaida('1')
#7 C:\xampp\htdocs\nxgestao\system\CodeIgniter.php(400): CodeIgniter\CodeIgniter->runController(Object(App\Controllers\NFe))
#8 C:\xampp\htdocs\nxgestao\system\CodeIgniter.php(308): CodeIgniter\CodeIgniter->handleRequest(NULL, Object(Config\Cache), false)
#9 C:\xampp\htdocs\nxgestao\public\index.php(45): CodeIgniter\CodeIgniter->run()
#10 {main}
CRITICAL - 2020-10-02 14:24:46 --> Trying to access array offset on value of type null
#0 C:\xampp\htdocs\nxgestao\app\Controllers\Vendas.php(97): CodeIgniter\Debug\Exceptions->errorHandler(8, 'Trying to acces...', 'C:\\xampp\\htdocs...', 97, Array)
#1 C:\xampp\htdocs\nxgestao\system\CodeIgniter.php(914): App\Controllers\Vendas->show('3')
#2 C:\xampp\htdocs\nxgestao\system\CodeIgniter.php(400): CodeIgniter\CodeIgniter->runController(Object(App\Controllers\Vendas))
#3 C:\xampp\htdocs\nxgestao\system\CodeIgniter.php(308): CodeIgniter\CodeIgniter->handleRequest(NULL, Object(Config\Cache), false)
#4 C:\xampp\htdocs\nxgestao\public\index.php(45): CodeIgniter\CodeIgniter->run()
#5 {main}
CRITICAL - 2020-10-02 14:24:51 --> Trying to access array offset on value of type null
#0 C:\xampp\htdocs\nxgestao\app\Controllers\Vendas.php(97): CodeIgniter\Debug\Exceptions->errorHandler(8, 'Trying to acces...', 'C:\\xampp\\htdocs...', 97, Array)
#1 C:\xampp\htdocs\nxgestao\system\CodeIgniter.php(914): App\Controllers\Vendas->show('3')
#2 C:\xampp\htdocs\nxgestao\system\CodeIgniter.php(400): CodeIgniter\CodeIgniter->runController(Object(App\Controllers\Vendas))
#3 C:\xampp\htdocs\nxgestao\system\CodeIgniter.php(308): CodeIgniter\CodeIgniter->handleRequest(NULL, Object(Config\Cache), false)
#4 C:\xampp\htdocs\nxgestao\public\index.php(45): CodeIgniter\CodeIgniter->run()
#5 {main}
CRITICAL - 2020-10-02 14:26:55 --> Undefined variable: dados_do_destinatario
#0 C:\xampp\htdocs\nxgestao\app\Controllers\NFe.php(125): CodeIgniter\Debug\Exceptions->errorHandler(8, 'Undefined varia...', 'C:\\xampp\\htdocs...', 125, Array)
#1 C:\xampp\htdocs\nxgestao\app\Controllers\NFe.php(215): App\Controllers\NFe->montaXML(Array, Array)
#2 C:\xampp\htdocs\nxgestao\system\CodeIgniter.php(914): App\Controllers\NFe->emitirNotaDeSaida('1')
#3 C:\xampp\htdocs\nxgestao\system\CodeIgniter.php(400): CodeIgniter\CodeIgniter->runController(Object(App\Controllers\NFe))
#4 C:\xampp\htdocs\nxgestao\system\CodeIgniter.php(308): CodeIgniter\CodeIgniter->handleRequest(NULL, Object(Config\Cache), false)
#5 C:\xampp\htdocs\nxgestao\public\index.php(45): CodeIgniter\CodeIgniter->run()
#6 {main}
CRITICAL - 2020-10-02 14:34:55 --> Undefined variable: produtos_da_nota
#0 C:\xampp\htdocs\nxgestao\app\Controllers\NFe.php(185): CodeIgniter\Debug\Exceptions->errorHandler(8, 'Undefined varia...', 'C:\\xampp\\htdocs...', 185, Array)
#1 C:\xampp\htdocs\nxgestao\app\Controllers\NFe.php(319): App\Controllers\NFe->montaXML(Array, Array, Array)
#2 C:\xampp\htdocs\nxgestao\system\CodeIgniter.php(914): App\Controllers\NFe->emitirNotaDeSaida('1')
#3 C:\xampp\htdocs\nxgestao\system\CodeIgniter.php(400): CodeIgniter\CodeIgniter->runController(Object(App\Controllers\NFe))
#4 C:\xampp\htdocs\nxgestao\system\CodeIgniter.php(308): CodeIgniter\CodeIgniter->handleRequest(NULL, Object(Config\Cache), false)
#5 C:\xampp\htdocs\nxgestao\public\index.php(45): CodeIgniter\CodeIgniter->run()
#6 {main}
CRITICAL - 2020-10-02 14:35:40 --> Undefined index: CFOP_NFe
#0 C:\xampp\htdocs\nxgestao\app\Controllers\NFe.php(203): CodeIgniter\Debug\Exceptions->errorHandler(8, 'Undefined index...', 'C:\\xampp\\htdocs...', 203, Array)
#1 C:\xampp\htdocs\nxgestao\app\Controllers\NFe.php(319): App\Controllers\NFe->montaXML(Array, Array, Array, Array)
#2 C:\xampp\htdocs\nxgestao\system\CodeIgniter.php(914): App\Controllers\NFe->emitirNotaDeSaida('1')
#3 C:\xampp\htdocs\nxgestao\system\CodeIgniter.php(400): CodeIgniter\CodeIgniter->runController(Object(App\Controllers\NFe))
#4 C:\xampp\htdocs\nxgestao\system\CodeIgniter.php(308): CodeIgniter\CodeIgniter->handleRequest(NULL, Object(Config\Cache), false)
#5 C:\xampp\htdocs\nxgestao\public\index.php(45): CodeIgniter\CodeIgniter->run()
#6 {main}
CRITICAL - 2020-10-02 14:35:54 --> Call to undefined method App\Controllers\NFe::format()
#0 C:\xampp\htdocs\nxgestao\app\Controllers\NFe.php(319): App\Controllers\NFe->montaXML(Array, Array, Array, Array)
#1 C:\xampp\htdocs\nxgestao\system\CodeIgniter.php(914): App\Controllers\NFe->emitirNotaDeSaida('1')
#2 C:\xampp\htdocs\nxgestao\system\CodeIgniter.php(400): CodeIgniter\CodeIgniter->runController(Object(App\Controllers\NFe))
#3 C:\xampp\htdocs\nxgestao\system\CodeIgniter.php(308): CodeIgniter\CodeIgniter->handleRequest(NULL, Object(Config\Cache), false)
#4 C:\xampp\htdocs\nxgestao\public\index.php(45): CodeIgniter\CodeIgniter->run()
#5 {main}
CRITICAL - 2020-10-02 14:57:31 --> file_get_contents(C:\xampp\htdocs\nxgestao\writable\uploads/certificados/certificado.pfx): failed to open stream: No such file or directory
#0 [internal function]: CodeIgniter\Debug\Exceptions->errorHandler(2, 'file_get_conten...', 'C:\\xampp\\htdocs...', 373, Array)
#1 C:\xampp\htdocs\nxgestao\app\Controllers\NFe.php(373): file_get_contents('C:\\xampp\\htdocs...')
#2 C:\xampp\htdocs\nxgestao\app\Controllers\NFe.php(432): App\Controllers\NFe->assinaXML(Array, '{"atualizacao":...', '<?xml version="...')
#3 C:\xampp\htdocs\nxgestao\system\CodeIgniter.php(914): App\Controllers\NFe->emitirNotaDeSaida('1')
#4 C:\xampp\htdocs\nxgestao\system\CodeIgniter.php(400): CodeIgniter\CodeIgniter->runController(Object(App\Controllers\NFe))
#5 C:\xampp\htdocs\nxgestao\system\CodeIgniter.php(308): CodeIgniter\CodeIgniter->handleRequest(NULL, Object(Config\Cache), false)
#6 C:\xampp\htdocs\nxgestao\public\index.php(45): CodeIgniter\CodeIgniter->run()
#7 {main}
CRITICAL - 2020-10-02 14:58:59 --> Unable to read certificate, get follow error: (error:23076071:PKCS12 routines:PKCS12_parse:mac verify failure)
#0 C:\xampp\htdocs\nxgestao\app\ThirdParty\sped-nfe\vendor\nfephp-org\sped-common\src\Certificate.php(63): NFePHP\Common\Exception\CertificateException::unableToRead()
#1 C:\xampp\htdocs\nxgestao\app\Controllers\NFe.php(379): NFePHP\Common\Certificate::readPfx('0\x80\x02\x01\x030\x80\x06\t*\x86H\x86\xF7\r...', '1234')
#2 C:\xampp\htdocs\nxgestao\app\Controllers\NFe.php(432): App\Controllers\NFe->assinaXML(Array, '{"atualizacao":...', '<?xml version="...')
#3 C:\xampp\htdocs\nxgestao\system\CodeIgniter.php(914): App\Controllers\NFe->emitirNotaDeSaida('1')
#4 C:\xampp\htdocs\nxgestao\system\CodeIgniter.php(400): CodeIgniter\CodeIgniter->runController(Object(App\Controllers\NFe))
#5 C:\xampp\htdocs\nxgestao\system\CodeIgniter.php(308): CodeIgniter\CodeIgniter->handleRequest(NULL, Object(Config\Cache), false)
#6 C:\xampp\htdocs\nxgestao\public\index.php(45): CodeIgniter\CodeIgniter->run()
#7 {main}
CRITICAL - 2020-10-02 15:02:17 --> Call to undefined method App\Controllers\NFe::consultaReciboNaSefaz()
#0 C:\xampp\htdocs\nxgestao\system\CodeIgniter.php(914): App\Controllers\NFe->emitirNotaDeSaida('1')
#1 C:\xampp\htdocs\nxgestao\system\CodeIgniter.php(400): CodeIgniter\CodeIgniter->runController(Object(App\Controllers\NFe))
#2 C:\xampp\htdocs\nxgestao\system\CodeIgniter.php(308): CodeIgniter\CodeIgniter->handleRequest(NULL, Object(Config\Cache), false)
#3 C:\xampp\htdocs\nxgestao\public\index.php(45): CodeIgniter\CodeIgniter->run()
#4 {main}
CRITICAL - 2020-10-02 15:18:35 --> Call to undefined method App\Controllers\NFe::protocolaXmlNaSefaz()
#0 C:\xampp\htdocs\nxgestao\system\CodeIgniter.php(914): App\Controllers\NFe->emitirNotaDeSaida('1')
#1 C:\xampp\htdocs\nxgestao\system\CodeIgniter.php(400): CodeIgniter\CodeIgniter->runController(Object(App\Controllers\NFe))
#2 C:\xampp\htdocs\nxgestao\system\CodeIgniter.php(308): CodeIgniter\CodeIgniter->handleRequest(NULL, Object(Config\Cache), false)
#3 C:\xampp\htdocs\nxgestao\public\index.php(45): CodeIgniter\CodeIgniter->run()
#4 {main}
CRITICAL - 2020-10-02 16:45:50 --> Undefined variable: dados_da_nota
#0 C:\xampp\htdocs\nxgestao\app\Controllers\NFe.php(534): CodeIgniter\Debug\Exceptions->errorHandler(8, 'Undefined varia...', 'C:\\xampp\\htdocs...', 534, Array)
#1 C:\xampp\htdocs\nxgestao\system\CodeIgniter.php(914): App\Controllers\NFe->emitirNotaDeSaida('1')
#2 C:\xampp\htdocs\nxgestao\system\CodeIgniter.php(400): CodeIgniter\CodeIgniter->runController(Object(App\Controllers\NFe))
#3 C:\xampp\htdocs\nxgestao\system\CodeIgniter.php(308): CodeIgniter\CodeIgniter->handleRequest(NULL, Object(Config\Cache), false)
#4 C:\xampp\htdocs\nxgestao\public\index.php(45): CodeIgniter\CodeIgniter->run()
#5 {main}
CRITICAL - 2020-10-02 16:46:27 --> Cannot add or update a child row: a foreign key constraint fails (`nxgestao`.`nfes`, CONSTRAINT `nfes_id_venda_foreign` FOREIGN KEY (`id_venda`) REFERENCES `vendas` (`id_venda`) ON DELETE CASCADE ON UPDATE CASCADE)
#0 C:\xampp\htdocs\nxgestao\system\Database\MySQLi\Connection.php(331): mysqli->query('INSERT INTO `nf...')
#1 C:\xampp\htdocs\nxgestao\system\Database\BaseConnection.php(738): CodeIgniter\Database\MySQLi\Connection->execute('INSERT INTO `nf...')
#2 C:\xampp\htdocs\nxgestao\system\Database\BaseConnection.php(666): CodeIgniter\Database\BaseConnection->simpleQuery('INSERT INTO `nf...')
#3 C:\xampp\htdocs\nxgestao\system\Database\BaseBuilder.php(2234): CodeIgniter\Database\BaseConnection->query('INSERT INTO `nf...', Array, false)
#4 C:\xampp\htdocs\nxgestao\system\Model.php(729): CodeIgniter\Database\BaseBuilder->insert()
#5 C:\xampp\htdocs\nxgestao\app\Controllers\NFe.php(541): CodeIgniter\Model->insert(Array)
#6 C:\xampp\htdocs\nxgestao\system\CodeIgniter.php(914): App\Controllers\NFe->emitirNotaDeSaida('1')
#7 C:\xampp\htdocs\nxgestao\system\CodeIgniter.php(400): CodeIgniter\CodeIgniter->runController(Object(App\Controllers\NFe))
#8 C:\xampp\htdocs\nxgestao\system\CodeIgniter.php(308): CodeIgniter\CodeIgniter->handleRequest(NULL, Object(Config\Cache), false)
#9 C:\xampp\htdocs\nxgestao\public\index.php(45): CodeIgniter\CodeIgniter->run()
#10 {main}
CRITICAL - 2020-10-02 16:58:53 --> Trying to get property 'nodeValue' of non-object
#0 C:\xampp\htdocs\nxgestao\app\ThirdParty\sped-nfe\vendor\nfephp-org\sped-nfe\src\Make.php(7344): CodeIgniter\Debug\Exceptions->errorHandler(8, 'Trying to get p...', 'C:\\xampp\\htdocs...', 7344, Array)
#1 C:\xampp\htdocs\nxgestao\app\ThirdParty\sped-nfe\vendor\nfephp-org\sped-nfe\src\Make.php(441): NFePHP\NFe\Make->checkNFeKey(Object(NFePHP\Common\DOMImproved))
#2 C:\xampp\htdocs\nxgestao\app\ThirdParty\sped-nfe\vendor\nfephp-org\sped-nfe\src\Make.php(370): NFePHP\NFe\Make->monta()
#3 C:\xampp\htdocs\nxgestao\app\ThirdParty\sped-nfe\vendor\nfephp-org\sped-nfe\src\Make.php(341): NFePHP\NFe\Make->montaNFe()
#4 C:\xampp\htdocs\nxgestao\app\Controllers\NFe.php(489): NFePHP\NFe\Make->getXML()
#5 C:\xampp\htdocs\nxgestao\system\CodeIgniter.php(914): App\Controllers\NFe->emitirNotaDeSaida('1')
#6 C:\xampp\htdocs\nxgestao\system\CodeIgniter.php(400): CodeIgniter\CodeIgniter->runController(Object(App\Controllers\NFe))
#7 C:\xampp\htdocs\nxgestao\system\CodeIgniter.php(308): CodeIgniter\CodeIgniter->handleRequest(NULL, Object(Config\Cache), false)
#8 C:\xampp\htdocs\nxgestao\public\index.php(45): CodeIgniter\CodeIgniter->run()
#9 {main}
CRITICAL - 2020-10-02 17:04:14 --> Cannot add or update a child row: a foreign key constraint fails (`nxgestao`.`nfes`, CONSTRAINT `nfes_id_venda_foreign` FOREIGN KEY (`id_venda`) REFERENCES `vendas` (`id_venda`) ON DELETE CASCADE ON UPDATE CASCADE)
#0 C:\xampp\htdocs\nxgestao\system\Database\MySQLi\Connection.php(331): mysqli->query('INSERT INTO `nf...')
#1 C:\xampp\htdocs\nxgestao\system\Database\BaseConnection.php(738): CodeIgniter\Database\MySQLi\Connection->execute('INSERT INTO `nf...')
#2 C:\xampp\htdocs\nxgestao\system\Database\BaseConnection.php(666): CodeIgniter\Database\BaseConnection->simpleQuery('INSERT INTO `nf...')
#3 C:\xampp\htdocs\nxgestao\system\Database\BaseBuilder.php(2234): CodeIgniter\Database\BaseConnection->query('INSERT INTO `nf...', Array, false)
#4 C:\xampp\htdocs\nxgestao\system\Model.php(729): CodeIgniter\Database\BaseBuilder->insert()
#5 C:\xampp\htdocs\nxgestao\app\Controllers\NFe.php(541): CodeIgniter\Model->insert(Array)
#6 C:\xampp\htdocs\nxgestao\system\CodeIgniter.php(914): App\Controllers\NFe->emitirNotaDeSaida('1')
#7 C:\xampp\htdocs\nxgestao\system\CodeIgniter.php(400): CodeIgniter\CodeIgniter->runController(Object(App\Controllers\NFe))
#8 C:\xampp\htdocs\nxgestao\system\CodeIgniter.php(308): CodeIgniter\CodeIgniter->handleRequest(NULL, Object(Config\Cache), false)
#9 C:\xampp\htdocs\nxgestao\public\index.php(45): CodeIgniter\CodeIgniter->run()
#10 {main}
CRITICAL - 2020-10-02 17:11:06 --> Trying to access array offset on value of type null
#0 C:\xampp\htdocs\nxgestao\app\Controllers\NFe.php(476): CodeIgniter\Debug\Exceptions->errorHandler(8, 'Trying to acces...', 'C:\\xampp\\htdocs...', 476, Array)
#1 C:\xampp\htdocs\nxgestao\system\CodeIgniter.php(914): App\Controllers\NFe->emitirNotaDeSaida('1')
#2 C:\xampp\htdocs\nxgestao\system\CodeIgniter.php(400): CodeIgniter\CodeIgniter->runController(Object(App\Controllers\NFe))
#3 C:\xampp\htdocs\nxgestao\system\CodeIgniter.php(308): CodeIgniter\CodeIgniter->handleRequest(NULL, Object(Config\Cache), false)
#4 C:\xampp\htdocs\nxgestao\public\index.php(45): CodeIgniter\CodeIgniter->run()
#5 {main}
CRITICAL - 2020-10-02 17:11:30 --> Cannot add or update a child row: a foreign key constraint fails (`nxgestao`.`nfes`, CONSTRAINT `nfes_id_cliente_foreign` FOREIGN KEY (`id_cliente`) REFERENCES `clientes` (`id_cliente`) ON DELETE CASCADE ON UPDATE CASCADE)
#0 C:\xampp\htdocs\nxgestao\system\Database\MySQLi\Connection.php(331): mysqli->query('INSERT INTO `nf...')
#1 C:\xampp\htdocs\nxgestao\system\Database\BaseConnection.php(738): CodeIgniter\Database\MySQLi\Connection->execute('INSERT INTO `nf...')
#2 C:\xampp\htdocs\nxgestao\system\Database\BaseConnection.php(666): CodeIgniter\Database\BaseConnection->simpleQuery('INSERT INTO `nf...')
#3 C:\xampp\htdocs\nxgestao\system\Database\BaseBuilder.php(2234): CodeIgniter\Database\BaseConnection->query('INSERT INTO `nf...', Array, false)
#4 C:\xampp\htdocs\nxgestao\system\Model.php(729): CodeIgniter\Database\BaseBuilder->insert()
#5 C:\xampp\htdocs\nxgestao\app\Controllers\NFe.php(544): CodeIgniter\Model->insert(Array)
#6 C:\xampp\htdocs\nxgestao\system\CodeIgniter.php(914): App\Controllers\NFe->emitirNotaDeSaida('1')
#7 C:\xampp\htdocs\nxgestao\system\CodeIgniter.php(400): CodeIgniter\CodeIgniter->runController(Object(App\Controllers\NFe))
#8 C:\xampp\htdocs\nxgestao\system\CodeIgniter.php(308): CodeIgniter\CodeIgniter->handleRequest(NULL, Object(Config\Cache), false)
#9 C:\xampp\htdocs\nxgestao\public\index.php(45): CodeIgniter\CodeIgniter->run()
#10 {main}
CRITICAL - 2020-10-02 17:15:24 --> Call to undefined function App\Controllers\setFlashdata()
#0 C:\xampp\htdocs\nxgestao\system\CodeIgniter.php(914): App\Controllers\NFe->emitirNotaDeSaida('1')
#1 C:\xampp\htdocs\nxgestao\system\CodeIgniter.php(400): CodeIgniter\CodeIgniter->runController(Object(App\Controllers\NFe))
#2 C:\xampp\htdocs\nxgestao\system\CodeIgniter.php(308): CodeIgniter\CodeIgniter->handleRequest(NULL, Object(Config\Cache), false)
#3 C:\xampp\htdocs\nxgestao\public\index.php(45): CodeIgniter\CodeIgniter->run()
#4 {main}
CRITICAL - 2020-10-02 17:16:10 --> Call to undefined function App\Controllers\setFlashdata()
#0 C:\xampp\htdocs\nxgestao\system\CodeIgniter.php(914): App\Controllers\NFe->emitirNotaDeSaida('1')
#1 C:\xampp\htdocs\nxgestao\system\CodeIgniter.php(400): CodeIgniter\CodeIgniter->runController(Object(App\Controllers\NFe))
#2 C:\xampp\htdocs\nxgestao\system\CodeIgniter.php(308): CodeIgniter\CodeIgniter->handleRequest(NULL, Object(Config\Cache), false)
#3 C:\xampp\htdocs\nxgestao\public\index.php(45): CodeIgniter\CodeIgniter->run()
#4 {main}
CRITICAL - 2020-10-02 17:22:51 --> Undefined property: App\Controllers\Vendas::$id_venda
#0 C:\xampp\htdocs\nxgestao\app\Controllers\Vendas.php(130): CodeIgniter\Debug\Exceptions->errorHandler(8, 'Undefined prope...', 'C:\\xampp\\htdocs...', 130, Array)
#1 C:\xampp\htdocs\nxgestao\system\CodeIgniter.php(914): App\Controllers\Vendas->show('1')
#2 C:\xampp\htdocs\nxgestao\system\CodeIgniter.php(400): CodeIgniter\CodeIgniter->runController(Object(App\Controllers\Vendas))
#3 C:\xampp\htdocs\nxgestao\system\CodeIgniter.php(308): CodeIgniter\CodeIgniter->handleRequest(NULL, Object(Config\Cache), false)
#4 C:\xampp\htdocs\nxgestao\public\index.php(45): CodeIgniter\CodeIgniter->run()
#5 {main}
CRITICAL - 2020-10-02 17:31:54 --> Undefined variable: xml
#0 C:\xampp\htdocs\nxgestao\app\Controllers\ImpressaoDANFe.php(34): CodeIgniter\Debug\Exceptions->errorHandler(8, 'Undefined varia...', 'C:\\xampp\\htdocs...', 34, Array)
#1 C:\xampp\htdocs\nxgestao\system\CodeIgniter.php(914): App\Controllers\ImpressaoDANFe->imprimir('2')
#2 C:\xampp\htdocs\nxgestao\system\CodeIgniter.php(400): CodeIgniter\CodeIgniter->runController(Object(App\Controllers\ImpressaoDANFe))
#3 C:\xampp\htdocs\nxgestao\system\CodeIgniter.php(308): CodeIgniter\CodeIgniter->handleRequest(NULL, Object(Config\Cache), false)
#4 C:\xampp\htdocs\nxgestao\public\index.php(45): CodeIgniter\CodeIgniter->run()
#5 {main}
CRITICAL - 2020-10-02 17:33:33 --> Undefined property: App\Controllers\ImpressaoDANFe::$nfe_model
#0 C:\xampp\htdocs\nxgestao\app\Controllers\ImpressaoDANFe.php(28): CodeIgniter\Debug\Exceptions->errorHandler(8, 'Undefined prope...', 'C:\\xampp\\htdocs...', 28, Array)
#1 C:\xampp\htdocs\nxgestao\system\CodeIgniter.php(914): App\Controllers\ImpressaoDANFe->imprimir('2')
#2 C:\xampp\htdocs\nxgestao\system\CodeIgniter.php(400): CodeIgniter\CodeIgniter->runController(Object(App\Controllers\ImpressaoDANFe))
#3 C:\xampp\htdocs\nxgestao\system\CodeIgniter.php(308): CodeIgniter\CodeIgniter->handleRequest(NULL, Object(Config\Cache), false)
#4 C:\xampp\htdocs\nxgestao\public\index.php(45): CodeIgniter\CodeIgniter->run()
#5 {main}
CRITICAL - 2020-10-02 17:34:13 --> Undefined property: App\Controllers\ImpressaoDANFe::$id_nfe
#0 C:\xampp\htdocs\nxgestao\app\Controllers\ImpressaoDANFe.php(36): CodeIgniter\Debug\Exceptions->errorHandler(8, 'Undefined prope...', 'C:\\xampp\\htdocs...', 36, Array)
#1 C:\xampp\htdocs\nxgestao\system\CodeIgniter.php(914): App\Controllers\ImpressaoDANFe->imprimir('2')
#2 C:\xampp\htdocs\nxgestao\system\CodeIgniter.php(400): CodeIgniter\CodeIgniter->runController(Object(App\Controllers\ImpressaoDANFe))
#3 C:\xampp\htdocs\nxgestao\system\CodeIgniter.php(308): CodeIgniter\CodeIgniter->handleRequest(NULL, Object(Config\Cache), false)
#4 C:\xampp\htdocs\nxgestao\public\index.php(45): CodeIgniter\CodeIgniter->run()
#5 {main}
CRITICAL - 2020-10-02 17:51:13 --> Column 'id_venda' in order clause is ambiguous
#0 C:\xampp\htdocs\nxgestao\system\Database\MySQLi\Connection.php(331): mysqli->query('SELECT *\nFROM `...')
#1 C:\xampp\htdocs\nxgestao\system\Database\BaseConnection.php(738): CodeIgniter\Database\MySQLi\Connection->execute('SELECT *\nFROM `...')
#2 C:\xampp\htdocs\nxgestao\system\Database\BaseConnection.php(666): CodeIgniter\Database\BaseConnection->simpleQuery('SELECT *\nFROM `...')
#3 C:\xampp\htdocs\nxgestao\system\Database\BaseBuilder.php(1845): CodeIgniter\Database\BaseConnection->query('SELECT *\nFROM `...', Array, false)
#4 C:\xampp\htdocs\nxgestao\system\Model.php(387): CodeIgniter\Database\BaseBuilder->get()
#5 C:\xampp\htdocs\nxgestao\app\Controllers\Vendas.php(64): CodeIgniter\Model->find()
#6 C:\xampp\htdocs\nxgestao\system\CodeIgniter.php(914): App\Controllers\Vendas->index()
#7 C:\xampp\htdocs\nxgestao\system\CodeIgniter.php(400): CodeIgniter\CodeIgniter->runController(Object(App\Controllers\Vendas))
#8 C:\xampp\htdocs\nxgestao\system\CodeIgniter.php(308): CodeIgniter\CodeIgniter->handleRequest(NULL, Object(Config\Cache), false)
#9 C:\xampp\htdocs\nxgestao\public\index.php(45): CodeIgniter\CodeIgniter->run()
#10 {main}
CRITICAL - 2020-10-02 17:55:10 --> Unknown column 'vendas.id_nfe' in 'on clause'
#0 C:\xampp\htdocs\nxgestao\system\Database\MySQLi\Connection.php(331): mysqli->query('SELECT *\nFROM `...')
#1 C:\xampp\htdocs\nxgestao\system\Database\BaseConnection.php(738): CodeIgniter\Database\MySQLi\Connection->execute('SELECT *\nFROM `...')
#2 C:\xampp\htdocs\nxgestao\system\Database\BaseConnection.php(666): CodeIgniter\Database\BaseConnection->simpleQuery('SELECT *\nFROM `...')
#3 C:\xampp\htdocs\nxgestao\system\Database\BaseBuilder.php(1845): CodeIgniter\Database\BaseConnection->query('SELECT *\nFROM `...', Array, false)
#4 C:\xampp\htdocs\nxgestao\system\Model.php(387): CodeIgniter\Database\BaseBuilder->get()
#5 C:\xampp\htdocs\nxgestao\app\Controllers\Vendas.php(64): CodeIgniter\Model->find()
#6 C:\xampp\htdocs\nxgestao\system\CodeIgniter.php(914): App\Controllers\Vendas->index()
#7 C:\xampp\htdocs\nxgestao\system\CodeIgniter.php(400): CodeIgniter\CodeIgniter->runController(Object(App\Controllers\Vendas))
#8 C:\xampp\htdocs\nxgestao\system\CodeIgniter.php(308): CodeIgniter\CodeIgniter->handleRequest(NULL, Object(Config\Cache), false)
#9 C:\xampp\htdocs\nxgestao\public\index.php(45): CodeIgniter\CodeIgniter->run()
#10 {main}
CRITICAL - 2020-10-02 17:55:28 --> Column 'id_venda' in order clause is ambiguous
#0 C:\xampp\htdocs\nxgestao\system\Database\MySQLi\Connection.php(331): mysqli->query('SELECT *\nFROM `...')
#1 C:\xampp\htdocs\nxgestao\system\Database\BaseConnection.php(738): CodeIgniter\Database\MySQLi\Connection->execute('SELECT *\nFROM `...')
#2 C:\xampp\htdocs\nxgestao\system\Database\BaseConnection.php(666): CodeIgniter\Database\BaseConnection->simpleQuery('SELECT *\nFROM `...')
#3 C:\xampp\htdocs\nxgestao\system\Database\BaseBuilder.php(1845): CodeIgniter\Database\BaseConnection->query('SELECT *\nFROM `...', Array, false)
#4 C:\xampp\htdocs\nxgestao\system\Model.php(387): CodeIgniter\Database\BaseBuilder->get()
#5 C:\xampp\htdocs\nxgestao\app\Controllers\Vendas.php(64): CodeIgniter\Model->find()
#6 C:\xampp\htdocs\nxgestao\system\CodeIgniter.php(914): App\Controllers\Vendas->index()
#7 C:\xampp\htdocs\nxgestao\system\CodeIgniter.php(400): CodeIgniter\CodeIgniter->runController(Object(App\Controllers\Vendas))
#8 C:\xampp\htdocs\nxgestao\system\CodeIgniter.php(308): CodeIgniter\CodeIgniter->handleRequest(NULL, Object(Config\Cache), false)
#9 C:\xampp\htdocs\nxgestao\public\index.php(45): CodeIgniter\CodeIgniter->run()
#10 {main}
CRITICAL - 2020-10-02 18:08:36 --> Undefined offset: 0
#0 C:\xampp\htdocs\nxgestao\app\Controllers\Vendas.php(82): CodeIgniter\Debug\Exceptions->errorHandler(8, 'Undefined offse...', 'C:\\xampp\\htdocs...', 82, Array)
#1 C:\xampp\htdocs\nxgestao\system\CodeIgniter.php(914): App\Controllers\Vendas->index()
#2 C:\xampp\htdocs\nxgestao\system\CodeIgniter.php(400): CodeIgniter\CodeIgniter->runController(Object(App\Controllers\Vendas))
#3 C:\xampp\htdocs\nxgestao\system\CodeIgniter.php(308): CodeIgniter\CodeIgniter->handleRequest(NULL, Object(Config\Cache), false)
#4 C:\xampp\htdocs\nxgestao\public\index.php(45): CodeIgniter\CodeIgniter->run()
#5 {main}
