CRITICAL - 2021-06-23 09:42:27 --> Undefined variable: categorias
#0 C:\xampp\htdocs\nxgestao_saas\app\Views\produtos\provisorio_add_produtos_por_xml.php(124): CodeIgniter\Debug\Exceptions->errorHandler(8, 'Undefined varia...', 'C:\\xampp\\htdocs...', 124, Array)
#1 C:\xampp\htdocs\nxgestao_saas\system\View\View.php(246): include('C:\\xampp\\htdocs...')
#2 C:\xampp\htdocs\nxgestao_saas\system\Common.php(1087): CodeIgniter\View\View->render('produtos/provis...', Array, true)
#3 C:\xampp\htdocs\nxgestao_saas\app\Controllers\Produtos.php(557): view('produtos/provis...')
#4 C:\xampp\htdocs\nxgestao_saas\system\CodeIgniter.php(914): App\Controllers\Produtos->provisorio_add_produtos_por_xml()
#5 C:\xampp\htdocs\nxgestao_saas\system\CodeIgniter.php(400): CodeIgniter\CodeIgniter->runController(Object(App\Controllers\Produtos))
#6 C:\xampp\htdocs\nxgestao_saas\system\CodeIgniter.php(308): CodeIgniter\CodeIgniter->handleRequest(NULL, Object(Config\Cache), false)
#7 C:\xampp\htdocs\nxgestao_saas\public\index.php(45): CodeIgniter\CodeIgniter->run()
#8 {main}
CRITICAL - 2021-06-23 09:54:49 --> Undefined index: tipo_porcentagem
#0 C:\xampp\htdocs\nxgestao_saas\app\Controllers\Produtos.php(574): CodeIgniter\Debug\Exceptions->errorHandler(8, 'Undefined index...', 'C:\\xampp\\htdocs...', 574, Array)
#1 C:\xampp\htdocs\nxgestao_saas\system\CodeIgniter.php(914): App\Controllers\Produtos->altera_dados_do_produto_provisorio_cad_por_xml()
#2 C:\xampp\htdocs\nxgestao_saas\system\CodeIgniter.php(400): CodeIgniter\CodeIgniter->runController(Object(App\Controllers\Produtos))
#3 C:\xampp\htdocs\nxgestao_saas\system\CodeIgniter.php(308): CodeIgniter\CodeIgniter->handleRequest(NULL, Object(Config\Cache), false)
#4 C:\xampp\htdocs\nxgestao_saas\public\index.php(45): CodeIgniter\CodeIgniter->run()
#5 {main}
CRITICAL - 2021-06-23 09:55:03 --> Undefined index: tipo_comissao
#0 C:\xampp\htdocs\nxgestao_saas\app\Controllers\Produtos.php(574): CodeIgniter\Debug\Exceptions->errorHandler(8, 'Undefined index...', 'C:\\xampp\\htdocs...', 574, Array)
#1 C:\xampp\htdocs\nxgestao_saas\system\CodeIgniter.php(914): App\Controllers\Produtos->altera_dados_do_produto_provisorio_cad_por_xml()
#2 C:\xampp\htdocs\nxgestao_saas\system\CodeIgniter.php(400): CodeIgniter\CodeIgniter->runController(Object(App\Controllers\Produtos))
#3 C:\xampp\htdocs\nxgestao_saas\system\CodeIgniter.php(308): CodeIgniter\CodeIgniter->handleRequest(NULL, Object(Config\Cache), false)
#4 C:\xampp\htdocs\nxgestao_saas\public\index.php(45): CodeIgniter\CodeIgniter->run()
#5 {main}
CRITICAL - 2021-06-23 10:05:09 --> Unknown column 'id_empresa' in 'where clause'
#0 C:\xampp\htdocs\nxgestao_saas\system\Database\MySQLi\Connection.php(331): mysqli->query('DELETE FROM `pr...')
#1 C:\xampp\htdocs\nxgestao_saas\system\Database\BaseConnection.php(738): CodeIgniter\Database\MySQLi\Connection->execute('DELETE FROM `pr...')
#2 C:\xampp\htdocs\nxgestao_saas\system\Database\BaseConnection.php(666): CodeIgniter\Database\BaseConnection->simpleQuery('DELETE FROM `pr...')
#3 C:\xampp\htdocs\nxgestao_saas\system\Database\BaseBuilder.php(2836): CodeIgniter\Database\BaseConnection->query('DELETE FROM `pr...', Array, false)
#4 C:\xampp\htdocs\nxgestao_saas\system\Model.php(952): CodeIgniter\Database\BaseBuilder->delete()
#5 C:\xampp\htdocs\nxgestao_saas\app\Controllers\Produtos.php(639): CodeIgniter\Model->delete()
#6 C:\xampp\htdocs\nxgestao_saas\system\CodeIgniter.php(914): App\Controllers\Produtos->reposicao_por_xml()
#7 C:\xampp\htdocs\nxgestao_saas\system\CodeIgniter.php(400): CodeIgniter\CodeIgniter->runController(Object(App\Controllers\Produtos))
#8 C:\xampp\htdocs\nxgestao_saas\system\CodeIgniter.php(308): CodeIgniter\CodeIgniter->handleRequest(NULL, Object(Config\Cache), false)
#9 C:\xampp\htdocs\nxgestao_saas\public\index.php(45): CodeIgniter\CodeIgniter->run()
#10 {main}
CRITICAL - 2021-06-23 10:11:14 --> Trying to access array offset on value of type null
#0 C:\xampp\htdocs\nxgestao_saas\app\Views\login\index.php(13): CodeIgniter\Debug\Exceptions->errorHandler(8, 'Trying to acces...', 'C:\\xampp\\htdocs...', 13, Array)
#1 C:\xampp\htdocs\nxgestao_saas\system\View\View.php(246): include('C:\\xampp\\htdocs...')
#2 C:\xampp\htdocs\nxgestao_saas\system\Common.php(1087): CodeIgniter\View\View->render('login/index', Array, true)
#3 C:\xampp\htdocs\nxgestao_saas\app\Controllers\Login.php(49): view('login/index', Array)
#4 C:\xampp\htdocs\nxgestao_saas\system\CodeIgniter.php(914): App\Controllers\Login->index()
#5 C:\xampp\htdocs\nxgestao_saas\system\CodeIgniter.php(400): CodeIgniter\CodeIgniter->runController(Object(App\Controllers\Login))
#6 C:\xampp\htdocs\nxgestao_saas\system\CodeIgniter.php(308): CodeIgniter\CodeIgniter->handleRequest(NULL, Object(Config\Cache), false)
#7 C:\xampp\htdocs\nxgestao_saas\public\index.php(45): CodeIgniter\CodeIgniter->run()
#8 {main}
CRITICAL - 2021-06-23 10:13:28 --> Cannot add or update a child row: a foreign key constraint fails (`sistema_saas`.`provisorio_reposicao_produtos_por_xml`, CONSTRAINT `provisorio_reposicao_produtos_por_xml_id_empresa_foreign` FOREIGN KEY (`id_empresa`) REFERENCES `empresas` (`id_empresa`) ON)
#0 C:\xampp\htdocs\nxgestao_saas\system\Database\MySQLi\Connection.php(331): mysqli->query('INSERT INTO `pr...')
#1 C:\xampp\htdocs\nxgestao_saas\system\Database\BaseConnection.php(738): CodeIgniter\Database\MySQLi\Connection->execute('INSERT INTO `pr...')
#2 C:\xampp\htdocs\nxgestao_saas\system\Database\BaseConnection.php(666): CodeIgniter\Database\BaseConnection->simpleQuery('INSERT INTO `pr...')
#3 C:\xampp\htdocs\nxgestao_saas\system\Database\BaseBuilder.php(2234): CodeIgniter\Database\BaseConnection->query('INSERT INTO `pr...', Array, false)
#4 C:\xampp\htdocs\nxgestao_saas\system\Model.php(729): CodeIgniter\Database\BaseBuilder->insert()
#5 C:\xampp\htdocs\nxgestao_saas\system\Model.php(557): CodeIgniter\Model->insert(Array, false)
#6 C:\xampp\htdocs\nxgestao_saas\app\Controllers\Produtos.php(653): CodeIgniter\Model->save(Array)
#7 C:\xampp\htdocs\nxgestao_saas\system\CodeIgniter.php(914): App\Controllers\Produtos->reposicao_por_xml()
#8 C:\xampp\htdocs\nxgestao_saas\system\CodeIgniter.php(400): CodeIgniter\CodeIgniter->runController(Object(App\Controllers\Produtos))
#9 C:\xampp\htdocs\nxgestao_saas\system\CodeIgniter.php(308): CodeIgniter\CodeIgniter->handleRequest(NULL, Object(Config\Cache), false)
#10 C:\xampp\htdocs\nxgestao_saas\public\index.php(45): CodeIgniter\CodeIgniter->run()
#11 {main}
CRITICAL - 2021-06-23 10:16:06 --> Cannot add or update a child row: a foreign key constraint fails (`sistema_saas`.`provisorio_reposicao_produtos_por_xml`, CONSTRAINT `provisorio_reposicao_produtos_por_xml_id_empresa_foreign` FOREIGN KEY (`id_empresa`) REFERENCES `empresas` (`id_empresa`) ON)
#0 C:\xampp\htdocs\nxgestao_saas\system\Database\MySQLi\Connection.php(331): mysqli->query('INSERT INTO `pr...')
#1 C:\xampp\htdocs\nxgestao_saas\system\Database\BaseConnection.php(738): CodeIgniter\Database\MySQLi\Connection->execute('INSERT INTO `pr...')
#2 C:\xampp\htdocs\nxgestao_saas\system\Database\BaseConnection.php(666): CodeIgniter\Database\BaseConnection->simpleQuery('INSERT INTO `pr...')
#3 C:\xampp\htdocs\nxgestao_saas\system\Database\BaseBuilder.php(2234): CodeIgniter\Database\BaseConnection->query('INSERT INTO `pr...', Array, false)
#4 C:\xampp\htdocs\nxgestao_saas\system\Model.php(729): CodeIgniter\Database\BaseBuilder->insert()
#5 C:\xampp\htdocs\nxgestao_saas\system\Model.php(557): CodeIgniter\Model->insert(Array, false)
#6 C:\xampp\htdocs\nxgestao_saas\app\Controllers\Produtos.php(653): CodeIgniter\Model->save(Array)
#7 C:\xampp\htdocs\nxgestao_saas\system\CodeIgniter.php(914): App\Controllers\Produtos->reposicao_por_xml()
#8 C:\xampp\htdocs\nxgestao_saas\system\CodeIgniter.php(400): CodeIgniter\CodeIgniter->runController(Object(App\Controllers\Produtos))
#9 C:\xampp\htdocs\nxgestao_saas\system\CodeIgniter.php(308): CodeIgniter\CodeIgniter->handleRequest(NULL, Object(Config\Cache), false)
#10 C:\xampp\htdocs\nxgestao_saas\public\index.php(45): CodeIgniter\CodeIgniter->run()
#11 {main}
CRITICAL - 2021-06-23 10:16:41 --> Cannot add or update a child row: a foreign key constraint fails (`sistema_saas`.`provisorio_reposicao_produtos_por_xml`, CONSTRAINT `provisorio_reposicao_produtos_por_xml_id_empresa_foreign` FOREIGN KEY (`id_empresa`) REFERENCES `empresas` (`id_empresa`) ON)
#0 C:\xampp\htdocs\nxgestao_saas\system\Database\MySQLi\Connection.php(331): mysqli->query('INSERT INTO `pr...')
#1 C:\xampp\htdocs\nxgestao_saas\system\Database\BaseConnection.php(738): CodeIgniter\Database\MySQLi\Connection->execute('INSERT INTO `pr...')
#2 C:\xampp\htdocs\nxgestao_saas\system\Database\BaseConnection.php(666): CodeIgniter\Database\BaseConnection->simpleQuery('INSERT INTO `pr...')
#3 C:\xampp\htdocs\nxgestao_saas\system\Database\BaseBuilder.php(2234): CodeIgniter\Database\BaseConnection->query('INSERT INTO `pr...', Array, false)
#4 C:\xampp\htdocs\nxgestao_saas\system\Model.php(729): CodeIgniter\Database\BaseBuilder->insert()
#5 C:\xampp\htdocs\nxgestao_saas\system\Model.php(557): CodeIgniter\Model->insert(Array, false)
#6 C:\xampp\htdocs\nxgestao_saas\app\Controllers\Produtos.php(654): CodeIgniter\Model->save(Array)
#7 C:\xampp\htdocs\nxgestao_saas\system\CodeIgniter.php(914): App\Controllers\Produtos->reposicao_por_xml()
#8 C:\xampp\htdocs\nxgestao_saas\system\CodeIgniter.php(400): CodeIgniter\CodeIgniter->runController(Object(App\Controllers\Produtos))
#9 C:\xampp\htdocs\nxgestao_saas\system\CodeIgniter.php(308): CodeIgniter\CodeIgniter->handleRequest(NULL, Object(Config\Cache), false)
#10 C:\xampp\htdocs\nxgestao_saas\public\index.php(45): CodeIgniter\CodeIgniter->run()
#11 {main}
CRITICAL - 2021-06-23 10:17:04 --> Cannot add or update a child row: a foreign key constraint fails (`sistema_saas`.`provisorio_reposicao_produtos_por_xml`, CONSTRAINT `provisorio_reposicao_produtos_por_xml_id_empresa_foreign` FOREIGN KEY (`id_empresa`) REFERENCES `empresas` (`id_empresa`) ON)
#0 C:\xampp\htdocs\nxgestao_saas\system\Database\MySQLi\Connection.php(331): mysqli->query('INSERT INTO `pr...')
#1 C:\xampp\htdocs\nxgestao_saas\system\Database\BaseConnection.php(738): CodeIgniter\Database\MySQLi\Connection->execute('INSERT INTO `pr...')
#2 C:\xampp\htdocs\nxgestao_saas\system\Database\BaseConnection.php(666): CodeIgniter\Database\BaseConnection->simpleQuery('INSERT INTO `pr...')
#3 C:\xampp\htdocs\nxgestao_saas\system\Database\BaseBuilder.php(2234): CodeIgniter\Database\BaseConnection->query('INSERT INTO `pr...', Array, false)
#4 C:\xampp\htdocs\nxgestao_saas\system\Model.php(729): CodeIgniter\Database\BaseBuilder->insert()
#5 C:\xampp\htdocs\nxgestao_saas\system\Model.php(557): CodeIgniter\Model->insert(Array, false)
#6 C:\xampp\htdocs\nxgestao_saas\app\Controllers\Produtos.php(654): CodeIgniter\Model->save(Array)
#7 C:\xampp\htdocs\nxgestao_saas\system\CodeIgniter.php(914): App\Controllers\Produtos->reposicao_por_xml()
#8 C:\xampp\htdocs\nxgestao_saas\system\CodeIgniter.php(400): CodeIgniter\CodeIgniter->runController(Object(App\Controllers\Produtos))
#9 C:\xampp\htdocs\nxgestao_saas\system\CodeIgniter.php(308): CodeIgniter\CodeIgniter->handleRequest(NULL, Object(Config\Cache), false)
#10 C:\xampp\htdocs\nxgestao_saas\public\index.php(45): CodeIgniter\CodeIgniter->run()
#11 {main}
CRITICAL - 2021-06-23 10:19:14 --> Undefined variable: controle_de_acesso
#0 C:\xampp\htdocs\nxgestao_saas\app\Views\templates\sidebar.php(147): CodeIgniter\Debug\Exceptions->errorHandler(8, 'Undefined varia...', 'C:\\xampp\\htdocs...', 147, Array)
#1 C:\xampp\htdocs\nxgestao_saas\app\Views\templates\header.php(55): include('C:\\xampp\\htdocs...')
#2 C:\xampp\htdocs\nxgestao_saas\system\View\View.php(246): include('C:\\xampp\\htdocs...')
#3 C:\xampp\htdocs\nxgestao_saas\system\Common.php(1087): CodeIgniter\View\View->render('templates/heade...', Array, true)
#4 C:\xampp\htdocs\nxgestao_saas\app\Controllers\Produtos.php(694): view('templates/heade...')
#5 C:\xampp\htdocs\nxgestao_saas\system\CodeIgniter.php(914): App\Controllers\Produtos->provisorio_reposicao_produtos_por_xml()
#6 C:\xampp\htdocs\nxgestao_saas\system\CodeIgniter.php(400): CodeIgniter\CodeIgniter->runController(Object(App\Controllers\Produtos))
#7 C:\xampp\htdocs\nxgestao_saas\system\CodeIgniter.php(308): CodeIgniter\CodeIgniter->handleRequest(NULL, Object(Config\Cache), false)
#8 C:\xampp\htdocs\nxgestao_saas\public\index.php(45): CodeIgniter\CodeIgniter->run()
#9 {main}
CRITICAL - 2021-06-23 10:19:53 --> Undefined variable: controle_de_acesso
#0 C:\xampp\htdocs\nxgestao_saas\app\Views\templates\sidebar.php(147): CodeIgniter\Debug\Exceptions->errorHandler(8, 'Undefined varia...', 'C:\\xampp\\htdocs...', 147, Array)
#1 C:\xampp\htdocs\nxgestao_saas\app\Views\templates\header.php(55): include('C:\\xampp\\htdocs...')
#2 C:\xampp\htdocs\nxgestao_saas\system\View\View.php(246): include('C:\\xampp\\htdocs...')
#3 C:\xampp\htdocs\nxgestao_saas\system\Common.php(1087): CodeIgniter\View\View->render('templates/heade...', Array, true)
#4 C:\xampp\htdocs\nxgestao_saas\app\Controllers\Produtos.php(699): view('templates/heade...')
#5 C:\xampp\htdocs\nxgestao_saas\system\CodeIgniter.php(914): App\Controllers\Produtos->provisorio_reposicao_produtos_por_xml()
#6 C:\xampp\htdocs\nxgestao_saas\system\CodeIgniter.php(400): CodeIgniter\CodeIgniter->runController(Object(App\Controllers\Produtos))
#7 C:\xampp\htdocs\nxgestao_saas\system\CodeIgniter.php(308): CodeIgniter\CodeIgniter->handleRequest(NULL, Object(Config\Cache), false)
#8 C:\xampp\htdocs\nxgestao_saas\public\index.php(45): CodeIgniter\CodeIgniter->run()
#9 {main}
CRITICAL - 2021-06-23 10:19:55 --> Undefined variable: controle_de_acesso
#0 C:\xampp\htdocs\nxgestao_saas\app\Views\templates\sidebar.php(147): CodeIgniter\Debug\Exceptions->errorHandler(8, 'Undefined varia...', 'C:\\xampp\\htdocs...', 147, Array)
#1 C:\xampp\htdocs\nxgestao_saas\app\Views\templates\header.php(55): include('C:\\xampp\\htdocs...')
#2 C:\xampp\htdocs\nxgestao_saas\system\View\View.php(246): include('C:\\xampp\\htdocs...')
#3 C:\xampp\htdocs\nxgestao_saas\system\Common.php(1087): CodeIgniter\View\View->render('templates/heade...', Array, true)
#4 C:\xampp\htdocs\nxgestao_saas\app\Controllers\Produtos.php(699): view('templates/heade...')
#5 C:\xampp\htdocs\nxgestao_saas\system\CodeIgniter.php(914): App\Controllers\Produtos->provisorio_reposicao_produtos_por_xml()
#6 C:\xampp\htdocs\nxgestao_saas\system\CodeIgniter.php(400): CodeIgniter\CodeIgniter->runController(Object(App\Controllers\Produtos))
#7 C:\xampp\htdocs\nxgestao_saas\system\CodeIgniter.php(308): CodeIgniter\CodeIgniter->handleRequest(NULL, Object(Config\Cache), false)
#8 C:\xampp\htdocs\nxgestao_saas\public\index.php(45): CodeIgniter\CodeIgniter->run()
#9 {main}
CRITICAL - 2021-06-23 10:55:50 --> Undefined variable: dados
#0 C:\xampp\htdocs\nxgestao_saas\app\Controllers\Produtos.php(801): CodeIgniter\Debug\Exceptions->errorHandler(8, 'Undefined varia...', 'C:\\xampp\\htdocs...', 801, Array)
#1 C:\xampp\htdocs\nxgestao_saas\system\CodeIgniter.php(914): App\Controllers\Produtos->remove_produto_reposicao_por_xml('98')
#2 C:\xampp\htdocs\nxgestao_saas\system\CodeIgniter.php(400): CodeIgniter\CodeIgniter->runController(Object(App\Controllers\Produtos))
#3 C:\xampp\htdocs\nxgestao_saas\system\CodeIgniter.php(308): CodeIgniter\CodeIgniter->handleRequest(NULL, Object(Config\Cache), false)
#4 C:\xampp\htdocs\nxgestao_saas\public\index.php(45): CodeIgniter\CodeIgniter->run()
#5 {main}
CRITICAL - 2021-06-23 11:15:19 --> Unknown column 'nome' in 'where clause'
#0 C:\xampp\htdocs\nxgestao_saas\system\Database\MySQLi\Connection.php(331): mysqli->query('SELECT *\nFROM `...')
#1 C:\xampp\htdocs\nxgestao_saas\system\Database\BaseConnection.php(738): CodeIgniter\Database\MySQLi\Connection->execute('SELECT *\nFROM `...')
#2 C:\xampp\htdocs\nxgestao_saas\system\Database\BaseConnection.php(666): CodeIgniter\Database\BaseConnection->simpleQuery('SELECT *\nFROM `...')
#3 C:\xampp\htdocs\nxgestao_saas\system\Database\BaseBuilder.php(1845): CodeIgniter\Database\BaseConnection->query('SELECT *\nFROM `...', Array, false)
#4 C:\xampp\htdocs\nxgestao_saas\system\Model.php(489): CodeIgniter\Database\BaseBuilder->get()
#5 C:\xampp\htdocs\nxgestao_saas\app\Controllers\Produtos.php(526): CodeIgniter\Model->first()
#6 C:\xampp\htdocs\nxgestao_saas\system\CodeIgniter.php(914): App\Controllers\Produtos->remove_fornecedor_cadastrado_por_xml('3')
#7 C:\xampp\htdocs\nxgestao_saas\system\CodeIgniter.php(400): CodeIgniter\CodeIgniter->runController(Object(App\Controllers\Produtos))
#8 C:\xampp\htdocs\nxgestao_saas\system\CodeIgniter.php(308): CodeIgniter\CodeIgniter->handleRequest(NULL, Object(Config\Cache), false)
#9 C:\xampp\htdocs\nxgestao_saas\public\index.php(45): CodeIgniter\CodeIgniter->run()
#10 {main}
CRITICAL - 2021-06-23 11:19:40 --> Undefined index: id_produto
#0 C:\xampp\htdocs\nxgestao_saas\app\Controllers\Produtos.php(545): CodeIgniter\Debug\Exceptions->errorHandler(8, 'Undefined index...', 'C:\\xampp\\htdocs...', 545, Array)
#1 C:\xampp\htdocs\nxgestao_saas\system\CodeIgniter.php(914): App\Controllers\Produtos->remove_fornecedor_cadastrado_por_xml('3')
#2 C:\xampp\htdocs\nxgestao_saas\system\CodeIgniter.php(400): CodeIgniter\CodeIgniter->runController(Object(App\Controllers\Produtos))
#3 C:\xampp\htdocs\nxgestao_saas\system\CodeIgniter.php(308): CodeIgniter\CodeIgniter->handleRequest(NULL, Object(Config\Cache), false)
#4 C:\xampp\htdocs\nxgestao_saas\public\index.php(45): CodeIgniter\CodeIgniter->run()
#5 {main}
CRITICAL - 2021-06-23 11:31:59 --> Trying to access array offset on value of type null
#0 C:\xampp\htdocs\nxgestao_saas\app\Views\food\configs.php(257): CodeIgniter\Debug\Exceptions->errorHandler(8, 'Trying to acces...', 'C:\\xampp\\htdocs...', 257, Array)
#1 C:\xampp\htdocs\nxgestao_saas\system\View\View.php(246): include('C:\\xampp\\htdocs...')
#2 C:\xampp\htdocs\nxgestao_saas\system\Common.php(1087): CodeIgniter\View\View->render('food/configs', Array, true)
#3 C:\xampp\htdocs\nxgestao_saas\app\Controllers\Food.php(617): view('food/configs')
#4 C:\xampp\htdocs\nxgestao_saas\system\CodeIgniter.php(914): App\Controllers\Food->configs()
#5 C:\xampp\htdocs\nxgestao_saas\system\CodeIgniter.php(400): CodeIgniter\CodeIgniter->runController(Object(App\Controllers\Food))
#6 C:\xampp\htdocs\nxgestao_saas\system\CodeIgniter.php(308): CodeIgniter\CodeIgniter->handleRequest(NULL, Object(Config\Cache), false)
#7 C:\xampp\htdocs\nxgestao_saas\public\index.php(45): CodeIgniter\CodeIgniter->run()
#8 {main}
CRITICAL - 2021-06-23 11:58:19 --> Class 'App\Models\CategoriaDoProdutoModel' not found
#0 C:\xampp\htdocs\nxgestao_saas\system\CodeIgniter.php(886): App\Controllers\Empresas->__construct()
#1 C:\xampp\htdocs\nxgestao_saas\system\CodeIgniter.php(395): CodeIgniter\CodeIgniter->createController()
#2 C:\xampp\htdocs\nxgestao_saas\system\CodeIgniter.php(308): CodeIgniter\CodeIgniter->handleRequest(NULL, Object(Config\Cache), false)
#3 C:\xampp\htdocs\nxgestao_saas\public\index.php(45): CodeIgniter\CodeIgniter->run()
#4 {main}
CRITICAL - 2021-06-23 12:01:36 --> Trying to access array offset on value of type null
#0 C:\xampp\htdocs\nxgestao_saas\app\Controllers\Painel.php(101): CodeIgniter\Debug\Exceptions->errorHandler(8, 'Trying to acces...', 'C:\\xampp\\htdocs...', 101, Array)
#1 C:\xampp\htdocs\nxgestao_saas\system\CodeIgniter.php(914): App\Controllers\Painel->transmitir()
#2 C:\xampp\htdocs\nxgestao_saas\system\CodeIgniter.php(400): CodeIgniter\CodeIgniter->runController(Object(App\Controllers\Painel))
#3 C:\xampp\htdocs\nxgestao_saas\system\CodeIgniter.php(308): CodeIgniter\CodeIgniter->handleRequest(NULL, Object(Config\Cache), false)
#4 C:\xampp\htdocs\nxgestao_saas\public\index.php(45): CodeIgniter\CodeIgniter->run()
#5 {main}
CRITICAL - 2021-06-23 12:01:54 --> Trying to access array offset on value of type null
#0 C:\xampp\htdocs\nxgestao_saas\app\Controllers\Painel.php(214): CodeIgniter\Debug\Exceptions->errorHandler(8, 'Trying to acces...', 'C:\\xampp\\htdocs...', 214, Array)
#1 C:\xampp\htdocs\nxgestao_saas\system\CodeIgniter.php(914): App\Controllers\Painel->atualizaSenha()
#2 C:\xampp\htdocs\nxgestao_saas\system\CodeIgniter.php(400): CodeIgniter\CodeIgniter->runController(Object(App\Controllers\Painel))
#3 C:\xampp\htdocs\nxgestao_saas\system\CodeIgniter.php(308): CodeIgniter\CodeIgniter->handleRequest(NULL, Object(Config\Cache), false)
#4 C:\xampp\htdocs\nxgestao_saas\public\index.php(45): CodeIgniter\CodeIgniter->run()
#5 {main}
CRITICAL - 2021-06-23 12:01:55 --> Trying to access array offset on value of type null
#0 C:\xampp\htdocs\nxgestao_saas\app\Controllers\Painel.php(214): CodeIgniter\Debug\Exceptions->errorHandler(8, 'Trying to acces...', 'C:\\xampp\\htdocs...', 214, Array)
#1 C:\xampp\htdocs\nxgestao_saas\system\CodeIgniter.php(914): App\Controllers\Painel->atualizaSenha()
#2 C:\xampp\htdocs\nxgestao_saas\system\CodeIgniter.php(400): CodeIgniter\CodeIgniter->runController(Object(App\Controllers\Painel))
#3 C:\xampp\htdocs\nxgestao_saas\system\CodeIgniter.php(308): CodeIgniter\CodeIgniter->handleRequest(NULL, Object(Config\Cache), false)
#4 C:\xampp\htdocs\nxgestao_saas\public\index.php(45): CodeIgniter\CodeIgniter->run()
#5 {main}
CRITICAL - 2021-06-23 12:01:56 --> Trying to access array offset on value of type null
#0 C:\xampp\htdocs\nxgestao_saas\app\Controllers\Painel.php(214): CodeIgniter\Debug\Exceptions->errorHandler(8, 'Trying to acces...', 'C:\\xampp\\htdocs...', 214, Array)
#1 C:\xampp\htdocs\nxgestao_saas\system\CodeIgniter.php(914): App\Controllers\Painel->atualizaSenha()
#2 C:\xampp\htdocs\nxgestao_saas\system\CodeIgniter.php(400): CodeIgniter\CodeIgniter->runController(Object(App\Controllers\Painel))
#3 C:\xampp\htdocs\nxgestao_saas\system\CodeIgniter.php(308): CodeIgniter\CodeIgniter->handleRequest(NULL, Object(Config\Cache), false)
#4 C:\xampp\htdocs\nxgestao_saas\public\index.php(45): CodeIgniter\CodeIgniter->run()
#5 {main}
CRITICAL - 2021-06-23 12:01:57 --> Trying to access array offset on value of type null
#0 C:\xampp\htdocs\nxgestao_saas\app\Controllers\Painel.php(214): CodeIgniter\Debug\Exceptions->errorHandler(8, 'Trying to acces...', 'C:\\xampp\\htdocs...', 214, Array)
#1 C:\xampp\htdocs\nxgestao_saas\system\CodeIgniter.php(914): App\Controllers\Painel->atualizaSenha()
#2 C:\xampp\htdocs\nxgestao_saas\system\CodeIgniter.php(400): CodeIgniter\CodeIgniter->runController(Object(App\Controllers\Painel))
#3 C:\xampp\htdocs\nxgestao_saas\system\CodeIgniter.php(308): CodeIgniter\CodeIgniter->handleRequest(NULL, Object(Config\Cache), false)
#4 C:\xampp\htdocs\nxgestao_saas\public\index.php(45): CodeIgniter\CodeIgniter->run()
#5 {main}
CRITICAL - 2021-06-23 12:01:58 --> Trying to access array offset on value of type null
#0 C:\xampp\htdocs\nxgestao_saas\app\Controllers\Painel.php(214): CodeIgniter\Debug\Exceptions->errorHandler(8, 'Trying to acces...', 'C:\\xampp\\htdocs...', 214, Array)
#1 C:\xampp\htdocs\nxgestao_saas\system\CodeIgniter.php(914): App\Controllers\Painel->atualizaSenha()
#2 C:\xampp\htdocs\nxgestao_saas\system\CodeIgniter.php(400): CodeIgniter\CodeIgniter->runController(Object(App\Controllers\Painel))
#3 C:\xampp\htdocs\nxgestao_saas\system\CodeIgniter.php(308): CodeIgniter\CodeIgniter->handleRequest(NULL, Object(Config\Cache), false)
#4 C:\xampp\htdocs\nxgestao_saas\public\index.php(45): CodeIgniter\CodeIgniter->run()
#5 {main}
CRITICAL - 2021-06-23 12:01:59 --> Trying to access array offset on value of type null
#0 C:\xampp\htdocs\nxgestao_saas\app\Controllers\Painel.php(214): CodeIgniter\Debug\Exceptions->errorHandler(8, 'Trying to acces...', 'C:\\xampp\\htdocs...', 214, Array)
#1 C:\xampp\htdocs\nxgestao_saas\system\CodeIgniter.php(914): App\Controllers\Painel->atualizaSenha()
#2 C:\xampp\htdocs\nxgestao_saas\system\CodeIgniter.php(400): CodeIgniter\CodeIgniter->runController(Object(App\Controllers\Painel))
#3 C:\xampp\htdocs\nxgestao_saas\system\CodeIgniter.php(308): CodeIgniter\CodeIgniter->handleRequest(NULL, Object(Config\Cache), false)
#4 C:\xampp\htdocs\nxgestao_saas\public\index.php(45): CodeIgniter\CodeIgniter->run()
#5 {main}
CRITICAL - 2021-06-23 12:02:00 --> Trying to access array offset on value of type null
#0 C:\xampp\htdocs\nxgestao_saas\app\Controllers\Painel.php(214): CodeIgniter\Debug\Exceptions->errorHandler(8, 'Trying to acces...', 'C:\\xampp\\htdocs...', 214, Array)
#1 C:\xampp\htdocs\nxgestao_saas\system\CodeIgniter.php(914): App\Controllers\Painel->atualizaSenha()
#2 C:\xampp\htdocs\nxgestao_saas\system\CodeIgniter.php(400): CodeIgniter\CodeIgniter->runController(Object(App\Controllers\Painel))
#3 C:\xampp\htdocs\nxgestao_saas\system\CodeIgniter.php(308): CodeIgniter\CodeIgniter->handleRequest(NULL, Object(Config\Cache), false)
#4 C:\xampp\htdocs\nxgestao_saas\public\index.php(45): CodeIgniter\CodeIgniter->run()
#5 {main}
CRITICAL - 2021-06-23 12:02:01 --> Trying to access array offset on value of type null
#0 C:\xampp\htdocs\nxgestao_saas\app\Controllers\Painel.php(214): CodeIgniter\Debug\Exceptions->errorHandler(8, 'Trying to acces...', 'C:\\xampp\\htdocs...', 214, Array)
#1 C:\xampp\htdocs\nxgestao_saas\system\CodeIgniter.php(914): App\Controllers\Painel->atualizaSenha()
#2 C:\xampp\htdocs\nxgestao_saas\system\CodeIgniter.php(400): CodeIgniter\CodeIgniter->runController(Object(App\Controllers\Painel))
#3 C:\xampp\htdocs\nxgestao_saas\system\CodeIgniter.php(308): CodeIgniter\CodeIgniter->handleRequest(NULL, Object(Config\Cache), false)
#4 C:\xampp\htdocs\nxgestao_saas\public\index.php(45): CodeIgniter\CodeIgniter->run()
#5 {main}
CRITICAL - 2021-06-23 12:02:02 --> Trying to access array offset on value of type null
#0 C:\xampp\htdocs\nxgestao_saas\app\Controllers\Painel.php(214): CodeIgniter\Debug\Exceptions->errorHandler(8, 'Trying to acces...', 'C:\\xampp\\htdocs...', 214, Array)
#1 C:\xampp\htdocs\nxgestao_saas\system\CodeIgniter.php(914): App\Controllers\Painel->atualizaSenha()
#2 C:\xampp\htdocs\nxgestao_saas\system\CodeIgniter.php(400): CodeIgniter\CodeIgniter->runController(Object(App\Controllers\Painel))
#3 C:\xampp\htdocs\nxgestao_saas\system\CodeIgniter.php(308): CodeIgniter\CodeIgniter->handleRequest(NULL, Object(Config\Cache), false)
#4 C:\xampp\htdocs\nxgestao_saas\public\index.php(45): CodeIgniter\CodeIgniter->run()
#5 {main}
CRITICAL - 2021-06-23 12:02:03 --> Trying to access array offset on value of type null
#0 C:\xampp\htdocs\nxgestao_saas\app\Controllers\Painel.php(214): CodeIgniter\Debug\Exceptions->errorHandler(8, 'Trying to acces...', 'C:\\xampp\\htdocs...', 214, Array)
#1 C:\xampp\htdocs\nxgestao_saas\system\CodeIgniter.php(914): App\Controllers\Painel->atualizaSenha()
#2 C:\xampp\htdocs\nxgestao_saas\system\CodeIgniter.php(400): CodeIgniter\CodeIgniter->runController(Object(App\Controllers\Painel))
#3 C:\xampp\htdocs\nxgestao_saas\system\CodeIgniter.php(308): CodeIgniter\CodeIgniter->handleRequest(NULL, Object(Config\Cache), false)
#4 C:\xampp\htdocs\nxgestao_saas\public\index.php(45): CodeIgniter\CodeIgniter->run()
#5 {main}
CRITICAL - 2021-06-23 12:02:04 --> Trying to access array offset on value of type null
#0 C:\xampp\htdocs\nxgestao_saas\app\Controllers\Painel.php(214): CodeIgniter\Debug\Exceptions->errorHandler(8, 'Trying to acces...', 'C:\\xampp\\htdocs...', 214, Array)
#1 C:\xampp\htdocs\nxgestao_saas\system\CodeIgniter.php(914): App\Controllers\Painel->atualizaSenha()
#2 C:\xampp\htdocs\nxgestao_saas\system\CodeIgniter.php(400): CodeIgniter\CodeIgniter->runController(Object(App\Controllers\Painel))
#3 C:\xampp\htdocs\nxgestao_saas\system\CodeIgniter.php(308): CodeIgniter\CodeIgniter->handleRequest(NULL, Object(Config\Cache), false)
#4 C:\xampp\htdocs\nxgestao_saas\public\index.php(45): CodeIgniter\CodeIgniter->run()
#5 {main}
CRITICAL - 2021-06-23 12:02:05 --> Trying to access array offset on value of type null
#0 C:\xampp\htdocs\nxgestao_saas\app\Controllers\Painel.php(214): CodeIgniter\Debug\Exceptions->errorHandler(8, 'Trying to acces...', 'C:\\xampp\\htdocs...', 214, Array)
#1 C:\xampp\htdocs\nxgestao_saas\system\CodeIgniter.php(914): App\Controllers\Painel->atualizaSenha()
#2 C:\xampp\htdocs\nxgestao_saas\system\CodeIgniter.php(400): CodeIgniter\CodeIgniter->runController(Object(App\Controllers\Painel))
#3 C:\xampp\htdocs\nxgestao_saas\system\CodeIgniter.php(308): CodeIgniter\CodeIgniter->handleRequest(NULL, Object(Config\Cache), false)
#4 C:\xampp\htdocs\nxgestao_saas\public\index.php(45): CodeIgniter\CodeIgniter->run()
#5 {main}
CRITICAL - 2021-06-23 12:02:31 --> Trying to access array offset on value of type null
#0 C:\xampp\htdocs\nxgestao_saas\app\Controllers\Painel.php(101): CodeIgniter\Debug\Exceptions->errorHandler(8, 'Trying to acces...', 'C:\\xampp\\htdocs...', 101, Array)
#1 C:\xampp\htdocs\nxgestao_saas\system\CodeIgniter.php(914): App\Controllers\Painel->transmitir()
#2 C:\xampp\htdocs\nxgestao_saas\system\CodeIgniter.php(400): CodeIgniter\CodeIgniter->runController(Object(App\Controllers\Painel))
#3 C:\xampp\htdocs\nxgestao_saas\system\CodeIgniter.php(308): CodeIgniter\CodeIgniter->handleRequest(NULL, Object(Config\Cache), false)
#4 C:\xampp\htdocs\nxgestao_saas\public\index.php(45): CodeIgniter\CodeIgniter->run()
#5 {main}
CRITICAL - 2021-06-23 12:04:03 --> Undefined variable: senha
#0 C:\xampp\htdocs\nxgestao_saas\app\Views\food\painel\transmitir_no_painel.php(40): CodeIgniter\Debug\Exceptions->errorHandler(8, 'Undefined varia...', 'C:\\xampp\\htdocs...', 40, Array)
#1 C:\xampp\htdocs\nxgestao_saas\system\View\View.php(246): include('C:\\xampp\\htdocs...')
#2 C:\xampp\htdocs\nxgestao_saas\system\Common.php(1087): CodeIgniter\View\View->render('food/painel/tra...', Array, true)
#3 C:\xampp\htdocs\nxgestao_saas\app\Controllers\Painel.php(113): view('food/painel/tra...')
#4 C:\xampp\htdocs\nxgestao_saas\system\CodeIgniter.php(914): App\Controllers\Painel->transmitir()
#5 C:\xampp\htdocs\nxgestao_saas\system\CodeIgniter.php(400): CodeIgniter\CodeIgniter->runController(Object(App\Controllers\Painel))
#6 C:\xampp\htdocs\nxgestao_saas\system\CodeIgniter.php(308): CodeIgniter\CodeIgniter->handleRequest(NULL, Object(Config\Cache), false)
#7 C:\xampp\htdocs\nxgestao_saas\public\index.php(45): CodeIgniter\CodeIgniter->run()
#8 {main}
CRITICAL - 2021-06-23 14:00:45 --> Trying to access array offset on value of type null
#0 C:\xampp\htdocs\nxgestao_saas\app\Controllers\Painel.php(222): CodeIgniter\Debug\Exceptions->errorHandler(8, 'Trying to acces...', 'C:\\xampp\\htdocs...', 222, Array)
#1 C:\xampp\htdocs\nxgestao_saas\system\CodeIgniter.php(914): App\Controllers\Painel->atualizaSenha()
#2 C:\xampp\htdocs\nxgestao_saas\system\CodeIgniter.php(400): CodeIgniter\CodeIgniter->runController(Object(App\Controllers\Painel))
#3 C:\xampp\htdocs\nxgestao_saas\system\CodeIgniter.php(308): CodeIgniter\CodeIgniter->handleRequest(NULL, Object(Config\Cache), false)
#4 C:\xampp\htdocs\nxgestao_saas\public\index.php(45): CodeIgniter\CodeIgniter->run()
#5 {main}
CRITICAL - 2021-06-23 14:00:46 --> Trying to access array offset on value of type null
#0 C:\xampp\htdocs\nxgestao_saas\app\Controllers\Painel.php(222): CodeIgniter\Debug\Exceptions->errorHandler(8, 'Trying to acces...', 'C:\\xampp\\htdocs...', 222, Array)
#1 C:\xampp\htdocs\nxgestao_saas\system\CodeIgniter.php(914): App\Controllers\Painel->atualizaSenha()
#2 C:\xampp\htdocs\nxgestao_saas\system\CodeIgniter.php(400): CodeIgniter\CodeIgniter->runController(Object(App\Controllers\Painel))
#3 C:\xampp\htdocs\nxgestao_saas\system\CodeIgniter.php(308): CodeIgniter\CodeIgniter->handleRequest(NULL, Object(Config\Cache), false)
#4 C:\xampp\htdocs\nxgestao_saas\public\index.php(45): CodeIgniter\CodeIgniter->run()
#5 {main}
CRITICAL - 2021-06-23 14:00:47 --> Trying to access array offset on value of type null
#0 C:\xampp\htdocs\nxgestao_saas\app\Controllers\Painel.php(222): CodeIgniter\Debug\Exceptions->errorHandler(8, 'Trying to acces...', 'C:\\xampp\\htdocs...', 222, Array)
#1 C:\xampp\htdocs\nxgestao_saas\system\CodeIgniter.php(914): App\Controllers\Painel->atualizaSenha()
#2 C:\xampp\htdocs\nxgestao_saas\system\CodeIgniter.php(400): CodeIgniter\CodeIgniter->runController(Object(App\Controllers\Painel))
#3 C:\xampp\htdocs\nxgestao_saas\system\CodeIgniter.php(308): CodeIgniter\CodeIgniter->handleRequest(NULL, Object(Config\Cache), false)
#4 C:\xampp\htdocs\nxgestao_saas\public\index.php(45): CodeIgniter\CodeIgniter->run()
#5 {main}
CRITICAL - 2021-06-23 14:00:48 --> Trying to access array offset on value of type null
#0 C:\xampp\htdocs\nxgestao_saas\app\Controllers\Painel.php(222): CodeIgniter\Debug\Exceptions->errorHandler(8, 'Trying to acces...', 'C:\\xampp\\htdocs...', 222, Array)
#1 C:\xampp\htdocs\nxgestao_saas\system\CodeIgniter.php(914): App\Controllers\Painel->atualizaSenha()
#2 C:\xampp\htdocs\nxgestao_saas\system\CodeIgniter.php(400): CodeIgniter\CodeIgniter->runController(Object(App\Controllers\Painel))
#3 C:\xampp\htdocs\nxgestao_saas\system\CodeIgniter.php(308): CodeIgniter\CodeIgniter->handleRequest(NULL, Object(Config\Cache), false)
#4 C:\xampp\htdocs\nxgestao_saas\public\index.php(45): CodeIgniter\CodeIgniter->run()
#5 {main}
CRITICAL - 2021-06-23 14:00:49 --> Trying to access array offset on value of type null
#0 C:\xampp\htdocs\nxgestao_saas\app\Controllers\Painel.php(222): CodeIgniter\Debug\Exceptions->errorHandler(8, 'Trying to acces...', 'C:\\xampp\\htdocs...', 222, Array)
#1 C:\xampp\htdocs\nxgestao_saas\system\CodeIgniter.php(914): App\Controllers\Painel->atualizaSenha()
#2 C:\xampp\htdocs\nxgestao_saas\system\CodeIgniter.php(400): CodeIgniter\CodeIgniter->runController(Object(App\Controllers\Painel))
#3 C:\xampp\htdocs\nxgestao_saas\system\CodeIgniter.php(308): CodeIgniter\CodeIgniter->handleRequest(NULL, Object(Config\Cache), false)
#4 C:\xampp\htdocs\nxgestao_saas\public\index.php(45): CodeIgniter\CodeIgniter->run()
#5 {main}
CRITICAL - 2021-06-23 14:00:50 --> Trying to access array offset on value of type null
#0 C:\xampp\htdocs\nxgestao_saas\app\Controllers\Painel.php(222): CodeIgniter\Debug\Exceptions->errorHandler(8, 'Trying to acces...', 'C:\\xampp\\htdocs...', 222, Array)
#1 C:\xampp\htdocs\nxgestao_saas\system\CodeIgniter.php(914): App\Controllers\Painel->atualizaSenha()
#2 C:\xampp\htdocs\nxgestao_saas\system\CodeIgniter.php(400): CodeIgniter\CodeIgniter->runController(Object(App\Controllers\Painel))
#3 C:\xampp\htdocs\nxgestao_saas\system\CodeIgniter.php(308): CodeIgniter\CodeIgniter->handleRequest(NULL, Object(Config\Cache), false)
#4 C:\xampp\htdocs\nxgestao_saas\public\index.php(45): CodeIgniter\CodeIgniter->run()
#5 {main}
CRITICAL - 2021-06-23 14:00:51 --> Trying to access array offset on value of type null
#0 C:\xampp\htdocs\nxgestao_saas\app\Controllers\Painel.php(222): CodeIgniter\Debug\Exceptions->errorHandler(8, 'Trying to acces...', 'C:\\xampp\\htdocs...', 222, Array)
#1 C:\xampp\htdocs\nxgestao_saas\system\CodeIgniter.php(914): App\Controllers\Painel->atualizaSenha()
#2 C:\xampp\htdocs\nxgestao_saas\system\CodeIgniter.php(400): CodeIgniter\CodeIgniter->runController(Object(App\Controllers\Painel))
#3 C:\xampp\htdocs\nxgestao_saas\system\CodeIgniter.php(308): CodeIgniter\CodeIgniter->handleRequest(NULL, Object(Config\Cache), false)
#4 C:\xampp\htdocs\nxgestao_saas\public\index.php(45): CodeIgniter\CodeIgniter->run()
#5 {main}
CRITICAL - 2021-06-23 14:00:52 --> Trying to access array offset on value of type null
#0 C:\xampp\htdocs\nxgestao_saas\app\Controllers\Painel.php(222): CodeIgniter\Debug\Exceptions->errorHandler(8, 'Trying to acces...', 'C:\\xampp\\htdocs...', 222, Array)
#1 C:\xampp\htdocs\nxgestao_saas\system\CodeIgniter.php(914): App\Controllers\Painel->atualizaSenha()
#2 C:\xampp\htdocs\nxgestao_saas\system\CodeIgniter.php(400): CodeIgniter\CodeIgniter->runController(Object(App\Controllers\Painel))
#3 C:\xampp\htdocs\nxgestao_saas\system\CodeIgniter.php(308): CodeIgniter\CodeIgniter->handleRequest(NULL, Object(Config\Cache), false)
#4 C:\xampp\htdocs\nxgestao_saas\public\index.php(45): CodeIgniter\CodeIgniter->run()
#5 {main}
CRITICAL - 2021-06-23 14:00:53 --> Trying to access array offset on value of type null
#0 C:\xampp\htdocs\nxgestao_saas\app\Controllers\Painel.php(222): CodeIgniter\Debug\Exceptions->errorHandler(8, 'Trying to acces...', 'C:\\xampp\\htdocs...', 222, Array)
#1 C:\xampp\htdocs\nxgestao_saas\system\CodeIgniter.php(914): App\Controllers\Painel->atualizaSenha()
#2 C:\xampp\htdocs\nxgestao_saas\system\CodeIgniter.php(400): CodeIgniter\CodeIgniter->runController(Object(App\Controllers\Painel))
#3 C:\xampp\htdocs\nxgestao_saas\system\CodeIgniter.php(308): CodeIgniter\CodeIgniter->handleRequest(NULL, Object(Config\Cache), false)
#4 C:\xampp\htdocs\nxgestao_saas\public\index.php(45): CodeIgniter\CodeIgniter->run()
#5 {main}
CRITICAL - 2021-06-23 14:00:54 --> Trying to access array offset on value of type null
#0 C:\xampp\htdocs\nxgestao_saas\app\Controllers\Painel.php(222): CodeIgniter\Debug\Exceptions->errorHandler(8, 'Trying to acces...', 'C:\\xampp\\htdocs...', 222, Array)
#1 C:\xampp\htdocs\nxgestao_saas\system\CodeIgniter.php(914): App\Controllers\Painel->atualizaSenha()
#2 C:\xampp\htdocs\nxgestao_saas\system\CodeIgniter.php(400): CodeIgniter\CodeIgniter->runController(Object(App\Controllers\Painel))
#3 C:\xampp\htdocs\nxgestao_saas\system\CodeIgniter.php(308): CodeIgniter\CodeIgniter->handleRequest(NULL, Object(Config\Cache), false)
#4 C:\xampp\htdocs\nxgestao_saas\public\index.php(45): CodeIgniter\CodeIgniter->run()
#5 {main}
CRITICAL - 2021-06-23 14:00:55 --> Trying to access array offset on value of type null
#0 C:\xampp\htdocs\nxgestao_saas\app\Controllers\Painel.php(222): CodeIgniter\Debug\Exceptions->errorHandler(8, 'Trying to acces...', 'C:\\xampp\\htdocs...', 222, Array)
#1 C:\xampp\htdocs\nxgestao_saas\system\CodeIgniter.php(914): App\Controllers\Painel->atualizaSenha()
#2 C:\xampp\htdocs\nxgestao_saas\system\CodeIgniter.php(400): CodeIgniter\CodeIgniter->runController(Object(App\Controllers\Painel))
#3 C:\xampp\htdocs\nxgestao_saas\system\CodeIgniter.php(308): CodeIgniter\CodeIgniter->handleRequest(NULL, Object(Config\Cache), false)
#4 C:\xampp\htdocs\nxgestao_saas\public\index.php(45): CodeIgniter\CodeIgniter->run()
#5 {main}
CRITICAL - 2021-06-23 14:00:56 --> Trying to access array offset on value of type null
#0 C:\xampp\htdocs\nxgestao_saas\app\Controllers\Painel.php(222): CodeIgniter\Debug\Exceptions->errorHandler(8, 'Trying to acces...', 'C:\\xampp\\htdocs...', 222, Array)
#1 C:\xampp\htdocs\nxgestao_saas\system\CodeIgniter.php(914): App\Controllers\Painel->atualizaSenha()
#2 C:\xampp\htdocs\nxgestao_saas\system\CodeIgniter.php(400): CodeIgniter\CodeIgniter->runController(Object(App\Controllers\Painel))
#3 C:\xampp\htdocs\nxgestao_saas\system\CodeIgniter.php(308): CodeIgniter\CodeIgniter->handleRequest(NULL, Object(Config\Cache), false)
#4 C:\xampp\htdocs\nxgestao_saas\public\index.php(45): CodeIgniter\CodeIgniter->run()
#5 {main}
CRITICAL - 2021-06-23 14:00:57 --> Trying to access array offset on value of type null
#0 C:\xampp\htdocs\nxgestao_saas\app\Controllers\Painel.php(222): CodeIgniter\Debug\Exceptions->errorHandler(8, 'Trying to acces...', 'C:\\xampp\\htdocs...', 222, Array)
#1 C:\xampp\htdocs\nxgestao_saas\system\CodeIgniter.php(914): App\Controllers\Painel->atualizaSenha()
#2 C:\xampp\htdocs\nxgestao_saas\system\CodeIgniter.php(400): CodeIgniter\CodeIgniter->runController(Object(App\Controllers\Painel))
#3 C:\xampp\htdocs\nxgestao_saas\system\CodeIgniter.php(308): CodeIgniter\CodeIgniter->handleRequest(NULL, Object(Config\Cache), false)
#4 C:\xampp\htdocs\nxgestao_saas\public\index.php(45): CodeIgniter\CodeIgniter->run()
#5 {main}
CRITICAL - 2021-06-23 14:00:58 --> Trying to access array offset on value of type null
#0 C:\xampp\htdocs\nxgestao_saas\app\Controllers\Painel.php(222): CodeIgniter\Debug\Exceptions->errorHandler(8, 'Trying to acces...', 'C:\\xampp\\htdocs...', 222, Array)
#1 C:\xampp\htdocs\nxgestao_saas\system\CodeIgniter.php(914): App\Controllers\Painel->atualizaSenha()
#2 C:\xampp\htdocs\nxgestao_saas\system\CodeIgniter.php(400): CodeIgniter\CodeIgniter->runController(Object(App\Controllers\Painel))
#3 C:\xampp\htdocs\nxgestao_saas\system\CodeIgniter.php(308): CodeIgniter\CodeIgniter->handleRequest(NULL, Object(Config\Cache), false)
#4 C:\xampp\htdocs\nxgestao_saas\public\index.php(45): CodeIgniter\CodeIgniter->run()
#5 {main}
CRITICAL - 2021-06-23 14:00:59 --> Trying to access array offset on value of type null
#0 C:\xampp\htdocs\nxgestao_saas\app\Controllers\Painel.php(222): CodeIgniter\Debug\Exceptions->errorHandler(8, 'Trying to acces...', 'C:\\xampp\\htdocs...', 222, Array)
#1 C:\xampp\htdocs\nxgestao_saas\system\CodeIgniter.php(914): App\Controllers\Painel->atualizaSenha()
#2 C:\xampp\htdocs\nxgestao_saas\system\CodeIgniter.php(400): CodeIgniter\CodeIgniter->runController(Object(App\Controllers\Painel))
#3 C:\xampp\htdocs\nxgestao_saas\system\CodeIgniter.php(308): CodeIgniter\CodeIgniter->handleRequest(NULL, Object(Config\Cache), false)
#4 C:\xampp\htdocs\nxgestao_saas\public\index.php(45): CodeIgniter\CodeIgniter->run()
#5 {main}
CRITICAL - 2021-06-23 14:01:00 --> Trying to access array offset on value of type null
#0 C:\xampp\htdocs\nxgestao_saas\app\Controllers\Painel.php(222): CodeIgniter\Debug\Exceptions->errorHandler(8, 'Trying to acces...', 'C:\\xampp\\htdocs...', 222, Array)
#1 C:\xampp\htdocs\nxgestao_saas\system\CodeIgniter.php(914): App\Controllers\Painel->atualizaSenha()
#2 C:\xampp\htdocs\nxgestao_saas\system\CodeIgniter.php(400): CodeIgniter\CodeIgniter->runController(Object(App\Controllers\Painel))
#3 C:\xampp\htdocs\nxgestao_saas\system\CodeIgniter.php(308): CodeIgniter\CodeIgniter->handleRequest(NULL, Object(Config\Cache), false)
#4 C:\xampp\htdocs\nxgestao_saas\public\index.php(45): CodeIgniter\CodeIgniter->run()
#5 {main}
CRITICAL - 2021-06-23 14:01:01 --> Trying to access array offset on value of type null
#0 C:\xampp\htdocs\nxgestao_saas\app\Controllers\Painel.php(222): CodeIgniter\Debug\Exceptions->errorHandler(8, 'Trying to acces...', 'C:\\xampp\\htdocs...', 222, Array)
#1 C:\xampp\htdocs\nxgestao_saas\system\CodeIgniter.php(914): App\Controllers\Painel->atualizaSenha()
#2 C:\xampp\htdocs\nxgestao_saas\system\CodeIgniter.php(400): CodeIgniter\CodeIgniter->runController(Object(App\Controllers\Painel))
#3 C:\xampp\htdocs\nxgestao_saas\system\CodeIgniter.php(308): CodeIgniter\CodeIgniter->handleRequest(NULL, Object(Config\Cache), false)
#4 C:\xampp\htdocs\nxgestao_saas\public\index.php(45): CodeIgniter\CodeIgniter->run()
#5 {main}
CRITICAL - 2021-06-23 14:01:02 --> Trying to access array offset on value of type null
#0 C:\xampp\htdocs\nxgestao_saas\app\Controllers\Painel.php(222): CodeIgniter\Debug\Exceptions->errorHandler(8, 'Trying to acces...', 'C:\\xampp\\htdocs...', 222, Array)
#1 C:\xampp\htdocs\nxgestao_saas\system\CodeIgniter.php(914): App\Controllers\Painel->atualizaSenha()
#2 C:\xampp\htdocs\nxgestao_saas\system\CodeIgniter.php(400): CodeIgniter\CodeIgniter->runController(Object(App\Controllers\Painel))
#3 C:\xampp\htdocs\nxgestao_saas\system\CodeIgniter.php(308): CodeIgniter\CodeIgniter->handleRequest(NULL, Object(Config\Cache), false)
#4 C:\xampp\htdocs\nxgestao_saas\public\index.php(45): CodeIgniter\CodeIgniter->run()
#5 {main}
CRITICAL - 2021-06-23 14:01:03 --> Trying to access array offset on value of type null
#0 C:\xampp\htdocs\nxgestao_saas\app\Controllers\Painel.php(222): CodeIgniter\Debug\Exceptions->errorHandler(8, 'Trying to acces...', 'C:\\xampp\\htdocs...', 222, Array)
#1 C:\xampp\htdocs\nxgestao_saas\system\CodeIgniter.php(914): App\Controllers\Painel->atualizaSenha()
#2 C:\xampp\htdocs\nxgestao_saas\system\CodeIgniter.php(400): CodeIgniter\CodeIgniter->runController(Object(App\Controllers\Painel))
#3 C:\xampp\htdocs\nxgestao_saas\system\CodeIgniter.php(308): CodeIgniter\CodeIgniter->handleRequest(NULL, Object(Config\Cache), false)
#4 C:\xampp\htdocs\nxgestao_saas\public\index.php(45): CodeIgniter\CodeIgniter->run()
#5 {main}
CRITICAL - 2021-06-23 14:01:04 --> Trying to access array offset on value of type null
#0 C:\xampp\htdocs\nxgestao_saas\app\Controllers\Painel.php(222): CodeIgniter\Debug\Exceptions->errorHandler(8, 'Trying to acces...', 'C:\\xampp\\htdocs...', 222, Array)
#1 C:\xampp\htdocs\nxgestao_saas\system\CodeIgniter.php(914): App\Controllers\Painel->atualizaSenha()
#2 C:\xampp\htdocs\nxgestao_saas\system\CodeIgniter.php(400): CodeIgniter\CodeIgniter->runController(Object(App\Controllers\Painel))
#3 C:\xampp\htdocs\nxgestao_saas\system\CodeIgniter.php(308): CodeIgniter\CodeIgniter->handleRequest(NULL, Object(Config\Cache), false)
#4 C:\xampp\htdocs\nxgestao_saas\public\index.php(45): CodeIgniter\CodeIgniter->run()
#5 {main}
CRITICAL - 2021-06-23 14:01:05 --> Trying to access array offset on value of type null
#0 C:\xampp\htdocs\nxgestao_saas\app\Controllers\Painel.php(222): CodeIgniter\Debug\Exceptions->errorHandler(8, 'Trying to acces...', 'C:\\xampp\\htdocs...', 222, Array)
#1 C:\xampp\htdocs\nxgestao_saas\system\CodeIgniter.php(914): App\Controllers\Painel->atualizaSenha()
#2 C:\xampp\htdocs\nxgestao_saas\system\CodeIgniter.php(400): CodeIgniter\CodeIgniter->runController(Object(App\Controllers\Painel))
#3 C:\xampp\htdocs\nxgestao_saas\system\CodeIgniter.php(308): CodeIgniter\CodeIgniter->handleRequest(NULL, Object(Config\Cache), false)
#4 C:\xampp\htdocs\nxgestao_saas\public\index.php(45): CodeIgniter\CodeIgniter->run()
#5 {main}
CRITICAL - 2021-06-23 14:01:06 --> Trying to access array offset on value of type null
#0 C:\xampp\htdocs\nxgestao_saas\app\Controllers\Painel.php(222): CodeIgniter\Debug\Exceptions->errorHandler(8, 'Trying to acces...', 'C:\\xampp\\htdocs...', 222, Array)
#1 C:\xampp\htdocs\nxgestao_saas\system\CodeIgniter.php(914): App\Controllers\Painel->atualizaSenha()
#2 C:\xampp\htdocs\nxgestao_saas\system\CodeIgniter.php(400): CodeIgniter\CodeIgniter->runController(Object(App\Controllers\Painel))
#3 C:\xampp\htdocs\nxgestao_saas\system\CodeIgniter.php(308): CodeIgniter\CodeIgniter->handleRequest(NULL, Object(Config\Cache), false)
#4 C:\xampp\htdocs\nxgestao_saas\public\index.php(45): CodeIgniter\CodeIgniter->run()
#5 {main}
CRITICAL - 2021-06-23 14:01:07 --> Trying to access array offset on value of type null
#0 C:\xampp\htdocs\nxgestao_saas\app\Controllers\Painel.php(222): CodeIgniter\Debug\Exceptions->errorHandler(8, 'Trying to acces...', 'C:\\xampp\\htdocs...', 222, Array)
#1 C:\xampp\htdocs\nxgestao_saas\system\CodeIgniter.php(914): App\Controllers\Painel->atualizaSenha()
#2 C:\xampp\htdocs\nxgestao_saas\system\CodeIgniter.php(400): CodeIgniter\CodeIgniter->runController(Object(App\Controllers\Painel))
#3 C:\xampp\htdocs\nxgestao_saas\system\CodeIgniter.php(308): CodeIgniter\CodeIgniter->handleRequest(NULL, Object(Config\Cache), false)
#4 C:\xampp\htdocs\nxgestao_saas\public\index.php(45): CodeIgniter\CodeIgniter->run()
#5 {main}
CRITICAL - 2021-06-23 14:01:08 --> Trying to access array offset on value of type null
#0 C:\xampp\htdocs\nxgestao_saas\app\Controllers\Painel.php(222): CodeIgniter\Debug\Exceptions->errorHandler(8, 'Trying to acces...', 'C:\\xampp\\htdocs...', 222, Array)
#1 C:\xampp\htdocs\nxgestao_saas\system\CodeIgniter.php(914): App\Controllers\Painel->atualizaSenha()
#2 C:\xampp\htdocs\nxgestao_saas\system\CodeIgniter.php(400): CodeIgniter\CodeIgniter->runController(Object(App\Controllers\Painel))
#3 C:\xampp\htdocs\nxgestao_saas\system\CodeIgniter.php(308): CodeIgniter\CodeIgniter->handleRequest(NULL, Object(Config\Cache), false)
#4 C:\xampp\htdocs\nxgestao_saas\public\index.php(45): CodeIgniter\CodeIgniter->run()
#5 {main}
CRITICAL - 2021-06-23 14:01:09 --> Trying to access array offset on value of type null
#0 C:\xampp\htdocs\nxgestao_saas\app\Controllers\Painel.php(222): CodeIgniter\Debug\Exceptions->errorHandler(8, 'Trying to acces...', 'C:\\xampp\\htdocs...', 222, Array)
#1 C:\xampp\htdocs\nxgestao_saas\system\CodeIgniter.php(914): App\Controllers\Painel->atualizaSenha()
#2 C:\xampp\htdocs\nxgestao_saas\system\CodeIgniter.php(400): CodeIgniter\CodeIgniter->runController(Object(App\Controllers\Painel))
#3 C:\xampp\htdocs\nxgestao_saas\system\CodeIgniter.php(308): CodeIgniter\CodeIgniter->handleRequest(NULL, Object(Config\Cache), false)
#4 C:\xampp\htdocs\nxgestao_saas\public\index.php(45): CodeIgniter\CodeIgniter->run()
#5 {main}
CRITICAL - 2021-06-23 14:01:10 --> Trying to access array offset on value of type null
#0 C:\xampp\htdocs\nxgestao_saas\app\Controllers\Painel.php(222): CodeIgniter\Debug\Exceptions->errorHandler(8, 'Trying to acces...', 'C:\\xampp\\htdocs...', 222, Array)
#1 C:\xampp\htdocs\nxgestao_saas\system\CodeIgniter.php(914): App\Controllers\Painel->atualizaSenha()
#2 C:\xampp\htdocs\nxgestao_saas\system\CodeIgniter.php(400): CodeIgniter\CodeIgniter->runController(Object(App\Controllers\Painel))
#3 C:\xampp\htdocs\nxgestao_saas\system\CodeIgniter.php(308): CodeIgniter\CodeIgniter->handleRequest(NULL, Object(Config\Cache), false)
#4 C:\xampp\htdocs\nxgestao_saas\public\index.php(45): CodeIgniter\CodeIgniter->run()
#5 {main}
CRITICAL - 2021-06-23 14:01:11 --> Trying to access array offset on value of type null
#0 C:\xampp\htdocs\nxgestao_saas\app\Controllers\Painel.php(222): CodeIgniter\Debug\Exceptions->errorHandler(8, 'Trying to acces...', 'C:\\xampp\\htdocs...', 222, Array)
#1 C:\xampp\htdocs\nxgestao_saas\system\CodeIgniter.php(914): App\Controllers\Painel->atualizaSenha()
#2 C:\xampp\htdocs\nxgestao_saas\system\CodeIgniter.php(400): CodeIgniter\CodeIgniter->runController(Object(App\Controllers\Painel))
#3 C:\xampp\htdocs\nxgestao_saas\system\CodeIgniter.php(308): CodeIgniter\CodeIgniter->handleRequest(NULL, Object(Config\Cache), false)
#4 C:\xampp\htdocs\nxgestao_saas\public\index.php(45): CodeIgniter\CodeIgniter->run()
#5 {main}
CRITICAL - 2021-06-23 14:01:12 --> Trying to access array offset on value of type null
#0 C:\xampp\htdocs\nxgestao_saas\app\Controllers\Painel.php(222): CodeIgniter\Debug\Exceptions->errorHandler(8, 'Trying to acces...', 'C:\\xampp\\htdocs...', 222, Array)
#1 C:\xampp\htdocs\nxgestao_saas\system\CodeIgniter.php(914): App\Controllers\Painel->atualizaSenha()
#2 C:\xampp\htdocs\nxgestao_saas\system\CodeIgniter.php(400): CodeIgniter\CodeIgniter->runController(Object(App\Controllers\Painel))
#3 C:\xampp\htdocs\nxgestao_saas\system\CodeIgniter.php(308): CodeIgniter\CodeIgniter->handleRequest(NULL, Object(Config\Cache), false)
#4 C:\xampp\htdocs\nxgestao_saas\public\index.php(45): CodeIgniter\CodeIgniter->run()
#5 {main}
CRITICAL - 2021-06-23 14:01:13 --> Trying to access array offset on value of type null
#0 C:\xampp\htdocs\nxgestao_saas\app\Controllers\Painel.php(222): CodeIgniter\Debug\Exceptions->errorHandler(8, 'Trying to acces...', 'C:\\xampp\\htdocs...', 222, Array)
#1 C:\xampp\htdocs\nxgestao_saas\system\CodeIgniter.php(914): App\Controllers\Painel->atualizaSenha()
#2 C:\xampp\htdocs\nxgestao_saas\system\CodeIgniter.php(400): CodeIgniter\CodeIgniter->runController(Object(App\Controllers\Painel))
#3 C:\xampp\htdocs\nxgestao_saas\system\CodeIgniter.php(308): CodeIgniter\CodeIgniter->handleRequest(NULL, Object(Config\Cache), false)
#4 C:\xampp\htdocs\nxgestao_saas\public\index.php(45): CodeIgniter\CodeIgniter->run()
#5 {main}
CRITICAL - 2021-06-23 14:01:14 --> Trying to access array offset on value of type null
#0 C:\xampp\htdocs\nxgestao_saas\app\Controllers\Painel.php(222): CodeIgniter\Debug\Exceptions->errorHandler(8, 'Trying to acces...', 'C:\\xampp\\htdocs...', 222, Array)
#1 C:\xampp\htdocs\nxgestao_saas\system\CodeIgniter.php(914): App\Controllers\Painel->atualizaSenha()
#2 C:\xampp\htdocs\nxgestao_saas\system\CodeIgniter.php(400): CodeIgniter\CodeIgniter->runController(Object(App\Controllers\Painel))
#3 C:\xampp\htdocs\nxgestao_saas\system\CodeIgniter.php(308): CodeIgniter\CodeIgniter->handleRequest(NULL, Object(Config\Cache), false)
#4 C:\xampp\htdocs\nxgestao_saas\public\index.php(45): CodeIgniter\CodeIgniter->run()
#5 {main}
CRITICAL - 2021-06-23 14:01:15 --> Trying to access array offset on value of type null
#0 C:\xampp\htdocs\nxgestao_saas\app\Controllers\Painel.php(222): CodeIgniter\Debug\Exceptions->errorHandler(8, 'Trying to acces...', 'C:\\xampp\\htdocs...', 222, Array)
#1 C:\xampp\htdocs\nxgestao_saas\system\CodeIgniter.php(914): App\Controllers\Painel->atualizaSenha()
#2 C:\xampp\htdocs\nxgestao_saas\system\CodeIgniter.php(400): CodeIgniter\CodeIgniter->runController(Object(App\Controllers\Painel))
#3 C:\xampp\htdocs\nxgestao_saas\system\CodeIgniter.php(308): CodeIgniter\CodeIgniter->handleRequest(NULL, Object(Config\Cache), false)
#4 C:\xampp\htdocs\nxgestao_saas\public\index.php(45): CodeIgniter\CodeIgniter->run()
#5 {main}
CRITICAL - 2021-06-23 14:01:16 --> Trying to access array offset on value of type null
#0 C:\xampp\htdocs\nxgestao_saas\app\Controllers\Painel.php(222): CodeIgniter\Debug\Exceptions->errorHandler(8, 'Trying to acces...', 'C:\\xampp\\htdocs...', 222, Array)
#1 C:\xampp\htdocs\nxgestao_saas\system\CodeIgniter.php(914): App\Controllers\Painel->atualizaSenha()
#2 C:\xampp\htdocs\nxgestao_saas\system\CodeIgniter.php(400): CodeIgniter\CodeIgniter->runController(Object(App\Controllers\Painel))
#3 C:\xampp\htdocs\nxgestao_saas\system\CodeIgniter.php(308): CodeIgniter\CodeIgniter->handleRequest(NULL, Object(Config\Cache), false)
#4 C:\xampp\htdocs\nxgestao_saas\public\index.php(45): CodeIgniter\CodeIgniter->run()
#5 {main}
CRITICAL - 2021-06-23 14:01:17 --> Trying to access array offset on value of type null
#0 C:\xampp\htdocs\nxgestao_saas\app\Controllers\Painel.php(222): CodeIgniter\Debug\Exceptions->errorHandler(8, 'Trying to acces...', 'C:\\xampp\\htdocs...', 222, Array)
#1 C:\xampp\htdocs\nxgestao_saas\system\CodeIgniter.php(914): App\Controllers\Painel->atualizaSenha()
#2 C:\xampp\htdocs\nxgestao_saas\system\CodeIgniter.php(400): CodeIgniter\CodeIgniter->runController(Object(App\Controllers\Painel))
#3 C:\xampp\htdocs\nxgestao_saas\system\CodeIgniter.php(308): CodeIgniter\CodeIgniter->handleRequest(NULL, Object(Config\Cache), false)
#4 C:\xampp\htdocs\nxgestao_saas\public\index.php(45): CodeIgniter\CodeIgniter->run()
#5 {main}
CRITICAL - 2021-06-23 14:01:18 --> Trying to access array offset on value of type null
#0 C:\xampp\htdocs\nxgestao_saas\app\Controllers\Painel.php(222): CodeIgniter\Debug\Exceptions->errorHandler(8, 'Trying to acces...', 'C:\\xampp\\htdocs...', 222, Array)
#1 C:\xampp\htdocs\nxgestao_saas\system\CodeIgniter.php(914): App\Controllers\Painel->atualizaSenha()
#2 C:\xampp\htdocs\nxgestao_saas\system\CodeIgniter.php(400): CodeIgniter\CodeIgniter->runController(Object(App\Controllers\Painel))
#3 C:\xampp\htdocs\nxgestao_saas\system\CodeIgniter.php(308): CodeIgniter\CodeIgniter->handleRequest(NULL, Object(Config\Cache), false)
#4 C:\xampp\htdocs\nxgestao_saas\public\index.php(45): CodeIgniter\CodeIgniter->run()
#5 {main}
CRITICAL - 2021-06-23 14:01:19 --> Trying to access array offset on value of type null
#0 C:\xampp\htdocs\nxgestao_saas\app\Controllers\Painel.php(222): CodeIgniter\Debug\Exceptions->errorHandler(8, 'Trying to acces...', 'C:\\xampp\\htdocs...', 222, Array)
#1 C:\xampp\htdocs\nxgestao_saas\system\CodeIgniter.php(914): App\Controllers\Painel->atualizaSenha()
#2 C:\xampp\htdocs\nxgestao_saas\system\CodeIgniter.php(400): CodeIgniter\CodeIgniter->runController(Object(App\Controllers\Painel))
#3 C:\xampp\htdocs\nxgestao_saas\system\CodeIgniter.php(308): CodeIgniter\CodeIgniter->handleRequest(NULL, Object(Config\Cache), false)
#4 C:\xampp\htdocs\nxgestao_saas\public\index.php(45): CodeIgniter\CodeIgniter->run()
#5 {main}
CRITICAL - 2021-06-23 14:01:20 --> Trying to access array offset on value of type null
#0 C:\xampp\htdocs\nxgestao_saas\app\Controllers\Painel.php(222): CodeIgniter\Debug\Exceptions->errorHandler(8, 'Trying to acces...', 'C:\\xampp\\htdocs...', 222, Array)
#1 C:\xampp\htdocs\nxgestao_saas\system\CodeIgniter.php(914): App\Controllers\Painel->atualizaSenha()
#2 C:\xampp\htdocs\nxgestao_saas\system\CodeIgniter.php(400): CodeIgniter\CodeIgniter->runController(Object(App\Controllers\Painel))
#3 C:\xampp\htdocs\nxgestao_saas\system\CodeIgniter.php(308): CodeIgniter\CodeIgniter->handleRequest(NULL, Object(Config\Cache), false)
#4 C:\xampp\htdocs\nxgestao_saas\public\index.php(45): CodeIgniter\CodeIgniter->run()
#5 {main}
CRITICAL - 2021-06-23 14:01:21 --> Trying to access array offset on value of type null
#0 C:\xampp\htdocs\nxgestao_saas\app\Controllers\Painel.php(222): CodeIgniter\Debug\Exceptions->errorHandler(8, 'Trying to acces...', 'C:\\xampp\\htdocs...', 222, Array)
#1 C:\xampp\htdocs\nxgestao_saas\system\CodeIgniter.php(914): App\Controllers\Painel->atualizaSenha()
#2 C:\xampp\htdocs\nxgestao_saas\system\CodeIgniter.php(400): CodeIgniter\CodeIgniter->runController(Object(App\Controllers\Painel))
#3 C:\xampp\htdocs\nxgestao_saas\system\CodeIgniter.php(308): CodeIgniter\CodeIgniter->handleRequest(NULL, Object(Config\Cache), false)
#4 C:\xampp\htdocs\nxgestao_saas\public\index.php(45): CodeIgniter\CodeIgniter->run()
#5 {main}
CRITICAL - 2021-06-23 14:01:22 --> Trying to access array offset on value of type null
#0 C:\xampp\htdocs\nxgestao_saas\app\Controllers\Painel.php(222): CodeIgniter\Debug\Exceptions->errorHandler(8, 'Trying to acces...', 'C:\\xampp\\htdocs...', 222, Array)
#1 C:\xampp\htdocs\nxgestao_saas\system\CodeIgniter.php(914): App\Controllers\Painel->atualizaSenha()
#2 C:\xampp\htdocs\nxgestao_saas\system\CodeIgniter.php(400): CodeIgniter\CodeIgniter->runController(Object(App\Controllers\Painel))
#3 C:\xampp\htdocs\nxgestao_saas\system\CodeIgniter.php(308): CodeIgniter\CodeIgniter->handleRequest(NULL, Object(Config\Cache), false)
#4 C:\xampp\htdocs\nxgestao_saas\public\index.php(45): CodeIgniter\CodeIgniter->run()
#5 {main}
CRITICAL - 2021-06-23 14:01:23 --> Trying to access array offset on value of type null
#0 C:\xampp\htdocs\nxgestao_saas\app\Controllers\Painel.php(222): CodeIgniter\Debug\Exceptions->errorHandler(8, 'Trying to acces...', 'C:\\xampp\\htdocs...', 222, Array)
#1 C:\xampp\htdocs\nxgestao_saas\system\CodeIgniter.php(914): App\Controllers\Painel->atualizaSenha()
#2 C:\xampp\htdocs\nxgestao_saas\system\CodeIgniter.php(400): CodeIgniter\CodeIgniter->runController(Object(App\Controllers\Painel))
#3 C:\xampp\htdocs\nxgestao_saas\system\CodeIgniter.php(308): CodeIgniter\CodeIgniter->handleRequest(NULL, Object(Config\Cache), false)
#4 C:\xampp\htdocs\nxgestao_saas\public\index.php(45): CodeIgniter\CodeIgniter->run()
#5 {main}
CRITICAL - 2021-06-23 14:01:37 --> Too few arguments to function App\Controllers\Pdv::adicionaProdutoPorNome(), 1 passed in C:\xampp\htdocs\nxgestao_saas\system\CodeIgniter.php on line 914 and exactly 2 expected
#0 C:\xampp\htdocs\nxgestao_saas\system\CodeIgniter.php(914): App\Controllers\Pdv->adicionaProdutoPorNome('2')
#1 C:\xampp\htdocs\nxgestao_saas\system\CodeIgniter.php(400): CodeIgniter\CodeIgniter->runController(Object(App\Controllers\Pdv))
#2 C:\xampp\htdocs\nxgestao_saas\system\CodeIgniter.php(308): CodeIgniter\CodeIgniter->handleRequest(NULL, Object(Config\Cache), false)
#3 C:\xampp\htdocs\nxgestao_saas\public\index.php(45): CodeIgniter\CodeIgniter->run()
#4 {main}
CRITICAL - 2021-06-23 14:11:29 --> Too few arguments to function App\Controllers\Pdv::adicionaProdutoPorNome(), 1 passed in C:\xampp\htdocs\nxgestao_saas\system\CodeIgniter.php on line 914 and exactly 2 expected
#0 C:\xampp\htdocs\nxgestao_saas\system\CodeIgniter.php(914): App\Controllers\Pdv->adicionaProdutoPorNome('2')
#1 C:\xampp\htdocs\nxgestao_saas\system\CodeIgniter.php(400): CodeIgniter\CodeIgniter->runController(Object(App\Controllers\Pdv))
#2 C:\xampp\htdocs\nxgestao_saas\system\CodeIgniter.php(308): CodeIgniter\CodeIgniter->handleRequest(NULL, Object(Config\Cache), false)
#3 C:\xampp\htdocs\nxgestao_saas\public\index.php(45): CodeIgniter\CodeIgniter->run()
#4 {main}
CRITICAL - 2021-06-23 14:12:09 --> Too few arguments to function App\Controllers\Pdv::adicionaProdutoPorNome(), 1 passed in C:\xampp\htdocs\nxgestao_saas\system\CodeIgniter.php on line 914 and exactly 2 expected
#0 C:\xampp\htdocs\nxgestao_saas\system\CodeIgniter.php(914): App\Controllers\Pdv->adicionaProdutoPorNome('2')
#1 C:\xampp\htdocs\nxgestao_saas\system\CodeIgniter.php(400): CodeIgniter\CodeIgniter->runController(Object(App\Controllers\Pdv))
#2 C:\xampp\htdocs\nxgestao_saas\system\CodeIgniter.php(308): CodeIgniter\CodeIgniter->handleRequest(NULL, Object(Config\Cache), false)
#3 C:\xampp\htdocs\nxgestao_saas\public\index.php(45): CodeIgniter\CodeIgniter->run()
#4 {main}
CRITICAL - 2021-06-23 15:44:32 --> Trying to access array offset on value of type null
#0 C:\xampp\htdocs\nxgestao_saas\app\Controllers\Painel.php(222): CodeIgniter\Debug\Exceptions->errorHandler(8, 'Trying to acces...', 'C:\\xampp\\htdocs...', 222, Array)
#1 C:\xampp\htdocs\nxgestao_saas\system\CodeIgniter.php(914): App\Controllers\Painel->atualizaSenha()
#2 C:\xampp\htdocs\nxgestao_saas\system\CodeIgniter.php(400): CodeIgniter\CodeIgniter->runController(Object(App\Controllers\Painel))
#3 C:\xampp\htdocs\nxgestao_saas\system\CodeIgniter.php(308): CodeIgniter\CodeIgniter->handleRequest(NULL, Object(Config\Cache), false)
#4 C:\xampp\htdocs\nxgestao_saas\public\index.php(45): CodeIgniter\CodeIgniter->run()
#5 {main}
CRITICAL - 2021-06-23 15:44:33 --> Trying to access array offset on value of type null
#0 C:\xampp\htdocs\nxgestao_saas\app\Controllers\Painel.php(222): CodeIgniter\Debug\Exceptions->errorHandler(8, 'Trying to acces...', 'C:\\xampp\\htdocs...', 222, Array)
#1 C:\xampp\htdocs\nxgestao_saas\system\CodeIgniter.php(914): App\Controllers\Painel->atualizaSenha()
#2 C:\xampp\htdocs\nxgestao_saas\system\CodeIgniter.php(400): CodeIgniter\CodeIgniter->runController(Object(App\Controllers\Painel))
#3 C:\xampp\htdocs\nxgestao_saas\system\CodeIgniter.php(308): CodeIgniter\CodeIgniter->handleRequest(NULL, Object(Config\Cache), false)
#4 C:\xampp\htdocs\nxgestao_saas\public\index.php(45): CodeIgniter\CodeIgniter->run()
#5 {main}
CRITICAL - 2021-06-23 15:50:30 --> Argument 1 passed to CodeIgniter\Database\BaseBuilder::insert() must be of the type array or null, string given, called in C:\xampp\htdocs\nxgestao_saas\app\Database\Seeds\AutoInsert.php on line 16928
#0 C:\xampp\htdocs\nxgestao_saas\app\Database\Seeds\AutoInsert.php(16928): CodeIgniter\Database\BaseBuilder->insert('PIX')
#1 C:\xampp\htdocs\nxgestao_saas\system\Database\Seeder.php(174): App\Database\Seeds\AutoInsert->run()
#2 C:\xampp\htdocs\nxgestao_saas\system\Commands\Database\Seed.php(124): CodeIgniter\Database\Seeder->call('App\\Database\\Se...')
#3 C:\xampp\htdocs\nxgestao_saas\system\CLI\CommandRunner.php(137): CodeIgniter\Commands\Database\Seed->run(Array)
#4 C:\xampp\htdocs\nxgestao_saas\system\CLI\CommandRunner.php(110): CodeIgniter\CLI\CommandRunner->runCommand('db:seed', Array)
#5 C:\xampp\htdocs\nxgestao_saas\system\CLI\CommandRunner.php(86): CodeIgniter\CLI\CommandRunner->index(Array)
#6 C:\xampp\htdocs\nxgestao_saas\system\CodeIgniter.php(910): CodeIgniter\CLI\CommandRunner->_remap('index', 'db:seed', 'AutoInsert')
#7 C:\xampp\htdocs\nxgestao_saas\system\CodeIgniter.php(400): CodeIgniter\CodeIgniter->runController(Object(CodeIgniter\CLI\CommandRunner))
#8 C:\xampp\htdocs\nxgestao_saas\system\CodeIgniter.php(308): CodeIgniter\CodeIgniter->handleRequest(NULL, Object(Config\Cache), false)
#9 C:\xampp\htdocs\nxgestao_saas\system\CLI\Console.php(86): CodeIgniter\CodeIgniter->run()
#10 C:\xampp\htdocs\nxgestao_saas\spark(57): CodeIgniter\CLI\Console->run()
#11 {main}
CRITICAL - 2021-06-23 17:26:02 --> Undefined index: email-de-autorizacao
#0 C:\xampp\htdocs\nxgestao_saas\app\Controllers\Login.php(67): CodeIgniter\Debug\Exceptions->errorHandler(8, 'Undefined index...', 'C:\\xampp\\htdocs...', 67, Array)
#1 C:\xampp\htdocs\nxgestao_saas\system\CodeIgniter.php(914): App\Controllers\Login->autenticar()
#2 C:\xampp\htdocs\nxgestao_saas\system\CodeIgniter.php(400): CodeIgniter\CodeIgniter->runController(Object(App\Controllers\Login))
#3 C:\xampp\htdocs\nxgestao_saas\system\CodeIgniter.php(308): CodeIgniter\CodeIgniter->handleRequest(NULL, Object(Config\Cache), false)
#4 C:\xampp\htdocs\nxgestao_saas\public\index.php(45): CodeIgniter\CodeIgniter->run()
#5 {main}
CRITICAL - 2021-06-23 17:30:58 --> Class 'App\Models\CadastroDeAutorizacaoDemoModel' not found
#0 C:\xampp\htdocs\nxgestao_saas\system\CodeIgniter.php(886): App\Controllers\Login->__construct()
#1 C:\xampp\htdocs\nxgestao_saas\system\CodeIgniter.php(395): CodeIgniter\CodeIgniter->createController()
#2 C:\xampp\htdocs\nxgestao_saas\system\CodeIgniter.php(308): CodeIgniter\CodeIgniter->handleRequest(NULL, Object(Config\Cache), false)
#3 C:\xampp\htdocs\nxgestao_saas\public\index.php(45): CodeIgniter\CodeIgniter->run()
#4 {main}
CRITICAL - 2021-06-23 17:31:15 --> Class 'App\Controllers\CadastroDeAutorizacaoDemoModel' not found
#0 C:\xampp\htdocs\nxgestao_saas\system\CodeIgniter.php(886): App\Controllers\Login->__construct()
#1 C:\xampp\htdocs\nxgestao_saas\system\CodeIgniter.php(395): CodeIgniter\CodeIgniter->createController()
#2 C:\xampp\htdocs\nxgestao_saas\system\CodeIgniter.php(308): CodeIgniter\CodeIgniter->handleRequest(NULL, Object(Config\Cache), false)
#3 C:\xampp\htdocs\nxgestao_saas\public\index.php(45): CodeIgniter\CodeIgniter->run()
#4 {main}
CRITICAL - 2021-06-23 17:32:37 --> Call to undefined method CodeIgniter\Session\Session::setFlahsdata()
#0 C:\xampp\htdocs\nxgestao_saas\system\CodeIgniter.php(914): App\Controllers\Login->autenticar()
#1 C:\xampp\htdocs\nxgestao_saas\system\CodeIgniter.php(400): CodeIgniter\CodeIgniter->runController(Object(App\Controllers\Login))
#2 C:\xampp\htdocs\nxgestao_saas\system\CodeIgniter.php(308): CodeIgniter\CodeIgniter->handleRequest(NULL, Object(Config\Cache), false)
#3 C:\xampp\htdocs\nxgestao_saas\public\index.php(45): CodeIgniter\CodeIgniter->run()
#4 {main}
