CRITICAL - 2020-10-26 11:25:00 --> Undefined variable: controle_de_acesso
#0 C:\xampp\htdocs\nxgestao\app\Controllers\Login.php(79): CodeIgniter\Debug\Exceptions->errorHandler(8, 'Undefined varia...', 'C:\\xampp\\htdocs...', 79, Array)
#1 C:\xampp\htdocs\nxgestao\system\CodeIgniter.php(914): App\Controllers\Login->autenticar()
#2 C:\xampp\htdocs\nxgestao\system\CodeIgniter.php(400): CodeIgniter\CodeIgniter->runController(Object(App\Controllers\Login))
#3 C:\xampp\htdocs\nxgestao\system\CodeIgniter.php(308): CodeIgniter\CodeIgniter->handleRequest(NULL, Object(Config\Cache), false)
#4 C:\xampp\htdocs\nxgestao\public\index.php(45): CodeIgniter\CodeIgniter->run()
#5 {main}
CRITICAL - 2020-10-26 11:52:43 --> Undefined variable: ufs
#0 C:\xampp\htdocs\nxgestao\app\Views\login\usuarios.php(164): CodeIgniter\Debug\Exceptions->errorHandler(8, 'Undefined varia...', 'C:\\xampp\\htdocs...', 164, Array)
#1 C:\xampp\htdocs\nxgestao\system\View\View.php(246): include('C:\\xampp\\htdocs...')
#2 C:\xampp\htdocs\nxgestao\system\Common.php(1087): CodeIgniter\View\View->render('login/usuarios', Array, true)
#3 C:\xampp\htdocs\nxgestao\app\Controllers\Login.php(147): view('login/usuarios', Array)
#4 C:\xampp\htdocs\nxgestao\system\CodeIgniter.php(914): App\Controllers\Login->usuarios()
#5 C:\xampp\htdocs\nxgestao\system\CodeIgniter.php(400): CodeIgniter\CodeIgniter->runController(Object(App\Controllers\Login))
#6 C:\xampp\htdocs\nxgestao\system\CodeIgniter.php(308): CodeIgniter\CodeIgniter->handleRequest(NULL, Object(Config\Cache), false)
#7 C:\xampp\htdocs\nxgestao\public\index.php(45): CodeIgniter\CodeIgniter->run()
#8 {main}
CRITICAL - 2020-10-26 12:00:23 --> Invalid file: login/usuarios.php
#0 C:\xampp\htdocs\nxgestao\system\View\View.php(228): CodeIgniter\Exceptions\FrameworkException::forInvalidFile('login/usuarios....')
#1 C:\xampp\htdocs\nxgestao\system\Common.php(1087): CodeIgniter\View\View->render('login/usuarios', Array, true)
#2 C:\xampp\htdocs\nxgestao\app\Controllers\Login.php(147): view('login/usuarios', Array)
#3 C:\xampp\htdocs\nxgestao\system\CodeIgniter.php(914): App\Controllers\Login->usuarios()
#4 C:\xampp\htdocs\nxgestao\system\CodeIgniter.php(400): CodeIgniter\CodeIgniter->runController(Object(App\Controllers\Login))
#5 C:\xampp\htdocs\nxgestao\system\CodeIgniter.php(308): CodeIgniter\CodeIgniter->handleRequest(NULL, Object(Config\Cache), false)
#6 C:\xampp\htdocs\nxgestao\public\index.php(45): CodeIgniter\CodeIgniter->run()
#7 {main}
CRITICAL - 2020-10-26 12:01:01 --> Invalid file: login/usuarios.php
#0 C:\xampp\htdocs\nxgestao\system\View\View.php(228): CodeIgniter\Exceptions\FrameworkException::forInvalidFile('login/usuarios....')
#1 C:\xampp\htdocs\nxgestao\system\Common.php(1087): CodeIgniter\View\View->render('login/usuarios', Array, true)
#2 C:\xampp\htdocs\nxgestao\app\Controllers\Login.php(147): view('login/usuarios', Array)
#3 C:\xampp\htdocs\nxgestao\system\CodeIgniter.php(914): App\Controllers\Login->usuarios()
#4 C:\xampp\htdocs\nxgestao\system\CodeIgniter.php(400): CodeIgniter\CodeIgniter->runController(Object(App\Controllers\Login))
#5 C:\xampp\htdocs\nxgestao\system\CodeIgniter.php(308): CodeIgniter\CodeIgniter->handleRequest(NULL, Object(Config\Cache), false)
#6 C:\xampp\htdocs\nxgestao\public\index.php(45): CodeIgniter\CodeIgniter->run()
#7 {main}
CRITICAL - 2020-10-26 12:04:51 --> Illegal string offset 'id_login'
#0 C:\xampp\htdocs\nxgestao\app\Views\login\usuarios.php(48): CodeIgniter\Debug\Exceptions->errorHandler(2, 'Illegal string ...', 'C:\\xampp\\htdocs...', 48, Array)
#1 C:\xampp\htdocs\nxgestao\system\View\View.php(246): include('C:\\xampp\\htdocs...')
#2 C:\xampp\htdocs\nxgestao\system\Common.php(1087): CodeIgniter\View\View->render('login/usuarios', Array, true)
#3 C:\xampp\htdocs\nxgestao\app\Controllers\Login.php(149): view('login/usuarios', Array)
#4 C:\xampp\htdocs\nxgestao\system\CodeIgniter.php(914): App\Controllers\Login->usuarios()
#5 C:\xampp\htdocs\nxgestao\system\CodeIgniter.php(400): CodeIgniter\CodeIgniter->runController(Object(App\Controllers\Login))
#6 C:\xampp\htdocs\nxgestao\system\CodeIgniter.php(308): CodeIgniter\CodeIgniter->handleRequest(NULL, Object(Config\Cache), false)
#7 C:\xampp\htdocs\nxgestao\public\index.php(45): CodeIgniter\CodeIgniter->run()
#8 {main}
CRITICAL - 2020-10-26 12:05:15 --> Illegal string offset 'id_login'
#0 C:\xampp\htdocs\nxgestao\app\Views\login\usuarios.php(48): CodeIgniter\Debug\Exceptions->errorHandler(2, 'Illegal string ...', 'C:\\xampp\\htdocs...', 48, Array)
#1 C:\xampp\htdocs\nxgestao\system\View\View.php(246): include('C:\\xampp\\htdocs...')
#2 C:\xampp\htdocs\nxgestao\system\Common.php(1087): CodeIgniter\View\View->render('login/usuarios', Array, true)
#3 C:\xampp\htdocs\nxgestao\app\Controllers\Login.php(149): view('login/usuarios', Array)
#4 C:\xampp\htdocs\nxgestao\system\CodeIgniter.php(914): App\Controllers\Login->usuarios()
#5 C:\xampp\htdocs\nxgestao\system\CodeIgniter.php(400): CodeIgniter\CodeIgniter->runController(Object(App\Controllers\Login))
#6 C:\xampp\htdocs\nxgestao\system\CodeIgniter.php(308): CodeIgniter\CodeIgniter->handleRequest(NULL, Object(Config\Cache), false)
#7 C:\xampp\htdocs\nxgestao\public\index.php(45): CodeIgniter\CodeIgniter->run()
#8 {main}
CRITICAL - 2020-10-26 12:05:47 --> Illegal string offset 'id_login'
#0 C:\xampp\htdocs\nxgestao\app\Views\login\usuarios.php(48): CodeIgniter\Debug\Exceptions->errorHandler(2, 'Illegal string ...', 'C:\\xampp\\htdocs...', 48, Array)
#1 C:\xampp\htdocs\nxgestao\system\View\View.php(246): include('C:\\xampp\\htdocs...')
#2 C:\xampp\htdocs\nxgestao\system\Common.php(1087): CodeIgniter\View\View->render('login/usuarios', Array, true)
#3 C:\xampp\htdocs\nxgestao\app\Controllers\Login.php(147): view('login/usuarios', Array)
#4 C:\xampp\htdocs\nxgestao\system\CodeIgniter.php(914): App\Controllers\Login->usuarios()
#5 C:\xampp\htdocs\nxgestao\system\CodeIgniter.php(400): CodeIgniter\CodeIgniter->runController(Object(App\Controllers\Login))
#6 C:\xampp\htdocs\nxgestao\system\CodeIgniter.php(308): CodeIgniter\CodeIgniter->handleRequest(NULL, Object(Config\Cache), false)
#7 C:\xampp\htdocs\nxgestao\public\index.php(45): CodeIgniter\CodeIgniter->run()
#8 {main}
CRITICAL - 2020-10-26 12:06:36 --> Illegal string offset 'usuario'
#0 C:\xampp\htdocs\nxgestao\app\Views\login\usuarios.php(47): CodeIgniter\Debug\Exceptions->errorHandler(2, 'Illegal string ...', 'C:\\xampp\\htdocs...', 47, Array)
#1 C:\xampp\htdocs\nxgestao\system\View\View.php(246): include('C:\\xampp\\htdocs...')
#2 C:\xampp\htdocs\nxgestao\system\Common.php(1087): CodeIgniter\View\View->render('login/usuarios', Array, true)
#3 C:\xampp\htdocs\nxgestao\app\Controllers\Login.php(147): view('login/usuarios', Array)
#4 C:\xampp\htdocs\nxgestao\system\CodeIgniter.php(914): App\Controllers\Login->usuarios()
#5 C:\xampp\htdocs\nxgestao\system\CodeIgniter.php(400): CodeIgniter\CodeIgniter->runController(Object(App\Controllers\Login))
#6 C:\xampp\htdocs\nxgestao\system\CodeIgniter.php(308): CodeIgniter\CodeIgniter->handleRequest(NULL, Object(Config\Cache), false)
#7 C:\xampp\htdocs\nxgestao\public\index.php(45): CodeIgniter\CodeIgniter->run()
#8 {main}
