CRITICAL - 2021-01-19 09:49:07 --> Undefined property: App\Controllers\Agenda::$controle_de_acesso_model
#0 C:\xampp\htdocs\nxgestao\app\Controllers\Agenda.php(12): CodeIgniter\Debug\Exceptions->errorHandler(8, 'Undefined prope...', 'C:\\xampp\\htdocs...', 12, Array)
#1 C:\xampp\htdocs\nxgestao\system\CodeIgniter.php(914): App\Controllers\Agenda->index()
#2 C:\xampp\htdocs\nxgestao\system\CodeIgniter.php(400): CodeIgniter\CodeIgniter->runController(Object(App\Controllers\Agenda))
#3 C:\xampp\htdocs\nxgestao\system\CodeIgniter.php(308): CodeIgniter\CodeIgniter->handleRequest(NULL, Object(Config\Cache), false)
#4 C:\xampp\htdocs\nxgestao\public\index.php(45): CodeIgniter\CodeIgniter->run()
#5 {main}
CRITICAL - 2021-01-19 09:49:55 --> Undefined property: App\Controllers\Agenda::$modulo
#0 C:\xampp\htdocs\nxgestao\app\Controllers\Agenda.php(21): CodeIgniter\Debug\Exceptions->errorHandler(8, 'Undefined prope...', 'C:\\xampp\\htdocs...', 21, Array)
#1 C:\xampp\htdocs\nxgestao\system\CodeIgniter.php(914): App\Controllers\Agenda->index()
#2 C:\xampp\htdocs\nxgestao\system\CodeIgniter.php(400): CodeIgniter\CodeIgniter->runController(Object(App\Controllers\Agenda))
#3 C:\xampp\htdocs\nxgestao\system\CodeIgniter.php(308): CodeIgniter\CodeIgniter->handleRequest(NULL, Object(Config\Cache), false)
#4 C:\xampp\htdocs\nxgestao\public\index.php(45): CodeIgniter\CodeIgniter->run()
#5 {main}
CRITICAL - 2021-01-19 09:50:25 --> Undefined index: agenda
#0 C:\xampp\htdocs\nxgestao\app\Models\ControleDeAcessoModel.php(96): CodeIgniter\Debug\Exceptions->errorHandler(8, 'Undefined index...', 'C:\\xampp\\htdocs...', 96, Array)
#1 C:\xampp\htdocs\nxgestao\app\Controllers\Agenda.php(23): App\Models\ControleDeAcessoModel->verificaPermissao('agenda')
#2 C:\xampp\htdocs\nxgestao\system\CodeIgniter.php(914): App\Controllers\Agenda->index()
#3 C:\xampp\htdocs\nxgestao\system\CodeIgniter.php(400): CodeIgniter\CodeIgniter->runController(Object(App\Controllers\Agenda))
#4 C:\xampp\htdocs\nxgestao\system\CodeIgniter.php(308): CodeIgniter\CodeIgniter->handleRequest(NULL, Object(Config\Cache), false)
#5 C:\xampp\htdocs\nxgestao\public\index.php(45): CodeIgniter\CodeIgniter->run()
#6 {main}
CRITICAL - 2021-01-19 09:50:30 --> Undefined property: App\Controllers\Agenda::$link
#0 C:\xampp\htdocs\nxgestao\app\Controllers\Agenda.php(28): CodeIgniter\Debug\Exceptions->errorHandler(8, 'Undefined prope...', 'C:\\xampp\\htdocs...', 28, Array)
#1 C:\xampp\htdocs\nxgestao\system\CodeIgniter.php(914): App\Controllers\Agenda->index()
#2 C:\xampp\htdocs\nxgestao\system\CodeIgniter.php(400): CodeIgniter\CodeIgniter->runController(Object(App\Controllers\Agenda))
#3 C:\xampp\htdocs\nxgestao\system\CodeIgniter.php(308): CodeIgniter\CodeIgniter->handleRequest(NULL, Object(Config\Cache), false)
#4 C:\xampp\htdocs\nxgestao\public\index.php(45): CodeIgniter\CodeIgniter->run()
#5 {main}
CRITICAL - 2021-01-19 09:50:46 --> Invalid file: agenda/index.php
#0 C:\xampp\htdocs\nxgestao\system\View\View.php(228): CodeIgniter\Exceptions\FrameworkException::forInvalidFile('agenda/index.ph...')
#1 C:\xampp\htdocs\nxgestao\system\Common.php(1087): CodeIgniter\View\View->render('agenda/index', Array, true)
#2 C:\xampp\htdocs\nxgestao\app\Controllers\Agenda.php(45): view('agenda/index', Array)
#3 C:\xampp\htdocs\nxgestao\system\CodeIgniter.php(914): App\Controllers\Agenda->index()
#4 C:\xampp\htdocs\nxgestao\system\CodeIgniter.php(400): CodeIgniter\CodeIgniter->runController(Object(App\Controllers\Agenda))
#5 C:\xampp\htdocs\nxgestao\system\CodeIgniter.php(308): CodeIgniter\CodeIgniter->handleRequest(NULL, Object(Config\Cache), false)
#6 C:\xampp\htdocs\nxgestao\public\index.php(45): CodeIgniter\CodeIgniter->run()
#7 {main}
CRITICAL - 2021-01-19 09:51:21 --> Undefined index: item
#0 C:\xampp\htdocs\nxgestao\app\Views\templates\footer.php(104): CodeIgniter\Debug\Exceptions->errorHandler(8, 'Undefined index...', 'C:\\xampp\\htdocs...', 104, Array)
#1 C:\xampp\htdocs\nxgestao\system\View\View.php(246): include('C:\\xampp\\htdocs...')
#2 C:\xampp\htdocs\nxgestao\system\Common.php(1087): CodeIgniter\View\View->render('templates/foote...', Array, true)
#3 C:\xampp\htdocs\nxgestao\app\Controllers\Agenda.php(46): view('templates/foote...')
#4 C:\xampp\htdocs\nxgestao\system\CodeIgniter.php(914): App\Controllers\Agenda->index()
#5 C:\xampp\htdocs\nxgestao\system\CodeIgniter.php(400): CodeIgniter\CodeIgniter->runController(Object(App\Controllers\Agenda))
#6 C:\xampp\htdocs\nxgestao\system\CodeIgniter.php(308): CodeIgniter\CodeIgniter->handleRequest(NULL, Object(Config\Cache), false)
#7 C:\xampp\htdocs\nxgestao\public\index.php(45): CodeIgniter\CodeIgniter->run()
#8 {main}
CRITICAL - 2021-01-19 09:59:02 --> syntax error, unexpected '$diasemana' (T_VARIABLE)
#0 C:\xampp\htdocs\nxgestao\system\Router\Router.php(192): CodeIgniter\Router\Router->autoRoute('agenda')
#1 C:\xampp\htdocs\nxgestao\system\CodeIgniter.php(789): CodeIgniter\Router\Router->handle('agenda')
#2 C:\xampp\htdocs\nxgestao\system\CodeIgniter.php(360): CodeIgniter\CodeIgniter->tryToRouteIt(Object(CodeIgniter\Router\RouteCollection))
#3 C:\xampp\htdocs\nxgestao\system\CodeIgniter.php(308): CodeIgniter\CodeIgniter->handleRequest(NULL, Object(Config\Cache), false)
#4 C:\xampp\htdocs\nxgestao\public\index.php(45): CodeIgniter\CodeIgniter->run()
#5 {main}
CRITICAL - 2021-01-19 10:40:25 --> Array to string conversion
#0 [internal function]: CodeIgniter\Debug\Exceptions->errorHandler(8, 'Array to string...', 'C:\\xampp\\htdocs...', 437, Array)
#1 C:\xampp\htdocs\nxgestao\system\Database\Query.php(437): implode(',', Array)
#2 C:\xampp\htdocs\nxgestao\system\Database\Query.php(404): CodeIgniter\Database\Query->matchNamedBinds('SELECT *\nFROM `...', Array)
#3 C:\xampp\htdocs\nxgestao\system\Database\Query.php(197): CodeIgniter\Database\Query->compileBinds()
#4 C:\xampp\htdocs\nxgestao\system\Database\BaseConnection.php(666): CodeIgniter\Database\Query->getQuery()
#5 C:\xampp\htdocs\nxgestao\system\Database\BaseBuilder.php(1845): CodeIgniter\Database\BaseConnection->query('SELECT *\nFROM `...', Array, false)
#6 C:\xampp\htdocs\nxgestao\system\Model.php(445): CodeIgniter\Database\BaseBuilder->get()
#7 C:\xampp\htdocs\nxgestao\app\Controllers\Agenda.php(62): CodeIgniter\Model->findAll()
#8 C:\xampp\htdocs\nxgestao\system\CodeIgniter.php(914): App\Controllers\Agenda->index()
#9 C:\xampp\htdocs\nxgestao\system\CodeIgniter.php(400): CodeIgniter\CodeIgniter->runController(Object(App\Controllers\Agenda))
#10 C:\xampp\htdocs\nxgestao\system\CodeIgniter.php(308): CodeIgniter\CodeIgniter->handleRequest(NULL, Object(Config\Cache), false)
#11 C:\xampp\htdocs\nxgestao\public\index.php(45): CodeIgniter\CodeIgniter->run()
#12 {main}
CRITICAL - 2021-01-19 10:59:38 --> Undefined variable: compromissos
#0 C:\xampp\htdocs\nxgestao\app\Views\agenda\index.php(46): CodeIgniter\Debug\Exceptions->errorHandler(8, 'Undefined varia...', 'C:\\xampp\\htdocs...', 46, Array)
#1 C:\xampp\htdocs\nxgestao\system\View\View.php(246): include('C:\\xampp\\htdocs...')
#2 C:\xampp\htdocs\nxgestao\system\Common.php(1087): CodeIgniter\View\View->render('agenda/index', Array, true)
#3 C:\xampp\htdocs\nxgestao\app\Controllers\Agenda.php(79): view('agenda/index', Array)
#4 C:\xampp\htdocs\nxgestao\system\CodeIgniter.php(914): App\Controllers\Agenda->index()
#5 C:\xampp\htdocs\nxgestao\system\CodeIgniter.php(400): CodeIgniter\CodeIgniter->runController(Object(App\Controllers\Agenda))
#6 C:\xampp\htdocs\nxgestao\system\CodeIgniter.php(308): CodeIgniter\CodeIgniter->handleRequest(NULL, Object(Config\Cache), false)
#7 C:\xampp\htdocs\nxgestao\public\index.php(45): CodeIgniter\CodeIgniter->run()
#8 {main}
CRITICAL - 2021-01-19 10:59:55 --> Undefined index: horario
#0 C:\xampp\htdocs\nxgestao\app\Views\agenda\index.php(62): CodeIgniter\Debug\Exceptions->errorHandler(8, 'Undefined index...', 'C:\\xampp\\htdocs...', 62, Array)
#1 C:\xampp\htdocs\nxgestao\system\View\View.php(246): include('C:\\xampp\\htdocs...')
#2 C:\xampp\htdocs\nxgestao\system\Common.php(1087): CodeIgniter\View\View->render('agenda/index', Array, true)
#3 C:\xampp\htdocs\nxgestao\app\Controllers\Agenda.php(81): view('agenda/index', Array)
#4 C:\xampp\htdocs\nxgestao\system\CodeIgniter.php(914): App\Controllers\Agenda->index()
#5 C:\xampp\htdocs\nxgestao\system\CodeIgniter.php(400): CodeIgniter\CodeIgniter->runController(Object(App\Controllers\Agenda))
#6 C:\xampp\htdocs\nxgestao\system\CodeIgniter.php(308): CodeIgniter\CodeIgniter->handleRequest(NULL, Object(Config\Cache), false)
#7 C:\xampp\htdocs\nxgestao\public\index.php(45): CodeIgniter\CodeIgniter->run()
#8 {main}
CRITICAL - 2021-01-19 11:01:34 --> Undefined index: horario
#0 C:\xampp\htdocs\nxgestao\app\Views\agenda\index.php(62): CodeIgniter\Debug\Exceptions->errorHandler(8, 'Undefined index...', 'C:\\xampp\\htdocs...', 62, Array)
#1 C:\xampp\htdocs\nxgestao\system\View\View.php(246): include('C:\\xampp\\htdocs...')
#2 C:\xampp\htdocs\nxgestao\system\Common.php(1087): CodeIgniter\View\View->render('agenda/index', Array, true)
#3 C:\xampp\htdocs\nxgestao\app\Controllers\Agenda.php(83): view('agenda/index', Array)
#4 C:\xampp\htdocs\nxgestao\system\CodeIgniter.php(914): App\Controllers\Agenda->index()
#5 C:\xampp\htdocs\nxgestao\system\CodeIgniter.php(400): CodeIgniter\CodeIgniter->runController(Object(App\Controllers\Agenda))
#6 C:\xampp\htdocs\nxgestao\system\CodeIgniter.php(308): CodeIgniter\CodeIgniter->handleRequest(NULL, Object(Config\Cache), false)
#7 C:\xampp\htdocs\nxgestao\public\index.php(45): CodeIgniter\CodeIgniter->run()
#8 {main}
CRITICAL - 2021-01-19 11:02:56 --> Undefined variable: compromissos
#0 C:\xampp\htdocs\nxgestao\app\Controllers\Agenda.php(66): CodeIgniter\Debug\Exceptions->errorHandler(8, 'Undefined varia...', 'C:\\xampp\\htdocs...', 66, Array)
#1 C:\xampp\htdocs\nxgestao\system\CodeIgniter.php(914): App\Controllers\Agenda->index()
#2 C:\xampp\htdocs\nxgestao\system\CodeIgniter.php(400): CodeIgniter\CodeIgniter->runController(Object(App\Controllers\Agenda))
#3 C:\xampp\htdocs\nxgestao\system\CodeIgniter.php(308): CodeIgniter\CodeIgniter->handleRequest(NULL, Object(Config\Cache), false)
#4 C:\xampp\htdocs\nxgestao\public\index.php(45): CodeIgniter\CodeIgniter->run()
#5 {main}
CRITICAL - 2021-01-19 11:05:18 --> Undefined index: horario
#0 C:\xampp\htdocs\nxgestao\app\Views\agenda\index.php(62): CodeIgniter\Debug\Exceptions->errorHandler(8, 'Undefined index...', 'C:\\xampp\\htdocs...', 62, Array)
#1 C:\xampp\htdocs\nxgestao\system\View\View.php(246): include('C:\\xampp\\htdocs...')
#2 C:\xampp\htdocs\nxgestao\system\Common.php(1087): CodeIgniter\View\View->render('agenda/index', Array, true)
#3 C:\xampp\htdocs\nxgestao\app\Controllers\Agenda.php(81): view('agenda/index', Array)
#4 C:\xampp\htdocs\nxgestao\system\CodeIgniter.php(914): App\Controllers\Agenda->index()
#5 C:\xampp\htdocs\nxgestao\system\CodeIgniter.php(400): CodeIgniter\CodeIgniter->runController(Object(App\Controllers\Agenda))
#6 C:\xampp\htdocs\nxgestao\system\CodeIgniter.php(308): CodeIgniter\CodeIgniter->handleRequest(NULL, Object(Config\Cache), false)
#7 C:\xampp\htdocs\nxgestao\public\index.php(45): CodeIgniter\CodeIgniter->run()
#8 {main}
CRITICAL - 2021-01-19 11:15:49 --> Illegal string offset 'data'
#0 C:\xampp\htdocs\nxgestao\app\Controllers\Agenda.php(56): CodeIgniter\Debug\Exceptions->errorHandler(2, 'Illegal string ...', 'C:\\xampp\\htdocs...', 56, Array)
#1 C:\xampp\htdocs\nxgestao\system\CodeIgniter.php(914): App\Controllers\Agenda->index()
#2 C:\xampp\htdocs\nxgestao\system\CodeIgniter.php(400): CodeIgniter\CodeIgniter->runController(Object(App\Controllers\Agenda))
#3 C:\xampp\htdocs\nxgestao\system\CodeIgniter.php(308): CodeIgniter\CodeIgniter->handleRequest(NULL, Object(Config\Cache), false)
#4 C:\xampp\htdocs\nxgestao\public\index.php(45): CodeIgniter\CodeIgniter->run()
#5 {main}
CRITICAL - 2021-01-19 11:55:56 --> Undefined variable: hora
#0 C:\xampp\htdocs\nxgestao\app\Controllers\Agenda.php(123): CodeIgniter\Debug\Exceptions->errorHandler(8, 'Undefined varia...', 'C:\\xampp\\htdocs...', 123, Array)
#1 C:\xampp\htdocs\nxgestao\system\CodeIgniter.php(914): App\Controllers\Agenda->create('2021-01-20', '00:00')
#2 C:\xampp\htdocs\nxgestao\system\CodeIgniter.php(400): CodeIgniter\CodeIgniter->runController(Object(App\Controllers\Agenda))
#3 C:\xampp\htdocs\nxgestao\system\CodeIgniter.php(308): CodeIgniter\CodeIgniter->handleRequest(NULL, Object(Config\Cache), false)
#4 C:\xampp\htdocs\nxgestao\public\index.php(45): CodeIgniter\CodeIgniter->run()
#5 {main}
CRITICAL - 2021-01-19 11:58:28 --> Too few arguments to function App\Controllers\Agenda::create(), 0 passed in C:\xampp\htdocs\nxgestao\system\CodeIgniter.php on line 914 and exactly 2 expected
#0 C:\xampp\htdocs\nxgestao\system\CodeIgniter.php(914): App\Controllers\Agenda->create()
#1 C:\xampp\htdocs\nxgestao\system\CodeIgniter.php(400): CodeIgniter\CodeIgniter->runController(Object(App\Controllers\Agenda))
#2 C:\xampp\htdocs\nxgestao\system\CodeIgniter.php(308): CodeIgniter\CodeIgniter->handleRequest(NULL, Object(Config\Cache), false)
#3 C:\xampp\htdocs\nxgestao\public\index.php(45): CodeIgniter\CodeIgniter->run()
#4 {main}
CRITICAL - 2021-01-19 11:59:14 --> Undefined variable: data_do_compromisso
#0 C:\xampp\htdocs\nxgestao\app\Controllers\Agenda.php(113): CodeIgniter\Debug\Exceptions->errorHandler(8, 'Undefined varia...', 'C:\\xampp\\htdocs...', 113, Array)
#1 C:\xampp\htdocs\nxgestao\system\CodeIgniter.php(914): App\Controllers\Agenda->create()
#2 C:\xampp\htdocs\nxgestao\system\CodeIgniter.php(400): CodeIgniter\CodeIgniter->runController(Object(App\Controllers\Agenda))
#3 C:\xampp\htdocs\nxgestao\system\CodeIgniter.php(308): CodeIgniter\CodeIgniter->handleRequest(NULL, Object(Config\Cache), false)
#4 C:\xampp\htdocs\nxgestao\public\index.php(45): CodeIgniter\CodeIgniter->run()
#5 {main}
CRITICAL - 2021-01-19 11:59:23 --> Array to string conversion
#0 [internal function]: CodeIgniter\Debug\Exceptions->errorHandler(8, 'Array to string...', 'C:\\xampp\\htdocs...', 437, Array)
#1 C:\xampp\htdocs\nxgestao\system\Database\Query.php(437): implode(',', Array)
#2 C:\xampp\htdocs\nxgestao\system\Database\Query.php(404): CodeIgniter\Database\Query->matchNamedBinds('SELECT *\nFROM `...', Array)
#3 C:\xampp\htdocs\nxgestao\system\Database\Query.php(197): CodeIgniter\Database\Query->compileBinds()
#4 C:\xampp\htdocs\nxgestao\system\Database\BaseConnection.php(666): CodeIgniter\Database\Query->getQuery()
#5 C:\xampp\htdocs\nxgestao\system\Database\BaseBuilder.php(1845): CodeIgniter\Database\BaseConnection->query('SELECT *\nFROM `...', Array, false)
#6 C:\xampp\htdocs\nxgestao\system\Model.php(445): CodeIgniter\Database\BaseBuilder->get()
#7 C:\xampp\htdocs\nxgestao\app\Controllers\Agenda.php(116): CodeIgniter\Model->findAll()
#8 C:\xampp\htdocs\nxgestao\system\CodeIgniter.php(914): App\Controllers\Agenda->create()
#9 C:\xampp\htdocs\nxgestao\system\CodeIgniter.php(400): CodeIgniter\CodeIgniter->runController(Object(App\Controllers\Agenda))
#10 C:\xampp\htdocs\nxgestao\system\CodeIgniter.php(308): CodeIgniter\CodeIgniter->handleRequest(NULL, Object(Config\Cache), false)
#11 C:\xampp\htdocs\nxgestao\public\index.php(45): CodeIgniter\CodeIgniter->run()
#12 {main}
CRITICAL - 2021-01-19 12:05:46 --> Undefined index: id_compromisso
#0 C:\xampp\htdocs\nxgestao\app\Views\agenda\index.php(65): CodeIgniter\Debug\Exceptions->errorHandler(8, 'Undefined index...', 'C:\\xampp\\htdocs...', 65, Array)
#1 C:\xampp\htdocs\nxgestao\system\View\View.php(246): include('C:\\xampp\\htdocs...')
#2 C:\xampp\htdocs\nxgestao\system\Common.php(1087): CodeIgniter\View\View->render('agenda/index', Array, true)
#3 C:\xampp\htdocs\nxgestao\app\Controllers\Agenda.php(82): view('agenda/index', Array)
#4 C:\xampp\htdocs\nxgestao\system\CodeIgniter.php(914): App\Controllers\Agenda->index()
#5 C:\xampp\htdocs\nxgestao\system\CodeIgniter.php(400): CodeIgniter\CodeIgniter->runController(Object(App\Controllers\Agenda))
#6 C:\xampp\htdocs\nxgestao\system\CodeIgniter.php(308): CodeIgniter\CodeIgniter->handleRequest(NULL, Object(Config\Cache), false)
#7 C:\xampp\htdocs\nxgestao\public\index.php(45): CodeIgniter\CodeIgniter->run()
#8 {main}
CRITICAL - 2021-01-19 12:06:38 --> Undefined index: data
#0 C:\xampp\htdocs\nxgestao\app\Views\agenda\index.php(76): CodeIgniter\Debug\Exceptions->errorHandler(8, 'Undefined index...', 'C:\\xampp\\htdocs...', 76, Array)
#1 C:\xampp\htdocs\nxgestao\system\View\View.php(246): include('C:\\xampp\\htdocs...')
#2 C:\xampp\htdocs\nxgestao\system\Common.php(1087): CodeIgniter\View\View->render('agenda/index', Array, true)
#3 C:\xampp\htdocs\nxgestao\app\Controllers\Agenda.php(82): view('agenda/index', Array)
#4 C:\xampp\htdocs\nxgestao\system\CodeIgniter.php(914): App\Controllers\Agenda->index()
#5 C:\xampp\htdocs\nxgestao\system\CodeIgniter.php(400): CodeIgniter\CodeIgniter->runController(Object(App\Controllers\Agenda))
#6 C:\xampp\htdocs\nxgestao\system\CodeIgniter.php(308): CodeIgniter\CodeIgniter->handleRequest(NULL, Object(Config\Cache), false)
#7 C:\xampp\htdocs\nxgestao\public\index.php(45): CodeIgniter\CodeIgniter->run()
#8 {main}
CRITICAL - 2021-01-19 12:06:38 --> Undefined index: data
#0 C:\xampp\htdocs\nxgestao\app\Views\agenda\index.php(76): CodeIgniter\Debug\Exceptions->errorHandler(8, 'Undefined index...', 'C:\\xampp\\htdocs...', 76, Array)
#1 C:\xampp\htdocs\nxgestao\system\View\View.php(246): include('C:\\xampp\\htdocs...')
#2 C:\xampp\htdocs\nxgestao\system\Common.php(1087): CodeIgniter\View\View->render('agenda/index', Array, true)
#3 C:\xampp\htdocs\nxgestao\app\Controllers\Agenda.php(82): view('agenda/index', Array)
#4 C:\xampp\htdocs\nxgestao\system\CodeIgniter.php(914): App\Controllers\Agenda->index()
#5 C:\xampp\htdocs\nxgestao\system\CodeIgniter.php(400): CodeIgniter\CodeIgniter->runController(Object(App\Controllers\Agenda))
#6 C:\xampp\htdocs\nxgestao\system\CodeIgniter.php(308): CodeIgniter\CodeIgniter->handleRequest(NULL, Object(Config\Cache), false)
#7 C:\xampp\htdocs\nxgestao\public\index.php(45): CodeIgniter\CodeIgniter->run()
#8 {main}
CRITICAL - 2021-01-19 13:55:41 --> Undefined variable: data
#0 C:\xampp\htdocs\nxgestao\app\Views\agenda\form.php(37): CodeIgniter\Debug\Exceptions->errorHandler(8, 'Undefined varia...', 'C:\\xampp\\htdocs...', 37, Array)
#1 C:\xampp\htdocs\nxgestao\system\View\View.php(246): include('C:\\xampp\\htdocs...')
#2 C:\xampp\htdocs\nxgestao\system\Common.php(1087): CodeIgniter\View\View->render('agenda/form', Array, true)
#3 C:\xampp\htdocs\nxgestao\app\Controllers\Agenda.php(161): view('agenda/form', Array)
#4 C:\xampp\htdocs\nxgestao\system\CodeIgniter.php(914): App\Controllers\Agenda->edit('7')
#5 C:\xampp\htdocs\nxgestao\system\CodeIgniter.php(400): CodeIgniter\CodeIgniter->runController(Object(App\Controllers\Agenda))
#6 C:\xampp\htdocs\nxgestao\system\CodeIgniter.php(308): CodeIgniter\CodeIgniter->handleRequest(NULL, Object(Config\Cache), false)
#7 C:\xampp\htdocs\nxgestao\public\index.php(45): CodeIgniter\CodeIgniter->run()
#8 {main}
CRITICAL - 2021-01-19 13:59:45 --> Undefined variable: data
#0 C:\xampp\htdocs\nxgestao\app\Views\agenda\form.php(37): CodeIgniter\Debug\Exceptions->errorHandler(8, 'Undefined varia...', 'C:\\xampp\\htdocs...', 37, Array)
#1 C:\xampp\htdocs\nxgestao\system\View\View.php(246): include('C:\\xampp\\htdocs...')
#2 C:\xampp\htdocs\nxgestao\system\Common.php(1087): CodeIgniter\View\View->render('agenda/form', Array, true)
#3 C:\xampp\htdocs\nxgestao\app\Controllers\Agenda.php(161): view('agenda/form', Array)
#4 C:\xampp\htdocs\nxgestao\system\CodeIgniter.php(914): App\Controllers\Agenda->edit('7')
#5 C:\xampp\htdocs\nxgestao\system\CodeIgniter.php(400): CodeIgniter\CodeIgniter->runController(Object(App\Controllers\Agenda))
#6 C:\xampp\htdocs\nxgestao\system\CodeIgniter.php(308): CodeIgniter\CodeIgniter->handleRequest(NULL, Object(Config\Cache), false)
#7 C:\xampp\htdocs\nxgestao\public\index.php(45): CodeIgniter\CodeIgniter->run()
#8 {main}
CRITICAL - 2021-01-19 14:00:42 --> Undefined index: data
#0 C:\xampp\htdocs\nxgestao\app\Controllers\Agenda.php(185): CodeIgniter\Debug\Exceptions->errorHandler(8, 'Undefined index...', 'C:\\xampp\\htdocs...', 185, Array)
#1 C:\xampp\htdocs\nxgestao\system\CodeIgniter.php(914): App\Controllers\Agenda->store()
#2 C:\xampp\htdocs\nxgestao\system\CodeIgniter.php(400): CodeIgniter\CodeIgniter->runController(Object(App\Controllers\Agenda))
#3 C:\xampp\htdocs\nxgestao\system\CodeIgniter.php(308): CodeIgniter\CodeIgniter->handleRequest(NULL, Object(Config\Cache), false)
#4 C:\xampp\htdocs\nxgestao\public\index.php(45): CodeIgniter\CodeIgniter->run()
#5 {main}
CRITICAL - 2021-01-19 14:01:11 --> Undefined variable: data
#0 C:\xampp\htdocs\nxgestao\app\Views\agenda\form.php(73): CodeIgniter\Debug\Exceptions->errorHandler(8, 'Undefined varia...', 'C:\\xampp\\htdocs...', 73, Array)
#1 C:\xampp\htdocs\nxgestao\system\View\View.php(246): include('C:\\xampp\\htdocs...')
#2 C:\xampp\htdocs\nxgestao\system\Common.php(1087): CodeIgniter\View\View->render('agenda/form', Array, true)
#3 C:\xampp\htdocs\nxgestao\app\Controllers\Agenda.php(163): view('agenda/form', Array)
#4 C:\xampp\htdocs\nxgestao\system\CodeIgniter.php(914): App\Controllers\Agenda->edit('7')
#5 C:\xampp\htdocs\nxgestao\system\CodeIgniter.php(400): CodeIgniter\CodeIgniter->runController(Object(App\Controllers\Agenda))
#6 C:\xampp\htdocs\nxgestao\system\CodeIgniter.php(308): CodeIgniter\CodeIgniter->handleRequest(NULL, Object(Config\Cache), false)
#7 C:\xampp\htdocs\nxgestao\public\index.php(45): CodeIgniter\CodeIgniter->run()
#8 {main}
CRITICAL - 2021-01-19 14:01:12 --> Undefined variable: data
#0 C:\xampp\htdocs\nxgestao\app\Views\agenda\form.php(73): CodeIgniter\Debug\Exceptions->errorHandler(8, 'Undefined varia...', 'C:\\xampp\\htdocs...', 73, Array)
#1 C:\xampp\htdocs\nxgestao\system\View\View.php(246): include('C:\\xampp\\htdocs...')
#2 C:\xampp\htdocs\nxgestao\system\Common.php(1087): CodeIgniter\View\View->render('agenda/form', Array, true)
#3 C:\xampp\htdocs\nxgestao\app\Controllers\Agenda.php(163): view('agenda/form', Array)
#4 C:\xampp\htdocs\nxgestao\system\CodeIgniter.php(914): App\Controllers\Agenda->edit('7')
#5 C:\xampp\htdocs\nxgestao\system\CodeIgniter.php(400): CodeIgniter\CodeIgniter->runController(Object(App\Controllers\Agenda))
#6 C:\xampp\htdocs\nxgestao\system\CodeIgniter.php(308): CodeIgniter\CodeIgniter->handleRequest(NULL, Object(Config\Cache), false)
#7 C:\xampp\htdocs\nxgestao\public\index.php(45): CodeIgniter\CodeIgniter->run()
#8 {main}
CRITICAL - 2021-01-19 14:01:13 --> Undefined variable: data
#0 C:\xampp\htdocs\nxgestao\app\Views\agenda\form.php(73): CodeIgniter\Debug\Exceptions->errorHandler(8, 'Undefined varia...', 'C:\\xampp\\htdocs...', 73, Array)
#1 C:\xampp\htdocs\nxgestao\system\View\View.php(246): include('C:\\xampp\\htdocs...')
#2 C:\xampp\htdocs\nxgestao\system\Common.php(1087): CodeIgniter\View\View->render('agenda/form', Array, true)
#3 C:\xampp\htdocs\nxgestao\app\Controllers\Agenda.php(163): view('agenda/form', Array)
#4 C:\xampp\htdocs\nxgestao\system\CodeIgniter.php(914): App\Controllers\Agenda->edit('7')
#5 C:\xampp\htdocs\nxgestao\system\CodeIgniter.php(400): CodeIgniter\CodeIgniter->runController(Object(App\Controllers\Agenda))
#6 C:\xampp\htdocs\nxgestao\system\CodeIgniter.php(308): CodeIgniter\CodeIgniter->handleRequest(NULL, Object(Config\Cache), false)
#7 C:\xampp\htdocs\nxgestao\public\index.php(45): CodeIgniter\CodeIgniter->run()
#8 {main}
CRITICAL - 2021-01-19 14:01:14 --> Undefined variable: data
#0 C:\xampp\htdocs\nxgestao\app\Views\agenda\form.php(73): CodeIgniter\Debug\Exceptions->errorHandler(8, 'Undefined varia...', 'C:\\xampp\\htdocs...', 73, Array)
#1 C:\xampp\htdocs\nxgestao\system\View\View.php(246): include('C:\\xampp\\htdocs...')
#2 C:\xampp\htdocs\nxgestao\system\Common.php(1087): CodeIgniter\View\View->render('agenda/form', Array, true)
#3 C:\xampp\htdocs\nxgestao\app\Controllers\Agenda.php(163): view('agenda/form', Array)
#4 C:\xampp\htdocs\nxgestao\system\CodeIgniter.php(914): App\Controllers\Agenda->edit('7')
#5 C:\xampp\htdocs\nxgestao\system\CodeIgniter.php(400): CodeIgniter\CodeIgniter->runController(Object(App\Controllers\Agenda))
#6 C:\xampp\htdocs\nxgestao\system\CodeIgniter.php(308): CodeIgniter\CodeIgniter->handleRequest(NULL, Object(Config\Cache), false)
#7 C:\xampp\htdocs\nxgestao\public\index.php(45): CodeIgniter\CodeIgniter->run()
#8 {main}
CRITICAL - 2021-01-19 14:04:04 --> syntax error, unexpected '?>'
#0 C:\xampp\htdocs\nxgestao\system\Common.php(1087): CodeIgniter\View\View->render('agenda/form', Array, true)
#1 C:\xampp\htdocs\nxgestao\app\Controllers\Agenda.php(163): view('agenda/form', Array)
#2 C:\xampp\htdocs\nxgestao\system\CodeIgniter.php(914): App\Controllers\Agenda->edit('7')
#3 C:\xampp\htdocs\nxgestao\system\CodeIgniter.php(400): CodeIgniter\CodeIgniter->runController(Object(App\Controllers\Agenda))
#4 C:\xampp\htdocs\nxgestao\system\CodeIgniter.php(308): CodeIgniter\CodeIgniter->handleRequest(NULL, Object(Config\Cache), false)
#5 C:\xampp\htdocs\nxgestao\public\index.php(45): CodeIgniter\CodeIgniter->run()
#6 {main}
CRITICAL - 2021-01-19 14:04:06 --> syntax error, unexpected '?>'
#0 C:\xampp\htdocs\nxgestao\system\Common.php(1087): CodeIgniter\View\View->render('agenda/form', Array, true)
#1 C:\xampp\htdocs\nxgestao\app\Controllers\Agenda.php(163): view('agenda/form', Array)
#2 C:\xampp\htdocs\nxgestao\system\CodeIgniter.php(914): App\Controllers\Agenda->edit('7')
#3 C:\xampp\htdocs\nxgestao\system\CodeIgniter.php(400): CodeIgniter\CodeIgniter->runController(Object(App\Controllers\Agenda))
#4 C:\xampp\htdocs\nxgestao\system\CodeIgniter.php(308): CodeIgniter\CodeIgniter->handleRequest(NULL, Object(Config\Cache), false)
#5 C:\xampp\htdocs\nxgestao\public\index.php(45): CodeIgniter\CodeIgniter->run()
#6 {main}
CRITICAL - 2021-01-19 14:04:07 --> syntax error, unexpected '?>'
#0 C:\xampp\htdocs\nxgestao\system\Common.php(1087): CodeIgniter\View\View->render('agenda/form', Array, true)
#1 C:\xampp\htdocs\nxgestao\app\Controllers\Agenda.php(163): view('agenda/form', Array)
#2 C:\xampp\htdocs\nxgestao\system\CodeIgniter.php(914): App\Controllers\Agenda->edit('7')
#3 C:\xampp\htdocs\nxgestao\system\CodeIgniter.php(400): CodeIgniter\CodeIgniter->runController(Object(App\Controllers\Agenda))
#4 C:\xampp\htdocs\nxgestao\system\CodeIgniter.php(308): CodeIgniter\CodeIgniter->handleRequest(NULL, Object(Config\Cache), false)
#5 C:\xampp\htdocs\nxgestao\public\index.php(45): CodeIgniter\CodeIgniter->run()
#6 {main}
CRITICAL - 2021-01-19 14:47:03 --> Undefined index: Cancelado
#0 C:\xampp\htdocs\nxgestao\app\Views\agenda\form.php(64): CodeIgniter\Debug\Exceptions->errorHandler(8, 'Undefined index...', 'C:\\xampp\\htdocs...', 64, Array)
#1 C:\xampp\htdocs\nxgestao\system\View\View.php(246): include('C:\\xampp\\htdocs...')
#2 C:\xampp\htdocs\nxgestao\system\Common.php(1087): CodeIgniter\View\View->render('agenda/form', Array, true)
#3 C:\xampp\htdocs\nxgestao\app\Controllers\Agenda.php(163): view('agenda/form', Array)
#4 C:\xampp\htdocs\nxgestao\system\CodeIgniter.php(914): App\Controllers\Agenda->edit('8')
#5 C:\xampp\htdocs\nxgestao\system\CodeIgniter.php(400): CodeIgniter\CodeIgniter->runController(Object(App\Controllers\Agenda))
#6 C:\xampp\htdocs\nxgestao\system\CodeIgniter.php(308): CodeIgniter\CodeIgniter->handleRequest(NULL, Object(Config\Cache), false)
#7 C:\xampp\htdocs\nxgestao\public\index.php(45): CodeIgniter\CodeIgniter->run()
#8 {main}
CRITICAL - 2021-01-19 14:52:32 --> Undefined index: status
#0 C:\xampp\htdocs\nxgestao\app\Views\agenda\index.php(59): CodeIgniter\Debug\Exceptions->errorHandler(8, 'Undefined index...', 'C:\\xampp\\htdocs...', 59, Array)
#1 C:\xampp\htdocs\nxgestao\system\View\View.php(246): include('C:\\xampp\\htdocs...')
#2 C:\xampp\htdocs\nxgestao\system\Common.php(1087): CodeIgniter\View\View->render('agenda/index', Array, true)
#3 C:\xampp\htdocs\nxgestao\app\Controllers\Agenda.php(82): view('agenda/index', Array)
#4 C:\xampp\htdocs\nxgestao\system\CodeIgniter.php(914): App\Controllers\Agenda->index()
#5 C:\xampp\htdocs\nxgestao\system\CodeIgniter.php(400): CodeIgniter\CodeIgniter->runController(Object(App\Controllers\Agenda))
#6 C:\xampp\htdocs\nxgestao\system\CodeIgniter.php(308): CodeIgniter\CodeIgniter->handleRequest(NULL, Object(Config\Cache), false)
#7 C:\xampp\htdocs\nxgestao\public\index.php(45): CodeIgniter\CodeIgniter->run()
#8 {main}
CRITICAL - 2021-01-19 15:38:58 --> Invalid file: config_da_conta/form.php
#0 C:\xampp\htdocs\nxgestao\system\View\View.php(228): CodeIgniter\Exceptions\FrameworkException::forInvalidFile('config_da_conta...')
#1 C:\xampp\htdocs\nxgestao\system\Common.php(1087): CodeIgniter\View\View->render('config_da_conta...', Array, true)
#2 C:\xampp\htdocs\nxgestao\app\Controllers\ConfigDaConta.php(47): view('config_da_conta...', Array)
#3 C:\xampp\htdocs\nxgestao\system\CodeIgniter.php(914): App\Controllers\ConfigDaConta->edit()
#4 C:\xampp\htdocs\nxgestao\system\CodeIgniter.php(400): CodeIgniter\CodeIgniter->runController(Object(App\Controllers\ConfigDaConta))
#5 C:\xampp\htdocs\nxgestao\system\CodeIgniter.php(308): CodeIgniter\CodeIgniter->handleRequest(NULL, Object(Config\Cache), false)
#6 C:\xampp\htdocs\nxgestao\public\index.php(45): CodeIgniter\CodeIgniter->run()
#7 {main}
CRITICAL - 2021-01-19 16:54:42 --> Undefined index: logomarca
#0 C:\xampp\htdocs\nxgestao\app\Views\config_da_conta\form.php(41): CodeIgniter\Debug\Exceptions->errorHandler(8, 'Undefined index...', 'C:\\xampp\\htdocs...', 41, Array)
#1 C:\xampp\htdocs\nxgestao\system\View\View.php(246): include('C:\\xampp\\htdocs...')
#2 C:\xampp\htdocs\nxgestao\system\Common.php(1087): CodeIgniter\View\View->render('config_da_conta...', Array, true)
#3 C:\xampp\htdocs\nxgestao\app\Controllers\ConfigDaConta.php(47): view('config_da_conta...', Array)
#4 C:\xampp\htdocs\nxgestao\system\CodeIgniter.php(914): App\Controllers\ConfigDaConta->edit()
#5 C:\xampp\htdocs\nxgestao\system\CodeIgniter.php(400): CodeIgniter\CodeIgniter->runController(Object(App\Controllers\ConfigDaConta))
#6 C:\xampp\htdocs\nxgestao\system\CodeIgniter.php(308): CodeIgniter\CodeIgniter->handleRequest(NULL, Object(Config\Cache), false)
#7 C:\xampp\htdocs\nxgestao\public\index.php(45): CodeIgniter\CodeIgniter->run()
#8 {main}
CRITICAL - 2021-01-19 16:55:28 --> Table 'nxgestao.configuracoes' doesn't exist
#0 C:\xampp\htdocs\nxgestao\system\Database\MySQLi\Connection.php(331): mysqli->query('SELECT *\nFROM `...')
#1 C:\xampp\htdocs\nxgestao\system\Database\BaseConnection.php(738): CodeIgniter\Database\MySQLi\Connection->execute('SELECT *\nFROM `...')
#2 C:\xampp\htdocs\nxgestao\system\Database\BaseConnection.php(666): CodeIgniter\Database\BaseConnection->simpleQuery('SELECT *\nFROM `...')
#3 C:\xampp\htdocs\nxgestao\system\Database\BaseBuilder.php(1845): CodeIgniter\Database\BaseConnection->query('SELECT *\nFROM `...', Array, false)
#4 C:\xampp\htdocs\nxgestao\system\Model.php(489): CodeIgniter\Database\BaseBuilder->get()
#5 C:\xampp\htdocs\nxgestao\app\Controllers\Login.php(45): CodeIgniter\Model->first()
#6 C:\xampp\htdocs\nxgestao\system\CodeIgniter.php(914): App\Controllers\Login->index()
#7 C:\xampp\htdocs\nxgestao\system\CodeIgniter.php(400): CodeIgniter\CodeIgniter->runController(Object(App\Controllers\Login))
#8 C:\xampp\htdocs\nxgestao\system\CodeIgniter.php(308): CodeIgniter\CodeIgniter->handleRequest(NULL, Object(Config\Cache), false)
#9 C:\xampp\htdocs\nxgestao\public\index.php(45): CodeIgniter\CodeIgniter->run()
#10 {main}
CRITICAL - 2021-01-19 17:01:17 --> Call to undefined function App\Controllers\removeMascara()
#0 C:\xampp\htdocs\nxgestao\system\CodeIgniter.php(914): App\Controllers\ConfigDaConta->store()
#1 C:\xampp\htdocs\nxgestao\system\CodeIgniter.php(400): CodeIgniter\CodeIgniter->runController(Object(App\Controllers\ConfigDaConta))
#2 C:\xampp\htdocs\nxgestao\system\CodeIgniter.php(308): CodeIgniter\CodeIgniter->handleRequest(NULL, Object(Config\Cache), false)
#3 C:\xampp\htdocs\nxgestao\public\index.php(45): CodeIgniter\CodeIgniter->run()
#4 {main}
CRITICAL - 2021-01-19 17:08:51 --> Call to undefined function App\Controllers\removeMascara()
#0 C:\xampp\htdocs\nxgestao\system\CodeIgniter.php(914): App\Controllers\ConfigDaConta->store()
#1 C:\xampp\htdocs\nxgestao\system\CodeIgniter.php(400): CodeIgniter\CodeIgniter->runController(Object(App\Controllers\ConfigDaConta))
#2 C:\xampp\htdocs\nxgestao\system\CodeIgniter.php(308): CodeIgniter\CodeIgniter->handleRequest(NULL, Object(Config\Cache), false)
#3 C:\xampp\htdocs\nxgestao\public\index.php(45): CodeIgniter\CodeIgniter->run()
#4 {main}
CRITICAL - 2021-01-19 17:17:31 --> Undefined index: logomarca
#0 C:\xampp\htdocs\nxgestao\app\Controllers\Login.php(91): CodeIgniter\Debug\Exceptions->errorHandler(8, 'Undefined index...', 'C:\\xampp\\htdocs...', 91, Array)
#1 C:\xampp\htdocs\nxgestao\system\CodeIgniter.php(914): App\Controllers\Login->autenticar()
#2 C:\xampp\htdocs\nxgestao\system\CodeIgniter.php(400): CodeIgniter\CodeIgniter->runController(Object(App\Controllers\Login))
#3 C:\xampp\htdocs\nxgestao\system\CodeIgniter.php(308): CodeIgniter\CodeIgniter->handleRequest(NULL, Object(Config\Cache), false)
#4 C:\xampp\htdocs\nxgestao\public\index.php(45): CodeIgniter\CodeIgniter->run()
#5 {main}
CRITICAL - 2021-01-19 18:50:51 --> Undefined index: arquivo-imagem-de-fundo-login
#0 C:\xampp\htdocs\nxgestao\app\Controllers\Configuracoes.php(62): CodeIgniter\Debug\Exceptions->errorHandler(8, 'Undefined index...', 'C:\\xampp\\htdocs...', 62, Array)
#1 C:\xampp\htdocs\nxgestao\system\CodeIgniter.php(914): App\Controllers\Configuracoes->store()
#2 C:\xampp\htdocs\nxgestao\system\CodeIgniter.php(400): CodeIgniter\CodeIgniter->runController(Object(App\Controllers\Configuracoes))
#3 C:\xampp\htdocs\nxgestao\system\CodeIgniter.php(308): CodeIgniter\CodeIgniter->handleRequest(NULL, Object(Config\Cache), false)
#4 C:\xampp\htdocs\nxgestao\public\index.php(45): CodeIgniter\CodeIgniter->run()
#5 {main}
CRITICAL - 2021-01-19 18:51:16 --> Undefined index: arquivo-imagem-de-fundo-login
#0 C:\xampp\htdocs\nxgestao\app\Controllers\Configuracoes.php(62): CodeIgniter\Debug\Exceptions->errorHandler(8, 'Undefined index...', 'C:\\xampp\\htdocs...', 62, Array)
#1 C:\xampp\htdocs\nxgestao\system\CodeIgniter.php(914): App\Controllers\Configuracoes->store()
#2 C:\xampp\htdocs\nxgestao\system\CodeIgniter.php(400): CodeIgniter\CodeIgniter->runController(Object(App\Controllers\Configuracoes))
#3 C:\xampp\htdocs\nxgestao\system\CodeIgniter.php(308): CodeIgniter\CodeIgniter->handleRequest(NULL, Object(Config\Cache), false)
#4 C:\xampp\htdocs\nxgestao\public\index.php(45): CodeIgniter\CodeIgniter->run()
#5 {main}
CRITICAL - 2021-01-19 18:51:42 --> Undefined index: arquivo-imagem-de-fundo-login
#0 C:\xampp\htdocs\nxgestao\app\Controllers\Configuracoes.php(62): CodeIgniter\Debug\Exceptions->errorHandler(8, 'Undefined index...', 'C:\\xampp\\htdocs...', 62, Array)
#1 C:\xampp\htdocs\nxgestao\system\CodeIgniter.php(914): App\Controllers\Configuracoes->store()
#2 C:\xampp\htdocs\nxgestao\system\CodeIgniter.php(400): CodeIgniter\CodeIgniter->runController(Object(App\Controllers\Configuracoes))
#3 C:\xampp\htdocs\nxgestao\system\CodeIgniter.php(308): CodeIgniter\CodeIgniter->handleRequest(NULL, Object(Config\Cache), false)
#4 C:\xampp\htdocs\nxgestao\public\index.php(45): CodeIgniter\CodeIgniter->run()
#5 {main}
CRITICAL - 2021-01-19 18:52:28 --> Undefined index: arquivo-imagem-de-fundo-login
#0 C:\xampp\htdocs\nxgestao\app\Controllers\Configuracoes.php(62): CodeIgniter\Debug\Exceptions->errorHandler(8, 'Undefined index...', 'C:\\xampp\\htdocs...', 62, Array)
#1 C:\xampp\htdocs\nxgestao\system\CodeIgniter.php(914): App\Controllers\Configuracoes->store()
#2 C:\xampp\htdocs\nxgestao\system\CodeIgniter.php(400): CodeIgniter\CodeIgniter->runController(Object(App\Controllers\Configuracoes))
#3 C:\xampp\htdocs\nxgestao\system\CodeIgniter.php(308): CodeIgniter\CodeIgniter->handleRequest(NULL, Object(Config\Cache), false)
#4 C:\xampp\htdocs\nxgestao\public\index.php(45): CodeIgniter\CodeIgniter->run()
#5 {main}
CRITICAL - 2021-01-19 18:54:49 --> unlink(assets/img/arquivo-imagem-de-fundo-login.jpg}): No such file or directory
#0 [internal function]: CodeIgniter\Debug\Exceptions->errorHandler(2, 'unlink(assets/i...', 'C:\\xampp\\htdocs...', 63, Array)
#1 C:\xampp\htdocs\nxgestao\app\Controllers\Configuracoes.php(63): unlink('assets/img/arqu...')
#2 C:\xampp\htdocs\nxgestao\system\CodeIgniter.php(914): App\Controllers\Configuracoes->store()
#3 C:\xampp\htdocs\nxgestao\system\CodeIgniter.php(400): CodeIgniter\CodeIgniter->runController(Object(App\Controllers\Configuracoes))
#4 C:\xampp\htdocs\nxgestao\system\CodeIgniter.php(308): CodeIgniter\CodeIgniter->handleRequest(NULL, Object(Config\Cache), false)
#5 C:\xampp\htdocs\nxgestao\public\index.php(45): CodeIgniter\CodeIgniter->run()
#6 {main}
CRITICAL - 2021-01-19 19:02:34 --> unlink(assets/img/arquivo-imagem-de-fundo-login.jpg): No such file or directory
#0 [internal function]: CodeIgniter\Debug\Exceptions->errorHandler(2, 'unlink(assets/i...', 'C:\\xampp\\htdocs...', 93, Array)
#1 C:\xampp\htdocs\nxgestao\app\Controllers\Configuracoes.php(93): unlink('assets/img/arqu...')
#2 C:\xampp\htdocs\nxgestao\system\CodeIgniter.php(914): App\Controllers\Configuracoes->deleteImagemDeDundoLogin()
#3 C:\xampp\htdocs\nxgestao\system\CodeIgniter.php(400): CodeIgniter\CodeIgniter->runController(Object(App\Controllers\Configuracoes))
#4 C:\xampp\htdocs\nxgestao\system\CodeIgniter.php(308): CodeIgniter\CodeIgniter->handleRequest(NULL, Object(Config\Cache), false)
#5 C:\xampp\htdocs\nxgestao\public\index.php(45): CodeIgniter\CodeIgniter->run()
#6 {main}
