CRITICAL - 2020-11-04 12:30:33 --> Argument 1 passed to CodeIgniter\HTTP\RedirectResponse::to() must be of the type string, null given, called in C:\xampp\htdocs\nxgestao\app\Controllers\Pedidos.php on line 48
#0 C:\xampp\htdocs\nxgestao\app\Controllers\Pedidos.php(48): CodeIgniter\HTTP\RedirectResponse->to(NULL)
#1 C:\xampp\htdocs\nxgestao\system\CodeIgniter.php(914): App\Controllers\Pedidos->index()
#2 C:\xampp\htdocs\nxgestao\system\CodeIgniter.php(400): CodeIgniter\CodeIgniter->runController(Object(App\Controllers\Pedidos))
#3 C:\xampp\htdocs\nxgestao\system\CodeIgniter.php(308): CodeIgniter\CodeIgniter->handleRequest(NULL, Object(Config\Cache), false)
#4 C:\xampp\htdocs\nxgestao\public\index.php(45): CodeIgniter\CodeIgniter->run()
#5 {main}
CRITICAL - 2020-11-04 12:30:40 --> Argument 1 passed to CodeIgniter\HTTP\RedirectResponse::to() must be of the type string, null given, called in C:\xampp\htdocs\nxgestao\app\Controllers\Pedidos.php on line 48
#0 C:\xampp\htdocs\nxgestao\app\Controllers\Pedidos.php(48): CodeIgniter\HTTP\RedirectResponse->to(NULL)
#1 C:\xampp\htdocs\nxgestao\system\CodeIgniter.php(914): App\Controllers\Pedidos->index()
#2 C:\xampp\htdocs\nxgestao\system\CodeIgniter.php(400): CodeIgniter\CodeIgniter->runController(Object(App\Controllers\Pedidos))
#3 C:\xampp\htdocs\nxgestao\system\CodeIgniter.php(308): CodeIgniter\CodeIgniter->handleRequest(NULL, Object(Config\Cache), false)
#4 C:\xampp\htdocs\nxgestao\public\index.php(45): CodeIgniter\CodeIgniter->run()
#5 {main}
CRITICAL - 2020-11-04 12:38:48 --> Class 'App\Models\ConfigEmpresaModel' not found
#0 C:\xampp\htdocs\nxgestao\system\CodeIgniter.php(886): App\Controllers\InventarioDoEstoque->__construct()
#1 C:\xampp\htdocs\nxgestao\system\CodeIgniter.php(395): CodeIgniter\CodeIgniter->createController()
#2 C:\xampp\htdocs\nxgestao\system\CodeIgniter.php(308): CodeIgniter\CodeIgniter->handleRequest(NULL, Object(Config\Cache), false)
#3 C:\xampp\htdocs\nxgestao\public\index.php(45): CodeIgniter\CodeIgniter->run()
#4 {main}
CRITICAL - 2020-11-04 12:39:15 --> Cannot use App\Models\EmpresaModel as EmpresaModel because the name is already in use
#0 [internal function]: CodeIgniter\Debug\Exceptions->shutdownHandler()
#1 {main}
CRITICAL - 2020-11-04 12:39:26 --> Cannot use App\Models\EmpresaModel as EmpresaModel because the name is already in use
#0 [internal function]: CodeIgniter\Debug\Exceptions->shutdownHandler()
#1 {main}
CRITICAL - 2020-11-04 12:41:34 --> Undefined index: categorias_do_produto
#0 C:\xampp\htdocs\nxgestao\app\Models\ControleDeAcessoModel.php(95): CodeIgniter\Debug\Exceptions->errorHandler(8, 'Undefined index...', 'C:\\xampp\\htdocs...', 95, Array)
#1 C:\xampp\htdocs\nxgestao\app\Controllers\CategoriasDosProdutos.php(36): App\Models\ControleDeAcessoModel->verificaPermissao('categorias_do_p...')
#2 C:\xampp\htdocs\nxgestao\system\CodeIgniter.php(914): App\Controllers\CategoriasDosProdutos->index()
#3 C:\xampp\htdocs\nxgestao\system\CodeIgniter.php(400): CodeIgniter\CodeIgniter->runController(Object(App\Controllers\CategoriasDosProdutos))
#4 C:\xampp\htdocs\nxgestao\system\CodeIgniter.php(308): CodeIgniter\CodeIgniter->handleRequest(NULL, Object(Config\Cache), false)
#5 C:\xampp\htdocs\nxgestao\public\index.php(45): CodeIgniter\CodeIgniter->run()
#6 {main}
CRITICAL - 2020-11-04 14:07:48 --> Undefined index: financeiro_retiradas_do_do_caixa
#0 C:\xampp\htdocs\nxgestao\app\Models\ControleDeAcessoModel.php(95): CodeIgniter\Debug\Exceptions->errorHandler(8, 'Undefined index...', 'C:\\xampp\\htdocs...', 95, Array)
#1 C:\xampp\htdocs\nxgestao\app\Controllers\Relatorios.php(833): App\Models\ControleDeAcessoModel->verificaPermissao('financeiro_reti...')
#2 C:\xampp\htdocs\nxgestao\system\CodeIgniter.php(914): App\Controllers\Relatorios->retiradasDoCaixa()
#3 C:\xampp\htdocs\nxgestao\system\CodeIgniter.php(400): CodeIgniter\CodeIgniter->runController(Object(App\Controllers\Relatorios))
#4 C:\xampp\htdocs\nxgestao\system\CodeIgniter.php(308): CodeIgniter\CodeIgniter->handleRequest(NULL, Object(Config\Cache), false)
#5 C:\xampp\htdocs\nxgestao\public\index.php(45): CodeIgniter\CodeIgniter->run()
#6 {main}
CRITICAL - 2020-11-04 15:00:15 --> Undefined property: stdClass::$usuarios
#0 C:\xampp\htdocs\nxgestao\app\Views\templates\navbar.php(368): CodeIgniter\Debug\Exceptions->errorHandler(8, 'Undefined prope...', 'C:\\xampp\\htdocs...', 368, Array)
#1 C:\xampp\htdocs\nxgestao\app\Views\templates\header.php(48): include('C:\\xampp\\htdocs...')
#2 C:\xampp\htdocs\nxgestao\system\View\View.php(246): include('C:\\xampp\\htdocs...')
#3 C:\xampp\htdocs\nxgestao\system\Common.php(1087): CodeIgniter\View\View->render('templates/heade...', Array, true)
#4 C:\xampp\htdocs\nxgestao\app\Controllers\Login.php(192): view('templates/heade...')
#5 C:\xampp\htdocs\nxgestao\system\CodeIgniter.php(914): App\Controllers\Login->edit('3')
#6 C:\xampp\htdocs\nxgestao\system\CodeIgniter.php(400): CodeIgniter\CodeIgniter->runController(Object(App\Controllers\Login))
#7 C:\xampp\htdocs\nxgestao\system\CodeIgniter.php(308): CodeIgniter\CodeIgniter->handleRequest(NULL, Object(Config\Cache), false)
#8 C:\xampp\htdocs\nxgestao\public\index.php(45): CodeIgniter\CodeIgniter->run()
#9 {main}
CRITICAL - 2020-11-04 15:00:28 --> Undefined property: stdClass::$configuracoes
#0 C:\xampp\htdocs\nxgestao\app\Views\templates\navbar.php(363): CodeIgniter\Debug\Exceptions->errorHandler(8, 'Undefined prope...', 'C:\\xampp\\htdocs...', 363, Array)
#1 C:\xampp\htdocs\nxgestao\app\Views\templates\header.php(48): include('C:\\xampp\\htdocs...')
#2 C:\xampp\htdocs\nxgestao\system\View\View.php(246): include('C:\\xampp\\htdocs...')
#3 C:\xampp\htdocs\nxgestao\system\Common.php(1087): CodeIgniter\View\View->render('templates/heade...', Array, true)
#4 C:\xampp\htdocs\nxgestao\app\Controllers\Inicio.php(47): view('templates/heade...')
#5 C:\xampp\htdocs\nxgestao\system\CodeIgniter.php(914): App\Controllers\Inicio->index()
#6 C:\xampp\htdocs\nxgestao\system\CodeIgniter.php(400): CodeIgniter\CodeIgniter->runController(Object(App\Controllers\Inicio))
#7 C:\xampp\htdocs\nxgestao\system\CodeIgniter.php(308): CodeIgniter\CodeIgniter->handleRequest(NULL, Object(Config\Cache), false)
#8 C:\xampp\htdocs\nxgestao\public\index.php(45): CodeIgniter\CodeIgniter->run()
#9 {main}
CRITICAL - 2020-11-04 15:01:05 --> Undefined property: stdClass::$configuracoes
#0 C:\xampp\htdocs\nxgestao\app\Views\templates\navbar.php(363): CodeIgniter\Debug\Exceptions->errorHandler(8, 'Undefined prope...', 'C:\\xampp\\htdocs...', 363, Array)
#1 C:\xampp\htdocs\nxgestao\app\Views\templates\header.php(48): include('C:\\xampp\\htdocs...')
#2 C:\xampp\htdocs\nxgestao\system\View\View.php(246): include('C:\\xampp\\htdocs...')
#3 C:\xampp\htdocs\nxgestao\system\Common.php(1087): CodeIgniter\View\View->render('templates/heade...', Array, true)
#4 C:\xampp\htdocs\nxgestao\app\Controllers\Orcamentos.php(90): view('templates/heade...')
#5 C:\xampp\htdocs\nxgestao\system\CodeIgniter.php(914): App\Controllers\Orcamentos->index()
#6 C:\xampp\htdocs\nxgestao\system\CodeIgniter.php(400): CodeIgniter\CodeIgniter->runController(Object(App\Controllers\Orcamentos))
#7 C:\xampp\htdocs\nxgestao\system\CodeIgniter.php(308): CodeIgniter\CodeIgniter->handleRequest(NULL, Object(Config\Cache), false)
#8 C:\xampp\htdocs\nxgestao\public\index.php(45): CodeIgniter\CodeIgniter->run()
#9 {main}
CRITICAL - 2020-11-04 15:01:14 --> Undefined property: stdClass::$configuracoes
#0 C:\xampp\htdocs\nxgestao\app\Views\templates\navbar.php(363): CodeIgniter\Debug\Exceptions->errorHandler(8, 'Undefined prope...', 'C:\\xampp\\htdocs...', 363, Array)
#1 C:\xampp\htdocs\nxgestao\app\Views\templates\header.php(48): include('C:\\xampp\\htdocs...')
#2 C:\xampp\htdocs\nxgestao\system\View\View.php(246): include('C:\\xampp\\htdocs...')
#3 C:\xampp\htdocs\nxgestao\system\Common.php(1087): CodeIgniter\View\View->render('templates/heade...', Array, true)
#4 C:\xampp\htdocs\nxgestao\app\Controllers\Inicio.php(47): view('templates/heade...')
#5 C:\xampp\htdocs\nxgestao\system\CodeIgniter.php(914): App\Controllers\Inicio->index()
#6 C:\xampp\htdocs\nxgestao\system\CodeIgniter.php(400): CodeIgniter\CodeIgniter->runController(Object(App\Controllers\Inicio))
#7 C:\xampp\htdocs\nxgestao\system\CodeIgniter.php(308): CodeIgniter\CodeIgniter->handleRequest(NULL, Object(Config\Cache), false)
#8 C:\xampp\htdocs\nxgestao\public\index.php(45): CodeIgniter\CodeIgniter->run()
#9 {main}
CRITICAL - 2020-11-04 15:43:13 --> Undefined index: xFone
#0 C:\xampp\htdocs\nxgestao\app\Views\vendas\show.php(17): CodeIgniter\Debug\Exceptions->errorHandler(8, 'Undefined index...', 'C:\\xampp\\htdocs...', 17, Array)
#1 C:\xampp\htdocs\nxgestao\system\View\View.php(246): include('C:\\xampp\\htdocs...')
#2 C:\xampp\htdocs\nxgestao\system\Common.php(1087): CodeIgniter\View\View->render('vendas/show', Array, true)
#3 C:\xampp\htdocs\nxgestao\app\Controllers\Vendas.php(203): view('vendas/show', Array)
#4 C:\xampp\htdocs\nxgestao\system\CodeIgniter.php(914): App\Controllers\Vendas->show('1')
#5 C:\xampp\htdocs\nxgestao\system\CodeIgniter.php(400): CodeIgniter\CodeIgniter->runController(Object(App\Controllers\Vendas))
#6 C:\xampp\htdocs\nxgestao\system\CodeIgniter.php(308): CodeIgniter\CodeIgniter->handleRequest(NULL, Object(Config\Cache), false)
#7 C:\xampp\htdocs\nxgestao\public\index.php(45): CodeIgniter\CodeIgniter->run()
#8 {main}
CRITICAL - 2020-11-04 15:43:19 --> Undefined index: contato
#0 C:\xampp\htdocs\nxgestao\app\Views\vendas\show.php(17): CodeIgniter\Debug\Exceptions->errorHandler(8, 'Undefined index...', 'C:\\xampp\\htdocs...', 17, Array)
#1 C:\xampp\htdocs\nxgestao\system\View\View.php(246): include('C:\\xampp\\htdocs...')
#2 C:\xampp\htdocs\nxgestao\system\Common.php(1087): CodeIgniter\View\View->render('vendas/show', Array, true)
#3 C:\xampp\htdocs\nxgestao\app\Controllers\Vendas.php(203): view('vendas/show', Array)
#4 C:\xampp\htdocs\nxgestao\system\CodeIgniter.php(914): App\Controllers\Vendas->show('1')
#5 C:\xampp\htdocs\nxgestao\system\CodeIgniter.php(400): CodeIgniter\CodeIgniter->runController(Object(App\Controllers\Vendas))
#6 C:\xampp\htdocs\nxgestao\system\CodeIgniter.php(308): CodeIgniter\CodeIgniter->handleRequest(NULL, Object(Config\Cache), false)
#7 C:\xampp\htdocs\nxgestao\public\index.php(45): CodeIgniter\CodeIgniter->run()
#8 {main}
CRITICAL - 2020-11-04 15:44:34 --> Undefined index: logradouro
#0 C:\xampp\htdocs\nxgestao\app\Views\vendas\show.php(16): CodeIgniter\Debug\Exceptions->errorHandler(8, 'Undefined index...', 'C:\\xampp\\htdocs...', 16, Array)
#1 C:\xampp\htdocs\nxgestao\system\View\View.php(246): include('C:\\xampp\\htdocs...')
#2 C:\xampp\htdocs\nxgestao\system\Common.php(1087): CodeIgniter\View\View->render('vendas/show', Array, true)
#3 C:\xampp\htdocs\nxgestao\app\Controllers\Vendas.php(203): view('vendas/show', Array)
#4 C:\xampp\htdocs\nxgestao\system\CodeIgniter.php(914): App\Controllers\Vendas->show('1')
#5 C:\xampp\htdocs\nxgestao\system\CodeIgniter.php(400): CodeIgniter\CodeIgniter->runController(Object(App\Controllers\Vendas))
#6 C:\xampp\htdocs\nxgestao\system\CodeIgniter.php(308): CodeIgniter\CodeIgniter->handleRequest(NULL, Object(Config\Cache), false)
#7 C:\xampp\htdocs\nxgestao\public\index.php(45): CodeIgniter\CodeIgniter->run()
#8 {main}
CRITICAL - 2020-11-04 15:46:21 --> Undefined index: municipio
#0 C:\xampp\htdocs\nxgestao\app\Views\vendas\show.php(16): CodeIgniter\Debug\Exceptions->errorHandler(8, 'Undefined index...', 'C:\\xampp\\htdocs...', 16, Array)
#1 C:\xampp\htdocs\nxgestao\system\View\View.php(246): include('C:\\xampp\\htdocs...')
#2 C:\xampp\htdocs\nxgestao\system\Common.php(1087): CodeIgniter\View\View->render('vendas/show', Array, true)
#3 C:\xampp\htdocs\nxgestao\app\Controllers\Vendas.php(203): view('vendas/show', Array)
#4 C:\xampp\htdocs\nxgestao\system\CodeIgniter.php(914): App\Controllers\Vendas->show('1')
#5 C:\xampp\htdocs\nxgestao\system\CodeIgniter.php(400): CodeIgniter\CodeIgniter->runController(Object(App\Controllers\Vendas))
#6 C:\xampp\htdocs\nxgestao\system\CodeIgniter.php(308): CodeIgniter\CodeIgniter->handleRequest(NULL, Object(Config\Cache), false)
#7 C:\xampp\htdocs\nxgestao\public\index.php(45): CodeIgniter\CodeIgniter->run()
#8 {main}
CRITICAL - 2020-11-04 15:48:05 --> Undefined index: cnpj
#0 C:\xampp\htdocs\nxgestao\app\Views\vendas\show.php(21): CodeIgniter\Debug\Exceptions->errorHandler(8, 'Undefined index...', 'C:\\xampp\\htdocs...', 21, Array)
#1 C:\xampp\htdocs\nxgestao\system\View\View.php(246): include('C:\\xampp\\htdocs...')
#2 C:\xampp\htdocs\nxgestao\system\Common.php(1087): CodeIgniter\View\View->render('vendas/show', Array, true)
#3 C:\xampp\htdocs\nxgestao\app\Controllers\Vendas.php(205): view('vendas/show', Array)
#4 C:\xampp\htdocs\nxgestao\system\CodeIgniter.php(914): App\Controllers\Vendas->show('1')
#5 C:\xampp\htdocs\nxgestao\system\CodeIgniter.php(400): CodeIgniter\CodeIgniter->runController(Object(App\Controllers\Vendas))
#6 C:\xampp\htdocs\nxgestao\system\CodeIgniter.php(308): CodeIgniter\CodeIgniter->handleRequest(NULL, Object(Config\Cache), false)
#7 C:\xampp\htdocs\nxgestao\public\index.php(45): CodeIgniter\CodeIgniter->run()
#8 {main}
