CRITICAL - 2021-02-03 13:05:24 --> Trying to access array offset on value of type null
#0 C:\xampp\htdocs\nxgestao\app\Views\login\index.php(42): CodeIgniter\Debug\Exceptions->errorHandler(8, 'Trying to acces...', 'C:\\xampp\\htdocs...', 42, Array)
#1 C:\xampp\htdocs\nxgestao\system\View\View.php(246): include('C:\\xampp\\htdocs...')
#2 C:\xampp\htdocs\nxgestao\system\Common.php(1087): CodeIgniter\View\View->render('login/index', Array, true)
#3 C:\xampp\htdocs\nxgestao\app\Controllers\Login.php(46): view('login/index', Array)
#4 C:\xampp\htdocs\nxgestao\system\CodeIgniter.php(914): App\Controllers\Login->index()
#5 C:\xampp\htdocs\nxgestao\system\CodeIgniter.php(400): CodeIgniter\CodeIgniter->runController(Object(App\Controllers\Login))
#6 C:\xampp\htdocs\nxgestao\system\CodeIgniter.php(308): CodeIgniter\CodeIgniter->handleRequest(NULL, Object(Config\Cache), false)
#7 C:\xampp\htdocs\nxgestao\public\index.php(45): CodeIgniter\CodeIgniter->run()
#8 {main}
CRITICAL - 2021-02-03 13:05:28 --> Trying to access array offset on value of type null
#0 C:\xampp\htdocs\nxgestao\app\Views\login\index.php(42): CodeIgniter\Debug\Exceptions->errorHandler(8, 'Trying to acces...', 'C:\\xampp\\htdocs...', 42, Array)
#1 C:\xampp\htdocs\nxgestao\system\View\View.php(246): include('C:\\xampp\\htdocs...')
#2 C:\xampp\htdocs\nxgestao\system\Common.php(1087): CodeIgniter\View\View->render('login/index', Array, true)
#3 C:\xampp\htdocs\nxgestao\app\Controllers\Login.php(46): view('login/index', Array)
#4 C:\xampp\htdocs\nxgestao\system\CodeIgniter.php(914): App\Controllers\Login->index()
#5 C:\xampp\htdocs\nxgestao\system\CodeIgniter.php(400): CodeIgniter\CodeIgniter->runController(Object(App\Controllers\Login))
#6 C:\xampp\htdocs\nxgestao\system\CodeIgniter.php(308): CodeIgniter\CodeIgniter->handleRequest(NULL, Object(Config\Cache), false)
#7 C:\xampp\htdocs\nxgestao\public\index.php(45): CodeIgniter\CodeIgniter->run()
#8 {main}
