CRITICAL - 2021-06-18 13:47:14 --> Undefined variable: link
#0 C:\xampp\htdocs\nxgestao_saas\app\Views\templates\footer.php(104): CodeIgniter\Debug\Exceptions->errorHandler(8, 'Undefined varia...', 'C:\\xampp\\htdocs...', 104, Array)
#1 C:\xampp\htdocs\nxgestao_saas\system\View\View.php(246): include('C:\\xampp\\htdocs...')
#2 C:\xampp\htdocs\nxgestao_saas\system\Common.php(1087): CodeIgniter\View\View->render('templates/foote...', Array, true)
#3 C:\xampp\htdocs\nxgestao_saas\app\Controllers\FormasDePagamento.php(42): view('templates/foote...')
#4 C:\xampp\htdocs\nxgestao_saas\system\CodeIgniter.php(914): App\Controllers\FormasDePagamento->index()
#5 C:\xampp\htdocs\nxgestao_saas\system\CodeIgniter.php(400): CodeIgniter\CodeIgniter->runController(Object(App\Controllers\FormasDePagamento))
#6 C:\xampp\htdocs\nxgestao_saas\system\CodeIgniter.php(308): CodeIgniter\CodeIgniter->handleRequest(NULL, Object(Config\Cache), false)
#7 C:\xampp\htdocs\nxgestao_saas\public\index.php(45): CodeIgniter\CodeIgniter->run()
#8 {main}
CRITICAL - 2021-06-18 13:48:40 --> Undefined variable: link
#0 C:\xampp\htdocs\nxgestao_saas\app\Views\templates\footer.php(104): CodeIgniter\Debug\Exceptions->errorHandler(8, 'Undefined varia...', 'C:\\xampp\\htdocs...', 104, Array)
#1 C:\xampp\htdocs\nxgestao_saas\system\View\View.php(246): include('C:\\xampp\\htdocs...')
#2 C:\xampp\htdocs\nxgestao_saas\system\Common.php(1087): CodeIgniter\View\View->render('templates/foote...', Array, true)
#3 C:\xampp\htdocs\nxgestao_saas\app\Controllers\FormasDePagamento.php(42): view('templates/foote...')
#4 C:\xampp\htdocs\nxgestao_saas\system\CodeIgniter.php(914): App\Controllers\FormasDePagamento->index()
#5 C:\xampp\htdocs\nxgestao_saas\system\CodeIgniter.php(400): CodeIgniter\CodeIgniter->runController(Object(App\Controllers\FormasDePagamento))
#6 C:\xampp\htdocs\nxgestao_saas\system\CodeIgniter.php(308): CodeIgniter\CodeIgniter->handleRequest(NULL, Object(Config\Cache), false)
#7 C:\xampp\htdocs\nxgestao_saas\public\index.php(45): CodeIgniter\CodeIgniter->run()
#8 {main}
CRITICAL - 2021-06-18 13:50:09 --> Undefined variable: link
#0 C:\xampp\htdocs\nxgestao_saas\app\Views\templates\footer.php(104): CodeIgniter\Debug\Exceptions->errorHandler(8, 'Undefined varia...', 'C:\\xampp\\htdocs...', 104, Array)
#1 C:\xampp\htdocs\nxgestao_saas\system\View\View.php(246): include('C:\\xampp\\htdocs...')
#2 C:\xampp\htdocs\nxgestao_saas\system\Common.php(1087): CodeIgniter\View\View->render('templates/foote...', Array, true)
#3 C:\xampp\htdocs\nxgestao_saas\app\Controllers\FormasDePagamento.php(42): view('templates/foote...')
#4 C:\xampp\htdocs\nxgestao_saas\system\CodeIgniter.php(914): App\Controllers\FormasDePagamento->index()
#5 C:\xampp\htdocs\nxgestao_saas\system\CodeIgniter.php(400): CodeIgniter\CodeIgniter->runController(Object(App\Controllers\FormasDePagamento))
#6 C:\xampp\htdocs\nxgestao_saas\system\CodeIgniter.php(308): CodeIgniter\CodeIgniter->handleRequest(NULL, Object(Config\Cache), false)
#7 C:\xampp\htdocs\nxgestao_saas\public\index.php(45): CodeIgniter\CodeIgniter->run()
#8 {main}
CRITICAL - 2021-06-18 13:51:25 --> Undefined variable: link
#0 C:\xampp\htdocs\nxgestao_saas\app\Views\templates\footer.php(104): CodeIgniter\Debug\Exceptions->errorHandler(8, 'Undefined varia...', 'C:\\xampp\\htdocs...', 104, Array)
#1 C:\xampp\htdocs\nxgestao_saas\system\View\View.php(246): include('C:\\xampp\\htdocs...')
#2 C:\xampp\htdocs\nxgestao_saas\system\Common.php(1087): CodeIgniter\View\View->render('templates/foote...', Array, true)
#3 C:\xampp\htdocs\nxgestao_saas\app\Controllers\FormasDePagamento.php(42): view('templates/foote...')
#4 C:\xampp\htdocs\nxgestao_saas\system\CodeIgniter.php(914): App\Controllers\FormasDePagamento->index()
#5 C:\xampp\htdocs\nxgestao_saas\system\CodeIgniter.php(400): CodeIgniter\CodeIgniter->runController(Object(App\Controllers\FormasDePagamento))
#6 C:\xampp\htdocs\nxgestao_saas\system\CodeIgniter.php(308): CodeIgniter\CodeIgniter->handleRequest(NULL, Object(Config\Cache), false)
#7 C:\xampp\htdocs\nxgestao_saas\public\index.php(45): CodeIgniter\CodeIgniter->run()
#8 {main}
CRITICAL - 2021-06-18 13:51:26 --> Undefined variable: link
#0 C:\xampp\htdocs\nxgestao_saas\app\Views\templates\footer.php(104): CodeIgniter\Debug\Exceptions->errorHandler(8, 'Undefined varia...', 'C:\\xampp\\htdocs...', 104, Array)
#1 C:\xampp\htdocs\nxgestao_saas\system\View\View.php(246): include('C:\\xampp\\htdocs...')
#2 C:\xampp\htdocs\nxgestao_saas\system\Common.php(1087): CodeIgniter\View\View->render('templates/foote...', Array, true)
#3 C:\xampp\htdocs\nxgestao_saas\app\Controllers\FormasDePagamento.php(42): view('templates/foote...')
#4 C:\xampp\htdocs\nxgestao_saas\system\CodeIgniter.php(914): App\Controllers\FormasDePagamento->index()
#5 C:\xampp\htdocs\nxgestao_saas\system\CodeIgniter.php(400): CodeIgniter\CodeIgniter->runController(Object(App\Controllers\FormasDePagamento))
#6 C:\xampp\htdocs\nxgestao_saas\system\CodeIgniter.php(308): CodeIgniter\CodeIgniter->handleRequest(NULL, Object(Config\Cache), false)
#7 C:\xampp\htdocs\nxgestao_saas\public\index.php(45): CodeIgniter\CodeIgniter->run()
#8 {main}
CRITICAL - 2021-06-18 13:51:42 --> Undefined index: li
#0 C:\xampp\htdocs\nxgestao_saas\app\Views\templates\footer.php(100): CodeIgniter\Debug\Exceptions->errorHandler(8, 'Undefined index...', 'C:\\xampp\\htdocs...', 100, Array)
#1 C:\xampp\htdocs\nxgestao_saas\system\View\View.php(246): include('C:\\xampp\\htdocs...')
#2 C:\xampp\htdocs\nxgestao_saas\system\Common.php(1087): CodeIgniter\View\View->render('templates/foote...', Array, true)
#3 C:\xampp\htdocs\nxgestao_saas\app\Controllers\FormasDePagamento.php(42): view('templates/foote...')
#4 C:\xampp\htdocs\nxgestao_saas\system\CodeIgniter.php(914): App\Controllers\FormasDePagamento->index()
#5 C:\xampp\htdocs\nxgestao_saas\system\CodeIgniter.php(400): CodeIgniter\CodeIgniter->runController(Object(App\Controllers\FormasDePagamento))
#6 C:\xampp\htdocs\nxgestao_saas\system\CodeIgniter.php(308): CodeIgniter\CodeIgniter->handleRequest(NULL, Object(Config\Cache), false)
#7 C:\xampp\htdocs\nxgestao_saas\public\index.php(45): CodeIgniter\CodeIgniter->run()
#8 {main}
CRITICAL - 2021-06-18 13:51:42 --> Undefined index: li
#0 C:\xampp\htdocs\nxgestao_saas\app\Views\templates\footer.php(100): CodeIgniter\Debug\Exceptions->errorHandler(8, 'Undefined index...', 'C:\\xampp\\htdocs...', 100, Array)
#1 C:\xampp\htdocs\nxgestao_saas\system\View\View.php(246): include('C:\\xampp\\htdocs...')
#2 C:\xampp\htdocs\nxgestao_saas\system\Common.php(1087): CodeIgniter\View\View->render('templates/foote...', Array, true)
#3 C:\xampp\htdocs\nxgestao_saas\app\Controllers\FormasDePagamento.php(42): view('templates/foote...')
#4 C:\xampp\htdocs\nxgestao_saas\system\CodeIgniter.php(914): App\Controllers\FormasDePagamento->index()
#5 C:\xampp\htdocs\nxgestao_saas\system\CodeIgniter.php(400): CodeIgniter\CodeIgniter->runController(Object(App\Controllers\FormasDePagamento))
#6 C:\xampp\htdocs\nxgestao_saas\system\CodeIgniter.php(308): CodeIgniter\CodeIgniter->handleRequest(NULL, Object(Config\Cache), false)
#7 C:\xampp\htdocs\nxgestao_saas\public\index.php(45): CodeIgniter\CodeIgniter->run()
#8 {main}
CRITICAL - 2021-06-18 13:51:43 --> Undefined index: li
#0 C:\xampp\htdocs\nxgestao_saas\app\Views\templates\footer.php(100): CodeIgniter\Debug\Exceptions->errorHandler(8, 'Undefined index...', 'C:\\xampp\\htdocs...', 100, Array)
#1 C:\xampp\htdocs\nxgestao_saas\system\View\View.php(246): include('C:\\xampp\\htdocs...')
#2 C:\xampp\htdocs\nxgestao_saas\system\Common.php(1087): CodeIgniter\View\View->render('templates/foote...', Array, true)
#3 C:\xampp\htdocs\nxgestao_saas\app\Controllers\FormasDePagamento.php(42): view('templates/foote...')
#4 C:\xampp\htdocs\nxgestao_saas\system\CodeIgniter.php(914): App\Controllers\FormasDePagamento->index()
#5 C:\xampp\htdocs\nxgestao_saas\system\CodeIgniter.php(400): CodeIgniter\CodeIgniter->runController(Object(App\Controllers\FormasDePagamento))
#6 C:\xampp\htdocs\nxgestao_saas\system\CodeIgniter.php(308): CodeIgniter\CodeIgniter->handleRequest(NULL, Object(Config\Cache), false)
#7 C:\xampp\htdocs\nxgestao_saas\public\index.php(45): CodeIgniter\CodeIgniter->run()
#8 {main}
CRITICAL - 2021-06-18 13:51:43 --> Undefined index: li
#0 C:\xampp\htdocs\nxgestao_saas\app\Views\templates\footer.php(100): CodeIgniter\Debug\Exceptions->errorHandler(8, 'Undefined index...', 'C:\\xampp\\htdocs...', 100, Array)
#1 C:\xampp\htdocs\nxgestao_saas\system\View\View.php(246): include('C:\\xampp\\htdocs...')
#2 C:\xampp\htdocs\nxgestao_saas\system\Common.php(1087): CodeIgniter\View\View->render('templates/foote...', Array, true)
#3 C:\xampp\htdocs\nxgestao_saas\app\Controllers\FormasDePagamento.php(42): view('templates/foote...')
#4 C:\xampp\htdocs\nxgestao_saas\system\CodeIgniter.php(914): App\Controllers\FormasDePagamento->index()
#5 C:\xampp\htdocs\nxgestao_saas\system\CodeIgniter.php(400): CodeIgniter\CodeIgniter->runController(Object(App\Controllers\FormasDePagamento))
#6 C:\xampp\htdocs\nxgestao_saas\system\CodeIgniter.php(308): CodeIgniter\CodeIgniter->handleRequest(NULL, Object(Config\Cache), false)
#7 C:\xampp\htdocs\nxgestao_saas\public\index.php(45): CodeIgniter\CodeIgniter->run()
#8 {main}
CRITICAL - 2021-06-18 13:54:08 --> Undefined variable: ufs
#0 C:\xampp\htdocs\nxgestao_saas\app\Views\formas_de_pagamento\form.php(114): CodeIgniter\Debug\Exceptions->errorHandler(8, 'Undefined varia...', 'C:\\xampp\\htdocs...', 114, Array)
#1 C:\xampp\htdocs\nxgestao_saas\system\View\View.php(246): include('C:\\xampp\\htdocs...')
#2 C:\xampp\htdocs\nxgestao_saas\system\Common.php(1087): CodeIgniter\View\View->render('formas_de_pagam...', Array, true)
#3 C:\xampp\htdocs\nxgestao_saas\app\Controllers\FormasDePagamento.php(60): view('formas_de_pagam...')
#4 C:\xampp\htdocs\nxgestao_saas\system\CodeIgniter.php(914): App\Controllers\FormasDePagamento->create()
#5 C:\xampp\htdocs\nxgestao_saas\system\CodeIgniter.php(400): CodeIgniter\CodeIgniter->runController(Object(App\Controllers\FormasDePagamento))
#6 C:\xampp\htdocs\nxgestao_saas\system\CodeIgniter.php(308): CodeIgniter\CodeIgniter->handleRequest(NULL, Object(Config\Cache), false)
#7 C:\xampp\htdocs\nxgestao_saas\public\index.php(45): CodeIgniter\CodeIgniter->run()
#8 {main}
CRITICAL - 2021-06-18 13:58:38 --> Undefined property: App\Controllers\FormasDePagamento::$session
#0 C:\xampp\htdocs\nxgestao_saas\app\Controllers\FormasDePagamento.php(72): CodeIgniter\Debug\Exceptions->errorHandler(8, 'Undefined prope...', 'C:\\xampp\\htdocs...', 72, Array)
#1 C:\xampp\htdocs\nxgestao_saas\system\CodeIgniter.php(914): App\Controllers\FormasDePagamento->store()
#2 C:\xampp\htdocs\nxgestao_saas\system\CodeIgniter.php(400): CodeIgniter\CodeIgniter->runController(Object(App\Controllers\FormasDePagamento))
#3 C:\xampp\htdocs\nxgestao_saas\system\CodeIgniter.php(308): CodeIgniter\CodeIgniter->handleRequest(NULL, Object(Config\Cache), false)
#4 C:\xampp\htdocs\nxgestao_saas\public\index.php(45): CodeIgniter\CodeIgniter->run()
#5 {main}
CRITICAL - 2021-06-18 14:22:43 --> Cannot add or update a child row: a foreign key constraint fails (`sistema_saas`.`fornecedores`, CONSTRAINT `fornecedores_id_uf_foreign` FOREIGN KEY (`id_uf`) REFERENCES `ufs` (`id_uf`) ON DELETE CASCADE ON UPDATE CASCADE)
#0 C:\xampp\htdocs\nxgestao_saas\system\Database\MySQLi\Connection.php(331): mysqli->query('INSERT INTO `fo...')
#1 C:\xampp\htdocs\nxgestao_saas\system\Database\BaseConnection.php(738): CodeIgniter\Database\MySQLi\Connection->execute('INSERT INTO `fo...')
#2 C:\xampp\htdocs\nxgestao_saas\system\Database\BaseConnection.php(666): CodeIgniter\Database\BaseConnection->simpleQuery('INSERT INTO `fo...')
#3 C:\xampp\htdocs\nxgestao_saas\system\Database\BaseBuilder.php(2234): CodeIgniter\Database\BaseConnection->query('INSERT INTO `fo...', Array, false)
#4 C:\xampp\htdocs\nxgestao_saas\system\Model.php(729): CodeIgniter\Database\BaseBuilder->insert()
#5 C:\xampp\htdocs\nxgestao_saas\app\Controllers\Produtos.php(421): CodeIgniter\Model->insert(Array)
#6 C:\xampp\htdocs\nxgestao_saas\system\CodeIgniter.php(914): App\Controllers\Produtos->add_por_xml()
#7 C:\xampp\htdocs\nxgestao_saas\system\CodeIgniter.php(400): CodeIgniter\CodeIgniter->runController(Object(App\Controllers\Produtos))
#8 C:\xampp\htdocs\nxgestao_saas\system\CodeIgniter.php(308): CodeIgniter\CodeIgniter->handleRequest(NULL, Object(Config\Cache), false)
#9 C:\xampp\htdocs\nxgestao_saas\public\index.php(45): CodeIgniter\CodeIgniter->run()
#10 {main}
CRITICAL - 2021-06-18 14:24:02 --> Cannot add or update a child row: a foreign key constraint fails (`sistema_saas`.`fornecedores`, CONSTRAINT `fornecedores_id_uf_foreign` FOREIGN KEY (`id_uf`) REFERENCES `ufs` (`id_uf`) ON DELETE CASCADE ON UPDATE CASCADE)
#0 C:\xampp\htdocs\nxgestao_saas\system\Database\MySQLi\Connection.php(331): mysqli->query('INSERT INTO `fo...')
#1 C:\xampp\htdocs\nxgestao_saas\system\Database\BaseConnection.php(738): CodeIgniter\Database\MySQLi\Connection->execute('INSERT INTO `fo...')
#2 C:\xampp\htdocs\nxgestao_saas\system\Database\BaseConnection.php(666): CodeIgniter\Database\BaseConnection->simpleQuery('INSERT INTO `fo...')
#3 C:\xampp\htdocs\nxgestao_saas\system\Database\BaseBuilder.php(2234): CodeIgniter\Database\BaseConnection->query('INSERT INTO `fo...', Array, false)
#4 C:\xampp\htdocs\nxgestao_saas\system\Model.php(729): CodeIgniter\Database\BaseBuilder->insert()
#5 C:\xampp\htdocs\nxgestao_saas\app\Controllers\Produtos.php(421): CodeIgniter\Model->insert(Array)
#6 C:\xampp\htdocs\nxgestao_saas\system\CodeIgniter.php(914): App\Controllers\Produtos->add_por_xml()
#7 C:\xampp\htdocs\nxgestao_saas\system\CodeIgniter.php(400): CodeIgniter\CodeIgniter->runController(Object(App\Controllers\Produtos))
#8 C:\xampp\htdocs\nxgestao_saas\system\CodeIgniter.php(308): CodeIgniter\CodeIgniter->handleRequest(NULL, Object(Config\Cache), false)
#9 C:\xampp\htdocs\nxgestao_saas\public\index.php(45): CodeIgniter\CodeIgniter->run()
#10 {main}
CRITICAL - 2021-06-18 14:28:24 --> Undefined property: App\Controllers\Produtos::$municipio_model
#0 C:\xampp\htdocs\nxgestao_saas\app\Controllers\Produtos.php(411): CodeIgniter\Debug\Exceptions->errorHandler(8, 'Undefined prope...', 'C:\\xampp\\htdocs...', 411, Array)
#1 C:\xampp\htdocs\nxgestao_saas\system\CodeIgniter.php(914): App\Controllers\Produtos->add_por_xml()
#2 C:\xampp\htdocs\nxgestao_saas\system\CodeIgniter.php(400): CodeIgniter\CodeIgniter->runController(Object(App\Controllers\Produtos))
#3 C:\xampp\htdocs\nxgestao_saas\system\CodeIgniter.php(308): CodeIgniter\CodeIgniter->handleRequest(NULL, Object(Config\Cache), false)
#4 C:\xampp\htdocs\nxgestao_saas\public\index.php(45): CodeIgniter\CodeIgniter->run()
#5 {main}
CRITICAL - 2021-06-18 14:29:28 --> An exception (ErrorException) was thrown in C:\xampp\htdocs\nxgestao_saas\system\ThirdParty\Kint\Parser\SimpleXMLElementPlugin.php on line 76 while executing Kint Parser Plugin "Kint\Parser\SimpleXMLElementPlugin". Error message: Kint\Parser\SimpleXMLElementPlugin::parse(): Node no longer exists
#0 [internal function]: CodeIgniter\Debug\Exceptions->errorHandler(512, 'An exception (E...', 'C:\\xampp\\htdocs...', 589, Array)
#1 C:\xampp\htdocs\nxgestao_saas\system\ThirdParty\Kint\Parser\Parser.php(589): trigger_error('An exception (E...', 512)
#2 C:\xampp\htdocs\nxgestao_saas\system\ThirdParty\Kint\Parser\Parser.php(520): Kint\Parser\Parser->applyPlugins(Object(SimpleXMLElement), Object(Kint\Object\InstanceObject), 2)
#3 C:\xampp\htdocs\nxgestao_saas\system\ThirdParty\Kint\Parser\Parser.php(163): Kint\Parser\Parser->parseObject(Object(SimpleXMLElement), Object(Kint\Object\BasicObject))
#4 C:\xampp\htdocs\nxgestao_saas\system\ThirdParty\Kint\Kint.php(284): Kint\Parser\Parser->parse(Object(SimpleXMLElement), Object(Kint\Object\BasicObject))
#5 C:\xampp\htdocs\nxgestao_saas\system\ThirdParty\Kint\Kint.php(265): Kint\Kint->dumpVar(Object(SimpleXMLElement), Object(Kint\Object\BasicObject))
#6 C:\xampp\htdocs\nxgestao_saas\system\ThirdParty\Kint\Kint.php(615): Kint\Kint->dumpAll(Array, Array)
#7 C:\xampp\htdocs\nxgestao_saas\system\Common.php(252): Kint\Kint::dump(Object(SimpleXMLElement))
#8 C:\xampp\htdocs\nxgestao_saas\app\Controllers\Produtos.php(418): dd(Object(SimpleXMLElement))
#9 C:\xampp\htdocs\nxgestao_saas\system\CodeIgniter.php(914): App\Controllers\Produtos->add_por_xml()
#10 C:\xampp\htdocs\nxgestao_saas\system\CodeIgniter.php(400): CodeIgniter\CodeIgniter->runController(Object(App\Controllers\Produtos))
#11 C:\xampp\htdocs\nxgestao_saas\system\CodeIgniter.php(308): CodeIgniter\CodeIgniter->handleRequest(NULL, Object(Config\Cache), false)
#12 C:\xampp\htdocs\nxgestao_saas\public\index.php(45): CodeIgniter\CodeIgniter->run()
#13 {main}
CRITICAL - 2021-06-18 14:29:28 --> __debuginfo() must return an array
#0 [internal function]: CodeIgniter\Debug\Exceptions->shutdownHandler()
#1 {main}
CRITICAL - 2021-06-18 14:30:30 --> Cannot add or update a child row: a foreign key constraint fails (`sistema_saas`.`fornecedores`, CONSTRAINT `fornecedores_id_uf_foreign` FOREIGN KEY (`id_uf`) REFERENCES `ufs` (`id_uf`) ON DELETE CASCADE ON UPDATE CASCADE)
#0 C:\xampp\htdocs\nxgestao_saas\system\Database\MySQLi\Connection.php(331): mysqli->query('INSERT INTO `fo...')
#1 C:\xampp\htdocs\nxgestao_saas\system\Database\BaseConnection.php(738): CodeIgniter\Database\MySQLi\Connection->execute('INSERT INTO `fo...')
#2 C:\xampp\htdocs\nxgestao_saas\system\Database\BaseConnection.php(666): CodeIgniter\Database\BaseConnection->simpleQuery('INSERT INTO `fo...')
#3 C:\xampp\htdocs\nxgestao_saas\system\Database\BaseBuilder.php(2234): CodeIgniter\Database\BaseConnection->query('INSERT INTO `fo...', Array, false)
#4 C:\xampp\htdocs\nxgestao_saas\system\Model.php(729): CodeIgniter\Database\BaseBuilder->insert()
#5 C:\xampp\htdocs\nxgestao_saas\app\Controllers\Produtos.php(430): CodeIgniter\Model->insert(Array)
#6 C:\xampp\htdocs\nxgestao_saas\system\CodeIgniter.php(914): App\Controllers\Produtos->add_por_xml()
#7 C:\xampp\htdocs\nxgestao_saas\system\CodeIgniter.php(400): CodeIgniter\CodeIgniter->runController(Object(App\Controllers\Produtos))
#8 C:\xampp\htdocs\nxgestao_saas\system\CodeIgniter.php(308): CodeIgniter\CodeIgniter->handleRequest(NULL, Object(Config\Cache), false)
#9 C:\xampp\htdocs\nxgestao_saas\public\index.php(45): CodeIgniter\CodeIgniter->run()
#10 {main}
CRITICAL - 2021-06-18 14:31:38 --> Undefined property: App\Controllers\Produtos::$uf_model
#0 C:\xampp\htdocs\nxgestao_saas\app\Controllers\Produtos.php(418): CodeIgniter\Debug\Exceptions->errorHandler(8, 'Undefined prope...', 'C:\\xampp\\htdocs...', 418, Array)
#1 C:\xampp\htdocs\nxgestao_saas\system\CodeIgniter.php(914): App\Controllers\Produtos->add_por_xml()
#2 C:\xampp\htdocs\nxgestao_saas\system\CodeIgniter.php(400): CodeIgniter\CodeIgniter->runController(Object(App\Controllers\Produtos))
#3 C:\xampp\htdocs\nxgestao_saas\system\CodeIgniter.php(308): CodeIgniter\CodeIgniter->handleRequest(NULL, Object(Config\Cache), false)
#4 C:\xampp\htdocs\nxgestao_saas\public\index.php(45): CodeIgniter\CodeIgniter->run()
#5 {main}
CRITICAL - 2021-06-18 14:33:04 --> Cannot add or update a child row: a foreign key constraint fails (`sistema_saas`.`fornecedores`, CONSTRAINT `fornecedores_id_empresa_foreign` FOREIGN KEY (`id_empresa`) REFERENCES `empresas` (`id_empresa`) ON DELETE CASCADE ON UPDATE CASCADE)
#0 C:\xampp\htdocs\nxgestao_saas\system\Database\MySQLi\Connection.php(331): mysqli->query('INSERT INTO `fo...')
#1 C:\xampp\htdocs\nxgestao_saas\system\Database\BaseConnection.php(738): CodeIgniter\Database\MySQLi\Connection->execute('INSERT INTO `fo...')
#2 C:\xampp\htdocs\nxgestao_saas\system\Database\BaseConnection.php(666): CodeIgniter\Database\BaseConnection->simpleQuery('INSERT INTO `fo...')
#3 C:\xampp\htdocs\nxgestao_saas\system\Database\BaseBuilder.php(2234): CodeIgniter\Database\BaseConnection->query('INSERT INTO `fo...', Array, false)
#4 C:\xampp\htdocs\nxgestao_saas\system\Model.php(729): CodeIgniter\Database\BaseBuilder->insert()
#5 C:\xampp\htdocs\nxgestao_saas\app\Controllers\Produtos.php(439): CodeIgniter\Model->insert(Array)
#6 C:\xampp\htdocs\nxgestao_saas\system\CodeIgniter.php(914): App\Controllers\Produtos->add_por_xml()
#7 C:\xampp\htdocs\nxgestao_saas\system\CodeIgniter.php(400): CodeIgniter\CodeIgniter->runController(Object(App\Controllers\Produtos))
#8 C:\xampp\htdocs\nxgestao_saas\system\CodeIgniter.php(308): CodeIgniter\CodeIgniter->handleRequest(NULL, Object(Config\Cache), false)
#9 C:\xampp\htdocs\nxgestao_saas\public\index.php(45): CodeIgniter\CodeIgniter->run()
#10 {main}
CRITICAL - 2021-06-18 14:33:32 --> Undefined property: App\Controllers\Produtos::$links
#0 C:\xampp\htdocs\nxgestao_saas\app\Controllers\Produtos.php(468): CodeIgniter\Debug\Exceptions->errorHandler(8, 'Undefined prope...', 'C:\\xampp\\htdocs...', 468, Array)
#1 C:\xampp\htdocs\nxgestao_saas\system\CodeIgniter.php(914): App\Controllers\Produtos->add_por_xml()
#2 C:\xampp\htdocs\nxgestao_saas\system\CodeIgniter.php(400): CodeIgniter\CodeIgniter->runController(Object(App\Controllers\Produtos))
#3 C:\xampp\htdocs\nxgestao_saas\system\CodeIgniter.php(308): CodeIgniter\CodeIgniter->handleRequest(NULL, Object(Config\Cache), false)
#4 C:\xampp\htdocs\nxgestao_saas\public\index.php(45): CodeIgniter\CodeIgniter->run()
#5 {main}
CRITICAL - 2021-06-18 14:36:21 --> Undefined variable: controle_de_acesso
#0 C:\xampp\htdocs\nxgestao_saas\app\Views\templates\sidebar.php(147): CodeIgniter\Debug\Exceptions->errorHandler(8, 'Undefined varia...', 'C:\\xampp\\htdocs...', 147, Array)
#1 C:\xampp\htdocs\nxgestao_saas\app\Views\templates\header.php(55): include('C:\\xampp\\htdocs...')
#2 C:\xampp\htdocs\nxgestao_saas\system\View\View.php(246): include('C:\\xampp\\htdocs...')
#3 C:\xampp\htdocs\nxgestao_saas\system\Common.php(1087): CodeIgniter\View\View->render('templates/heade...', Array, true)
#4 C:\xampp\htdocs\nxgestao_saas\app\Controllers\Produtos.php(534): view('templates/heade...')
#5 C:\xampp\htdocs\nxgestao_saas\system\CodeIgniter.php(914): App\Controllers\Produtos->provisorio_add_produtos_por_xml()
#6 C:\xampp\htdocs\nxgestao_saas\system\CodeIgniter.php(400): CodeIgniter\CodeIgniter->runController(Object(App\Controllers\Produtos))
#7 C:\xampp\htdocs\nxgestao_saas\system\CodeIgniter.php(308): CodeIgniter\CodeIgniter->handleRequest(NULL, Object(Config\Cache), false)
#8 C:\xampp\htdocs\nxgestao_saas\public\index.php(45): CodeIgniter\CodeIgniter->run()
#9 {main}
CRITICAL - 2021-06-18 14:37:11 --> Unknown column 'id_empresa' in 'where clause'
#0 C:\xampp\htdocs\nxgestao_saas\system\Database\MySQLi\Connection.php(331): mysqli->query('SELECT *\nFROM `...')
#1 C:\xampp\htdocs\nxgestao_saas\system\Database\BaseConnection.php(738): CodeIgniter\Database\MySQLi\Connection->execute('SELECT *\nFROM `...')
#2 C:\xampp\htdocs\nxgestao_saas\system\Database\BaseConnection.php(666): CodeIgniter\Database\BaseConnection->simpleQuery('SELECT *\nFROM `...')
#3 C:\xampp\htdocs\nxgestao_saas\system\Database\BaseBuilder.php(1845): CodeIgniter\Database\BaseConnection->query('SELECT *\nFROM `...', Array, false)
#4 C:\xampp\htdocs\nxgestao_saas\system\Model.php(445): CodeIgniter\Database\BaseBuilder->get()
#5 C:\xampp\htdocs\nxgestao_saas\app\Controllers\Produtos.php(539): CodeIgniter\Model->findAll()
#6 C:\xampp\htdocs\nxgestao_saas\system\CodeIgniter.php(914): App\Controllers\Produtos->provisorio_add_produtos_por_xml()
#7 C:\xampp\htdocs\nxgestao_saas\system\CodeIgniter.php(400): CodeIgniter\CodeIgniter->runController(Object(App\Controllers\Produtos))
#8 C:\xampp\htdocs\nxgestao_saas\system\CodeIgniter.php(308): CodeIgniter\CodeIgniter->handleRequest(NULL, Object(Config\Cache), false)
#9 C:\xampp\htdocs\nxgestao_saas\public\index.php(45): CodeIgniter\CodeIgniter->run()
#10 {main}
CRITICAL - 2021-06-18 14:37:21 --> Undefined variable: controle_de_acesso
#0 C:\xampp\htdocs\nxgestao_saas\app\Views\templates\sidebar.php(147): CodeIgniter\Debug\Exceptions->errorHandler(8, 'Undefined varia...', 'C:\\xampp\\htdocs...', 147, Array)
#1 C:\xampp\htdocs\nxgestao_saas\app\Views\templates\header.php(55): include('C:\\xampp\\htdocs...')
#2 C:\xampp\htdocs\nxgestao_saas\system\View\View.php(246): include('C:\\xampp\\htdocs...')
#3 C:\xampp\htdocs\nxgestao_saas\system\Common.php(1087): CodeIgniter\View\View->render('templates/heade...', Array, true)
#4 C:\xampp\htdocs\nxgestao_saas\app\Controllers\Produtos.php(540): view('templates/heade...')
#5 C:\xampp\htdocs\nxgestao_saas\system\CodeIgniter.php(914): App\Controllers\Produtos->provisorio_add_produtos_por_xml()
#6 C:\xampp\htdocs\nxgestao_saas\system\CodeIgniter.php(400): CodeIgniter\CodeIgniter->runController(Object(App\Controllers\Produtos))
#7 C:\xampp\htdocs\nxgestao_saas\system\CodeIgniter.php(308): CodeIgniter\CodeIgniter->handleRequest(NULL, Object(Config\Cache), false)
#8 C:\xampp\htdocs\nxgestao_saas\public\index.php(45): CodeIgniter\CodeIgniter->run()
#9 {main}
CRITICAL - 2021-06-18 14:37:24 --> Undefined variable: controle_de_acesso
#0 C:\xampp\htdocs\nxgestao_saas\app\Views\templates\sidebar.php(147): CodeIgniter\Debug\Exceptions->errorHandler(8, 'Undefined varia...', 'C:\\xampp\\htdocs...', 147, Array)
#1 C:\xampp\htdocs\nxgestao_saas\app\Views\templates\header.php(55): include('C:\\xampp\\htdocs...')
#2 C:\xampp\htdocs\nxgestao_saas\system\View\View.php(246): include('C:\\xampp\\htdocs...')
#3 C:\xampp\htdocs\nxgestao_saas\system\Common.php(1087): CodeIgniter\View\View->render('templates/heade...', Array, true)
#4 C:\xampp\htdocs\nxgestao_saas\app\Controllers\Produtos.php(540): view('templates/heade...')
#5 C:\xampp\htdocs\nxgestao_saas\system\CodeIgniter.php(914): App\Controllers\Produtos->provisorio_add_produtos_por_xml()
#6 C:\xampp\htdocs\nxgestao_saas\system\CodeIgniter.php(400): CodeIgniter\CodeIgniter->runController(Object(App\Controllers\Produtos))
#7 C:\xampp\htdocs\nxgestao_saas\system\CodeIgniter.php(308): CodeIgniter\CodeIgniter->handleRequest(NULL, Object(Config\Cache), false)
#8 C:\xampp\htdocs\nxgestao_saas\public\index.php(45): CodeIgniter\CodeIgniter->run()
#9 {main}
CRITICAL - 2021-06-18 14:37:32 --> Undefined index: id_produto
#0 C:\xampp\htdocs\nxgestao_saas\app\Views\produtos\provisorio_add_produtos_por_xml.php(35): CodeIgniter\Debug\Exceptions->errorHandler(8, 'Undefined index...', 'C:\\xampp\\htdocs...', 35, Array)
#1 C:\xampp\htdocs\nxgestao_saas\system\View\View.php(246): include('C:\\xampp\\htdocs...')
#2 C:\xampp\htdocs\nxgestao_saas\system\Common.php(1087): CodeIgniter\View\View->render('produtos/provis...', Array, true)
#3 C:\xampp\htdocs\nxgestao_saas\app\Controllers\Produtos.php(541): view('produtos/provis...')
#4 C:\xampp\htdocs\nxgestao_saas\system\CodeIgniter.php(914): App\Controllers\Produtos->provisorio_add_produtos_por_xml()
#5 C:\xampp\htdocs\nxgestao_saas\system\CodeIgniter.php(400): CodeIgniter\CodeIgniter->runController(Object(App\Controllers\Produtos))
#6 C:\xampp\htdocs\nxgestao_saas\system\CodeIgniter.php(308): CodeIgniter\CodeIgniter->handleRequest(NULL, Object(Config\Cache), false)
#7 C:\xampp\htdocs\nxgestao_saas\public\index.php(45): CodeIgniter\CodeIgniter->run()
#8 {main}
CRITICAL - 2021-06-18 14:43:56 --> Call to undefined method CodeIgniter\Session\Session::setFashdata()
#0 C:\xampp\htdocs\nxgestao_saas\system\CodeIgniter.php(914): App\Controllers\Produtos->altera_dados_do_produto_provisorio_cad_por_xml()
#1 C:\xampp\htdocs\nxgestao_saas\system\CodeIgniter.php(400): CodeIgniter\CodeIgniter->runController(Object(App\Controllers\Produtos))
#2 C:\xampp\htdocs\nxgestao_saas\system\CodeIgniter.php(308): CodeIgniter\CodeIgniter->handleRequest(NULL, Object(Config\Cache), false)
#3 C:\xampp\htdocs\nxgestao_saas\public\index.php(45): CodeIgniter\CodeIgniter->run()
#4 {main}
CRITICAL - 2021-06-18 14:46:45 --> Undefined index: CFOP_NFe
#0 C:\xampp\htdocs\nxgestao_saas\app\Views\produtos\provisorio_add_produtos_por_xml.php(129): CodeIgniter\Debug\Exceptions->errorHandler(8, 'Undefined index...', 'C:\\xampp\\htdocs...', 129, Array)
#1 C:\xampp\htdocs\nxgestao_saas\system\View\View.php(246): include('C:\\xampp\\htdocs...')
#2 C:\xampp\htdocs\nxgestao_saas\system\Common.php(1087): CodeIgniter\View\View->render('produtos/provis...', Array, true)
#3 C:\xampp\htdocs\nxgestao_saas\app\Controllers\Produtos.php(541): view('produtos/provis...')
#4 C:\xampp\htdocs\nxgestao_saas\system\CodeIgniter.php(914): App\Controllers\Produtos->provisorio_add_produtos_por_xml()
#5 C:\xampp\htdocs\nxgestao_saas\system\CodeIgniter.php(400): CodeIgniter\CodeIgniter->runController(Object(App\Controllers\Produtos))
#6 C:\xampp\htdocs\nxgestao_saas\system\CodeIgniter.php(308): CodeIgniter\CodeIgniter->handleRequest(NULL, Object(Config\Cache), false)
#7 C:\xampp\htdocs\nxgestao_saas\public\index.php(45): CodeIgniter\CodeIgniter->run()
#8 {main}
CRITICAL - 2021-06-18 14:47:26 --> Undefined index: CFOP_NFe
#0 C:\xampp\htdocs\nxgestao_saas\app\Views\produtos\provisorio_add_produtos_por_xml.php(129): CodeIgniter\Debug\Exceptions->errorHandler(8, 'Undefined index...', 'C:\\xampp\\htdocs...', 129, Array)
#1 C:\xampp\htdocs\nxgestao_saas\system\View\View.php(246): include('C:\\xampp\\htdocs...')
#2 C:\xampp\htdocs\nxgestao_saas\system\Common.php(1087): CodeIgniter\View\View->render('produtos/provis...', Array, true)
#3 C:\xampp\htdocs\nxgestao_saas\app\Controllers\Produtos.php(543): view('produtos/provis...')
#4 C:\xampp\htdocs\nxgestao_saas\system\CodeIgniter.php(914): App\Controllers\Produtos->provisorio_add_produtos_por_xml()
#5 C:\xampp\htdocs\nxgestao_saas\system\CodeIgniter.php(400): CodeIgniter\CodeIgniter->runController(Object(App\Controllers\Produtos))
#6 C:\xampp\htdocs\nxgestao_saas\system\CodeIgniter.php(308): CodeIgniter\CodeIgniter->handleRequest(NULL, Object(Config\Cache), false)
#7 C:\xampp\htdocs\nxgestao_saas\public\index.php(45): CodeIgniter\CodeIgniter->run()
#8 {main}
CRITICAL - 2021-06-18 14:57:26 --> Unknown column 'CFOP_NFe' in 'field list'
#0 C:\xampp\htdocs\nxgestao_saas\system\Database\MySQLi\Connection.php(331): mysqli->query('INSERT INTO `pr...')
#1 C:\xampp\htdocs\nxgestao_saas\system\Database\BaseConnection.php(738): CodeIgniter\Database\MySQLi\Connection->execute('INSERT INTO `pr...')
#2 C:\xampp\htdocs\nxgestao_saas\system\Database\BaseConnection.php(666): CodeIgniter\Database\BaseConnection->simpleQuery('INSERT INTO `pr...')
#3 C:\xampp\htdocs\nxgestao_saas\system\Database\BaseBuilder.php(2234): CodeIgniter\Database\BaseConnection->query('INSERT INTO `pr...', Array, false)
#4 C:\xampp\htdocs\nxgestao_saas\system\Model.php(729): CodeIgniter\Database\BaseBuilder->insert()
#5 C:\xampp\htdocs\nxgestao_saas\app\Controllers\Produtos.php(469): CodeIgniter\Model->insert(Array)
#6 C:\xampp\htdocs\nxgestao_saas\system\CodeIgniter.php(914): App\Controllers\Produtos->add_por_xml()
#7 C:\xampp\htdocs\nxgestao_saas\system\CodeIgniter.php(400): CodeIgniter\CodeIgniter->runController(Object(App\Controllers\Produtos))
#8 C:\xampp\htdocs\nxgestao_saas\system\CodeIgniter.php(308): CodeIgniter\CodeIgniter->handleRequest(NULL, Object(Config\Cache), false)
#9 C:\xampp\htdocs\nxgestao_saas\public\index.php(45): CodeIgniter\CodeIgniter->run()
#10 {main}
CRITICAL - 2021-06-18 15:02:33 --> Undefined variable: controle_de_acesso
#0 C:\xampp\htdocs\nxgestao_saas\app\Views\templates\sidebar.php(147): CodeIgniter\Debug\Exceptions->errorHandler(8, 'Undefined varia...', 'C:\\xampp\\htdocs...', 147, Array)
#1 C:\xampp\htdocs\nxgestao_saas\app\Views\templates\header.php(55): include('C:\\xampp\\htdocs...')
#2 C:\xampp\htdocs\nxgestao_saas\system\View\View.php(246): include('C:\\xampp\\htdocs...')
#3 C:\xampp\htdocs\nxgestao_saas\system\Common.php(1087): CodeIgniter\View\View->render('templates/heade...', Array, true)
#4 C:\xampp\htdocs\nxgestao_saas\app\Controllers\Produtos.php(490): view('templates/heade...')
#5 C:\xampp\htdocs\nxgestao_saas\system\CodeIgniter.php(914): App\Controllers\Produtos->add_por_xml()
#6 C:\xampp\htdocs\nxgestao_saas\system\CodeIgniter.php(400): CodeIgniter\CodeIgniter->runController(Object(App\Controllers\Produtos))
#7 C:\xampp\htdocs\nxgestao_saas\system\CodeIgniter.php(308): CodeIgniter\CodeIgniter->handleRequest(NULL, Object(Config\Cache), false)
#8 C:\xampp\htdocs\nxgestao_saas\public\index.php(45): CodeIgniter\CodeIgniter->run()
#9 {main}
CRITICAL - 2021-06-18 15:05:50 --> Undefined index: municipio
#0 C:\xampp\htdocs\nxgestao_saas\app\Views\produtos\acao_add_fornecedor_por_xml.php(58): CodeIgniter\Debug\Exceptions->errorHandler(8, 'Undefined index...', 'C:\\xampp\\htdocs...', 58, Array)
#1 C:\xampp\htdocs\nxgestao_saas\system\View\View.php(246): include('C:\\xampp\\htdocs...')
#2 C:\xampp\htdocs\nxgestao_saas\system\Common.php(1087): CodeIgniter\View\View->render('produtos/acao_a...', Array, true)
#3 C:\xampp\htdocs\nxgestao_saas\app\Controllers\Produtos.php(496): view('produtos/acao_a...')
#4 C:\xampp\htdocs\nxgestao_saas\system\CodeIgniter.php(914): App\Controllers\Produtos->add_por_xml()
#5 C:\xampp\htdocs\nxgestao_saas\system\CodeIgniter.php(400): CodeIgniter\CodeIgniter->runController(Object(App\Controllers\Produtos))
#6 C:\xampp\htdocs\nxgestao_saas\system\CodeIgniter.php(308): CodeIgniter\CodeIgniter->handleRequest(NULL, Object(Config\Cache), false)
#7 C:\xampp\htdocs\nxgestao_saas\public\index.php(45): CodeIgniter\CodeIgniter->run()
#8 {main}
