CRITICAL - 2021-01-20 11:33:30 --> Undefined property: App\Controllers\ConfigDaEmpresa::$empresa_model
#0 C:\xampp\htdocs\nxgestao\app\Controllers\ConfigDaEmpresa.php(36): CodeIgniter\Debug\Exceptions->errorHandler(8, 'Undefined prope...', 'C:\\xampp\\htdocs...', 36, Array)
#1 C:\xampp\htdocs\nxgestao\system\CodeIgniter.php(914): App\Controllers\ConfigDaEmpresa->edit()
#2 C:\xampp\htdocs\nxgestao\system\CodeIgniter.php(400): CodeIgniter\CodeIgniter->runController(Object(App\Controllers\ConfigDaEmpresa))
#3 C:\xampp\htdocs\nxgestao\system\CodeIgniter.php(308): CodeIgniter\CodeIgniter->handleRequest(NULL, Object(Config\Cache), false)
#4 C:\xampp\htdocs\nxgestao\public\index.php(45): CodeIgniter\CodeIgniter->run()
#5 {main}
CRITICAL - 2021-01-20 11:35:41 --> Undefined variable: ufs
#0 C:\xampp\htdocs\nxgestao\app\Views\config\form_config_da_empresa.php(175): CodeIgniter\Debug\Exceptions->errorHandler(8, 'Undefined varia...', 'C:\\xampp\\htdocs...', 175, Array)
#1 C:\xampp\htdocs\nxgestao\system\View\View.php(246): include('C:\\xampp\\htdocs...')
#2 C:\xampp\htdocs\nxgestao\system\Common.php(1087): CodeIgniter\View\View->render('config/form_con...', Array, true)
#3 C:\xampp\htdocs\nxgestao\app\Controllers\ConfigDaEmpresa.php(46): view('config/form_con...', Array)
#4 C:\xampp\htdocs\nxgestao\system\CodeIgniter.php(914): App\Controllers\ConfigDaEmpresa->edit()
#5 C:\xampp\htdocs\nxgestao\system\CodeIgniter.php(400): CodeIgniter\CodeIgniter->runController(Object(App\Controllers\ConfigDaEmpresa))
#6 C:\xampp\htdocs\nxgestao\system\CodeIgniter.php(308): CodeIgniter\CodeIgniter->handleRequest(NULL, Object(Config\Cache), false)
#7 C:\xampp\htdocs\nxgestao\public\index.php(45): CodeIgniter\CodeIgniter->run()
#8 {main}
CRITICAL - 2021-01-20 11:36:14 --> Undefined property: App\Controllers\ConfigDaEmpresa::$uf_model
#0 C:\xampp\htdocs\nxgestao\app\Controllers\ConfigDaEmpresa.php(45): CodeIgniter\Debug\Exceptions->errorHandler(8, 'Undefined prope...', 'C:\\xampp\\htdocs...', 45, Array)
#1 C:\xampp\htdocs\nxgestao\system\CodeIgniter.php(914): App\Controllers\ConfigDaEmpresa->edit()
#2 C:\xampp\htdocs\nxgestao\system\CodeIgniter.php(400): CodeIgniter\CodeIgniter->runController(Object(App\Controllers\ConfigDaEmpresa))
#3 C:\xampp\htdocs\nxgestao\system\CodeIgniter.php(308): CodeIgniter\CodeIgniter->handleRequest(NULL, Object(Config\Cache), false)
#4 C:\xampp\htdocs\nxgestao\public\index.php(45): CodeIgniter\CodeIgniter->run()
#5 {main}
CRITICAL - 2021-01-20 11:36:41 --> Unknown column 'id_empresa' in 'where clause'
#0 C:\xampp\htdocs\nxgestao\system\Database\MySQLi\Connection.php(331): mysqli->query('SELECT *\nFROM `...')
#1 C:\xampp\htdocs\nxgestao\system\Database\BaseConnection.php(738): CodeIgniter\Database\MySQLi\Connection->execute('SELECT *\nFROM `...')
#2 C:\xampp\htdocs\nxgestao\system\Database\BaseConnection.php(666): CodeIgniter\Database\BaseConnection->simpleQuery('SELECT *\nFROM `...')
#3 C:\xampp\htdocs\nxgestao\system\Database\BaseBuilder.php(1845): CodeIgniter\Database\BaseConnection->query('SELECT *\nFROM `...', Array, false)
#4 C:\xampp\htdocs\nxgestao\system\Model.php(445): CodeIgniter\Database\BaseBuilder->get()
#5 C:\xampp\htdocs\nxgestao\app\Controllers\ConfigDaEmpresa.php(49): CodeIgniter\Model->findAll()
#6 C:\xampp\htdocs\nxgestao\system\CodeIgniter.php(914): App\Controllers\ConfigDaEmpresa->edit()
#7 C:\xampp\htdocs\nxgestao\system\CodeIgniter.php(400): CodeIgniter\CodeIgniter->runController(Object(App\Controllers\ConfigDaEmpresa))
#8 C:\xampp\htdocs\nxgestao\system\CodeIgniter.php(308): CodeIgniter\CodeIgniter->handleRequest(NULL, Object(Config\Cache), false)
#9 C:\xampp\htdocs\nxgestao\public\index.php(45): CodeIgniter\CodeIgniter->run()
#10 {main}
CRITICAL - 2021-01-20 11:36:52 --> Undefined variable: municipios
#0 C:\xampp\htdocs\nxgestao\app\Views\config\form_config_da_empresa.php(192): CodeIgniter\Debug\Exceptions->errorHandler(8, 'Undefined varia...', 'C:\\xampp\\htdocs...', 192, Array)
#1 C:\xampp\htdocs\nxgestao\system\View\View.php(246): include('C:\\xampp\\htdocs...')
#2 C:\xampp\htdocs\nxgestao\system\Common.php(1087): CodeIgniter\View\View->render('config/form_con...', Array, true)
#3 C:\xampp\htdocs\nxgestao\app\Controllers\ConfigDaEmpresa.php(51): view('config/form_con...', Array)
#4 C:\xampp\htdocs\nxgestao\system\CodeIgniter.php(914): App\Controllers\ConfigDaEmpresa->edit()
#5 C:\xampp\htdocs\nxgestao\system\CodeIgniter.php(400): CodeIgniter\CodeIgniter->runController(Object(App\Controllers\ConfigDaEmpresa))
#6 C:\xampp\htdocs\nxgestao\system\CodeIgniter.php(308): CodeIgniter\CodeIgniter->handleRequest(NULL, Object(Config\Cache), false)
#7 C:\xampp\htdocs\nxgestao\public\index.php(45): CodeIgniter\CodeIgniter->run()
#8 {main}
CRITICAL - 2021-01-20 11:37:28 --> Undefined property: App\Controllers\ConfigDaEmpresa::$municipio_model
#0 C:\xampp\htdocs\nxgestao\app\Controllers\ConfigDaEmpresa.php(50): CodeIgniter\Debug\Exceptions->errorHandler(8, 'Undefined prope...', 'C:\\xampp\\htdocs...', 50, Array)
#1 C:\xampp\htdocs\nxgestao\system\CodeIgniter.php(914): App\Controllers\ConfigDaEmpresa->edit()
#2 C:\xampp\htdocs\nxgestao\system\CodeIgniter.php(400): CodeIgniter\CodeIgniter->runController(Object(App\Controllers\ConfigDaEmpresa))
#3 C:\xampp\htdocs\nxgestao\system\CodeIgniter.php(308): CodeIgniter\CodeIgniter->handleRequest(NULL, Object(Config\Cache), false)
#4 C:\xampp\htdocs\nxgestao\public\index.php(45): CodeIgniter\CodeIgniter->run()
#5 {main}
CRITICAL - 2021-01-20 11:59:48 --> Class 'App\Controllers\MunicipioModel' not found
#0 C:\xampp\htdocs\nxgestao\system\CodeIgniter.php(886): App\Controllers\ConfigNFeNFCe->__construct()
#1 C:\xampp\htdocs\nxgestao\system\CodeIgniter.php(395): CodeIgniter\CodeIgniter->createController()
#2 C:\xampp\htdocs\nxgestao\system\CodeIgniter.php(308): CodeIgniter\CodeIgniter->handleRequest(NULL, Object(Config\Cache), false)
#3 C:\xampp\htdocs\nxgestao\public\index.php(45): CodeIgniter\CodeIgniter->run()
#4 {main}
CRITICAL - 2021-01-20 12:00:16 --> Class 'App\Controllers\MunicipioModel' not found
#0 C:\xampp\htdocs\nxgestao\system\CodeIgniter.php(886): App\Controllers\ConfigNFeNFCe->__construct()
#1 C:\xampp\htdocs\nxgestao\system\CodeIgniter.php(395): CodeIgniter\CodeIgniter->createController()
#2 C:\xampp\htdocs\nxgestao\system\CodeIgniter.php(308): CodeIgniter\CodeIgniter->handleRequest(NULL, Object(Config\Cache), false)
#3 C:\xampp\htdocs\nxgestao\public\index.php(45): CodeIgniter\CodeIgniter->run()
#4 {main}
CRITICAL - 2021-01-20 12:00:37 --> Undefined variable: ufs
#0 C:\xampp\htdocs\nxgestao\app\Views\config\form_config_nfe_nfce.php(175): CodeIgniter\Debug\Exceptions->errorHandler(8, 'Undefined varia...', 'C:\\xampp\\htdocs...', 175, Array)
#1 C:\xampp\htdocs\nxgestao\system\View\View.php(246): include('C:\\xampp\\htdocs...')
#2 C:\xampp\htdocs\nxgestao\system\Common.php(1087): CodeIgniter\View\View->render('config/form_con...', Array, true)
#3 C:\xampp\htdocs\nxgestao\app\Controllers\ConfigNFeNFCe.php(48): view('config/form_con...', Array)
#4 C:\xampp\htdocs\nxgestao\system\CodeIgniter.php(914): App\Controllers\ConfigNFeNFCe->edit()
#5 C:\xampp\htdocs\nxgestao\system\CodeIgniter.php(400): CodeIgniter\CodeIgniter->runController(Object(App\Controllers\ConfigNFeNFCe))
#6 C:\xampp\htdocs\nxgestao\system\CodeIgniter.php(308): CodeIgniter\CodeIgniter->handleRequest(NULL, Object(Config\Cache), false)
#7 C:\xampp\htdocs\nxgestao\public\index.php(45): CodeIgniter\CodeIgniter->run()
#8 {main}
CRITICAL - 2021-01-20 12:14:03 --> Undefined index: CNPJ
#0 C:\xampp\htdocs\nxgestao\app\Controllers\Empresas.php(223): CodeIgniter\Debug\Exceptions->errorHandler(8, 'Undefined index...', 'C:\\xampp\\htdocs...', 223, Array)
#1 C:\xampp\htdocs\nxgestao\system\CodeIgniter.php(914): App\Controllers\Empresas->store()
#2 C:\xampp\htdocs\nxgestao\system\CodeIgniter.php(400): CodeIgniter\CodeIgniter->runController(Object(App\Controllers\Empresas))
#3 C:\xampp\htdocs\nxgestao\system\CodeIgniter.php(308): CodeIgniter\CodeIgniter->handleRequest(NULL, Object(Config\Cache), false)
#4 C:\xampp\htdocs\nxgestao\public\index.php(45): CodeIgniter\CodeIgniter->run()
#5 {main}
CRITICAL - 2021-01-20 12:15:43 --> Undefined variable: empresa
#0 C:\xampp\htdocs\nxgestao\app\Controllers\ConfigNFeNFCe.php(65): CodeIgniter\Debug\Exceptions->errorHandler(8, 'Undefined varia...', 'C:\\xampp\\htdocs...', 65, Array)
#1 C:\xampp\htdocs\nxgestao\system\CodeIgniter.php(914): App\Controllers\ConfigNFeNFCe->store()
#2 C:\xampp\htdocs\nxgestao\system\CodeIgniter.php(400): CodeIgniter\CodeIgniter->runController(Object(App\Controllers\ConfigNFeNFCe))
#3 C:\xampp\htdocs\nxgestao\system\CodeIgniter.php(308): CodeIgniter\CodeIgniter->handleRequest(NULL, Object(Config\Cache), false)
#4 C:\xampp\htdocs\nxgestao\public\index.php(45): CodeIgniter\CodeIgniter->run()
#5 {main}
CRITICAL - 2021-01-20 12:17:32 --> unlink(../../writable/uploads/certificados/1611155789_9401dbd172be838829ee.p12): No such file or directory
#0 [internal function]: CodeIgniter\Debug\Exceptions->errorHandler(2, 'unlink(../../wr...', 'C:\\xampp\\htdocs...', 66, Array)
#1 C:\xampp\htdocs\nxgestao\app\Controllers\ConfigNFeNFCe.php(66): unlink('../../writable/...')
#2 C:\xampp\htdocs\nxgestao\system\CodeIgniter.php(914): App\Controllers\ConfigNFeNFCe->store()
#3 C:\xampp\htdocs\nxgestao\system\CodeIgniter.php(400): CodeIgniter\CodeIgniter->runController(Object(App\Controllers\ConfigNFeNFCe))
#4 C:\xampp\htdocs\nxgestao\system\CodeIgniter.php(308): CodeIgniter\CodeIgniter->handleRequest(NULL, Object(Config\Cache), false)
#5 C:\xampp\htdocs\nxgestao\public\index.php(45): CodeIgniter\CodeIgniter->run()
#6 {main}
CRITICAL - 2021-01-20 12:18:57 --> unlink(../../writable/uploads/certificados/1611155923_517723eb5ef8d18f0d28.p12.pfx): No such file or directory
#0 [internal function]: CodeIgniter\Debug\Exceptions->errorHandler(2, 'unlink(../../wr...', 'C:\\xampp\\htdocs...', 66, Array)
#1 C:\xampp\htdocs\nxgestao\app\Controllers\ConfigNFeNFCe.php(66): unlink('../../writable/...')
#2 C:\xampp\htdocs\nxgestao\system\CodeIgniter.php(914): App\Controllers\ConfigNFeNFCe->store()
#3 C:\xampp\htdocs\nxgestao\system\CodeIgniter.php(400): CodeIgniter\CodeIgniter->runController(Object(App\Controllers\ConfigNFeNFCe))
#4 C:\xampp\htdocs\nxgestao\system\CodeIgniter.php(308): CodeIgniter\CodeIgniter->handleRequest(NULL, Object(Config\Cache), false)
#5 C:\xampp\htdocs\nxgestao\public\index.php(45): CodeIgniter\CodeIgniter->run()
#6 {main}
CRITICAL - 2021-01-20 12:21:10 --> unlink(../../writable/uploads/certificados/2001202112210390418801.pfx): No such file or directory
#0 [internal function]: CodeIgniter\Debug\Exceptions->errorHandler(2, 'unlink(../../wr...', 'C:\\xampp\\htdocs...', 66, Array)
#1 C:\xampp\htdocs\nxgestao\app\Controllers\ConfigNFeNFCe.php(66): unlink('../../writable/...')
#2 C:\xampp\htdocs\nxgestao\system\CodeIgniter.php(914): App\Controllers\ConfigNFeNFCe->store()
#3 C:\xampp\htdocs\nxgestao\system\CodeIgniter.php(400): CodeIgniter\CodeIgniter->runController(Object(App\Controllers\ConfigNFeNFCe))
#4 C:\xampp\htdocs\nxgestao\system\CodeIgniter.php(308): CodeIgniter\CodeIgniter->handleRequest(NULL, Object(Config\Cache), false)
#5 C:\xampp\htdocs\nxgestao\public\index.php(45): CodeIgniter\CodeIgniter->run()
#6 {main}
CRITICAL - 2021-01-20 12:22:15 --> unlink(..\..\writable\uploads\certificados\2001202112210390418801.pfx): No such file or directory
#0 [internal function]: CodeIgniter\Debug\Exceptions->errorHandler(2, 'unlink(..\\..\\wr...', 'C:\\xampp\\htdocs...', 66, Array)
#1 C:\xampp\htdocs\nxgestao\app\Controllers\ConfigNFeNFCe.php(66): unlink('..\\..\\writable\\...')
#2 C:\xampp\htdocs\nxgestao\system\CodeIgniter.php(914): App\Controllers\ConfigNFeNFCe->store()
#3 C:\xampp\htdocs\nxgestao\system\CodeIgniter.php(400): CodeIgniter\CodeIgniter->runController(Object(App\Controllers\ConfigNFeNFCe))
#4 C:\xampp\htdocs\nxgestao\system\CodeIgniter.php(308): CodeIgniter\CodeIgniter->handleRequest(NULL, Object(Config\Cache), false)
#5 C:\xampp\htdocs\nxgestao\public\index.php(45): CodeIgniter\CodeIgniter->run()
#6 {main}
CRITICAL - 2021-01-20 12:23:20 --> unlink(C:\xampp\htdocs\nxgestao\writable\/certificados/2001202112210390418801.pfx): No such file or directory
#0 [internal function]: CodeIgniter\Debug\Exceptions->errorHandler(2, 'unlink(C:\\xampp...', 'C:\\xampp\\htdocs...', 66, Array)
#1 C:\xampp\htdocs\nxgestao\app\Controllers\ConfigNFeNFCe.php(66): unlink('C:\\xampp\\htdocs...')
#2 C:\xampp\htdocs\nxgestao\system\CodeIgniter.php(914): App\Controllers\ConfigNFeNFCe->store()
#3 C:\xampp\htdocs\nxgestao\system\CodeIgniter.php(400): CodeIgniter\CodeIgniter->runController(Object(App\Controllers\ConfigNFeNFCe))
#4 C:\xampp\htdocs\nxgestao\system\CodeIgniter.php(308): CodeIgniter\CodeIgniter->handleRequest(NULL, Object(Config\Cache), false)
#5 C:\xampp\htdocs\nxgestao\public\index.php(45): CodeIgniter\CodeIgniter->run()
#6 {main}
CRITICAL - 2021-01-20 12:23:37 --> unlink(C:\xampp\htdocs\nxgestao\writable\/certificados2001202112210390418801.pfx): No such file or directory
#0 [internal function]: CodeIgniter\Debug\Exceptions->errorHandler(2, 'unlink(C:\\xampp...', 'C:\\xampp\\htdocs...', 66, Array)
#1 C:\xampp\htdocs\nxgestao\app\Controllers\ConfigNFeNFCe.php(66): unlink('C:\\xampp\\htdocs...')
#2 C:\xampp\htdocs\nxgestao\system\CodeIgniter.php(914): App\Controllers\ConfigNFeNFCe->store()
#3 C:\xampp\htdocs\nxgestao\system\CodeIgniter.php(400): CodeIgniter\CodeIgniter->runController(Object(App\Controllers\ConfigNFeNFCe))
#4 C:\xampp\htdocs\nxgestao\system\CodeIgniter.php(308): CodeIgniter\CodeIgniter->handleRequest(NULL, Object(Config\Cache), false)
#5 C:\xampp\htdocs\nxgestao\public\index.php(45): CodeIgniter\CodeIgniter->run()
#6 {main}
CRITICAL - 2021-01-20 12:24:06 --> unlink(C:\xampp\htdocs\nxgestao\writable\certificados\2001202112210390418801.pfx): No such file or directory
#0 [internal function]: CodeIgniter\Debug\Exceptions->errorHandler(2, 'unlink(C:\\xampp...', 'C:\\xampp\\htdocs...', 66, Array)
#1 C:\xampp\htdocs\nxgestao\app\Controllers\ConfigNFeNFCe.php(66): unlink('C:\\xampp\\htdocs...')
#2 C:\xampp\htdocs\nxgestao\system\CodeIgniter.php(914): App\Controllers\ConfigNFeNFCe->store()
#3 C:\xampp\htdocs\nxgestao\system\CodeIgniter.php(400): CodeIgniter\CodeIgniter->runController(Object(App\Controllers\ConfigNFeNFCe))
#4 C:\xampp\htdocs\nxgestao\system\CodeIgniter.php(308): CodeIgniter\CodeIgniter->handleRequest(NULL, Object(Config\Cache), false)
#5 C:\xampp\htdocs\nxgestao\public\index.php(45): CodeIgniter\CodeIgniter->run()
#6 {main}
CRITICAL - 2021-01-20 12:24:41 --> mkdir(): No such file or directory
#0 [internal function]: CodeIgniter\Debug\Exceptions->errorHandler(2, 'mkdir(): No suc...', 'C:\\xampp\\htdocs...', 212, Array)
#1 C:\xampp\htdocs\nxgestao\system\HTTP\Files\UploadedFile.php(212): mkdir('C:\\xampp\\htdocs...', 511, true)
#2 C:\xampp\htdocs\nxgestao\system\HTTP\Files\UploadedFile.php(163): CodeIgniter\HTTP\Files\UploadedFile->setPath('C:\\xampp\\htdocs...')
#3 C:\xampp\htdocs\nxgestao\system\HTTP\Files\UploadedFile.php(409): CodeIgniter\HTTP\Files\UploadedFile->move('C:\\xampp\\htdocs...', '200120211224418...')
#4 C:\xampp\htdocs\nxgestao\app\Controllers\ConfigNFeNFCe.php(70): CodeIgniter\HTTP\Files\UploadedFile->store('C:\\xampp\\htdocs...', '200120211224418...')
#5 C:\xampp\htdocs\nxgestao\system\CodeIgniter.php(914): App\Controllers\ConfigNFeNFCe->store()
#6 C:\xampp\htdocs\nxgestao\system\CodeIgniter.php(400): CodeIgniter\CodeIgniter->runController(Object(App\Controllers\ConfigNFeNFCe))
#7 C:\xampp\htdocs\nxgestao\system\CodeIgniter.php(308): CodeIgniter\CodeIgniter->handleRequest(NULL, Object(Config\Cache), false)
#8 C:\xampp\htdocs\nxgestao\public\index.php(45): CodeIgniter\CodeIgniter->run()
#9 {main}
CRITICAL - 2021-01-20 12:25:21 --> unlink(C:\xampp\htdocs\nxgestao\writable\\uploads\certificados\2001202112210390418801.pfx): No such file or directory
#0 [internal function]: CodeIgniter\Debug\Exceptions->errorHandler(2, 'unlink(C:\\xampp...', 'C:\\xampp\\htdocs...', 66, Array)
#1 C:\xampp\htdocs\nxgestao\app\Controllers\ConfigNFeNFCe.php(66): unlink('C:\\xampp\\htdocs...')
#2 C:\xampp\htdocs\nxgestao\system\CodeIgniter.php(914): App\Controllers\ConfigNFeNFCe->store()
#3 C:\xampp\htdocs\nxgestao\system\CodeIgniter.php(400): CodeIgniter\CodeIgniter->runController(Object(App\Controllers\ConfigNFeNFCe))
#4 C:\xampp\htdocs\nxgestao\system\CodeIgniter.php(308): CodeIgniter\CodeIgniter->handleRequest(NULL, Object(Config\Cache), false)
#5 C:\xampp\htdocs\nxgestao\public\index.php(45): CodeIgniter\CodeIgniter->run()
#6 {main}
CRITICAL - 2021-01-20 12:25:41 --> mkdir(): No such file or directory
#0 [internal function]: CodeIgniter\Debug\Exceptions->errorHandler(2, 'mkdir(): No suc...', 'C:\\xampp\\htdocs...', 212, Array)
#1 C:\xampp\htdocs\nxgestao\system\HTTP\Files\UploadedFile.php(212): mkdir('C:\\xampp\\htdocs...', 511, true)
#2 C:\xampp\htdocs\nxgestao\system\HTTP\Files\UploadedFile.php(163): CodeIgniter\HTTP\Files\UploadedFile->setPath('C:\\xampp\\htdocs...')
#3 C:\xampp\htdocs\nxgestao\system\HTTP\Files\UploadedFile.php(409): CodeIgniter\HTTP\Files\UploadedFile->move('C:\\xampp\\htdocs...', '200120211225415...')
#4 C:\xampp\htdocs\nxgestao\app\Controllers\ConfigNFeNFCe.php(70): CodeIgniter\HTTP\Files\UploadedFile->store('C:\\xampp\\htdocs...', '200120211225415...')
#5 C:\xampp\htdocs\nxgestao\system\CodeIgniter.php(914): App\Controllers\ConfigNFeNFCe->store()
#6 C:\xampp\htdocs\nxgestao\system\CodeIgniter.php(400): CodeIgniter\CodeIgniter->runController(Object(App\Controllers\ConfigNFeNFCe))
#7 C:\xampp\htdocs\nxgestao\system\CodeIgniter.php(308): CodeIgniter\CodeIgniter->handleRequest(NULL, Object(Config\Cache), false)
#8 C:\xampp\htdocs\nxgestao\public\index.php(45): CodeIgniter\CodeIgniter->run()
#9 {main}
CRITICAL - 2021-01-20 12:45:29 --> Call to a member function store() on null
#0 C:\xampp\htdocs\nxgestao\system\CodeIgniter.php(914): App\Controllers\Empresas->store()
#1 C:\xampp\htdocs\nxgestao\system\CodeIgniter.php(400): CodeIgniter\CodeIgniter->runController(Object(App\Controllers\Empresas))
#2 C:\xampp\htdocs\nxgestao\system\CodeIgniter.php(308): CodeIgniter\CodeIgniter->handleRequest(NULL, Object(Config\Cache), false)
#3 C:\xampp\htdocs\nxgestao\public\index.php(45): CodeIgniter\CodeIgniter->run()
#4 {main}
CRITICAL - 2021-01-20 13:21:45 --> Table 'nxgestao.configuracoes' doesn't exist
#0 C:\xampp\htdocs\nxgestao\system\Database\MySQLi\Connection.php(331): mysqli->query('SELECT *\nFROM `...')
#1 C:\xampp\htdocs\nxgestao\system\Database\BaseConnection.php(738): CodeIgniter\Database\MySQLi\Connection->execute('SELECT *\nFROM `...')
#2 C:\xampp\htdocs\nxgestao\system\Database\BaseConnection.php(666): CodeIgniter\Database\BaseConnection->simpleQuery('SELECT *\nFROM `...')
#3 C:\xampp\htdocs\nxgestao\system\Database\BaseBuilder.php(1845): CodeIgniter\Database\BaseConnection->query('SELECT *\nFROM `...', Array, false)
#4 C:\xampp\htdocs\nxgestao\system\Model.php(489): CodeIgniter\Database\BaseBuilder->get()
#5 C:\xampp\htdocs\nxgestao\app\Controllers\Login.php(45): CodeIgniter\Model->first()
#6 C:\xampp\htdocs\nxgestao\system\CodeIgniter.php(914): App\Controllers\Login->index()
#7 C:\xampp\htdocs\nxgestao\system\CodeIgniter.php(400): CodeIgniter\CodeIgniter->runController(Object(App\Controllers\Login))
#8 C:\xampp\htdocs\nxgestao\system\CodeIgniter.php(308): CodeIgniter\CodeIgniter->handleRequest(NULL, Object(Config\Cache), false)
#9 C:\xampp\htdocs\nxgestao\public\index.php(45): CodeIgniter\CodeIgniter->run()
#10 {main}
CRITICAL - 2021-01-20 13:32:01 --> Illegal string offset 'type'
#0 C:\xampp\htdocs\nxgestao\app\Views\login\index.php(128): CodeIgniter\Debug\Exceptions->errorHandler(2, 'Illegal string ...', 'C:\\xampp\\htdocs...', 128, Array)
#1 C:\xampp\htdocs\nxgestao\system\View\View.php(246): include('C:\\xampp\\htdocs...')
#2 C:\xampp\htdocs\nxgestao\system\Common.php(1087): CodeIgniter\View\View->render('login/index', Array, true)
#3 C:\xampp\htdocs\nxgestao\app\Controllers\Login.php(46): view('login/index', Array)
#4 C:\xampp\htdocs\nxgestao\system\CodeIgniter.php(914): App\Controllers\Login->index()
#5 C:\xampp\htdocs\nxgestao\system\CodeIgniter.php(400): CodeIgniter\CodeIgniter->runController(Object(App\Controllers\Login))
#6 C:\xampp\htdocs\nxgestao\system\CodeIgniter.php(308): CodeIgniter\CodeIgniter->handleRequest(NULL, Object(Config\Cache), false)
#7 C:\xampp\htdocs\nxgestao\public\index.php(45): CodeIgniter\CodeIgniter->run()
#8 {main}
CRITICAL - 2021-01-20 13:46:31 --> Undefined variable: configuracao
#0 C:\xampp\htdocs\nxgestao\app\Views\admin\configuracoes\form_login.php(39): CodeIgniter\Debug\Exceptions->errorHandler(8, 'Undefined varia...', 'C:\\xampp\\htdocs...', 39, Array)
#1 C:\xampp\htdocs\nxgestao\system\View\View.php(246): include('C:\\xampp\\htdocs...')
#2 C:\xampp\htdocs\nxgestao\system\Common.php(1087): CodeIgniter\View\View->render('admin/configura...', Array, true)
#3 C:\xampp\htdocs\nxgestao\app\Controllers\Configuracoes.php(108): view('admin/configura...', Array)
#4 C:\xampp\htdocs\nxgestao\system\CodeIgniter.php(914): App\Controllers\Configuracoes->editLogin()
#5 C:\xampp\htdocs\nxgestao\system\CodeIgniter.php(400): CodeIgniter\CodeIgniter->runController(Object(App\Controllers\Configuracoes))
#6 C:\xampp\htdocs\nxgestao\system\CodeIgniter.php(308): CodeIgniter\CodeIgniter->handleRequest(NULL, Object(Config\Cache), false)
#7 C:\xampp\htdocs\nxgestao\public\index.php(45): CodeIgniter\CodeIgniter->run()
#8 {main}
CRITICAL - 2021-01-20 13:48:09 --> Undefined variable: login_model
#0 C:\xampp\htdocs\nxgestao\app\Controllers\Configuracoes.php(115): CodeIgniter\Debug\Exceptions->errorHandler(8, 'Undefined varia...', 'C:\\xampp\\htdocs...', 115, Array)
#1 C:\xampp\htdocs\nxgestao\system\CodeIgniter.php(914): App\Controllers\Configuracoes->editLogin()
#2 C:\xampp\htdocs\nxgestao\system\CodeIgniter.php(400): CodeIgniter\CodeIgniter->runController(Object(App\Controllers\Configuracoes))
#3 C:\xampp\htdocs\nxgestao\system\CodeIgniter.php(308): CodeIgniter\CodeIgniter->handleRequest(NULL, Object(Config\Cache), false)
#4 C:\xampp\htdocs\nxgestao\public\index.php(45): CodeIgniter\CodeIgniter->run()
#5 {main}
CRITICAL - 2021-01-20 14:23:15 --> Undefined index: id_servico
#0 C:\xampp\htdocs\nxgestao\app\Controllers\OrdemDeServico.php(576): CodeIgniter\Debug\Exceptions->errorHandler(8, 'Undefined index...', 'C:\\xampp\\htdocs...', 576, Array)
#1 C:\xampp\htdocs\nxgestao\system\CodeIgniter.php(914): App\Controllers\OrdemDeServico->createServico()
#2 C:\xampp\htdocs\nxgestao\system\CodeIgniter.php(400): CodeIgniter\CodeIgniter->runController(Object(App\Controllers\OrdemDeServico))
#3 C:\xampp\htdocs\nxgestao\system\CodeIgniter.php(308): CodeIgniter\CodeIgniter->handleRequest(NULL, Object(Config\Cache), false)
#4 C:\xampp\htdocs\nxgestao\public\index.php(45): CodeIgniter\CodeIgniter->run()
#5 {main}
CRITICAL - 2021-01-20 15:05:05 --> Illegal string offset 'type'
#0 C:\xampp\htdocs\nxgestao\app\Views\login\index.php(128): CodeIgniter\Debug\Exceptions->errorHandler(2, 'Illegal string ...', 'C:\\xampp\\htdocs...', 128, Array)
#1 C:\xampp\htdocs\nxgestao\system\View\View.php(246): include('C:\\xampp\\htdocs...')
#2 C:\xampp\htdocs\nxgestao\system\Common.php(1087): CodeIgniter\View\View->render('login/index', Array, true)
#3 C:\xampp\htdocs\nxgestao\app\Controllers\Login.php(46): view('login/index', Array)
#4 C:\xampp\htdocs\nxgestao\system\CodeIgniter.php(914): App\Controllers\Login->index()
#5 C:\xampp\htdocs\nxgestao\system\CodeIgniter.php(400): CodeIgniter\CodeIgniter->runController(Object(App\Controllers\Login))
#6 C:\xampp\htdocs\nxgestao\system\CodeIgniter.php(308): CodeIgniter\CodeIgniter->handleRequest(NULL, Object(Config\Cache), false)
#7 C:\xampp\htdocs\nxgestao\public\index.php(45): CodeIgniter\CodeIgniter->run()
#8 {main}
CRITICAL - 2021-01-20 16:37:34 --> Illegal string offset 'type'
#0 C:\xampp\htdocs\nxgestao\app\Views\login\index.php(128): CodeIgniter\Debug\Exceptions->errorHandler(2, 'Illegal string ...', 'C:\\xampp\\htdocs...', 128, Array)
#1 C:\xampp\htdocs\nxgestao\system\View\View.php(246): include('C:\\xampp\\htdocs...')
#2 C:\xampp\htdocs\nxgestao\system\Common.php(1087): CodeIgniter\View\View->render('login/index', Array, true)
#3 C:\xampp\htdocs\nxgestao\app\Controllers\Login.php(46): view('login/index', Array)
#4 C:\xampp\htdocs\nxgestao\system\CodeIgniter.php(914): App\Controllers\Login->index()
#5 C:\xampp\htdocs\nxgestao\system\CodeIgniter.php(400): CodeIgniter\CodeIgniter->runController(Object(App\Controllers\Login))
#6 C:\xampp\htdocs\nxgestao\system\CodeIgniter.php(308): CodeIgniter\CodeIgniter->handleRequest(NULL, Object(Config\Cache), false)
#7 C:\xampp\htdocs\nxgestao\public\index.php(45): CodeIgniter\CodeIgniter->run()
#8 {main}
CRITICAL - 2021-01-20 17:27:11 --> Undefined variable: controle_de_acesso
#0 C:\xampp\htdocs\nxgestao\app\Views\templates\sidebar.php(241): CodeIgniter\Debug\Exceptions->errorHandler(8, 'Undefined varia...', 'C:\\xampp\\htdocs...', 241, Array)
#1 C:\xampp\htdocs\nxgestao\app\Views\templates\header.php(55): include('C:\\xampp\\htdocs...')
#2 C:\xampp\htdocs\nxgestao\system\View\View.php(246): include('C:\\xampp\\htdocs...')
#3 C:\xampp\htdocs\nxgestao\system\Common.php(1087): CodeIgniter\View\View->render('templates/heade...', Array, true)
#4 C:\xampp\htdocs\nxgestao\app\Controllers\Inicio.php(51): view('templates/heade...')
#5 C:\xampp\htdocs\nxgestao\system\CodeIgniter.php(914): App\Controllers\Inicio->index()
#6 C:\xampp\htdocs\nxgestao\system\CodeIgniter.php(400): CodeIgniter\CodeIgniter->runController(Object(App\Controllers\Inicio))
#7 C:\xampp\htdocs\nxgestao\system\CodeIgniter.php(308): CodeIgniter\CodeIgniter->handleRequest(NULL, Object(Config\Cache), false)
#8 C:\xampp\htdocs\nxgestao\public\index.php(45): CodeIgniter\CodeIgniter->run()
#9 {main}
