CRITICAL - 2020-09-22 18:40:18 --> Trying to access array offset on value of type null
#0 C:\xampp\htdocs\nxgestao\app\Views\relatorios\clientes.php(30): CodeIgniter\Debug\Exceptions->errorHandler(8, 'Trying to acces...', 'C:\\xampp\\htdocs...', 30, Array)
#1 C:\xampp\htdocs\nxgestao\system\View\View.php(246): include('C:\\xampp\\htdocs...')
#2 C:\xampp\htdocs\nxgestao\system\Common.php(1087): CodeIgniter\View\View->render('relatorios/clie...', Array, true)
#3 C:\xampp\htdocs\nxgestao\app\Controllers\Relatorios.php(79): view('relatorios/clie...', Array)
#4 C:\xampp\htdocs\nxgestao\system\CodeIgniter.php(914): App\Controllers\Relatorios->clientes()
#5 C:\xampp\htdocs\nxgestao\system\CodeIgniter.php(400): CodeIgniter\CodeIgniter->runController(Object(App\Controllers\Relatorios))
#6 C:\xampp\htdocs\nxgestao\system\CodeIgniter.php(308): CodeIgniter\CodeIgniter->handleRequest(NULL, Object(Config\Cache), false)
#7 C:\xampp\htdocs\nxgestao\public\index.php(45): CodeIgniter\CodeIgniter->run()
#8 {main}
CRITICAL - 2020-09-22 18:41:54 --> Undefined index: municipio
#0 C:\xampp\htdocs\nxgestao\app\Views\relatorios\clientes.php(59): CodeIgniter\Debug\Exceptions->errorHandler(8, 'Undefined index...', 'C:\\xampp\\htdocs...', 59, Array)
#1 C:\xampp\htdocs\nxgestao\system\View\View.php(246): include('C:\\xampp\\htdocs...')
#2 C:\xampp\htdocs\nxgestao\system\Common.php(1087): CodeIgniter\View\View->render('relatorios/clie...', Array, true)
#3 C:\xampp\htdocs\nxgestao\app\Controllers\Relatorios.php(79): view('relatorios/clie...', Array)
#4 C:\xampp\htdocs\nxgestao\system\CodeIgniter.php(914): App\Controllers\Relatorios->clientes()
#5 C:\xampp\htdocs\nxgestao\system\CodeIgniter.php(400): CodeIgniter\CodeIgniter->runController(Object(App\Controllers\Relatorios))
#6 C:\xampp\htdocs\nxgestao\system\CodeIgniter.php(308): CodeIgniter\CodeIgniter->handleRequest(NULL, Object(Config\Cache), false)
#7 C:\xampp\htdocs\nxgestao\public\index.php(45): CodeIgniter\CodeIgniter->run()
#8 {main}
CRITICAL - 2020-09-22 18:42:19 --> Undefined index: celular
#0 C:\xampp\htdocs\nxgestao\app\Views\relatorios\clientes.php(60): CodeIgniter\Debug\Exceptions->errorHandler(8, 'Undefined index...', 'C:\\xampp\\htdocs...', 60, Array)
#1 C:\xampp\htdocs\nxgestao\system\View\View.php(246): include('C:\\xampp\\htdocs...')
#2 C:\xampp\htdocs\nxgestao\system\Common.php(1087): CodeIgniter\View\View->render('relatorios/clie...', Array, true)
#3 C:\xampp\htdocs\nxgestao\app\Controllers\Relatorios.php(79): view('relatorios/clie...', Array)
#4 C:\xampp\htdocs\nxgestao\system\CodeIgniter.php(914): App\Controllers\Relatorios->clientes()
#5 C:\xampp\htdocs\nxgestao\system\CodeIgniter.php(400): CodeIgniter\CodeIgniter->runController(Object(App\Controllers\Relatorios))
#6 C:\xampp\htdocs\nxgestao\system\CodeIgniter.php(308): CodeIgniter\CodeIgniter->handleRequest(NULL, Object(Config\Cache), false)
#7 C:\xampp\htdocs\nxgestao\public\index.php(45): CodeIgniter\CodeIgniter->run()
#8 {main}
CRITICAL - 2020-09-22 18:42:30 --> Undefined index: comercial
#0 C:\xampp\htdocs\nxgestao\app\Views\relatorios\clientes.php(60): CodeIgniter\Debug\Exceptions->errorHandler(8, 'Undefined index...', 'C:\\xampp\\htdocs...', 60, Array)
#1 C:\xampp\htdocs\nxgestao\system\View\View.php(246): include('C:\\xampp\\htdocs...')
#2 C:\xampp\htdocs\nxgestao\system\Common.php(1087): CodeIgniter\View\View->render('relatorios/clie...', Array, true)
#3 C:\xampp\htdocs\nxgestao\app\Controllers\Relatorios.php(79): view('relatorios/clie...', Array)
#4 C:\xampp\htdocs\nxgestao\system\CodeIgniter.php(914): App\Controllers\Relatorios->clientes()
#5 C:\xampp\htdocs\nxgestao\system\CodeIgniter.php(400): CodeIgniter\CodeIgniter->runController(Object(App\Controllers\Relatorios))
#6 C:\xampp\htdocs\nxgestao\system\CodeIgniter.php(308): CodeIgniter\CodeIgniter->handleRequest(NULL, Object(Config\Cache), false)
#7 C:\xampp\htdocs\nxgestao\public\index.php(45): CodeIgniter\CodeIgniter->run()
#8 {main}
CRITICAL - 2020-09-22 19:02:58 --> WriteHTML() requires $html be an integer, float, string, boolean or an object with the __toString() magic method.
#0 C:\xampp\htdocs\nxgestao\app\Controllers\Pdf.php(34): Mpdf\Mpdf->WriteHTML(NULL)
#1 C:\xampp\htdocs\nxgestao\app\Controllers\Pdf.php(92): App\Controllers\Pdf->gerarPDF(NULL)
#2 C:\xampp\htdocs\nxgestao\system\CodeIgniter.php(914): App\Controllers\Pdf->clientes()
#3 C:\xampp\htdocs\nxgestao\system\CodeIgniter.php(400): CodeIgniter\CodeIgniter->runController(Object(App\Controllers\Pdf))
#4 C:\xampp\htdocs\nxgestao\system\CodeIgniter.php(308): CodeIgniter\CodeIgniter->handleRequest(NULL, Object(Config\Cache), false)
#5 C:\xampp\htdocs\nxgestao\public\index.php(45): CodeIgniter\CodeIgniter->run()
#6 {main}
CRITICAL - 2020-09-22 20:10:58 --> Undefined offset: 0
#0 C:\xampp\htdocs\nxgestao\app\ThirdParty\mpdf\vendor\mpdf\mpdf\src\Tag\Tr.php(16): CodeIgniter\Debug\Exceptions->errorHandler(8, 'Undefined offse...', 'C:\\xampp\\htdocs...', 16, Array)
#1 C:\xampp\htdocs\nxgestao\app\ThirdParty\mpdf\vendor\mpdf\mpdf\src\Tag.php(243): Mpdf\Tag\Tr->open(Array, Array, 7)
#2 C:\xampp\htdocs\nxgestao\app\ThirdParty\mpdf\vendor\mpdf\mpdf\src\Mpdf.php(13751): Mpdf\Tag->OpenTag('TR', Array, Array, 7)
#3 C:\xampp\htdocs\nxgestao\app\Controllers\Pdf.php(34): Mpdf\Mpdf->WriteHTML('</tr></thead><t...')
#4 C:\xampp\htdocs\nxgestao\app\Controllers\Pdf.php(128): App\Controllers\Pdf->gerarPDF('</tr></thead><t...')
#5 C:\xampp\htdocs\nxgestao\system\CodeIgniter.php(914): App\Controllers\Pdf->clientes()
#6 C:\xampp\htdocs\nxgestao\system\CodeIgniter.php(400): CodeIgniter\CodeIgniter->runController(Object(App\Controllers\Pdf))
#7 C:\xampp\htdocs\nxgestao\system\CodeIgniter.php(308): CodeIgniter\CodeIgniter->handleRequest(NULL, Object(Config\Cache), false)
#8 C:\xampp\htdocs\nxgestao\public\index.php(45): CodeIgniter\CodeIgniter->run()
#9 {main}
