CRITICAL - 2021-01-10 10:38:29 --> Call to undefined function App\Controllers\converteMoney()
#0 C:\xampp\htdocs\nxgestao\system\CodeIgniter.php(914): App\Controllers\PagamentosDaEmpresa->store('1')
#1 C:\xampp\htdocs\nxgestao\system\CodeIgniter.php(400): CodeIgniter\CodeIgniter->runController(Object(App\Controllers\PagamentosDaEmpresa))
#2 C:\xampp\htdocs\nxgestao\system\CodeIgniter.php(308): CodeIgniter\CodeIgniter->handleRequest(NULL, Object(Config\Cache), false)
#3 C:\xampp\htdocs\nxgestao\public\index.php(45): CodeIgniter\CodeIgniter->run()
#4 {main}
CRITICAL - 2021-01-10 10:46:45 --> Cannot add or update a child row: a foreign key constraint fails (`nxgestao`.`pagamentos_da_empresa`, CONSTRAINT `pagamentos_da_empresa_id_empresa_foreign` FOREIGN KEY (`id_empresa`) REFERENCES `empresas` (`id_empresa`) ON DELETE CASCADE ON UPDATE CASCADE)
#0 C:\xampp\htdocs\nxgestao\system\Database\MySQLi\Connection.php(331): mysqli->query('INSERT INTO `pa...')
#1 C:\xampp\htdocs\nxgestao\system\Database\BaseConnection.php(738): CodeIgniter\Database\MySQLi\Connection->execute('INSERT INTO `pa...')
#2 C:\xampp\htdocs\nxgestao\system\Database\BaseConnection.php(666): CodeIgniter\Database\BaseConnection->simpleQuery('INSERT INTO `pa...')
#3 C:\xampp\htdocs\nxgestao\system\Database\BaseBuilder.php(2234): CodeIgniter\Database\BaseConnection->query('INSERT INTO `pa...', Array, false)
#4 C:\xampp\htdocs\nxgestao\system\Model.php(729): CodeIgniter\Database\BaseBuilder->insert()
#5 C:\xampp\htdocs\nxgestao\app\Controllers\PagamentosDaEmpresa.php(128): CodeIgniter\Model->insert(Array)
#6 C:\xampp\htdocs\nxgestao\system\CodeIgniter.php(914): App\Controllers\PagamentosDaEmpresa->store('1')
#7 C:\xampp\htdocs\nxgestao\system\CodeIgniter.php(400): CodeIgniter\CodeIgniter->runController(Object(App\Controllers\PagamentosDaEmpresa))
#8 C:\xampp\htdocs\nxgestao\system\CodeIgniter.php(308): CodeIgniter\CodeIgniter->handleRequest(NULL, Object(Config\Cache), false)
#9 C:\xampp\htdocs\nxgestao\public\index.php(45): CodeIgniter\CodeIgniter->run()
#10 {main}
CRITICAL - 2021-01-10 10:47:21 --> Undefined property: App\Controllers\PagamentosDaEmpresa::$session
#0 C:\xampp\htdocs\nxgestao\app\Controllers\PagamentosDaEmpresa.php(133): CodeIgniter\Debug\Exceptions->errorHandler(8, 'Undefined prope...', 'C:\\xampp\\htdocs...', 133, Array)
#1 C:\xampp\htdocs\nxgestao\system\CodeIgniter.php(914): App\Controllers\PagamentosDaEmpresa->store('1')
#2 C:\xampp\htdocs\nxgestao\system\CodeIgniter.php(400): CodeIgniter\CodeIgniter->runController(Object(App\Controllers\PagamentosDaEmpresa))
#3 C:\xampp\htdocs\nxgestao\system\CodeIgniter.php(308): CodeIgniter\CodeIgniter->handleRequest(NULL, Object(Config\Cache), false)
#4 C:\xampp\htdocs\nxgestao\public\index.php(45): CodeIgniter\CodeIgniter->run()
#5 {main}
CRITICAL - 2021-01-10 10:48:02 --> Call to undefined method App\Controllers\PagamentosDaEmpresa::session()
#0 C:\xampp\htdocs\nxgestao\system\CodeIgniter.php(886): App\Controllers\PagamentosDaEmpresa->__construct()
#1 C:\xampp\htdocs\nxgestao\system\CodeIgniter.php(395): CodeIgniter\CodeIgniter->createController()
#2 C:\xampp\htdocs\nxgestao\system\CodeIgniter.php(308): CodeIgniter\CodeIgniter->handleRequest(NULL, Object(Config\Cache), false)
#3 C:\xampp\htdocs\nxgestao\public\index.php(45): CodeIgniter\CodeIgniter->run()
#4 {main}
CRITICAL - 2021-01-10 10:48:16 --> Undefined variable: cliente
#0 C:\xampp\htdocs\nxgestao\app\Views\admin\pagamentos_da_empresa\index.php(54): CodeIgniter\Debug\Exceptions->errorHandler(8, 'Undefined varia...', 'C:\\xampp\\htdocs...', 54, Array)
#1 C:\xampp\htdocs\nxgestao\system\View\View.php(246): include('C:\\xampp\\htdocs...')
#2 C:\xampp\htdocs\nxgestao\system\Common.php(1087): CodeIgniter\View\View->render('admin/pagamento...', Array, true)
#3 C:\xampp\htdocs\nxgestao\app\Controllers\PagamentosDaEmpresa.php(52): view('admin/pagamento...', Array)
#4 C:\xampp\htdocs\nxgestao\system\CodeIgniter.php(914): App\Controllers\PagamentosDaEmpresa->index('1')
#5 C:\xampp\htdocs\nxgestao\system\CodeIgniter.php(400): CodeIgniter\CodeIgniter->runController(Object(App\Controllers\PagamentosDaEmpresa))
#6 C:\xampp\htdocs\nxgestao\system\CodeIgniter.php(308): CodeIgniter\CodeIgniter->handleRequest(NULL, Object(Config\Cache), false)
#7 C:\xampp\htdocs\nxgestao\public\index.php(45): CodeIgniter\CodeIgniter->run()
#8 {main}
CRITICAL - 2021-01-10 10:49:18 --> Too few arguments to function App\Controllers\PagamentosDaEmpresa::edit(), 1 passed in C:\xampp\htdocs\nxgestao\system\CodeIgniter.php on line 914 and exactly 2 expected
#0 C:\xampp\htdocs\nxgestao\system\CodeIgniter.php(914): App\Controllers\PagamentosDaEmpresa->edit('3')
#1 C:\xampp\htdocs\nxgestao\system\CodeIgniter.php(400): CodeIgniter\CodeIgniter->runController(Object(App\Controllers\PagamentosDaEmpresa))
#2 C:\xampp\htdocs\nxgestao\system\CodeIgniter.php(308): CodeIgniter\CodeIgniter->handleRequest(NULL, Object(Config\Cache), false)
#3 C:\xampp\htdocs\nxgestao\public\index.php(45): CodeIgniter\CodeIgniter->run()
#4 {main}
CRITICAL - 2021-01-10 10:49:47 --> Undefined variable: id_empresa
#0 C:\xampp\htdocs\nxgestao\app\Views\admin\pagamentos_da_empresa\create.php(6): CodeIgniter\Debug\Exceptions->errorHandler(8, 'Undefined varia...', 'C:\\xampp\\htdocs...', 6, Array)
#1 C:\xampp\htdocs\nxgestao\system\View\View.php(246): include('C:\\xampp\\htdocs...')
#2 C:\xampp\htdocs\nxgestao\system\Common.php(1087): CodeIgniter\View\View->render('admin/pagamento...', Array, true)
#3 C:\xampp\htdocs\nxgestao\app\Controllers\PagamentosDaEmpresa.php(101): view('admin/pagamento...', Array)
#4 C:\xampp\htdocs\nxgestao\system\CodeIgniter.php(914): App\Controllers\PagamentosDaEmpresa->edit('1', '3')
#5 C:\xampp\htdocs\nxgestao\system\CodeIgniter.php(400): CodeIgniter\CodeIgniter->runController(Object(App\Controllers\PagamentosDaEmpresa))
#6 C:\xampp\htdocs\nxgestao\system\CodeIgniter.php(308): CodeIgniter\CodeIgniter->handleRequest(NULL, Object(Config\Cache), false)
#7 C:\xampp\htdocs\nxgestao\public\index.php(45): CodeIgniter\CodeIgniter->run()
#8 {main}
CRITICAL - 2021-01-10 10:54:15 --> Undefined property: App\Controllers\PagamentosDaEmpresa::$produto_da_empresa_model
#0 C:\xampp\htdocs\nxgestao\app\Controllers\PagamentosDaEmpresa.php(119): CodeIgniter\Debug\Exceptions->errorHandler(8, 'Undefined prope...', 'C:\\xampp\\htdocs...', 119, Array)
#1 C:\xampp\htdocs\nxgestao\system\CodeIgniter.php(914): App\Controllers\PagamentosDaEmpresa->store('1')
#2 C:\xampp\htdocs\nxgestao\system\CodeIgniter.php(400): CodeIgniter\CodeIgniter->runController(Object(App\Controllers\PagamentosDaEmpresa))
#3 C:\xampp\htdocs\nxgestao\system\CodeIgniter.php(308): CodeIgniter\CodeIgniter->handleRequest(NULL, Object(Config\Cache), false)
#4 C:\xampp\htdocs\nxgestao\public\index.php(45): CodeIgniter\CodeIgniter->run()
#5 {main}
CRITICAL - 2021-01-10 10:54:33 --> Too few arguments to function CodeIgniter\Model::save(), 0 passed in C:\xampp\htdocs\nxgestao\app\Controllers\PagamentosDaEmpresa.php on line 122 and exactly 1 expected
#0 C:\xampp\htdocs\nxgestao\app\Controllers\PagamentosDaEmpresa.php(122): CodeIgniter\Model->save()
#1 C:\xampp\htdocs\nxgestao\system\CodeIgniter.php(914): App\Controllers\PagamentosDaEmpresa->store('1')
#2 C:\xampp\htdocs\nxgestao\system\CodeIgniter.php(400): CodeIgniter\CodeIgniter->runController(Object(App\Controllers\PagamentosDaEmpresa))
#3 C:\xampp\htdocs\nxgestao\system\CodeIgniter.php(308): CodeIgniter\CodeIgniter->handleRequest(NULL, Object(Config\Cache), false)
#4 C:\xampp\htdocs\nxgestao\public\index.php(45): CodeIgniter\CodeIgniter->run()
#5 {main}
CRITICAL - 2021-01-10 12:17:03 --> Undefined property: App\Controllers\Admin::$pagamento_da_empresa_model
#0 C:\xampp\htdocs\nxgestao\app\Controllers\Admin.php(127): CodeIgniter\Debug\Exceptions->errorHandler(8, 'Undefined prope...', 'C:\\xampp\\htdocs...', 127, Array)
#1 C:\xampp\htdocs\nxgestao\system\CodeIgniter.php(914): App\Controllers\Admin->relatorioFaturamentoPorPeriodoDetalhado()
#2 C:\xampp\htdocs\nxgestao\system\CodeIgniter.php(400): CodeIgniter\CodeIgniter->runController(Object(App\Controllers\Admin))
#3 C:\xampp\htdocs\nxgestao\system\CodeIgniter.php(308): CodeIgniter\CodeIgniter->handleRequest(NULL, Object(Config\Cache), false)
#4 C:\xampp\htdocs\nxgestao\public\index.php(45): CodeIgniter\CodeIgniter->run()
#5 {main}
CRITICAL - 2021-01-10 12:18:02 --> Empty statement is given for the field `Select`
#0 C:\xampp\htdocs\nxgestao\system\Database\BaseBuilder.php(492): CodeIgniter\Database\Exceptions\DataException::forEmptyInputGiven('Select')
#1 C:\xampp\htdocs\nxgestao\system\Database\BaseBuilder.php(450): CodeIgniter\Database\BaseBuilder->maxMinAvgSum('', '', 'SUM')
#2 C:\xampp\htdocs\nxgestao\system\Model.php(1716): CodeIgniter\Database\BaseBuilder->selectSum()
#3 C:\xampp\htdocs\nxgestao\app\Controllers\Admin.php(132): CodeIgniter\Model->__call('selectSum', Array)
#4 C:\xampp\htdocs\nxgestao\system\CodeIgniter.php(914): App\Controllers\Admin->relatorioFaturamentoPorPeriodoDetalhado()
#5 C:\xampp\htdocs\nxgestao\system\CodeIgniter.php(400): CodeIgniter\CodeIgniter->runController(Object(App\Controllers\Admin))
#6 C:\xampp\htdocs\nxgestao\system\CodeIgniter.php(308): CodeIgniter\CodeIgniter->handleRequest(NULL, Object(Config\Cache), false)
#7 C:\xampp\htdocs\nxgestao\public\index.php(45): CodeIgniter\CodeIgniter->run()
#8 {main}
CRITICAL - 2021-01-10 12:25:46 --> Trying to access array offset on value of type null
#0 C:\xampp\htdocs\nxgestao\app\Models\ControleDeAcessoModel.php(96): CodeIgniter\Debug\Exceptions->errorHandler(8, 'Trying to acces...', 'C:\\xampp\\htdocs...', 96, Array)
#1 C:\xampp\htdocs\nxgestao\app\Controllers\Orcamentos.php(54): App\Models\ControleDeAcessoModel->verificaPermissao('orcamentos')
#2 C:\xampp\htdocs\nxgestao\system\CodeIgniter.php(914): App\Controllers\Orcamentos->index()
#3 C:\xampp\htdocs\nxgestao\system\CodeIgniter.php(400): CodeIgniter\CodeIgniter->runController(Object(App\Controllers\Orcamentos))
#4 C:\xampp\htdocs\nxgestao\system\CodeIgniter.php(308): CodeIgniter\CodeIgniter->handleRequest(NULL, Object(Config\Cache), false)
#5 C:\xampp\htdocs\nxgestao\public\index.php(45): CodeIgniter\CodeIgniter->run()
#6 {main}
CRITICAL - 2021-01-10 12:27:39 --> Trying to access array offset on value of type null
#0 C:\xampp\htdocs\nxgestao\app\Models\ControleDeAcessoModel.php(96): CodeIgniter\Debug\Exceptions->errorHandler(8, 'Trying to acces...', 'C:\\xampp\\htdocs...', 96, Array)
#1 C:\xampp\htdocs\nxgestao\app\Controllers\Pedidos.php(50): App\Models\ControleDeAcessoModel->verificaPermissao('pedidos')
#2 C:\xampp\htdocs\nxgestao\system\CodeIgniter.php(914): App\Controllers\Pedidos->index()
#3 C:\xampp\htdocs\nxgestao\system\CodeIgniter.php(400): CodeIgniter\CodeIgniter->runController(Object(App\Controllers\Pedidos))
#4 C:\xampp\htdocs\nxgestao\system\CodeIgniter.php(308): CodeIgniter\CodeIgniter->handleRequest(NULL, Object(Config\Cache), false)
#5 C:\xampp\htdocs\nxgestao\public\index.php(45): CodeIgniter\CodeIgniter->run()
#6 {main}
CRITICAL - 2021-01-10 12:45:28 --> Undefined property: App\Controllers\Admin::$session
#0 C:\xampp\htdocs\nxgestao\app\Controllers\Admin.php(155): CodeIgniter\Debug\Exceptions->errorHandler(8, 'Undefined prope...', 'C:\\xampp\\htdocs...', 155, Array)
#1 C:\xampp\htdocs\nxgestao\system\CodeIgniter.php(914): App\Controllers\Admin->relatorioFaturamentoPorPeriodoDetalhado()
#2 C:\xampp\htdocs\nxgestao\system\CodeIgniter.php(400): CodeIgniter\CodeIgniter->runController(Object(App\Controllers\Admin))
#3 C:\xampp\htdocs\nxgestao\system\CodeIgniter.php(308): CodeIgniter\CodeIgniter->handleRequest(NULL, Object(Config\Cache), false)
#4 C:\xampp\htdocs\nxgestao\public\index.php(45): CodeIgniter\CodeIgniter->run()
#5 {main}
CRITICAL - 2021-01-10 16:48:40 --> Class 'App\Controllers\ConfiguracaoModel' not found
#0 C:\xampp\htdocs\nxgestao\system\CodeIgniter.php(886): App\Controllers\Configuracoes->__construct()
#1 C:\xampp\htdocs\nxgestao\system\CodeIgniter.php(395): CodeIgniter\CodeIgniter->createController()
#2 C:\xampp\htdocs\nxgestao\system\CodeIgniter.php(308): CodeIgniter\CodeIgniter->handleRequest(NULL, Object(Config\Cache), false)
#3 C:\xampp\htdocs\nxgestao\public\index.php(45): CodeIgniter\CodeIgniter->run()
#4 {main}
CRITICAL - 2021-01-10 16:50:59 --> Class 'App\Controllers\ConfiguracaoModel' not found
#0 C:\xampp\htdocs\nxgestao\system\CodeIgniter.php(886): App\Controllers\Configuracoes->__construct()
#1 C:\xampp\htdocs\nxgestao\system\CodeIgniter.php(395): CodeIgniter\CodeIgniter->createController()
#2 C:\xampp\htdocs\nxgestao\system\CodeIgniter.php(308): CodeIgniter\CodeIgniter->handleRequest(NULL, Object(Config\Cache), false)
#3 C:\xampp\htdocs\nxgestao\public\index.php(45): CodeIgniter\CodeIgniter->run()
#4 {main}
CRITICAL - 2021-01-10 16:51:37 --> Invalid file: configuracoes/index.php
#0 C:\xampp\htdocs\nxgestao\system\View\View.php(228): CodeIgniter\Exceptions\FrameworkException::forInvalidFile('configuracoes/i...')
#1 C:\xampp\htdocs\nxgestao\system\Common.php(1087): CodeIgniter\View\View->render('configuracoes/i...', Array, true)
#2 C:\xampp\htdocs\nxgestao\app\Controllers\Configuracoes.php(38): view('configuracoes/i...', Array)
#3 C:\xampp\htdocs\nxgestao\system\CodeIgniter.php(914): App\Controllers\Configuracoes->edit()
#4 C:\xampp\htdocs\nxgestao\system\CodeIgniter.php(400): CodeIgniter\CodeIgniter->runController(Object(App\Controllers\Configuracoes))
#5 C:\xampp\htdocs\nxgestao\system\CodeIgniter.php(308): CodeIgniter\CodeIgniter->handleRequest(NULL, Object(Config\Cache), false)
#6 C:\xampp\htdocs\nxgestao\public\index.php(45): CodeIgniter\CodeIgniter->run()
#7 {main}
CRITICAL - 2021-01-10 16:51:45 --> Invalid file: configuracoes/form.php
#0 C:\xampp\htdocs\nxgestao\system\View\View.php(228): CodeIgniter\Exceptions\FrameworkException::forInvalidFile('configuracoes/f...')
#1 C:\xampp\htdocs\nxgestao\system\Common.php(1087): CodeIgniter\View\View->render('configuracoes/f...', Array, true)
#2 C:\xampp\htdocs\nxgestao\app\Controllers\Configuracoes.php(38): view('configuracoes/f...', Array)
#3 C:\xampp\htdocs\nxgestao\system\CodeIgniter.php(914): App\Controllers\Configuracoes->edit()
#4 C:\xampp\htdocs\nxgestao\system\CodeIgniter.php(400): CodeIgniter\CodeIgniter->runController(Object(App\Controllers\Configuracoes))
#5 C:\xampp\htdocs\nxgestao\system\CodeIgniter.php(308): CodeIgniter\CodeIgniter->handleRequest(NULL, Object(Config\Cache), false)
#6 C:\xampp\htdocs\nxgestao\public\index.php(45): CodeIgniter\CodeIgniter->run()
#7 {main}
CRITICAL - 2021-01-10 16:51:53 --> Undefined variable: id_empresa
#0 C:\xampp\htdocs\nxgestao\app\Views\admin\configuracoes\form.php(15): CodeIgniter\Debug\Exceptions->errorHandler(8, 'Undefined varia...', 'C:\\xampp\\htdocs...', 15, Array)
#1 C:\xampp\htdocs\nxgestao\system\View\View.php(246): include('C:\\xampp\\htdocs...')
#2 C:\xampp\htdocs\nxgestao\system\Common.php(1087): CodeIgniter\View\View->render('admin/configura...', Array, true)
#3 C:\xampp\htdocs\nxgestao\app\Controllers\Configuracoes.php(38): view('admin/configura...', Array)
#4 C:\xampp\htdocs\nxgestao\system\CodeIgniter.php(914): App\Controllers\Configuracoes->edit()
#5 C:\xampp\htdocs\nxgestao\system\CodeIgniter.php(400): CodeIgniter\CodeIgniter->runController(Object(App\Controllers\Configuracoes))
#6 C:\xampp\htdocs\nxgestao\system\CodeIgniter.php(308): CodeIgniter\CodeIgniter->handleRequest(NULL, Object(Config\Cache), false)
#7 C:\xampp\htdocs\nxgestao\public\index.php(45): CodeIgniter\CodeIgniter->run()
#8 {main}
CRITICAL - 2021-01-10 16:52:37 --> Illegal string offset 'item'
#0 C:\xampp\htdocs\nxgestao\app\Views\templates\footer.php(104): CodeIgniter\Debug\Exceptions->errorHandler(2, 'Illegal string ...', 'C:\\xampp\\htdocs...', 104, Array)
#1 C:\xampp\htdocs\nxgestao\system\View\View.php(246): include('C:\\xampp\\htdocs...')
#2 C:\xampp\htdocs\nxgestao\system\Common.php(1087): CodeIgniter\View\View->render('templates/foote...', Array, true)
#3 C:\xampp\htdocs\nxgestao\app\Controllers\Configuracoes.php(39): view('templates/foote...')
#4 C:\xampp\htdocs\nxgestao\system\CodeIgniter.php(914): App\Controllers\Configuracoes->edit()
#5 C:\xampp\htdocs\nxgestao\system\CodeIgniter.php(400): CodeIgniter\CodeIgniter->runController(Object(App\Controllers\Configuracoes))
#6 C:\xampp\htdocs\nxgestao\system\CodeIgniter.php(308): CodeIgniter\CodeIgniter->handleRequest(NULL, Object(Config\Cache), false)
#7 C:\xampp\htdocs\nxgestao\public\index.php(45): CodeIgniter\CodeIgniter->run()
#8 {main}
CRITICAL - 2021-01-10 17:00:26 --> Undefined property: App\Controllers\Configuracoes::$session
#0 C:\xampp\htdocs\nxgestao\app\Controllers\Configuracoes.php(52): CodeIgniter\Debug\Exceptions->errorHandler(8, 'Undefined prope...', 'C:\\xampp\\htdocs...', 52, Array)
#1 C:\xampp\htdocs\nxgestao\system\CodeIgniter.php(914): App\Controllers\Configuracoes->store()
#2 C:\xampp\htdocs\nxgestao\system\CodeIgniter.php(400): CodeIgniter\CodeIgniter->runController(Object(App\Controllers\Configuracoes))
#3 C:\xampp\htdocs\nxgestao\system\CodeIgniter.php(308): CodeIgniter\CodeIgniter->handleRequest(NULL, Object(Config\Cache), false)
#4 C:\xampp\htdocs\nxgestao\public\index.php(45): CodeIgniter\CodeIgniter->run()
#5 {main}
CRITICAL - 2021-01-10 17:03:20 --> Call to undefined function App\Controllers\removeMascaras()
#0 C:\xampp\htdocs\nxgestao\system\CodeIgniter.php(914): App\Controllers\Configuracoes->store()
#1 C:\xampp\htdocs\nxgestao\system\CodeIgniter.php(400): CodeIgniter\CodeIgniter->runController(Object(App\Controllers\Configuracoes))
#2 C:\xampp\htdocs\nxgestao\system\CodeIgniter.php(308): CodeIgniter\CodeIgniter->handleRequest(NULL, Object(Config\Cache), false)
#3 C:\xampp\htdocs\nxgestao\public\index.php(45): CodeIgniter\CodeIgniter->run()
#4 {main}
CRITICAL - 2021-01-10 17:07:08 --> Table 'nxgestao.configuracoes' doesn't exist
#0 C:\xampp\htdocs\nxgestao\system\Database\MySQLi\Connection.php(331): mysqli->query('SELECT *\nFROM `...')
#1 C:\xampp\htdocs\nxgestao\system\Database\BaseConnection.php(738): CodeIgniter\Database\MySQLi\Connection->execute('SELECT *\nFROM `...')
#2 C:\xampp\htdocs\nxgestao\system\Database\BaseConnection.php(666): CodeIgniter\Database\BaseConnection->simpleQuery('SELECT *\nFROM `...')
#3 C:\xampp\htdocs\nxgestao\system\Database\BaseBuilder.php(1845): CodeIgniter\Database\BaseConnection->query('SELECT *\nFROM `...', Array, false)
#4 C:\xampp\htdocs\nxgestao\system\Model.php(489): CodeIgniter\Database\BaseBuilder->get()
#5 C:\xampp\htdocs\nxgestao\app\Controllers\Configuracoes.php(43): CodeIgniter\Model->first()
#6 C:\xampp\htdocs\nxgestao\system\CodeIgniter.php(914): App\Controllers\Configuracoes->edit()
#7 C:\xampp\htdocs\nxgestao\system\CodeIgniter.php(400): CodeIgniter\CodeIgniter->runController(Object(App\Controllers\Configuracoes))
#8 C:\xampp\htdocs\nxgestao\system\CodeIgniter.php(308): CodeIgniter\CodeIgniter->handleRequest(NULL, Object(Config\Cache), false)
#9 C:\xampp\htdocs\nxgestao\public\index.php(45): CodeIgniter\CodeIgniter->run()
#10 {main}
CRITICAL - 2021-01-10 17:07:09 --> Table 'nxgestao.configuracoes' doesn't exist
#0 C:\xampp\htdocs\nxgestao\system\Database\MySQLi\Connection.php(331): mysqli->query('SELECT *\nFROM `...')
#1 C:\xampp\htdocs\nxgestao\system\Database\BaseConnection.php(738): CodeIgniter\Database\MySQLi\Connection->execute('SELECT *\nFROM `...')
#2 C:\xampp\htdocs\nxgestao\system\Database\BaseConnection.php(666): CodeIgniter\Database\BaseConnection->simpleQuery('SELECT *\nFROM `...')
#3 C:\xampp\htdocs\nxgestao\system\Database\BaseBuilder.php(1845): CodeIgniter\Database\BaseConnection->query('SELECT *\nFROM `...', Array, false)
#4 C:\xampp\htdocs\nxgestao\system\Model.php(489): CodeIgniter\Database\BaseBuilder->get()
#5 C:\xampp\htdocs\nxgestao\app\Controllers\Configuracoes.php(43): CodeIgniter\Model->first()
#6 C:\xampp\htdocs\nxgestao\system\CodeIgniter.php(914): App\Controllers\Configuracoes->edit()
#7 C:\xampp\htdocs\nxgestao\system\CodeIgniter.php(400): CodeIgniter\CodeIgniter->runController(Object(App\Controllers\Configuracoes))
#8 C:\xampp\htdocs\nxgestao\system\CodeIgniter.php(308): CodeIgniter\CodeIgniter->handleRequest(NULL, Object(Config\Cache), false)
#9 C:\xampp\htdocs\nxgestao\public\index.php(45): CodeIgniter\CodeIgniter->run()
#10 {main}
CRITICAL - 2021-01-10 17:08:08 --> Illegal string offset 'type'
#0 C:\xampp\htdocs\nxgestao\app\Views\login\index.php(108): CodeIgniter\Debug\Exceptions->errorHandler(2, 'Illegal string ...', 'C:\\xampp\\htdocs...', 108, Array)
#1 C:\xampp\htdocs\nxgestao\system\View\View.php(246): include('C:\\xampp\\htdocs...')
#2 C:\xampp\htdocs\nxgestao\system\Common.php(1087): CodeIgniter\View\View->render('login/index', Array, true)
#3 C:\xampp\htdocs\nxgestao\app\Controllers\Login.php(40): view('login/index')
#4 C:\xampp\htdocs\nxgestao\system\CodeIgniter.php(914): App\Controllers\Login->index()
#5 C:\xampp\htdocs\nxgestao\system\CodeIgniter.php(400): CodeIgniter\CodeIgniter->runController(Object(App\Controllers\Login))
#6 C:\xampp\htdocs\nxgestao\system\CodeIgniter.php(308): CodeIgniter\CodeIgniter->handleRequest(NULL, Object(Config\Cache), false)
#7 C:\xampp\htdocs\nxgestao\public\index.php(45): CodeIgniter\CodeIgniter->run()
#8 {main}
