CRITICAL - 2020-10-18 11:53:38 --> Undefined index: usuario
#0 C:\xampp\htdocs\nxgestao\app\Controllers\Login.php(36): CodeIgniter\Debug\Exceptions->errorHandler(8, 'Undefined index...', 'C:\\xampp\\htdocs...', 36, Array)
#1 C:\xampp\htdocs\nxgestao\system\CodeIgniter.php(914): App\Controllers\Login->autenticar()
#2 C:\xampp\htdocs\nxgestao\system\CodeIgniter.php(400): CodeIgniter\CodeIgniter->runController(Object(App\Controllers\Login))
#3 C:\xampp\htdocs\nxgestao\system\CodeIgniter.php(308): CodeIgniter\CodeIgniter->handleRequest(NULL, Object(Config\Cache), false)
#4 C:\xampp\htdocs\nxgestao\public\index.php(45): CodeIgniter\CodeIgniter->run()
#5 {main}
CRITICAL - 2020-10-18 11:59:05 --> Trying to access array offset on value of type null
#0 C:\xampp\htdocs\nxgestao\app\Views\templates\navbar.php(73): CodeIgniter\Debug\Exceptions->errorHandler(8, 'Trying to acces...', 'C:\\xampp\\htdocs...', 73, Array)
#1 C:\xampp\htdocs\nxgestao\app\Views\templates\header.php(57): include('C:\\xampp\\htdocs...')
#2 C:\xampp\htdocs\nxgestao\system\View\View.php(246): include('C:\\xampp\\htdocs...')
#3 C:\xampp\htdocs\nxgestao\system\Common.php(1087): CodeIgniter\View\View->render('templates/heade...', Array, true)
#4 C:\xampp\htdocs\nxgestao\app\Controllers\Empresas.php(78): view('templates/heade...')
#5 C:\xampp\htdocs\nxgestao\system\CodeIgniter.php(914): App\Controllers\Empresas->index()
#6 C:\xampp\htdocs\nxgestao\system\CodeIgniter.php(400): CodeIgniter\CodeIgniter->runController(Object(App\Controllers\Empresas))
#7 C:\xampp\htdocs\nxgestao\system\CodeIgniter.php(308): CodeIgniter\CodeIgniter->handleRequest(NULL, Object(Config\Cache), false)
#8 C:\xampp\htdocs\nxgestao\public\index.php(45): CodeIgniter\CodeIgniter->run()
#9 {main}
CRITICAL - 2020-10-18 11:59:05 --> Trying to access array offset on value of type null
#0 C:\xampp\htdocs\nxgestao\app\Views\templates\navbar.php(73): CodeIgniter\Debug\Exceptions->errorHandler(8, 'Trying to acces...', 'C:\\xampp\\htdocs...', 73, Array)
#1 C:\xampp\htdocs\nxgestao\app\Views\templates\header.php(57): include('C:\\xampp\\htdocs...')
#2 C:\xampp\htdocs\nxgestao\system\View\View.php(246): include('C:\\xampp\\htdocs...')
#3 C:\xampp\htdocs\nxgestao\system\Common.php(1087): CodeIgniter\View\View->render('templates/heade...', Array, true)
#4 C:\xampp\htdocs\nxgestao\app\Controllers\Empresas.php(78): view('templates/heade...')
#5 C:\xampp\htdocs\nxgestao\system\CodeIgniter.php(914): App\Controllers\Empresas->index()
#6 C:\xampp\htdocs\nxgestao\system\CodeIgniter.php(400): CodeIgniter\CodeIgniter->runController(Object(App\Controllers\Empresas))
#7 C:\xampp\htdocs\nxgestao\system\CodeIgniter.php(308): CodeIgniter\CodeIgniter->handleRequest(NULL, Object(Config\Cache), false)
#8 C:\xampp\htdocs\nxgestao\public\index.php(45): CodeIgniter\CodeIgniter->run()
#9 {main}
CRITICAL - 2020-10-18 12:00:12 --> Undefined variable: json
#0 C:\xampp\htdocs\nxgestao\app\Controllers\Login.php(85): CodeIgniter\Debug\Exceptions->errorHandler(8, 'Undefined varia...', 'C:\\xampp\\htdocs...', 85, Array)
#1 C:\xampp\htdocs\nxgestao\system\CodeIgniter.php(914): App\Controllers\Login->autenticar()
#2 C:\xampp\htdocs\nxgestao\system\CodeIgniter.php(400): CodeIgniter\CodeIgniter->runController(Object(App\Controllers\Login))
#3 C:\xampp\htdocs\nxgestao\system\CodeIgniter.php(308): CodeIgniter\CodeIgniter->handleRequest(NULL, Object(Config\Cache), false)
#4 C:\xampp\htdocs\nxgestao\public\index.php(45): CodeIgniter\CodeIgniter->run()
#5 {main}
CRITICAL - 2020-10-18 12:51:41 --> Undefined property: stdClass::$confgs
#0 C:\xampp\htdocs\nxgestao\app\Views\templates\navbar.php(70): CodeIgniter\Debug\Exceptions->errorHandler(8, 'Undefined prope...', 'C:\\xampp\\htdocs...', 70, Array)
#1 C:\xampp\htdocs\nxgestao\app\Views\templates\header.php(57): include('C:\\xampp\\htdocs...')
#2 C:\xampp\htdocs\nxgestao\system\View\View.php(246): include('C:\\xampp\\htdocs...')
#3 C:\xampp\htdocs\nxgestao\system\Common.php(1087): CodeIgniter\View\View->render('templates/heade...', Array, true)
#4 C:\xampp\htdocs\nxgestao\app\Controllers\Inicio.php(15): view('templates/heade...')
#5 C:\xampp\htdocs\nxgestao\system\CodeIgniter.php(914): App\Controllers\Inicio->index()
#6 C:\xampp\htdocs\nxgestao\system\CodeIgniter.php(400): CodeIgniter\CodeIgniter->runController(Object(App\Controllers\Inicio))
#7 C:\xampp\htdocs\nxgestao\system\CodeIgniter.php(308): CodeIgniter\CodeIgniter->handleRequest(NULL, Object(Config\Cache), false)
#8 C:\xampp\htdocs\nxgestao\public\index.php(45): CodeIgniter\CodeIgniter->run()
#9 {main}
CRITICAL - 2020-10-18 15:29:52 --> Undefined property: App\Controllers\VendaRapida::$session
#0 C:\xampp\htdocs\nxgestao\app\Controllers\VendaRapida.php(69): CodeIgniter\Debug\Exceptions->errorHandler(8, 'Undefined prope...', 'C:\\xampp\\htdocs...', 69, Array)
#1 C:\xampp\htdocs\nxgestao\system\CodeIgniter.php(914): App\Controllers\VendaRapida->index()
#2 C:\xampp\htdocs\nxgestao\system\CodeIgniter.php(400): CodeIgniter\CodeIgniter->runController(Object(App\Controllers\VendaRapida))
#3 C:\xampp\htdocs\nxgestao\system\CodeIgniter.php(308): CodeIgniter\CodeIgniter->handleRequest(NULL, Object(Config\Cache), false)
#4 C:\xampp\htdocs\nxgestao\public\index.php(45): CodeIgniter\CodeIgniter->run()
#5 {main}
CRITICAL - 2020-10-18 15:32:31 --> Trying to access array offset on value of type null
#0 C:\xampp\htdocs\nxgestao\app\Controllers\VendaRapida.php(70): CodeIgniter\Debug\Exceptions->errorHandler(8, 'Trying to acces...', 'C:\\xampp\\htdocs...', 70, Array)
#1 C:\xampp\htdocs\nxgestao\system\CodeIgniter.php(914): App\Controllers\VendaRapida->index()
#2 C:\xampp\htdocs\nxgestao\system\CodeIgniter.php(400): CodeIgniter\CodeIgniter->runController(Object(App\Controllers\VendaRapida))
#3 C:\xampp\htdocs\nxgestao\system\CodeIgniter.php(308): CodeIgniter\CodeIgniter->handleRequest(NULL, Object(Config\Cache), false)
#4 C:\xampp\htdocs\nxgestao\public\index.php(45): CodeIgniter\CodeIgniter->run()
#5 {main}
CRITICAL - 2020-10-18 15:33:25 --> Trying to get property 'venda_rapida' of non-object
#0 C:\xampp\htdocs\nxgestao\app\Views\templates\navbar.php(29): CodeIgniter\Debug\Exceptions->errorHandler(8, 'Trying to get p...', 'C:\\xampp\\htdocs...', 29, Array)
#1 C:\xampp\htdocs\nxgestao\app\Views\templates\header.php(48): include('C:\\xampp\\htdocs...')
#2 C:\xampp\htdocs\nxgestao\system\View\View.php(246): include('C:\\xampp\\htdocs...')
#3 C:\xampp\htdocs\nxgestao\system\Common.php(1087): CodeIgniter\View\View->render('templates/heade...', Array, true)
#4 C:\xampp\htdocs\nxgestao\app\Controllers\VendaRapida.php(96): view('templates/heade...')
#5 C:\xampp\htdocs\nxgestao\system\CodeIgniter.php(914): App\Controllers\VendaRapida->index()
#6 C:\xampp\htdocs\nxgestao\system\CodeIgniter.php(400): CodeIgniter\CodeIgniter->runController(Object(App\Controllers\VendaRapida))
#7 C:\xampp\htdocs\nxgestao\system\CodeIgniter.php(308): CodeIgniter\CodeIgniter->handleRequest(NULL, Object(Config\Cache), false)
#8 C:\xampp\htdocs\nxgestao\public\index.php(45): CodeIgniter\CodeIgniter->run()
#9 {main}
CRITICAL - 2020-10-18 15:33:53 --> Trying to access array offset on value of type null
#0 C:\xampp\htdocs\nxgestao\app\Controllers\VendaRapida.php(70): CodeIgniter\Debug\Exceptions->errorHandler(8, 'Trying to acces...', 'C:\\xampp\\htdocs...', 70, Array)
#1 C:\xampp\htdocs\nxgestao\system\CodeIgniter.php(914): App\Controllers\VendaRapida->index()
#2 C:\xampp\htdocs\nxgestao\system\CodeIgniter.php(400): CodeIgniter\CodeIgniter->runController(Object(App\Controllers\VendaRapida))
#3 C:\xampp\htdocs\nxgestao\system\CodeIgniter.php(308): CodeIgniter\CodeIgniter->handleRequest(NULL, Object(Config\Cache), false)
#4 C:\xampp\htdocs\nxgestao\public\index.php(45): CodeIgniter\CodeIgniter->run()
#5 {main}
CRITICAL - 2020-10-18 15:34:13 --> Trying to get property 'venda_rapida' of non-object
#0 C:\xampp\htdocs\nxgestao\app\Views\templates\navbar.php(29): CodeIgniter\Debug\Exceptions->errorHandler(8, 'Trying to get p...', 'C:\\xampp\\htdocs...', 29, Array)
#1 C:\xampp\htdocs\nxgestao\app\Views\templates\header.php(48): include('C:\\xampp\\htdocs...')
#2 C:\xampp\htdocs\nxgestao\system\View\View.php(246): include('C:\\xampp\\htdocs...')
#3 C:\xampp\htdocs\nxgestao\system\Common.php(1087): CodeIgniter\View\View->render('templates/heade...', Array, true)
#4 C:\xampp\htdocs\nxgestao\app\Controllers\VendaRapida.php(96): view('templates/heade...')
#5 C:\xampp\htdocs\nxgestao\system\CodeIgniter.php(914): App\Controllers\VendaRapida->index()
#6 C:\xampp\htdocs\nxgestao\system\CodeIgniter.php(400): CodeIgniter\CodeIgniter->runController(Object(App\Controllers\VendaRapida))
#7 C:\xampp\htdocs\nxgestao\system\CodeIgniter.php(308): CodeIgniter\CodeIgniter->handleRequest(NULL, Object(Config\Cache), false)
#8 C:\xampp\htdocs\nxgestao\public\index.php(45): CodeIgniter\CodeIgniter->run()
#9 {main}
CRITICAL - 2020-10-18 15:37:33 --> Trying to access array offset on value of type null
#0 C:\xampp\htdocs\nxgestao\app\Controllers\VendaRapida.php(71): CodeIgniter\Debug\Exceptions->errorHandler(8, 'Trying to acces...', 'C:\\xampp\\htdocs...', 71, Array)
#1 C:\xampp\htdocs\nxgestao\system\CodeIgniter.php(914): App\Controllers\VendaRapida->index()
#2 C:\xampp\htdocs\nxgestao\system\CodeIgniter.php(400): CodeIgniter\CodeIgniter->runController(Object(App\Controllers\VendaRapida))
#3 C:\xampp\htdocs\nxgestao\system\CodeIgniter.php(308): CodeIgniter\CodeIgniter->handleRequest(NULL, Object(Config\Cache), false)
#4 C:\xampp\htdocs\nxgestao\public\index.php(45): CodeIgniter\CodeIgniter->run()
#5 {main}
CRITICAL - 2020-10-18 15:41:23 --> Trying to get property 'venda_rapida' of non-object
#0 C:\xampp\htdocs\nxgestao\app\Views\templates\navbar.php(29): CodeIgniter\Debug\Exceptions->errorHandler(8, 'Trying to get p...', 'C:\\xampp\\htdocs...', 29, Array)
#1 C:\xampp\htdocs\nxgestao\app\Views\templates\header.php(48): include('C:\\xampp\\htdocs...')
#2 C:\xampp\htdocs\nxgestao\system\View\View.php(246): include('C:\\xampp\\htdocs...')
#3 C:\xampp\htdocs\nxgestao\system\Common.php(1087): CodeIgniter\View\View->render('templates/heade...', Array, true)
#4 C:\xampp\htdocs\nxgestao\app\Controllers\Vendas.php(101): view('templates/heade...')
#5 C:\xampp\htdocs\nxgestao\system\CodeIgniter.php(914): App\Controllers\Vendas->index()
#6 C:\xampp\htdocs\nxgestao\system\CodeIgniter.php(400): CodeIgniter\CodeIgniter->runController(Object(App\Controllers\Vendas))
#7 C:\xampp\htdocs\nxgestao\system\CodeIgniter.php(308): CodeIgniter\CodeIgniter->handleRequest(NULL, Object(Config\Cache), false)
#8 C:\xampp\htdocs\nxgestao\public\index.php(45): CodeIgniter\CodeIgniter->run()
#9 {main}
CRITICAL - 2020-10-18 15:43:06 --> Trying to get property 'venda_rapida' of non-object
#0 C:\xampp\htdocs\nxgestao\app\Views\templates\navbar.php(29): CodeIgniter\Debug\Exceptions->errorHandler(8, 'Trying to get p...', 'C:\\xampp\\htdocs...', 29, Array)
#1 C:\xampp\htdocs\nxgestao\app\Views\templates\header.php(48): include('C:\\xampp\\htdocs...')
#2 C:\xampp\htdocs\nxgestao\system\View\View.php(246): include('C:\\xampp\\htdocs...')
#3 C:\xampp\htdocs\nxgestao\system\Common.php(1087): CodeIgniter\View\View->render('templates/heade...', Array, true)
#4 C:\xampp\htdocs\nxgestao\app\Controllers\VendaRapida.php(103): view('templates/heade...')
#5 C:\xampp\htdocs\nxgestao\system\CodeIgniter.php(914): App\Controllers\VendaRapida->index()
#6 C:\xampp\htdocs\nxgestao\system\CodeIgniter.php(400): CodeIgniter\CodeIgniter->runController(Object(App\Controllers\VendaRapida))
#7 C:\xampp\htdocs\nxgestao\system\CodeIgniter.php(308): CodeIgniter\CodeIgniter->handleRequest(NULL, Object(Config\Cache), false)
#8 C:\xampp\htdocs\nxgestao\public\index.php(45): CodeIgniter\CodeIgniter->run()
#9 {main}
CRITICAL - 2020-10-18 15:44:09 --> Undefined property: App\Controllers\VendaRapida::$verificaPermissao
#0 C:\xampp\htdocs\nxgestao\app\Controllers\VendaRapida.php(85): CodeIgniter\Debug\Exceptions->errorHandler(8, 'Undefined prope...', 'C:\\xampp\\htdocs...', 85, Array)
#1 C:\xampp\htdocs\nxgestao\system\CodeIgniter.php(914): App\Controllers\VendaRapida->index()
#2 C:\xampp\htdocs\nxgestao\system\CodeIgniter.php(400): CodeIgniter\CodeIgniter->runController(Object(App\Controllers\VendaRapida))
#3 C:\xampp\htdocs\nxgestao\system\CodeIgniter.php(308): CodeIgniter\CodeIgniter->handleRequest(NULL, Object(Config\Cache), false)
#4 C:\xampp\htdocs\nxgestao\public\index.php(45): CodeIgniter\CodeIgniter->run()
#5 {main}
CRITICAL - 2020-10-18 15:44:19 --> Trying to get property 'venda_rapida' of non-object
#0 C:\xampp\htdocs\nxgestao\app\Views\templates\navbar.php(29): CodeIgniter\Debug\Exceptions->errorHandler(8, 'Trying to get p...', 'C:\\xampp\\htdocs...', 29, Array)
#1 C:\xampp\htdocs\nxgestao\app\Views\templates\header.php(48): include('C:\\xampp\\htdocs...')
#2 C:\xampp\htdocs\nxgestao\system\View\View.php(246): include('C:\\xampp\\htdocs...')
#3 C:\xampp\htdocs\nxgestao\system\Common.php(1087): CodeIgniter\View\View->render('templates/heade...', Array, true)
#4 C:\xampp\htdocs\nxgestao\app\Controllers\VendaRapida.php(108): view('templates/heade...')
#5 C:\xampp\htdocs\nxgestao\system\CodeIgniter.php(914): App\Controllers\VendaRapida->index()
#6 C:\xampp\htdocs\nxgestao\system\CodeIgniter.php(400): CodeIgniter\CodeIgniter->runController(Object(App\Controllers\VendaRapida))
#7 C:\xampp\htdocs\nxgestao\system\CodeIgniter.php(308): CodeIgniter\CodeIgniter->handleRequest(NULL, Object(Config\Cache), false)
#8 C:\xampp\htdocs\nxgestao\public\index.php(45): CodeIgniter\CodeIgniter->run()
#9 {main}
CRITICAL - 2020-10-18 15:45:28 --> Trying to get property 'venda_rapida' of non-object
#0 C:\xampp\htdocs\nxgestao\app\Views\templates\navbar.php(29): CodeIgniter\Debug\Exceptions->errorHandler(8, 'Trying to get p...', 'C:\\xampp\\htdocs...', 29, Array)
#1 C:\xampp\htdocs\nxgestao\app\Views\templates\header.php(48): include('C:\\xampp\\htdocs...')
#2 C:\xampp\htdocs\nxgestao\system\View\View.php(246): include('C:\\xampp\\htdocs...')
#3 C:\xampp\htdocs\nxgestao\system\Common.php(1087): CodeIgniter\View\View->render('templates/heade...', Array, true)
#4 C:\xampp\htdocs\nxgestao\app\Controllers\Vendas.php(101): view('templates/heade...')
#5 C:\xampp\htdocs\nxgestao\system\CodeIgniter.php(914): App\Controllers\Vendas->index()
#6 C:\xampp\htdocs\nxgestao\system\CodeIgniter.php(400): CodeIgniter\CodeIgniter->runController(Object(App\Controllers\Vendas))
#7 C:\xampp\htdocs\nxgestao\system\CodeIgniter.php(308): CodeIgniter\CodeIgniter->handleRequest(NULL, Object(Config\Cache), false)
#8 C:\xampp\htdocs\nxgestao\public\index.php(45): CodeIgniter\CodeIgniter->run()
#9 {main}
CRITICAL - 2020-10-18 15:51:31 --> Class 'App\Controller\PermissaoDeAcesso' not found
#0 C:\xampp\htdocs\nxgestao\system\CodeIgniter.php(914): App\Controllers\VendaRapida->index()
#1 C:\xampp\htdocs\nxgestao\system\CodeIgniter.php(400): CodeIgniter\CodeIgniter->runController(Object(App\Controllers\VendaRapida))
#2 C:\xampp\htdocs\nxgestao\system\CodeIgniter.php(308): CodeIgniter\CodeIgniter->handleRequest(NULL, Object(Config\Cache), false)
#3 C:\xampp\htdocs\nxgestao\public\index.php(45): CodeIgniter\CodeIgniter->run()
#4 {main}
CRITICAL - 2020-10-18 15:51:31 --> Class 'App\Controller\PermissaoDeAcesso' not found
#0 C:\xampp\htdocs\nxgestao\system\CodeIgniter.php(914): App\Controllers\VendaRapida->index()
#1 C:\xampp\htdocs\nxgestao\system\CodeIgniter.php(400): CodeIgniter\CodeIgniter->runController(Object(App\Controllers\VendaRapida))
#2 C:\xampp\htdocs\nxgestao\system\CodeIgniter.php(308): CodeIgniter\CodeIgniter->handleRequest(NULL, Object(Config\Cache), false)
#3 C:\xampp\htdocs\nxgestao\public\index.php(45): CodeIgniter\CodeIgniter->run()
#4 {main}
CRITICAL - 2020-10-18 15:52:02 --> Class 'App\Controllers\PermissaoDeAcesso' not found
#0 C:\xampp\htdocs\nxgestao\system\CodeIgniter.php(914): App\Controllers\VendaRapida->index()
#1 C:\xampp\htdocs\nxgestao\system\CodeIgniter.php(400): CodeIgniter\CodeIgniter->runController(Object(App\Controllers\VendaRapida))
#2 C:\xampp\htdocs\nxgestao\system\CodeIgniter.php(308): CodeIgniter\CodeIgniter->handleRequest(NULL, Object(Config\Cache), false)
#3 C:\xampp\htdocs\nxgestao\public\index.php(45): CodeIgniter\CodeIgniter->run()
#4 {main}
CRITICAL - 2020-10-18 15:52:52 --> Class 'App\Controllers\PermissaoDeAcesso' not found
#0 C:\xampp\htdocs\nxgestao\system\CodeIgniter.php(914): App\Controllers\VendaRapida->index()
#1 C:\xampp\htdocs\nxgestao\system\CodeIgniter.php(400): CodeIgniter\CodeIgniter->runController(Object(App\Controllers\VendaRapida))
#2 C:\xampp\htdocs\nxgestao\system\CodeIgniter.php(308): CodeIgniter\CodeIgniter->handleRequest(NULL, Object(Config\Cache), false)
#3 C:\xampp\htdocs\nxgestao\public\index.php(45): CodeIgniter\CodeIgniter->run()
#4 {main}
CRITICAL - 2020-10-18 15:56:09 --> Class 'App\Controllers\PermissaoDeAcesso' not found
#0 C:\xampp\htdocs\nxgestao\system\CodeIgniter.php(914): App\Controllers\VendaRapida->index()
#1 C:\xampp\htdocs\nxgestao\system\CodeIgniter.php(400): CodeIgniter\CodeIgniter->runController(Object(App\Controllers\VendaRapida))
#2 C:\xampp\htdocs\nxgestao\system\CodeIgniter.php(308): CodeIgniter\CodeIgniter->handleRequest(NULL, Object(Config\Cache), false)
#3 C:\xampp\htdocs\nxgestao\public\index.php(45): CodeIgniter\CodeIgniter->run()
#4 {main}
CRITICAL - 2020-10-18 16:30:44 --> Undefined property: App\Controllers\Produtos::$controle_de_acesso_model
#0 C:\xampp\htdocs\nxgestao\app\Controllers\Produtos.php(43): CodeIgniter\Debug\Exceptions->errorHandler(8, 'Undefined prope...', 'C:\\xampp\\htdocs...', 43, Array)
#1 C:\xampp\htdocs\nxgestao\app\Controllers\Produtos.php(84): App\Controllers\Produtos->verificaPermissao('produto_pesquis...')
#2 C:\xampp\htdocs\nxgestao\system\CodeIgniter.php(914): App\Controllers\Produtos->pesquisar()
#3 C:\xampp\htdocs\nxgestao\system\CodeIgniter.php(400): CodeIgniter\CodeIgniter->runController(Object(App\Controllers\Produtos))
#4 C:\xampp\htdocs\nxgestao\system\CodeIgniter.php(308): CodeIgniter\CodeIgniter->handleRequest(NULL, Object(Config\Cache), false)
#5 C:\xampp\htdocs\nxgestao\public\index.php(45): CodeIgniter\CodeIgniter->run()
#6 {main}
CRITICAL - 2020-10-18 16:31:36 --> Class 'App\Models\ControleDeAcesso' not found
#0 C:\xampp\htdocs\nxgestao\system\CodeIgniter.php(886): App\Controllers\Produtos->__construct()
#1 C:\xampp\htdocs\nxgestao\system\CodeIgniter.php(395): CodeIgniter\CodeIgniter->createController()
#2 C:\xampp\htdocs\nxgestao\system\CodeIgniter.php(308): CodeIgniter\CodeIgniter->handleRequest(NULL, Object(Config\Cache), false)
#3 C:\xampp\htdocs\nxgestao\public\index.php(45): CodeIgniter\CodeIgniter->run()
#4 {main}
CRITICAL - 2020-10-18 16:32:10 --> Undefined property: App\Controllers\Produtos::$controle_de_acesso_model
#0 C:\xampp\htdocs\nxgestao\app\Controllers\Produtos.php(46): CodeIgniter\Debug\Exceptions->errorHandler(8, 'Undefined prope...', 'C:\\xampp\\htdocs...', 46, Array)
#1 C:\xampp\htdocs\nxgestao\app\Controllers\Produtos.php(87): App\Controllers\Produtos->verificaPermissao('produto_pesquis...')
#2 C:\xampp\htdocs\nxgestao\system\CodeIgniter.php(914): App\Controllers\Produtos->pesquisar()
#3 C:\xampp\htdocs\nxgestao\system\CodeIgniter.php(400): CodeIgniter\CodeIgniter->runController(Object(App\Controllers\Produtos))
#4 C:\xampp\htdocs\nxgestao\system\CodeIgniter.php(308): CodeIgniter\CodeIgniter->handleRequest(NULL, Object(Config\Cache), false)
#5 C:\xampp\htdocs\nxgestao\public\index.php(45): CodeIgniter\CodeIgniter->run()
#6 {main}
CRITICAL - 2020-10-18 16:32:47 --> Undefined index: produto_pesquisar
#0 C:\xampp\htdocs\nxgestao\app\Controllers\Produtos.php(51): CodeIgniter\Debug\Exceptions->errorHandler(8, 'Undefined index...', 'C:\\xampp\\htdocs...', 51, Array)
#1 C:\xampp\htdocs\nxgestao\app\Controllers\Produtos.php(87): App\Controllers\Produtos->verificaPermissao('produto_pesquis...')
#2 C:\xampp\htdocs\nxgestao\system\CodeIgniter.php(914): App\Controllers\Produtos->pesquisar()
#3 C:\xampp\htdocs\nxgestao\system\CodeIgniter.php(400): CodeIgniter\CodeIgniter->runController(Object(App\Controllers\Produtos))
#4 C:\xampp\htdocs\nxgestao\system\CodeIgniter.php(308): CodeIgniter\CodeIgniter->handleRequest(NULL, Object(Config\Cache), false)
#5 C:\xampp\htdocs\nxgestao\public\index.php(45): CodeIgniter\CodeIgniter->run()
#6 {main}
CRITICAL - 2020-10-18 16:33:39 --> Undefined property: App\Controllers\Produtos::$session
#0 C:\xampp\htdocs\nxgestao\app\Controllers\Produtos.php(52): CodeIgniter\Debug\Exceptions->errorHandler(8, 'Undefined prope...', 'C:\\xampp\\htdocs...', 52, Array)
#1 C:\xampp\htdocs\nxgestao\app\Controllers\Produtos.php(87): App\Controllers\Produtos->verificaPermissao('pesquisa_produt...')
#2 C:\xampp\htdocs\nxgestao\system\CodeIgniter.php(914): App\Controllers\Produtos->pesquisar()
#3 C:\xampp\htdocs\nxgestao\system\CodeIgniter.php(400): CodeIgniter\CodeIgniter->runController(Object(App\Controllers\Produtos))
#4 C:\xampp\htdocs\nxgestao\system\CodeIgniter.php(308): CodeIgniter\CodeIgniter->handleRequest(NULL, Object(Config\Cache), false)
#5 C:\xampp\htdocs\nxgestao\public\index.php(45): CodeIgniter\CodeIgniter->run()
#6 {main}
