CRITICAL - 2020-09-20 15:07:49 --> Cannot add or update a child row: a foreign key constraint fails (`nxgestao`.`entregas`, CONSTRAINT `entregas_id_contador_foreign` FOREIGN KEY (`id_contador`) REFERENCES `contadores` (`id_contador`) ON DELETE CASCADE ON UPDATE CASCADE)
#0 C:\xampp\htdocs\nxgestao\system\Database\MySQLi\Connection.php(331): mysqli->query('INSERT INTO `en...')
#1 C:\xampp\htdocs\nxgestao\system\Database\BaseConnection.php(738): CodeIgniter\Database\MySQLi\Connection->execute('INSERT INTO `en...')
#2 C:\xampp\htdocs\nxgestao\system\Database\BaseConnection.php(666): CodeIgniter\Database\BaseConnection->simpleQuery('INSERT INTO `en...')
#3 C:\xampp\htdocs\nxgestao\system\Database\BaseBuilder.php(2234): CodeIgniter\Database\BaseConnection->query('INSERT INTO `en...', Array, false)
#4 C:\xampp\htdocs\nxgestao\system\Model.php(729): CodeIgniter\Database\BaseBuilder->insert()
#5 C:\xampp\htdocs\nxgestao\app\Controllers\Food.php(559): CodeIgniter\Model->insert(Array)
#6 C:\xampp\htdocs\nxgestao\system\CodeIgniter.php(914): App\Controllers\Food->storeEntrega()
#7 C:\xampp\htdocs\nxgestao\system\CodeIgniter.php(400): CodeIgniter\CodeIgniter->runController(Object(App\Controllers\Food))
#8 C:\xampp\htdocs\nxgestao\system\CodeIgniter.php(308): CodeIgniter\CodeIgniter->handleRequest(NULL, Object(Config\Cache), false)
#9 C:\xampp\htdocs\nxgestao\public\index.php(45): CodeIgniter\CodeIgniter->run()
#10 {main}
CRITICAL - 2020-09-20 15:09:25 --> Undefined index: nome_do_entregador
#0 C:\xampp\htdocs\nxgestao\app\Views\food\entregas\index.php(56): CodeIgniter\Debug\Exceptions->errorHandler(8, 'Undefined index...', 'C:\\xampp\\htdocs...', 56, Array)
#1 C:\xampp\htdocs\nxgestao\system\View\View.php(246): include('C:\\xampp\\htdocs...')
#2 C:\xampp\htdocs\nxgestao\system\Common.php(1087): CodeIgniter\View\View->render('food/entregas/i...', Array, true)
#3 C:\xampp\htdocs\nxgestao\app\Controllers\Food.php(525): view('food/entregas/i...', Array)
#4 C:\xampp\htdocs\nxgestao\system\CodeIgniter.php(914): App\Controllers\Food->entregas()
#5 C:\xampp\htdocs\nxgestao\system\CodeIgniter.php(400): CodeIgniter\CodeIgniter->runController(Object(App\Controllers\Food))
#6 C:\xampp\htdocs\nxgestao\system\CodeIgniter.php(308): CodeIgniter\CodeIgniter->handleRequest(NULL, Object(Config\Cache), false)
#7 C:\xampp\htdocs\nxgestao\public\index.php(45): CodeIgniter\CodeIgniter->run()
#8 {main}
CRITICAL - 2020-09-20 15:12:29 --> Undefined index: nome_do_entregador
#0 C:\xampp\htdocs\nxgestao\app\Views\food\entregas\index.php(56): CodeIgniter\Debug\Exceptions->errorHandler(8, 'Undefined index...', 'C:\\xampp\\htdocs...', 56, Array)
#1 C:\xampp\htdocs\nxgestao\system\View\View.php(246): include('C:\\xampp\\htdocs...')
#2 C:\xampp\htdocs\nxgestao\system\Common.php(1087): CodeIgniter\View\View->render('food/entregas/i...', Array, true)
#3 C:\xampp\htdocs\nxgestao\app\Controllers\Food.php(525): view('food/entregas/i...', Array)
#4 C:\xampp\htdocs\nxgestao\system\CodeIgniter.php(914): App\Controllers\Food->entregas()
#5 C:\xampp\htdocs\nxgestao\system\CodeIgniter.php(400): CodeIgniter\CodeIgniter->runController(Object(App\Controllers\Food))
#6 C:\xampp\htdocs\nxgestao\system\CodeIgniter.php(308): CodeIgniter\CodeIgniter->handleRequest(NULL, Object(Config\Cache), false)
#7 C:\xampp\htdocs\nxgestao\public\index.php(45): CodeIgniter\CodeIgniter->run()
#8 {main}
CRITICAL - 2020-09-20 15:13:41 --> Unknown column 'nome_do_entregador' in 'field list'
#0 C:\xampp\htdocs\nxgestao\system\Database\MySQLi\Connection.php(331): mysqli->query('SELECT `nome_do...')
#1 C:\xampp\htdocs\nxgestao\system\Database\BaseConnection.php(738): CodeIgniter\Database\MySQLi\Connection->execute('SELECT `nome_do...')
#2 C:\xampp\htdocs\nxgestao\system\Database\BaseConnection.php(666): CodeIgniter\Database\BaseConnection->simpleQuery('SELECT `nome_do...')
#3 C:\xampp\htdocs\nxgestao\system\Database\BaseBuilder.php(1845): CodeIgniter\Database\BaseConnection->query('SELECT `nome_do...', Array, false)
#4 C:\xampp\htdocs\nxgestao\system\Model.php(445): CodeIgniter\Database\BaseBuilder->get()
#5 C:\xampp\htdocs\nxgestao\app\Controllers\Food.php(524): CodeIgniter\Model->findAll()
#6 C:\xampp\htdocs\nxgestao\system\CodeIgniter.php(914): App\Controllers\Food->entregas()
#7 C:\xampp\htdocs\nxgestao\system\CodeIgniter.php(400): CodeIgniter\CodeIgniter->runController(Object(App\Controllers\Food))
#8 C:\xampp\htdocs\nxgestao\system\CodeIgniter.php(308): CodeIgniter\CodeIgniter->handleRequest(NULL, Object(Config\Cache), false)
#9 C:\xampp\htdocs\nxgestao\public\index.php(45): CodeIgniter\CodeIgniter->run()
#10 {main}
CRITICAL - 2020-09-20 15:13:53 --> Column 'nome' in field list is ambiguous
#0 C:\xampp\htdocs\nxgestao\system\Database\MySQLi\Connection.php(331): mysqli->query('SELECT `nome` A...')
#1 C:\xampp\htdocs\nxgestao\system\Database\BaseConnection.php(738): CodeIgniter\Database\MySQLi\Connection->execute('SELECT `nome` A...')
#2 C:\xampp\htdocs\nxgestao\system\Database\BaseConnection.php(666): CodeIgniter\Database\BaseConnection->simpleQuery('SELECT `nome` A...')
#3 C:\xampp\htdocs\nxgestao\system\Database\BaseBuilder.php(1845): CodeIgniter\Database\BaseConnection->query('SELECT `nome` A...', Array, false)
#4 C:\xampp\htdocs\nxgestao\system\Model.php(445): CodeIgniter\Database\BaseBuilder->get()
#5 C:\xampp\htdocs\nxgestao\app\Controllers\Food.php(524): CodeIgniter\Model->findAll()
#6 C:\xampp\htdocs\nxgestao\system\CodeIgniter.php(914): App\Controllers\Food->entregas()
#7 C:\xampp\htdocs\nxgestao\system\CodeIgniter.php(400): CodeIgniter\CodeIgniter->runController(Object(App\Controllers\Food))
#8 C:\xampp\htdocs\nxgestao\system\CodeIgniter.php(308): CodeIgniter\CodeIgniter->handleRequest(NULL, Object(Config\Cache), false)
#9 C:\xampp\htdocs\nxgestao\public\index.php(45): CodeIgniter\CodeIgniter->run()
#10 {main}
CRITICAL - 2020-09-20 15:14:03 --> Unknown column 'entregador.nome' in 'field list'
#0 C:\xampp\htdocs\nxgestao\system\Database\MySQLi\Connection.php(331): mysqli->query('SELECT `entrega...')
#1 C:\xampp\htdocs\nxgestao\system\Database\BaseConnection.php(738): CodeIgniter\Database\MySQLi\Connection->execute('SELECT `entrega...')
#2 C:\xampp\htdocs\nxgestao\system\Database\BaseConnection.php(666): CodeIgniter\Database\BaseConnection->simpleQuery('SELECT `entrega...')
#3 C:\xampp\htdocs\nxgestao\system\Database\BaseBuilder.php(1845): CodeIgniter\Database\BaseConnection->query('SELECT `entrega...', Array, false)
#4 C:\xampp\htdocs\nxgestao\system\Model.php(445): CodeIgniter\Database\BaseBuilder->get()
#5 C:\xampp\htdocs\nxgestao\app\Controllers\Food.php(524): CodeIgniter\Model->findAll()
#6 C:\xampp\htdocs\nxgestao\system\CodeIgniter.php(914): App\Controllers\Food->entregas()
#7 C:\xampp\htdocs\nxgestao\system\CodeIgniter.php(400): CodeIgniter\CodeIgniter->runController(Object(App\Controllers\Food))
#8 C:\xampp\htdocs\nxgestao\system\CodeIgniter.php(308): CodeIgniter\CodeIgniter->handleRequest(NULL, Object(Config\Cache), false)
#9 C:\xampp\htdocs\nxgestao\public\index.php(45): CodeIgniter\CodeIgniter->run()
#10 {main}
CRITICAL - 2020-09-20 15:14:10 --> Column 'id_contador' in where clause is ambiguous
#0 C:\xampp\htdocs\nxgestao\system\Database\MySQLi\Connection.php(331): mysqli->query('SELECT `entrega...')
#1 C:\xampp\htdocs\nxgestao\system\Database\BaseConnection.php(738): CodeIgniter\Database\MySQLi\Connection->execute('SELECT `entrega...')
#2 C:\xampp\htdocs\nxgestao\system\Database\BaseConnection.php(666): CodeIgniter\Database\BaseConnection->simpleQuery('SELECT `entrega...')
#3 C:\xampp\htdocs\nxgestao\system\Database\BaseBuilder.php(1845): CodeIgniter\Database\BaseConnection->query('SELECT `entrega...', Array, false)
#4 C:\xampp\htdocs\nxgestao\system\Model.php(445): CodeIgniter\Database\BaseBuilder->get()
#5 C:\xampp\htdocs\nxgestao\app\Controllers\Food.php(524): CodeIgniter\Model->findAll()
#6 C:\xampp\htdocs\nxgestao\system\CodeIgniter.php(914): App\Controllers\Food->entregas()
#7 C:\xampp\htdocs\nxgestao\system\CodeIgniter.php(400): CodeIgniter\CodeIgniter->runController(Object(App\Controllers\Food))
#8 C:\xampp\htdocs\nxgestao\system\CodeIgniter.php(308): CodeIgniter\CodeIgniter->handleRequest(NULL, Object(Config\Cache), false)
#9 C:\xampp\htdocs\nxgestao\public\index.php(45): CodeIgniter\CodeIgniter->run()
#10 {main}
CRITICAL - 2020-09-20 15:14:13 --> Column 'id_contador' in where clause is ambiguous
#0 C:\xampp\htdocs\nxgestao\system\Database\MySQLi\Connection.php(331): mysqli->query('SELECT `entrega...')
#1 C:\xampp\htdocs\nxgestao\system\Database\BaseConnection.php(738): CodeIgniter\Database\MySQLi\Connection->execute('SELECT `entrega...')
#2 C:\xampp\htdocs\nxgestao\system\Database\BaseConnection.php(666): CodeIgniter\Database\BaseConnection->simpleQuery('SELECT `entrega...')
#3 C:\xampp\htdocs\nxgestao\system\Database\BaseBuilder.php(1845): CodeIgniter\Database\BaseConnection->query('SELECT `entrega...', Array, false)
#4 C:\xampp\htdocs\nxgestao\system\Model.php(445): CodeIgniter\Database\BaseBuilder->get()
#5 C:\xampp\htdocs\nxgestao\app\Controllers\Food.php(524): CodeIgniter\Model->findAll()
#6 C:\xampp\htdocs\nxgestao\system\CodeIgniter.php(914): App\Controllers\Food->entregas()
#7 C:\xampp\htdocs\nxgestao\system\CodeIgniter.php(400): CodeIgniter\CodeIgniter->runController(Object(App\Controllers\Food))
#8 C:\xampp\htdocs\nxgestao\system\CodeIgniter.php(308): CodeIgniter\CodeIgniter->handleRequest(NULL, Object(Config\Cache), false)
#9 C:\xampp\htdocs\nxgestao\public\index.php(45): CodeIgniter\CodeIgniter->run()
#10 {main}
CRITICAL - 2020-09-20 15:14:13 --> Column 'id_contador' in where clause is ambiguous
#0 C:\xampp\htdocs\nxgestao\system\Database\MySQLi\Connection.php(331): mysqli->query('SELECT `entrega...')
#1 C:\xampp\htdocs\nxgestao\system\Database\BaseConnection.php(738): CodeIgniter\Database\MySQLi\Connection->execute('SELECT `entrega...')
#2 C:\xampp\htdocs\nxgestao\system\Database\BaseConnection.php(666): CodeIgniter\Database\BaseConnection->simpleQuery('SELECT `entrega...')
#3 C:\xampp\htdocs\nxgestao\system\Database\BaseBuilder.php(1845): CodeIgniter\Database\BaseConnection->query('SELECT `entrega...', Array, false)
#4 C:\xampp\htdocs\nxgestao\system\Model.php(445): CodeIgniter\Database\BaseBuilder->get()
#5 C:\xampp\htdocs\nxgestao\app\Controllers\Food.php(524): CodeIgniter\Model->findAll()
#6 C:\xampp\htdocs\nxgestao\system\CodeIgniter.php(914): App\Controllers\Food->entregas()
#7 C:\xampp\htdocs\nxgestao\system\CodeIgniter.php(400): CodeIgniter\CodeIgniter->runController(Object(App\Controllers\Food))
#8 C:\xampp\htdocs\nxgestao\system\CodeIgniter.php(308): CodeIgniter\CodeIgniter->handleRequest(NULL, Object(Config\Cache), false)
#9 C:\xampp\htdocs\nxgestao\public\index.php(45): CodeIgniter\CodeIgniter->run()
#10 {main}
CRITICAL - 2020-09-20 15:14:14 --> Column 'id_contador' in where clause is ambiguous
#0 C:\xampp\htdocs\nxgestao\system\Database\MySQLi\Connection.php(331): mysqli->query('SELECT `entrega...')
#1 C:\xampp\htdocs\nxgestao\system\Database\BaseConnection.php(738): CodeIgniter\Database\MySQLi\Connection->execute('SELECT `entrega...')
#2 C:\xampp\htdocs\nxgestao\system\Database\BaseConnection.php(666): CodeIgniter\Database\BaseConnection->simpleQuery('SELECT `entrega...')
#3 C:\xampp\htdocs\nxgestao\system\Database\BaseBuilder.php(1845): CodeIgniter\Database\BaseConnection->query('SELECT `entrega...', Array, false)
#4 C:\xampp\htdocs\nxgestao\system\Model.php(445): CodeIgniter\Database\BaseBuilder->get()
#5 C:\xampp\htdocs\nxgestao\app\Controllers\Food.php(524): CodeIgniter\Model->findAll()
#6 C:\xampp\htdocs\nxgestao\system\CodeIgniter.php(914): App\Controllers\Food->entregas()
#7 C:\xampp\htdocs\nxgestao\system\CodeIgniter.php(400): CodeIgniter\CodeIgniter->runController(Object(App\Controllers\Food))
#8 C:\xampp\htdocs\nxgestao\system\CodeIgniter.php(308): CodeIgniter\CodeIgniter->handleRequest(NULL, Object(Config\Cache), false)
#9 C:\xampp\htdocs\nxgestao\public\index.php(45): CodeIgniter\CodeIgniter->run()
#10 {main}
CRITICAL - 2020-09-20 15:14:54 --> Column 'status' in where clause is ambiguous
#0 C:\xampp\htdocs\nxgestao\system\Database\MySQLi\Connection.php(331): mysqli->query('SELECT `entrega...')
#1 C:\xampp\htdocs\nxgestao\system\Database\BaseConnection.php(738): CodeIgniter\Database\MySQLi\Connection->execute('SELECT `entrega...')
#2 C:\xampp\htdocs\nxgestao\system\Database\BaseConnection.php(666): CodeIgniter\Database\BaseConnection->simpleQuery('SELECT `entrega...')
#3 C:\xampp\htdocs\nxgestao\system\Database\BaseBuilder.php(1845): CodeIgniter\Database\BaseConnection->query('SELECT `entrega...', Array, false)
#4 C:\xampp\htdocs\nxgestao\system\Model.php(445): CodeIgniter\Database\BaseBuilder->get()
#5 C:\xampp\htdocs\nxgestao\app\Controllers\Food.php(524): CodeIgniter\Model->findAll()
#6 C:\xampp\htdocs\nxgestao\system\CodeIgniter.php(914): App\Controllers\Food->entregas()
#7 C:\xampp\htdocs\nxgestao\system\CodeIgniter.php(400): CodeIgniter\CodeIgniter->runController(Object(App\Controllers\Food))
#8 C:\xampp\htdocs\nxgestao\system\CodeIgniter.php(308): CodeIgniter\CodeIgniter->handleRequest(NULL, Object(Config\Cache), false)
#9 C:\xampp\htdocs\nxgestao\public\index.php(45): CodeIgniter\CodeIgniter->run()
#10 {main}
CRITICAL - 2020-09-20 15:15:35 --> Column 'status' in field list is ambiguous
#0 C:\xampp\htdocs\nxgestao\system\Database\MySQLi\Connection.php(331): mysqli->query('SELECT `status`...')
#1 C:\xampp\htdocs\nxgestao\system\Database\BaseConnection.php(738): CodeIgniter\Database\MySQLi\Connection->execute('SELECT `status`...')
#2 C:\xampp\htdocs\nxgestao\system\Database\BaseConnection.php(666): CodeIgniter\Database\BaseConnection->simpleQuery('SELECT `status`...')
#3 C:\xampp\htdocs\nxgestao\system\Database\BaseBuilder.php(1845): CodeIgniter\Database\BaseConnection->query('SELECT `status`...', Array, false)
#4 C:\xampp\htdocs\nxgestao\system\Model.php(445): CodeIgniter\Database\BaseBuilder->get()
#5 C:\xampp\htdocs\nxgestao\app\Controllers\Food.php(524): CodeIgniter\Model->findAll()
#6 C:\xampp\htdocs\nxgestao\system\CodeIgniter.php(914): App\Controllers\Food->entregas()
#7 C:\xampp\htdocs\nxgestao\system\CodeIgniter.php(400): CodeIgniter\CodeIgniter->runController(Object(App\Controllers\Food))
#8 C:\xampp\htdocs\nxgestao\system\CodeIgniter.php(308): CodeIgniter\CodeIgniter->handleRequest(NULL, Object(Config\Cache), false)
#9 C:\xampp\htdocs\nxgestao\public\index.php(45): CodeIgniter\CodeIgniter->run()
#10 {main}
CRITICAL - 2020-09-20 15:15:49 --> Column 'status' in where clause is ambiguous
#0 C:\xampp\htdocs\nxgestao\system\Database\MySQLi\Connection.php(331): mysqli->query('SELECT `entrega...')
#1 C:\xampp\htdocs\nxgestao\system\Database\BaseConnection.php(738): CodeIgniter\Database\MySQLi\Connection->execute('SELECT `entrega...')
#2 C:\xampp\htdocs\nxgestao\system\Database\BaseConnection.php(666): CodeIgniter\Database\BaseConnection->simpleQuery('SELECT `entrega...')
#3 C:\xampp\htdocs\nxgestao\system\Database\BaseBuilder.php(1845): CodeIgniter\Database\BaseConnection->query('SELECT `entrega...', Array, false)
#4 C:\xampp\htdocs\nxgestao\system\Model.php(445): CodeIgniter\Database\BaseBuilder->get()
#5 C:\xampp\htdocs\nxgestao\app\Controllers\Food.php(524): CodeIgniter\Model->findAll()
#6 C:\xampp\htdocs\nxgestao\system\CodeIgniter.php(914): App\Controllers\Food->entregas()
#7 C:\xampp\htdocs\nxgestao\system\CodeIgniter.php(400): CodeIgniter\CodeIgniter->runController(Object(App\Controllers\Food))
#8 C:\xampp\htdocs\nxgestao\system\CodeIgniter.php(308): CodeIgniter\CodeIgniter->handleRequest(NULL, Object(Config\Cache), false)
#9 C:\xampp\htdocs\nxgestao\public\index.php(45): CodeIgniter\CodeIgniter->run()
#10 {main}
CRITICAL - 2020-09-20 15:16:00 --> Undefined index: id_entrega
#0 C:\xampp\htdocs\nxgestao\app\Views\food\entregas\index.php(52): CodeIgniter\Debug\Exceptions->errorHandler(8, 'Undefined index...', 'C:\\xampp\\htdocs...', 52, Array)
#1 C:\xampp\htdocs\nxgestao\system\View\View.php(246): include('C:\\xampp\\htdocs...')
#2 C:\xampp\htdocs\nxgestao\system\Common.php(1087): CodeIgniter\View\View->render('food/entregas/i...', Array, true)
#3 C:\xampp\htdocs\nxgestao\app\Controllers\Food.php(527): view('food/entregas/i...', Array)
#4 C:\xampp\htdocs\nxgestao\system\CodeIgniter.php(914): App\Controllers\Food->entregas()
#5 C:\xampp\htdocs\nxgestao\system\CodeIgniter.php(400): CodeIgniter\CodeIgniter->runController(Object(App\Controllers\Food))
#6 C:\xampp\htdocs\nxgestao\system\CodeIgniter.php(308): CodeIgniter\CodeIgniter->handleRequest(NULL, Object(Config\Cache), false)
#7 C:\xampp\htdocs\nxgestao\public\index.php(45): CodeIgniter\CodeIgniter->run()
#8 {main}
CRITICAL - 2020-09-20 15:16:13 --> Undefined index: nome
#0 C:\xampp\htdocs\nxgestao\app\Views\food\entregas\index.php(54): CodeIgniter\Debug\Exceptions->errorHandler(8, 'Undefined index...', 'C:\\xampp\\htdocs...', 54, Array)
#1 C:\xampp\htdocs\nxgestao\system\View\View.php(246): include('C:\\xampp\\htdocs...')
#2 C:\xampp\htdocs\nxgestao\system\Common.php(1087): CodeIgniter\View\View->render('food/entregas/i...', Array, true)
#3 C:\xampp\htdocs\nxgestao\app\Controllers\Food.php(527): view('food/entregas/i...', Array)
#4 C:\xampp\htdocs\nxgestao\system\CodeIgniter.php(914): App\Controllers\Food->entregas()
#5 C:\xampp\htdocs\nxgestao\system\CodeIgniter.php(400): CodeIgniter\CodeIgniter->runController(Object(App\Controllers\Food))
#6 C:\xampp\htdocs\nxgestao\system\CodeIgniter.php(308): CodeIgniter\CodeIgniter->handleRequest(NULL, Object(Config\Cache), false)
#7 C:\xampp\htdocs\nxgestao\public\index.php(45): CodeIgniter\CodeIgniter->run()
#8 {main}
CRITICAL - 2020-09-20 15:29:16 --> Undefined index: nome
#0 C:\xampp\htdocs\nxgestao\app\Views\food\entregas\form.php(68): CodeIgniter\Debug\Exceptions->errorHandler(8, 'Undefined index...', 'C:\\xampp\\htdocs...', 68, Array)
#1 C:\xampp\htdocs\nxgestao\system\View\View.php(246): include('C:\\xampp\\htdocs...')
#2 C:\xampp\htdocs\nxgestao\system\Common.php(1087): CodeIgniter\View\View->render('food/entregas/f...', Array, true)
#3 C:\xampp\htdocs\nxgestao\app\Controllers\Food.php(578): view('food/entregas/f...', Array)
#4 C:\xampp\htdocs\nxgestao\system\CodeIgniter.php(914): App\Controllers\Food->editEntrega('3')
#5 C:\xampp\htdocs\nxgestao\system\CodeIgniter.php(400): CodeIgniter\CodeIgniter->runController(Object(App\Controllers\Food))
#6 C:\xampp\htdocs\nxgestao\system\CodeIgniter.php(308): CodeIgniter\CodeIgniter->handleRequest(NULL, Object(Config\Cache), false)
#7 C:\xampp\htdocs\nxgestao\public\index.php(45): CodeIgniter\CodeIgniter->run()
#8 {main}
CRITICAL - 2020-09-20 15:30:29 --> Undefined index: status
#0 C:\xampp\htdocs\nxgestao\app\Views\food\entregas\form.php(35): CodeIgniter\Debug\Exceptions->errorHandler(8, 'Undefined index...', 'C:\\xampp\\htdocs...', 35, Array)
#1 C:\xampp\htdocs\nxgestao\system\View\View.php(246): include('C:\\xampp\\htdocs...')
#2 C:\xampp\htdocs\nxgestao\system\Common.php(1087): CodeIgniter\View\View->render('food/entregas/f...', Array, true)
#3 C:\xampp\htdocs\nxgestao\app\Controllers\Food.php(578): view('food/entregas/f...', Array)
#4 C:\xampp\htdocs\nxgestao\system\CodeIgniter.php(914): App\Controllers\Food->editEntrega('3')
#5 C:\xampp\htdocs\nxgestao\system\CodeIgniter.php(400): CodeIgniter\CodeIgniter->runController(Object(App\Controllers\Food))
#6 C:\xampp\htdocs\nxgestao\system\CodeIgniter.php(308): CodeIgniter\CodeIgniter->handleRequest(NULL, Object(Config\Cache), false)
#7 C:\xampp\htdocs\nxgestao\public\index.php(45): CodeIgniter\CodeIgniter->run()
#8 {main}
CRITICAL - 2020-09-20 15:31:02 --> Undefined property: App\Controllers\Food::$id_entrega
#0 C:\xampp\htdocs\nxgestao\app\Controllers\Food.php(570): CodeIgniter\Debug\Exceptions->errorHandler(8, 'Undefined prope...', 'C:\\xampp\\htdocs...', 570, Array)
#1 C:\xampp\htdocs\nxgestao\system\CodeIgniter.php(914): App\Controllers\Food->editEntrega('3')
#2 C:\xampp\htdocs\nxgestao\system\CodeIgniter.php(400): CodeIgniter\CodeIgniter->runController(Object(App\Controllers\Food))
#3 C:\xampp\htdocs\nxgestao\system\CodeIgniter.php(308): CodeIgniter\CodeIgniter->handleRequest(NULL, Object(Config\Cache), false)
#4 C:\xampp\htdocs\nxgestao\public\index.php(45): CodeIgniter\CodeIgniter->run()
#5 {main}
CRITICAL - 2020-09-20 15:31:10 --> Undefined index: status
#0 C:\xampp\htdocs\nxgestao\app\Views\food\entregas\form.php(35): CodeIgniter\Debug\Exceptions->errorHandler(8, 'Undefined index...', 'C:\\xampp\\htdocs...', 35, Array)
#1 C:\xampp\htdocs\nxgestao\system\View\View.php(246): include('C:\\xampp\\htdocs...')
#2 C:\xampp\htdocs\nxgestao\system\Common.php(1087): CodeIgniter\View\View->render('food/entregas/f...', Array, true)
#3 C:\xampp\htdocs\nxgestao\app\Controllers\Food.php(579): view('food/entregas/f...', Array)
#4 C:\xampp\htdocs\nxgestao\system\CodeIgniter.php(914): App\Controllers\Food->editEntrega('3')
#5 C:\xampp\htdocs\nxgestao\system\CodeIgniter.php(400): CodeIgniter\CodeIgniter->runController(Object(App\Controllers\Food))
#6 C:\xampp\htdocs\nxgestao\system\CodeIgniter.php(308): CodeIgniter\CodeIgniter->handleRequest(NULL, Object(Config\Cache), false)
#7 C:\xampp\htdocs\nxgestao\public\index.php(45): CodeIgniter\CodeIgniter->run()
#8 {main}
CRITICAL - 2020-09-20 15:32:08 --> Undefined variable: status
#0 C:\xampp\htdocs\nxgestao\app\Views\food\entregas\form.php(40): CodeIgniter\Debug\Exceptions->errorHandler(8, 'Undefined varia...', 'C:\\xampp\\htdocs...', 40, Array)
#1 C:\xampp\htdocs\nxgestao\system\View\View.php(246): include('C:\\xampp\\htdocs...')
#2 C:\xampp\htdocs\nxgestao\system\Common.php(1087): CodeIgniter\View\View->render('food/entregas/f...', Array, true)
#3 C:\xampp\htdocs\nxgestao\app\Controllers\Food.php(579): view('food/entregas/f...', Array)
#4 C:\xampp\htdocs\nxgestao\system\CodeIgniter.php(914): App\Controllers\Food->editEntrega('3')
#5 C:\xampp\htdocs\nxgestao\system\CodeIgniter.php(400): CodeIgniter\CodeIgniter->runController(Object(App\Controllers\Food))
#6 C:\xampp\htdocs\nxgestao\system\CodeIgniter.php(308): CodeIgniter\CodeIgniter->handleRequest(NULL, Object(Config\Cache), false)
#7 C:\xampp\htdocs\nxgestao\public\index.php(45): CodeIgniter\CodeIgniter->run()
#8 {main}
CRITICAL - 2020-09-20 15:38:16 --> Undefined property: App\Controllers\Food::$id_entrega
#0 C:\xampp\htdocs\nxgestao\app\Controllers\Food.php(615): CodeIgniter\Debug\Exceptions->errorHandler(8, 'Undefined prope...', 'C:\\xampp\\htdocs...', 615, Array)
#1 C:\xampp\htdocs\nxgestao\system\CodeIgniter.php(914): App\Controllers\Food->deleteEntrega('8')
#2 C:\xampp\htdocs\nxgestao\system\CodeIgniter.php(400): CodeIgniter\CodeIgniter->runController(Object(App\Controllers\Food))
#3 C:\xampp\htdocs\nxgestao\system\CodeIgniter.php(308): CodeIgniter\CodeIgniter->handleRequest(NULL, Object(Config\Cache), false)
#4 C:\xampp\htdocs\nxgestao\public\index.php(45): CodeIgniter\CodeIgniter->run()
#5 {main}
CRITICAL - 2020-09-20 16:03:22 --> Undefined variable: formas_de_pagamentos
#0 C:\xampp\htdocs\nxgestao\app\Views\food\entregas\form.php(92): CodeIgniter\Debug\Exceptions->errorHandler(8, 'Undefined varia...', 'C:\\xampp\\htdocs...', 92, Array)
#1 C:\xampp\htdocs\nxgestao\system\View\View.php(246): include('C:\\xampp\\htdocs...')
#2 C:\xampp\htdocs\nxgestao\system\Common.php(1087): CodeIgniter\View\View->render('food/entregas/f...', Array, true)
#3 C:\xampp\htdocs\nxgestao\app\Controllers\Food.php(550): view('food/entregas/f...', Array)
#4 C:\xampp\htdocs\nxgestao\system\CodeIgniter.php(914): App\Controllers\Food->novaEntrega()
#5 C:\xampp\htdocs\nxgestao\system\CodeIgniter.php(400): CodeIgniter\CodeIgniter->runController(Object(App\Controllers\Food))
#6 C:\xampp\htdocs\nxgestao\system\CodeIgniter.php(308): CodeIgniter\CodeIgniter->handleRequest(NULL, Object(Config\Cache), false)
#7 C:\xampp\htdocs\nxgestao\public\index.php(45): CodeIgniter\CodeIgniter->run()
#8 {main}
CRITICAL - 2020-09-20 16:05:12 --> Undefined variable: formas_de_pagamentos
#0 C:\xampp\htdocs\nxgestao\app\Views\food\entregas\form.php(88): CodeIgniter\Debug\Exceptions->errorHandler(8, 'Undefined varia...', 'C:\\xampp\\htdocs...', 88, Array)
#1 C:\xampp\htdocs\nxgestao\system\View\View.php(246): include('C:\\xampp\\htdocs...')
#2 C:\xampp\htdocs\nxgestao\system\Common.php(1087): CodeIgniter\View\View->render('food/entregas/f...', Array, true)
#3 C:\xampp\htdocs\nxgestao\app\Controllers\Food.php(582): view('food/entregas/f...', Array)
#4 C:\xampp\htdocs\nxgestao\system\CodeIgniter.php(914): App\Controllers\Food->editEntrega('11')
#5 C:\xampp\htdocs\nxgestao\system\CodeIgniter.php(400): CodeIgniter\CodeIgniter->runController(Object(App\Controllers\Food))
#6 C:\xampp\htdocs\nxgestao\system\CodeIgniter.php(308): CodeIgniter\CodeIgniter->handleRequest(NULL, Object(Config\Cache), false)
#7 C:\xampp\htdocs\nxgestao\public\index.php(45): CodeIgniter\CodeIgniter->run()
#8 {main}
CRITICAL - 2020-09-20 16:28:39 --> Undefined variable: entrega
#0 C:\xampp\htdocs\nxgestao\app\Views\food\entregas\form.php(105): CodeIgniter\Debug\Exceptions->errorHandler(8, 'Undefined varia...', 'C:\\xampp\\htdocs...', 105, Array)
#1 C:\xampp\htdocs\nxgestao\system\View\View.php(246): include('C:\\xampp\\htdocs...')
#2 C:\xampp\htdocs\nxgestao\system\Common.php(1087): CodeIgniter\View\View->render('food/entregas/f...', Array, true)
#3 C:\xampp\htdocs\nxgestao\app\Controllers\Food.php(561): view('food/entregas/f...', Array)
#4 C:\xampp\htdocs\nxgestao\system\CodeIgniter.php(914): App\Controllers\Food->novaEntrega()
#5 C:\xampp\htdocs\nxgestao\system\CodeIgniter.php(400): CodeIgniter\CodeIgniter->runController(Object(App\Controllers\Food))
#6 C:\xampp\htdocs\nxgestao\system\CodeIgniter.php(308): CodeIgniter\CodeIgniter->handleRequest(NULL, Object(Config\Cache), false)
#7 C:\xampp\htdocs\nxgestao\public\index.php(45): CodeIgniter\CodeIgniter->run()
#8 {main}
CRITICAL - 2020-09-20 16:38:56 --> Undefined variable: mesa
#0 C:\xampp\htdocs\nxgestao\app\Views\food\configs.php(188): CodeIgniter\Debug\Exceptions->errorHandler(8, 'Undefined varia...', 'C:\\xampp\\htdocs...', 188, Array)
#1 C:\xampp\htdocs\nxgestao\system\View\View.php(246): include('C:\\xampp\\htdocs...')
#2 C:\xampp\htdocs\nxgestao\system\Common.php(1087): CodeIgniter\View\View->render('food/configs', Array, true)
#3 C:\xampp\htdocs\nxgestao\app\Controllers\Food.php(460): view('food/configs', Array)
#4 C:\xampp\htdocs\nxgestao\system\CodeIgniter.php(914): App\Controllers\Food->configs()
#5 C:\xampp\htdocs\nxgestao\system\CodeIgniter.php(400): CodeIgniter\CodeIgniter->runController(Object(App\Controllers\Food))
#6 C:\xampp\htdocs\nxgestao\system\CodeIgniter.php(308): CodeIgniter\CodeIgniter->handleRequest(NULL, Object(Config\Cache), false)
#7 C:\xampp\htdocs\nxgestao\public\index.php(45): CodeIgniter\CodeIgniter->run()
#8 {main}
CRITICAL - 2020-09-20 16:45:16 --> Call to undefined method CodeIgniter\Session\Session::setFleshdata()
#0 C:\xampp\htdocs\nxgestao\system\CodeIgniter.php(914): App\Controllers\Food->storeServico()
#1 C:\xampp\htdocs\nxgestao\system\CodeIgniter.php(400): CodeIgniter\CodeIgniter->runController(Object(App\Controllers\Food))
#2 C:\xampp\htdocs\nxgestao\system\CodeIgniter.php(308): CodeIgniter\CodeIgniter->handleRequest(NULL, Object(Config\Cache), false)
#3 C:\xampp\htdocs\nxgestao\public\index.php(45): CodeIgniter\CodeIgniter->run()
#4 {main}
CRITICAL - 2020-09-20 16:49:11 --> Undefined variable: session
#0 C:\xampp\htdocs\nxgestao\app\Controllers\Food.php(551): CodeIgniter\Debug\Exceptions->errorHandler(8, 'Undefined varia...', 'C:\\xampp\\htdocs...', 551, Array)
#1 C:\xampp\htdocs\nxgestao\system\CodeIgniter.php(914): App\Controllers\Food->deleteServico('8')
#2 C:\xampp\htdocs\nxgestao\system\CodeIgniter.php(400): CodeIgniter\CodeIgniter->runController(Object(App\Controllers\Food))
#3 C:\xampp\htdocs\nxgestao\system\CodeIgniter.php(308): CodeIgniter\CodeIgniter->handleRequest(NULL, Object(Config\Cache), false)
#4 C:\xampp\htdocs\nxgestao\public\index.php(45): CodeIgniter\CodeIgniter->run()
#5 {main}
