CRITICAL - 2020-07-31 09:06:25 --> Undefined variable: formas_de_pagamento
#0 C:\xampp\htdocs\nxgestao\app\Views\food\novo_pedido.php(275): CodeIgniter\Debug\Exceptions->errorHandler(8, 'Undefined varia...', 'C:\\xampp\\htdocs...', 275, Array)
#1 C:\xampp\htdocs\nxgestao\system\View\View.php(246): include('C:\\xampp\\htdocs...')
#2 C:\xampp\htdocs\nxgestao\system\Common.php(1087): CodeIgniter\View\View->render('food/novo_pedid...', Array, true)
#3 C:\xampp\htdocs\nxgestao\app\Controllers\Food.php(35): view('food/novo_pedid...', Array)
#4 C:\xampp\htdocs\nxgestao\system\CodeIgniter.php(914): App\Controllers\Food->index()
#5 C:\xampp\htdocs\nxgestao\system\CodeIgniter.php(400): CodeIgniter\CodeIgniter->runController(Object(App\Controllers\Food))
#6 C:\xampp\htdocs\nxgestao\system\CodeIgniter.php(308): CodeIgniter\CodeIgniter->handleRequest(NULL, Object(Config\Cache), false)
#7 C:\xampp\htdocs\nxgestao\public\index.php(45): CodeIgniter\CodeIgniter->run()
#8 C:\xampp\htdocs\nxgestao\system\Commands\Server\rewrite.php(34): require_once('C:\\xampp\\htdocs...')
#9 {main}
CRITICAL - 2020-07-31 09:07:04 --> Undefined variable: formas_de_pagamento
#0 C:\xampp\htdocs\nxgestao\app\Views\food\novo_pedido.php(275): CodeIgniter\Debug\Exceptions->errorHandler(8, 'Undefined varia...', 'C:\\xampp\\htdocs...', 275, Array)
#1 C:\xampp\htdocs\nxgestao\system\View\View.php(246): include('C:\\xampp\\htdocs...')
#2 C:\xampp\htdocs\nxgestao\system\Common.php(1087): CodeIgniter\View\View->render('food/novo_pedid...', Array, true)
#3 C:\xampp\htdocs\nxgestao\app\Controllers\Food.php(35): view('food/novo_pedid...', Array)
#4 C:\xampp\htdocs\nxgestao\system\CodeIgniter.php(914): App\Controllers\Food->novoPedido()
#5 C:\xampp\htdocs\nxgestao\system\CodeIgniter.php(400): CodeIgniter\CodeIgniter->runController(Object(App\Controllers\Food))
#6 C:\xampp\htdocs\nxgestao\system\CodeIgniter.php(308): CodeIgniter\CodeIgniter->handleRequest(NULL, Object(Config\Cache), false)
#7 C:\xampp\htdocs\nxgestao\public\index.php(45): CodeIgniter\CodeIgniter->run()
#8 C:\xampp\htdocs\nxgestao\system\Commands\Server\rewrite.php(34): require_once('C:\\xampp\\htdocs...')
#9 {main}
CRITICAL - 2020-07-31 09:29:06 --> Undefined index: codigo_de_barras
#0 C:\xampp\htdocs\nxgestao\app\Controllers\VendaRapida.php(90): CodeIgniter\Debug\Exceptions->errorHandler(8, 'Undefined index...', 'C:\\xampp\\htdocs...', 90, Array)
#1 C:\xampp\htdocs\nxgestao\system\CodeIgniter.php(914): App\Controllers\VendaRapida->addProdutoDaVenda()
#2 C:\xampp\htdocs\nxgestao\system\CodeIgniter.php(400): CodeIgniter\CodeIgniter->runController(Object(App\Controllers\VendaRapida))
#3 C:\xampp\htdocs\nxgestao\system\CodeIgniter.php(308): CodeIgniter\CodeIgniter->handleRequest(NULL, Object(Config\Cache), false)
#4 C:\xampp\htdocs\nxgestao\public\index.php(45): CodeIgniter\CodeIgniter->run()
#5 C:\xampp\htdocs\nxgestao\system\Commands\Server\rewrite.php(34): require_once('C:\\xampp\\htdocs...')
#6 {main}
CRITICAL - 2020-07-31 10:42:47 --> Call to undefined method App\Controllers\Food::getvar()
#0 C:\xampp\htdocs\nxgestao\system\CodeIgniter.php(914): App\Controllers\Food->addProduto()
#1 C:\xampp\htdocs\nxgestao\system\CodeIgniter.php(400): CodeIgniter\CodeIgniter->runController(Object(App\Controllers\Food))
#2 C:\xampp\htdocs\nxgestao\system\CodeIgniter.php(308): CodeIgniter\CodeIgniter->handleRequest(NULL, Object(Config\Cache), false)
#3 C:\xampp\htdocs\nxgestao\public\index.php(45): CodeIgniter\CodeIgniter->run()
#4 C:\xampp\htdocs\nxgestao\system\Commands\Server\rewrite.php(34): require_once('C:\\xampp\\htdocs...')
#5 {main}
CRITICAL - 2020-07-31 10:50:31 --> Invalid file: food/selecionar_mesa.php
#0 C:\xampp\htdocs\nxgestao\system\View\View.php(228): CodeIgniter\Exceptions\FrameworkException::forInvalidFile('food/selecionar...')
#1 C:\xampp\htdocs\nxgestao\system\Common.php(1087): CodeIgniter\View\View->render('food/selecionar...', Array, true)
#2 C:\xampp\htdocs\nxgestao\app\Controllers\Food.php(44): view('food/selecionar...', Array)
#3 C:\xampp\htdocs\nxgestao\system\CodeIgniter.php(914): App\Controllers\Food->selecionarMesa()
#4 C:\xampp\htdocs\nxgestao\system\CodeIgniter.php(400): CodeIgniter\CodeIgniter->runController(Object(App\Controllers\Food))
#5 C:\xampp\htdocs\nxgestao\system\CodeIgniter.php(308): CodeIgniter\CodeIgniter->handleRequest(NULL, Object(Config\Cache), false)
#6 C:\xampp\htdocs\nxgestao\public\index.php(45): CodeIgniter\CodeIgniter->run()
#7 C:\xampp\htdocs\nxgestao\system\Commands\Server\rewrite.php(34): require_once('C:\\xampp\\htdocs...')
#8 {main}
CRITICAL - 2020-07-31 11:00:55 --> Undefined property: App\Controllers\Food::$provisorio_produto_food
#0 C:\xampp\htdocs\nxgestao\app\Controllers\Food.php(78): CodeIgniter\Debug\Exceptions->errorHandler(8, 'Undefined prope...', 'C:\\xampp\\htdocs...', 78, Array)
#1 C:\xampp\htdocs\nxgestao\system\CodeIgniter.php(914): App\Controllers\Food->addProduto()
#2 C:\xampp\htdocs\nxgestao\system\CodeIgniter.php(400): CodeIgniter\CodeIgniter->runController(Object(App\Controllers\Food))
#3 C:\xampp\htdocs\nxgestao\system\CodeIgniter.php(308): CodeIgniter\CodeIgniter->handleRequest(NULL, Object(Config\Cache), false)
#4 C:\xampp\htdocs\nxgestao\public\index.php(45): CodeIgniter\CodeIgniter->run()
#5 C:\xampp\htdocs\nxgestao\system\Commands\Server\rewrite.php(34): require_once('C:\\xampp\\htdocs...')
#6 {main}
CRITICAL - 2020-07-31 11:04:17 --> Class 'App\Models\ProvisorioProdutoFoodModel' not found
#0 C:\xampp\htdocs\nxgestao\system\CodeIgniter.php(886): App\Controllers\Food->__construct()
#1 C:\xampp\htdocs\nxgestao\system\CodeIgniter.php(395): CodeIgniter\CodeIgniter->createController()
#2 C:\xampp\htdocs\nxgestao\system\CodeIgniter.php(308): CodeIgniter\CodeIgniter->handleRequest(NULL, Object(Config\Cache), false)
#3 C:\xampp\htdocs\nxgestao\public\index.php(45): CodeIgniter\CodeIgniter->run()
#4 C:\xampp\htdocs\nxgestao\system\Commands\Server\rewrite.php(34): require_once('C:\\xampp\\htdocs...')
#5 {main}
CRITICAL - 2020-07-31 12:38:29 --> Undefined index: id_provisorio_produto
#0 C:\xampp\htdocs\nxgestao\app\Views\food\novo_pedido.php(83): CodeIgniter\Debug\Exceptions->errorHandler(8, 'Undefined index...', 'C:\\xampp\\htdocs...', 83, Array)
#1 C:\xampp\htdocs\nxgestao\system\View\View.php(246): include('C:\\xampp\\htdocs...')
#2 C:\xampp\htdocs\nxgestao\system\Common.php(1087): CodeIgniter\View\View->render('food/novo_pedid...', Array, true)
#3 C:\xampp\htdocs\nxgestao\app\Controllers\Food.php(74): view('food/novo_pedid...', Array)
#4 C:\xampp\htdocs\nxgestao\system\CodeIgniter.php(914): App\Controllers\Food->pedido('1')
#5 C:\xampp\htdocs\nxgestao\system\CodeIgniter.php(400): CodeIgniter\CodeIgniter->runController(Object(App\Controllers\Food))
#6 C:\xampp\htdocs\nxgestao\system\CodeIgniter.php(308): CodeIgniter\CodeIgniter->handleRequest(NULL, Object(Config\Cache), false)
#7 C:\xampp\htdocs\nxgestao\public\index.php(45): CodeIgniter\CodeIgniter->run()
#8 C:\xampp\htdocs\nxgestao\system\Commands\Server\rewrite.php(34): require_once('C:\\xampp\\htdocs...')
#9 {main}
CRITICAL - 2020-07-31 12:42:51 --> Too few arguments to function App\Controllers\Food::deleteProduto(), 1 passed in C:\xampp\htdocs\nxgestao\system\CodeIgniter.php on line 914 and exactly 2 expected
#0 C:\xampp\htdocs\nxgestao\system\CodeIgniter.php(914): App\Controllers\Food->deleteProduto('7')
#1 C:\xampp\htdocs\nxgestao\system\CodeIgniter.php(400): CodeIgniter\CodeIgniter->runController(Object(App\Controllers\Food))
#2 C:\xampp\htdocs\nxgestao\system\CodeIgniter.php(308): CodeIgniter\CodeIgniter->handleRequest(NULL, Object(Config\Cache), false)
#3 C:\xampp\htdocs\nxgestao\public\index.php(45): CodeIgniter\CodeIgniter->run()
#4 C:\xampp\htdocs\nxgestao\system\Commands\Server\rewrite.php(34): require_once('C:\\xampp\\htdocs...')
#5 {main}
CRITICAL - 2020-07-31 12:54:07 --> Undefined variable: id_mesa
#0 C:\xampp\htdocs\nxgestao\app\Controllers\Food.php(135): CodeIgniter\Debug\Exceptions->errorHandler(8, 'Undefined varia...', 'C:\\xampp\\htdocs...', 135, Array)
#1 C:\xampp\htdocs\nxgestao\system\CodeIgniter.php(914): App\Controllers\Food->mesa('1')
#2 C:\xampp\htdocs\nxgestao\system\CodeIgniter.php(400): CodeIgniter\CodeIgniter->runController(Object(App\Controllers\Food))
#3 C:\xampp\htdocs\nxgestao\system\CodeIgniter.php(308): CodeIgniter\CodeIgniter->handleRequest(NULL, Object(Config\Cache), false)
#4 C:\xampp\htdocs\nxgestao\public\index.php(45): CodeIgniter\CodeIgniter->run()
#5 C:\xampp\htdocs\nxgestao\system\Commands\Server\rewrite.php(34): require_once('C:\\xampp\\htdocs...')
#6 {main}
CRITICAL - 2020-07-31 12:57:11 --> Undefined variable: id_mesa
#0 C:\xampp\htdocs\nxgestao\app\Views\food\mesa.php(52): CodeIgniter\Debug\Exceptions->errorHandler(8, 'Undefined varia...', 'C:\\xampp\\htdocs...', 52, Array)
#1 C:\xampp\htdocs\nxgestao\system\View\View.php(246): include('C:\\xampp\\htdocs...')
#2 C:\xampp\htdocs\nxgestao\system\Common.php(1087): CodeIgniter\View\View->render('food/mesa', Array, true)
#3 C:\xampp\htdocs\nxgestao\app\Controllers\Food.php(143): view('food/mesa', Array)
#4 C:\xampp\htdocs\nxgestao\system\CodeIgniter.php(914): App\Controllers\Food->mesa('1')
#5 C:\xampp\htdocs\nxgestao\system\CodeIgniter.php(400): CodeIgniter\CodeIgniter->runController(Object(App\Controllers\Food))
#6 C:\xampp\htdocs\nxgestao\system\CodeIgniter.php(308): CodeIgniter\CodeIgniter->handleRequest(NULL, Object(Config\Cache), false)
#7 C:\xampp\htdocs\nxgestao\public\index.php(45): CodeIgniter\CodeIgniter->run()
#8 C:\xampp\htdocs\nxgestao\system\Commands\Server\rewrite.php(34): require_once('C:\\xampp\\htdocs...')
#9 {main}
CRITICAL - 2020-07-31 13:05:51 --> Call to undefined method App\Models\ProvisorioProdutoFoodModel::finAll
#0 C:\xampp\htdocs\nxgestao\app\Controllers\Food.php(165): CodeIgniter\Model->__call('finAll', Array)
#1 C:\xampp\htdocs\nxgestao\system\CodeIgniter.php(914): App\Controllers\Food->finalizarPedido('1')
#2 C:\xampp\htdocs\nxgestao\system\CodeIgniter.php(400): CodeIgniter\CodeIgniter->runController(Object(App\Controllers\Food))
#3 C:\xampp\htdocs\nxgestao\system\CodeIgniter.php(308): CodeIgniter\CodeIgniter->handleRequest(NULL, Object(Config\Cache), false)
#4 C:\xampp\htdocs\nxgestao\public\index.php(45): CodeIgniter\CodeIgniter->run()
#5 C:\xampp\htdocs\nxgestao\system\Commands\Server\rewrite.php(34): require_once('C:\\xampp\\htdocs...')
#6 {main}
CRITICAL - 2020-07-31 13:10:17 --> Class 'App\Models\ProvisorioProdutoDaMesaFoodModel' not found
#0 C:\xampp\htdocs\nxgestao\system\CodeIgniter.php(886): App\Controllers\Food->__construct()
#1 C:\xampp\htdocs\nxgestao\system\CodeIgniter.php(395): CodeIgniter\CodeIgniter->createController()
#2 C:\xampp\htdocs\nxgestao\system\CodeIgniter.php(308): CodeIgniter\CodeIgniter->handleRequest(NULL, Object(Config\Cache), false)
#3 C:\xampp\htdocs\nxgestao\public\index.php(45): CodeIgniter\CodeIgniter->run()
#4 C:\xampp\htdocs\nxgestao\system\Commands\Server\rewrite.php(34): require_once('C:\\xampp\\htdocs...')
#5 {main}
CRITICAL - 2020-07-31 13:14:56 --> Undefined property: App\Controllers\Food::$produto_da_venda_rapida_model
#0 C:\xampp\htdocs\nxgestao\app\Controllers\Food.php(180): CodeIgniter\Debug\Exceptions->errorHandler(8, 'Undefined prope...', 'C:\\xampp\\htdocs...', 180, Array)
#1 C:\xampp\htdocs\nxgestao\system\CodeIgniter.php(914): App\Controllers\Food->finalizarPedido('1')
#2 C:\xampp\htdocs\nxgestao\system\CodeIgniter.php(400): CodeIgniter\CodeIgniter->runController(Object(App\Controllers\Food))
#3 C:\xampp\htdocs\nxgestao\system\CodeIgniter.php(308): CodeIgniter\CodeIgniter->handleRequest(NULL, Object(Config\Cache), false)
#4 C:\xampp\htdocs\nxgestao\public\index.php(45): CodeIgniter\CodeIgniter->run()
#5 C:\xampp\htdocs\nxgestao\system\Commands\Server\rewrite.php(34): require_once('C:\\xampp\\htdocs...')
#6 {main}
CRITICAL - 2020-07-31 13:40:44 --> Undefined variable: forma_de_pagamento
#0 C:\xampp\htdocs\nxgestao\app\Views\food\mesa.php(23): CodeIgniter\Debug\Exceptions->errorHandler(8, 'Undefined varia...', 'C:\\xampp\\htdocs...', 23, Array)
#1 C:\xampp\htdocs\nxgestao\system\View\View.php(246): include('C:\\xampp\\htdocs...')
#2 C:\xampp\htdocs\nxgestao\system\Common.php(1087): CodeIgniter\View\View->render('food/mesa', Array, true)
#3 C:\xampp\htdocs\nxgestao\app\Controllers\Food.php(154): view('food/mesa', Array)
#4 C:\xampp\htdocs\nxgestao\system\CodeIgniter.php(914): App\Controllers\Food->mesa('1')
#5 C:\xampp\htdocs\nxgestao\system\CodeIgniter.php(400): CodeIgniter\CodeIgniter->runController(Object(App\Controllers\Food))
#6 C:\xampp\htdocs\nxgestao\system\CodeIgniter.php(308): CodeIgniter\CodeIgniter->handleRequest(NULL, Object(Config\Cache), false)
#7 C:\xampp\htdocs\nxgestao\public\index.php(45): CodeIgniter\CodeIgniter->run()
#8 C:\xampp\htdocs\nxgestao\system\Commands\Server\rewrite.php(34): require_once('C:\\xampp\\htdocs...')
#9 {main}
CRITICAL - 2020-07-31 13:51:12 --> Undefined index: id_mesa
#0 C:\xampp\htdocs\nxgestao\app\Controllers\Food.php(206): CodeIgniter\Debug\Exceptions->errorHandler(8, 'Undefined index...', 'C:\\xampp\\htdocs...', 206, Array)
#1 C:\xampp\htdocs\nxgestao\system\CodeIgniter.php(914): App\Controllers\Food->adicionarPagamento('1')
#2 C:\xampp\htdocs\nxgestao\system\CodeIgniter.php(400): CodeIgniter\CodeIgniter->runController(Object(App\Controllers\Food))
#3 C:\xampp\htdocs\nxgestao\system\CodeIgniter.php(308): CodeIgniter\CodeIgniter->handleRequest(NULL, Object(Config\Cache), false)
#4 C:\xampp\htdocs\nxgestao\public\index.php(45): CodeIgniter\CodeIgniter->run()
#5 C:\xampp\htdocs\nxgestao\system\Commands\Server\rewrite.php(34): require_once('C:\\xampp\\htdocs...')
#6 {main}
CRITICAL - 2020-07-31 13:59:32 --> Undefined variable: valor_pago
#0 C:\xampp\htdocs\nxgestao\app\Views\food\mesa.php(190): CodeIgniter\Debug\Exceptions->errorHandler(8, 'Undefined varia...', 'C:\\xampp\\htdocs...', 190, Array)
#1 C:\xampp\htdocs\nxgestao\system\View\View.php(246): include('C:\\xampp\\htdocs...')
#2 C:\xampp\htdocs\nxgestao\system\Common.php(1087): CodeIgniter\View\View->render('food/mesa', Array, true)
#3 C:\xampp\htdocs\nxgestao\app\Controllers\Food.php(157): view('food/mesa', Array)
#4 C:\xampp\htdocs\nxgestao\system\CodeIgniter.php(914): App\Controllers\Food->mesa('1')
#5 C:\xampp\htdocs\nxgestao\system\CodeIgniter.php(400): CodeIgniter\CodeIgniter->runController(Object(App\Controllers\Food))
#6 C:\xampp\htdocs\nxgestao\system\CodeIgniter.php(308): CodeIgniter\CodeIgniter->handleRequest(NULL, Object(Config\Cache), false)
#7 C:\xampp\htdocs\nxgestao\public\index.php(45): CodeIgniter\CodeIgniter->run()
#8 C:\xampp\htdocs\nxgestao\system\Commands\Server\rewrite.php(34): require_once('C:\\xampp\\htdocs...')
#9 {main}
CRITICAL - 2020-07-31 14:00:18 --> Undefined variable: valor_pago
#0 C:\xampp\htdocs\nxgestao\app\Views\food\mesa.php(191): CodeIgniter\Debug\Exceptions->errorHandler(8, 'Undefined varia...', 'C:\\xampp\\htdocs...', 191, Array)
#1 C:\xampp\htdocs\nxgestao\system\View\View.php(246): include('C:\\xampp\\htdocs...')
#2 C:\xampp\htdocs\nxgestao\system\Common.php(1087): CodeIgniter\View\View->render('food/mesa', Array, true)
#3 C:\xampp\htdocs\nxgestao\app\Controllers\Food.php(157): view('food/mesa', Array)
#4 C:\xampp\htdocs\nxgestao\system\CodeIgniter.php(914): App\Controllers\Food->mesa('1')
#5 C:\xampp\htdocs\nxgestao\system\CodeIgniter.php(400): CodeIgniter\CodeIgniter->runController(Object(App\Controllers\Food))
#6 C:\xampp\htdocs\nxgestao\system\CodeIgniter.php(308): CodeIgniter\CodeIgniter->handleRequest(NULL, Object(Config\Cache), false)
#7 C:\xampp\htdocs\nxgestao\public\index.php(45): CodeIgniter\CodeIgniter->run()
#8 C:\xampp\htdocs\nxgestao\system\Commands\Server\rewrite.php(34): require_once('C:\\xampp\\htdocs...')
#9 {main}
CRITICAL - 2020-07-31 14:07:56 --> Undefined variable: id_mesa
#0 C:\xampp\htdocs\nxgestao\app\Views\food\mesas.php(42): CodeIgniter\Debug\Exceptions->errorHandler(8, 'Undefined varia...', 'C:\\xampp\\htdocs...', 42, Array)
#1 C:\xampp\htdocs\nxgestao\system\View\View.php(246): include('C:\\xampp\\htdocs...')
#2 C:\xampp\htdocs\nxgestao\system\Common.php(1087): CodeIgniter\View\View->render('food/mesas', Array, true)
#3 C:\xampp\htdocs\nxgestao\app\Controllers\Food.php(125): view('food/mesas', Array)
#4 C:\xampp\htdocs\nxgestao\system\CodeIgniter.php(914): App\Controllers\Food->mesas()
#5 C:\xampp\htdocs\nxgestao\system\CodeIgniter.php(400): CodeIgniter\CodeIgniter->runController(Object(App\Controllers\Food))
#6 C:\xampp\htdocs\nxgestao\system\CodeIgniter.php(308): CodeIgniter\CodeIgniter->handleRequest(NULL, Object(Config\Cache), false)
#7 C:\xampp\htdocs\nxgestao\public\index.php(45): CodeIgniter\CodeIgniter->run()
#8 C:\xampp\htdocs\nxgestao\system\Commands\Server\rewrite.php(34): require_once('C:\\xampp\\htdocs...')
#9 {main}
CRITICAL - 2020-07-31 14:09:53 --> Undefined variable: valor_total
#0 C:\xampp\htdocs\nxgestao\app\Views\food\mesa.php(189): CodeIgniter\Debug\Exceptions->errorHandler(8, 'Undefined varia...', 'C:\\xampp\\htdocs...', 189, Array)
#1 C:\xampp\htdocs\nxgestao\system\View\View.php(246): include('C:\\xampp\\htdocs...')
#2 C:\xampp\htdocs\nxgestao\system\Common.php(1087): CodeIgniter\View\View->render('food/mesa', Array, true)
#3 C:\xampp\htdocs\nxgestao\app\Controllers\Food.php(157): view('food/mesa', Array)
#4 C:\xampp\htdocs\nxgestao\system\CodeIgniter.php(914): App\Controllers\Food->mesa('2')
#5 C:\xampp\htdocs\nxgestao\system\CodeIgniter.php(400): CodeIgniter\CodeIgniter->runController(Object(App\Controllers\Food))
#6 C:\xampp\htdocs\nxgestao\system\CodeIgniter.php(308): CodeIgniter\CodeIgniter->handleRequest(NULL, Object(Config\Cache), false)
#7 C:\xampp\htdocs\nxgestao\public\index.php(45): CodeIgniter\CodeIgniter->run()
#8 C:\xampp\htdocs\nxgestao\system\Commands\Server\rewrite.php(34): require_once('C:\\xampp\\htdocs...')
#9 {main}
CRITICAL - 2020-07-31 14:10:43 --> Undefined variable: valor_total
#0 C:\xampp\htdocs\nxgestao\app\Views\food\mesa.php(191): CodeIgniter\Debug\Exceptions->errorHandler(8, 'Undefined varia...', 'C:\\xampp\\htdocs...', 191, Array)
#1 C:\xampp\htdocs\nxgestao\system\View\View.php(246): include('C:\\xampp\\htdocs...')
#2 C:\xampp\htdocs\nxgestao\system\Common.php(1087): CodeIgniter\View\View->render('food/mesa', Array, true)
#3 C:\xampp\htdocs\nxgestao\app\Controllers\Food.php(157): view('food/mesa', Array)
#4 C:\xampp\htdocs\nxgestao\system\CodeIgniter.php(914): App\Controllers\Food->mesa('2')
#5 C:\xampp\htdocs\nxgestao\system\CodeIgniter.php(400): CodeIgniter\CodeIgniter->runController(Object(App\Controllers\Food))
#6 C:\xampp\htdocs\nxgestao\system\CodeIgniter.php(308): CodeIgniter\CodeIgniter->handleRequest(NULL, Object(Config\Cache), false)
#7 C:\xampp\htdocs\nxgestao\public\index.php(45): CodeIgniter\CodeIgniter->run()
#8 C:\xampp\htdocs\nxgestao\system\Commands\Server\rewrite.php(34): require_once('C:\\xampp\\htdocs...')
#9 {main}
CRITICAL - 2020-07-31 14:14:20 --> Unparenthesized `a ? b : c ? d : e` is deprecated. Use either `(a ? b : c) ? d : e` or `a ? b : (c ? d : e)`
#0 C:\xampp\htdocs\nxgestao\system\View\View.php(246): CodeIgniter\Debug\Exceptions->errorHandler(8192, 'Unparenthesized...', 'C:\\xampp\\htdocs...', 191, Array)
#1 C:\xampp\htdocs\nxgestao\system\View\View.php(246): include()
#2 C:\xampp\htdocs\nxgestao\system\Common.php(1087): CodeIgniter\View\View->render('food/mesa', Array, true)
#3 C:\xampp\htdocs\nxgestao\app\Controllers\Food.php(157): view('food/mesa', Array)
#4 C:\xampp\htdocs\nxgestao\system\CodeIgniter.php(914): App\Controllers\Food->mesa('2')
#5 C:\xampp\htdocs\nxgestao\system\CodeIgniter.php(400): CodeIgniter\CodeIgniter->runController(Object(App\Controllers\Food))
#6 C:\xampp\htdocs\nxgestao\system\CodeIgniter.php(308): CodeIgniter\CodeIgniter->handleRequest(NULL, Object(Config\Cache), false)
#7 C:\xampp\htdocs\nxgestao\public\index.php(45): CodeIgniter\CodeIgniter->run()
#8 C:\xampp\htdocs\nxgestao\system\Commands\Server\rewrite.php(34): require_once('C:\\xampp\\htdocs...')
#9 {main}
CRITICAL - 2020-07-31 14:47:49 --> Undefined variable: caixas
#0 C:\xampp\htdocs\nxgestao\app\Views\food\mesa.php(76): CodeIgniter\Debug\Exceptions->errorHandler(8, 'Undefined varia...', 'C:\\xampp\\htdocs...', 76, Array)
#1 C:\xampp\htdocs\nxgestao\system\View\View.php(246): include('C:\\xampp\\htdocs...')
#2 C:\xampp\htdocs\nxgestao\system\Common.php(1087): CodeIgniter\View\View->render('food/mesa', Array, true)
#3 C:\xampp\htdocs\nxgestao\app\Controllers\Food.php(157): view('food/mesa', Array)
#4 C:\xampp\htdocs\nxgestao\system\CodeIgniter.php(914): App\Controllers\Food->mesa('3')
#5 C:\xampp\htdocs\nxgestao\system\CodeIgniter.php(400): CodeIgniter\CodeIgniter->runController(Object(App\Controllers\Food))
#6 C:\xampp\htdocs\nxgestao\system\CodeIgniter.php(308): CodeIgniter\CodeIgniter->handleRequest(NULL, Object(Config\Cache), false)
#7 C:\xampp\htdocs\nxgestao\public\index.php(45): CodeIgniter\CodeIgniter->run()
#8 C:\xampp\htdocs\nxgestao\system\Commands\Server\rewrite.php(34): require_once('C:\\xampp\\htdocs...')
#9 {main}
CRITICAL - 2020-07-31 14:48:28 --> Undefined variable: caixas
#0 C:\xampp\htdocs\nxgestao\app\Views\food\mesa.php(76): CodeIgniter\Debug\Exceptions->errorHandler(8, 'Undefined varia...', 'C:\\xampp\\htdocs...', 76, Array)
#1 C:\xampp\htdocs\nxgestao\system\View\View.php(246): include('C:\\xampp\\htdocs...')
#2 C:\xampp\htdocs\nxgestao\system\Common.php(1087): CodeIgniter\View\View->render('food/mesa', Array, true)
#3 C:\xampp\htdocs\nxgestao\app\Controllers\Food.php(157): view('food/mesa', Array)
#4 C:\xampp\htdocs\nxgestao\system\CodeIgniter.php(914): App\Controllers\Food->mesa('3')
#5 C:\xampp\htdocs\nxgestao\system\CodeIgniter.php(400): CodeIgniter\CodeIgniter->runController(Object(App\Controllers\Food))
#6 C:\xampp\htdocs\nxgestao\system\CodeIgniter.php(308): CodeIgniter\CodeIgniter->handleRequest(NULL, Object(Config\Cache), false)
#7 C:\xampp\htdocs\nxgestao\public\index.php(45): CodeIgniter\CodeIgniter->run()
#8 C:\xampp\htdocs\nxgestao\system\Commands\Server\rewrite.php(34): require_once('C:\\xampp\\htdocs...')
#9 {main}
CRITICAL - 2020-07-31 15:07:17 --> Cannot add or update a child row: a foreign key constraint fails (`nxgestao`.`lancamentos`, CONSTRAINT `lancamentos_id_caixa_foreign` FOREIGN KEY (`id_caixa`) REFERENCES `caixas` (`id_caixa`) ON DELETE CASCADE ON UPDATE CASCADE)
#0 C:\xampp\htdocs\nxgestao\system\Database\MySQLi\Connection.php(331): mysqli->query('INSERT INTO `la...')
#1 C:\xampp\htdocs\nxgestao\system\Database\BaseConnection.php(738): CodeIgniter\Database\MySQLi\Connection->execute('INSERT INTO `la...')
#2 C:\xampp\htdocs\nxgestao\system\Database\BaseConnection.php(666): CodeIgniter\Database\BaseConnection->simpleQuery('INSERT INTO `la...')
#3 C:\xampp\htdocs\nxgestao\system\Database\BaseBuilder.php(2234): CodeIgniter\Database\BaseConnection->query('INSERT INTO `la...', Array, false)
#4 C:\xampp\htdocs\nxgestao\system\Model.php(729): CodeIgniter\Database\BaseBuilder->insert()
#5 C:\xampp\htdocs\nxgestao\app\Controllers\Food.php(264): CodeIgniter\Model->insert(Array)
#6 C:\xampp\htdocs\nxgestao\system\CodeIgniter.php(914): App\Controllers\Food->finalizarMesa()
#7 C:\xampp\htdocs\nxgestao\system\CodeIgniter.php(400): CodeIgniter\CodeIgniter->runController(Object(App\Controllers\Food))
#8 C:\xampp\htdocs\nxgestao\system\CodeIgniter.php(308): CodeIgniter\CodeIgniter->handleRequest(NULL, Object(Config\Cache), false)
#9 C:\xampp\htdocs\nxgestao\public\index.php(45): CodeIgniter\CodeIgniter->run()
#10 C:\xampp\htdocs\nxgestao\system\Commands\Server\rewrite.php(34): require_once('C:\\xampp\\htdocs...')
#11 {main}
CRITICAL - 2020-07-31 15:13:23 --> You have an error in your SQL syntax; check the manual that corresponds to your MariaDB server version for the right syntax to use near ':id_mesa:' at line 2
#0 C:\xampp\htdocs\nxgestao\system\Database\MySQLi\Connection.php(331): mysqli->query('DELETE FROM `pr...')
#1 C:\xampp\htdocs\nxgestao\system\Database\BaseConnection.php(738): CodeIgniter\Database\MySQLi\Connection->execute('DELETE FROM `pr...')
#2 C:\xampp\htdocs\nxgestao\system\Database\BaseConnection.php(666): CodeIgniter\Database\BaseConnection->simpleQuery('DELETE FROM `pr...')
#3 C:\xampp\htdocs\nxgestao\system\Database\BaseBuilder.php(2711): CodeIgniter\Database\BaseConnection->query('DELETE FROM `pr...', NULL, false)
#4 C:\xampp\htdocs\nxgestao\system\Model.php(1716): CodeIgniter\Database\BaseBuilder->emptyTable('provisorio_prod...')
#5 C:\xampp\htdocs\nxgestao\app\Controllers\Food.php(269): CodeIgniter\Model->__call('emptyTable', Array)
#6 C:\xampp\htdocs\nxgestao\system\CodeIgniter.php(914): App\Controllers\Food->finalizarMesa()
#7 C:\xampp\htdocs\nxgestao\system\CodeIgniter.php(400): CodeIgniter\CodeIgniter->runController(Object(App\Controllers\Food))
#8 C:\xampp\htdocs\nxgestao\system\CodeIgniter.php(308): CodeIgniter\CodeIgniter->handleRequest(NULL, Object(Config\Cache), false)
#9 C:\xampp\htdocs\nxgestao\public\index.php(45): CodeIgniter\CodeIgniter->run()
#10 C:\xampp\htdocs\nxgestao\system\Commands\Server\rewrite.php(34): require_once('C:\\xampp\\htdocs...')
#11 {main}
CRITICAL - 2020-07-31 15:15:57 --> Undefined index: id_pagamento
#0 C:\xampp\htdocs\nxgestao\app\Controllers\Food.php(257): CodeIgniter\Debug\Exceptions->errorHandler(8, 'Undefined index...', 'C:\\xampp\\htdocs...', 257, Array)
#1 C:\xampp\htdocs\nxgestao\system\CodeIgniter.php(914): App\Controllers\Food->finalizarMesa()
#2 C:\xampp\htdocs\nxgestao\system\CodeIgniter.php(400): CodeIgniter\CodeIgniter->runController(Object(App\Controllers\Food))
#3 C:\xampp\htdocs\nxgestao\system\CodeIgniter.php(308): CodeIgniter\CodeIgniter->handleRequest(NULL, Object(Config\Cache), false)
#4 C:\xampp\htdocs\nxgestao\public\index.php(45): CodeIgniter\CodeIgniter->run()
#5 C:\xampp\htdocs\nxgestao\system\Commands\Server\rewrite.php(34): require_once('C:\\xampp\\htdocs...')
#6 {main}
