CRITICAL - 2020-11-06 15:05:57 --> Argument 1 passed to CodeIgniter\HTTP\RedirectResponse::to() must be of the type string, null given, called in C:\xampp\htdocs\nxgestao\app\Controllers\Pedidos.php on line 48
#0 C:\xampp\htdocs\nxgestao\app\Controllers\Pedidos.php(48): CodeIgniter\HTTP\RedirectResponse->to(NULL)
#1 C:\xampp\htdocs\nxgestao\system\CodeIgniter.php(914): App\Controllers\Pedidos->index()
#2 C:\xampp\htdocs\nxgestao\system\CodeIgniter.php(400): CodeIgniter\CodeIgniter->runController(Object(App\Controllers\Pedidos))
#3 C:\xampp\htdocs\nxgestao\system\CodeIgniter.php(308): CodeIgniter\CodeIgniter->handleRequest(NULL, Object(Config\Cache), false)
#4 C:\xampp\htdocs\nxgestao\public\index.php(45): CodeIgniter\CodeIgniter->run()
#5 {main}
CRITICAL - 2020-11-06 17:16:50 --> Trying to access array offset on value of type null
#0 C:\xampp\htdocs\nxgestao\app\Models\ControleDeAcessoModel.php(97): CodeIgniter\Debug\Exceptions->errorHandler(8, 'Trying to acces...', 'C:\\xampp\\htdocs...', 97, Array)
#1 C:\xampp\htdocs\nxgestao\app\Controllers\Food.php(504): App\Models\ControleDeAcessoModel->verificaPermissao('configs')
#2 C:\xampp\htdocs\nxgestao\system\CodeIgniter.php(914): App\Controllers\Food->configs()
#3 C:\xampp\htdocs\nxgestao\system\CodeIgniter.php(400): CodeIgniter\CodeIgniter->runController(Object(App\Controllers\Food))
#4 C:\xampp\htdocs\nxgestao\system\CodeIgniter.php(308): CodeIgniter\CodeIgniter->handleRequest(NULL, Object(Config\Cache), false)
#5 C:\xampp\htdocs\nxgestao\public\index.php(45): CodeIgniter\CodeIgniter->run()
#6 {main}
CRITICAL - 2020-11-06 17:16:56 --> Trying to access array offset on value of type null
#0 C:\xampp\htdocs\nxgestao\app\Models\ControleDeAcessoModel.php(97): CodeIgniter\Debug\Exceptions->errorHandler(8, 'Trying to acces...', 'C:\\xampp\\htdocs...', 97, Array)
#1 C:\xampp\htdocs\nxgestao\app\Controllers\Food.php(504): App\Models\ControleDeAcessoModel->verificaPermissao('configs')
#2 C:\xampp\htdocs\nxgestao\system\CodeIgniter.php(914): App\Controllers\Food->configs()
#3 C:\xampp\htdocs\nxgestao\system\CodeIgniter.php(400): CodeIgniter\CodeIgniter->runController(Object(App\Controllers\Food))
#4 C:\xampp\htdocs\nxgestao\system\CodeIgniter.php(308): CodeIgniter\CodeIgniter->handleRequest(NULL, Object(Config\Cache), false)
#5 C:\xampp\htdocs\nxgestao\public\index.php(45): CodeIgniter\CodeIgniter->run()
#6 {main}
CRITICAL - 2020-11-06 17:36:49 --> Undefined variable: configuracao
#0 C:\xampp\htdocs\nxgestao\app\Views\food\painel\index.php(15): CodeIgniter\Debug\Exceptions->errorHandler(8, 'Undefined varia...', 'C:\\xampp\\htdocs...', 15, Array)
#1 C:\xampp\htdocs\nxgestao\system\View\View.php(246): include('C:\\xampp\\htdocs...')
#2 C:\xampp\htdocs\nxgestao\system\Common.php(1087): CodeIgniter\View\View->render('food/painel/ind...', Array, true)
#3 C:\xampp\htdocs\nxgestao\app\Controllers\Painel.php(43): view('food/painel/ind...', Array)
#4 C:\xampp\htdocs\nxgestao\system\CodeIgniter.php(914): App\Controllers\Painel->index()
#5 C:\xampp\htdocs\nxgestao\system\CodeIgniter.php(400): CodeIgniter\CodeIgniter->runController(Object(App\Controllers\Painel))
#6 C:\xampp\htdocs\nxgestao\system\CodeIgniter.php(308): CodeIgniter\CodeIgniter->handleRequest(NULL, Object(Config\Cache), false)
#7 C:\xampp\htdocs\nxgestao\public\index.php(45): CodeIgniter\CodeIgniter->run()
#8 {main}
CRITICAL - 2020-11-06 18:10:26 --> Undefined property: App\Controllers\Painel::$id_senha
#0 C:\xampp\htdocs\nxgestao\app\Controllers\Painel.php(61): CodeIgniter\Debug\Exceptions->errorHandler(8, 'Undefined prope...', 'C:\\xampp\\htdocs...', 61, Array)
#1 C:\xampp\htdocs\nxgestao\system\CodeIgniter.php(914): App\Controllers\Painel->transmitir()
#2 C:\xampp\htdocs\nxgestao\system\CodeIgniter.php(400): CodeIgniter\CodeIgniter->runController(Object(App\Controllers\Painel))
#3 C:\xampp\htdocs\nxgestao\system\CodeIgniter.php(308): CodeIgniter\CodeIgniter->handleRequest(NULL, Object(Config\Cache), false)
#4 C:\xampp\htdocs\nxgestao\public\index.php(45): CodeIgniter\CodeIgniter->run()
#5 {main}
CRITICAL - 2020-11-06 18:10:36 --> Array to string conversion
#0 C:\xampp\htdocs\nxgestao\app\Views\food\painel\transmitir_no_painel.php(40): CodeIgniter\Debug\Exceptions->errorHandler(8, 'Array to string...', 'C:\\xampp\\htdocs...', 40, Array)
#1 C:\xampp\htdocs\nxgestao\system\View\View.php(246): include('C:\\xampp\\htdocs...')
#2 C:\xampp\htdocs\nxgestao\system\Common.php(1087): CodeIgniter\View\View->render('food/painel/tra...', Array, true)
#3 C:\xampp\htdocs\nxgestao\app\Controllers\Painel.php(66): view('food/painel/tra...', Array)
#4 C:\xampp\htdocs\nxgestao\system\CodeIgniter.php(914): App\Controllers\Painel->transmitir()
#5 C:\xampp\htdocs\nxgestao\system\CodeIgniter.php(400): CodeIgniter\CodeIgniter->runController(Object(App\Controllers\Painel))
#6 C:\xampp\htdocs\nxgestao\system\CodeIgniter.php(308): CodeIgniter\CodeIgniter->handleRequest(NULL, Object(Config\Cache), false)
#7 C:\xampp\htdocs\nxgestao\public\index.php(45): CodeIgniter\CodeIgniter->run()
#8 {main}
CRITICAL - 2020-11-06 18:11:23 --> Undefined offset: 0
#0 C:\xampp\htdocs\nxgestao\app\Controllers\Painel.php(63): CodeIgniter\Debug\Exceptions->errorHandler(8, 'Undefined offse...', 'C:\\xampp\\htdocs...', 63, Array)
#1 C:\xampp\htdocs\nxgestao\system\CodeIgniter.php(914): App\Controllers\Painel->transmitir()
#2 C:\xampp\htdocs\nxgestao\system\CodeIgniter.php(400): CodeIgniter\CodeIgniter->runController(Object(App\Controllers\Painel))
#3 C:\xampp\htdocs\nxgestao\system\CodeIgniter.php(308): CodeIgniter\CodeIgniter->handleRequest(NULL, Object(Config\Cache), false)
#4 C:\xampp\htdocs\nxgestao\public\index.php(45): CodeIgniter\CodeIgniter->run()
#5 {main}
CRITICAL - 2020-11-06 20:04:30 --> Undefined property: App\Controllers\Food::$configuracao_do_painel_model
#0 C:\xampp\htdocs\nxgestao\app\Controllers\Food.php(529): CodeIgniter\Debug\Exceptions->errorHandler(8, 'Undefined prope...', 'C:\\xampp\\htdocs...', 529, Array)
#1 C:\xampp\htdocs\nxgestao\system\CodeIgniter.php(914): App\Controllers\Food->configs()
#2 C:\xampp\htdocs\nxgestao\system\CodeIgniter.php(400): CodeIgniter\CodeIgniter->runController(Object(App\Controllers\Food))
#3 C:\xampp\htdocs\nxgestao\system\CodeIgniter.php(308): CodeIgniter\CodeIgniter->handleRequest(NULL, Object(Config\Cache), false)
#4 C:\xampp\htdocs\nxgestao\public\index.php(45): CodeIgniter\CodeIgniter->run()
#5 {main}
CRITICAL - 2020-11-06 20:08:12 --> Undefined index: cor_de_fundo_painel
#0 C:\xampp\htdocs\nxgestao\app\Views\food\configs.php(286): CodeIgniter\Debug\Exceptions->errorHandler(8, 'Undefined index...', 'C:\\xampp\\htdocs...', 286, Array)
#1 C:\xampp\htdocs\nxgestao\system\View\View.php(246): include('C:\\xampp\\htdocs...')
#2 C:\xampp\htdocs\nxgestao\system\Common.php(1087): CodeIgniter\View\View->render('food/configs', Array, true)
#3 C:\xampp\htdocs\nxgestao\app\Controllers\Food.php(538): view('food/configs', Array)
#4 C:\xampp\htdocs\nxgestao\system\CodeIgniter.php(914): App\Controllers\Food->configs()
#5 C:\xampp\htdocs\nxgestao\system\CodeIgniter.php(400): CodeIgniter\CodeIgniter->runController(Object(App\Controllers\Food))
#6 C:\xampp\htdocs\nxgestao\system\CodeIgniter.php(308): CodeIgniter\CodeIgniter->handleRequest(NULL, Object(Config\Cache), false)
#7 C:\xampp\htdocs\nxgestao\public\index.php(45): CodeIgniter\CodeIgniter->run()
#8 {main}
CRITICAL - 2020-11-06 20:08:18 --> Undefined index: cor_de_fundo_do_painel
#0 C:\xampp\htdocs\nxgestao\app\Views\food\configs.php(286): CodeIgniter\Debug\Exceptions->errorHandler(8, 'Undefined index...', 'C:\\xampp\\htdocs...', 286, Array)
#1 C:\xampp\htdocs\nxgestao\system\View\View.php(246): include('C:\\xampp\\htdocs...')
#2 C:\xampp\htdocs\nxgestao\system\Common.php(1087): CodeIgniter\View\View->render('food/configs', Array, true)
#3 C:\xampp\htdocs\nxgestao\app\Controllers\Food.php(538): view('food/configs', Array)
#4 C:\xampp\htdocs\nxgestao\system\CodeIgniter.php(914): App\Controllers\Food->configs()
#5 C:\xampp\htdocs\nxgestao\system\CodeIgniter.php(400): CodeIgniter\CodeIgniter->runController(Object(App\Controllers\Food))
#6 C:\xampp\htdocs\nxgestao\system\CodeIgniter.php(308): CodeIgniter\CodeIgniter->handleRequest(NULL, Object(Config\Cache), false)
#7 C:\xampp\htdocs\nxgestao\public\index.php(45): CodeIgniter\CodeIgniter->run()
#8 {main}
CRITICAL - 2020-11-06 20:12:41 --> Cannot add or update a child row: a foreign key constraint fails (`nxgestao`.`configuracoes_do_painel`, CONSTRAINT `configuracoes_do_painel_id_contador_foreign` FOREIGN KEY (`id_contador`) REFERENCES `contadores` (`id_contador`) ON DELETE CASCADE ON UPDATE C)
#0 C:\xampp\htdocs\nxgestao\system\Database\MySQLi\Connection.php(331): mysqli->query('INSERT INTO `co...')
#1 C:\xampp\htdocs\nxgestao\system\Database\BaseConnection.php(738): CodeIgniter\Database\MySQLi\Connection->execute('INSERT INTO `co...')
#2 C:\xampp\htdocs\nxgestao\system\Database\BaseConnection.php(666): CodeIgniter\Database\BaseConnection->simpleQuery('INSERT INTO `co...')
#3 C:\xampp\htdocs\nxgestao\system\Database\BaseBuilder.php(2234): CodeIgniter\Database\BaseConnection->query('INSERT INTO `co...', Array, false)
#4 C:\xampp\htdocs\nxgestao\system\Model.php(729): CodeIgniter\Database\BaseBuilder->insert()
#5 C:\xampp\htdocs\nxgestao\system\Model.php(557): CodeIgniter\Model->insert(Array, false)
#6 C:\xampp\htdocs\nxgestao\app\Controllers\Painel.php(115): CodeIgniter\Model->save(Array)
#7 C:\xampp\htdocs\nxgestao\system\CodeIgniter.php(914): App\Controllers\Painel->storeConfigsPainel()
#8 C:\xampp\htdocs\nxgestao\system\CodeIgniter.php(400): CodeIgniter\CodeIgniter->runController(Object(App\Controllers\Painel))
#9 C:\xampp\htdocs\nxgestao\system\CodeIgniter.php(308): CodeIgniter\CodeIgniter->handleRequest(NULL, Object(Config\Cache), false)
#10 C:\xampp\htdocs\nxgestao\public\index.php(45): CodeIgniter\CodeIgniter->run()
#11 {main}
CRITICAL - 2020-11-06 20:40:49 --> Class 'App\Models\ConfigEmpresaModel' not found
#0 C:\xampp\htdocs\nxgestao\system\CodeIgniter.php(886): App\Controllers\Pdv->__construct()
#1 C:\xampp\htdocs\nxgestao\system\CodeIgniter.php(395): CodeIgniter\CodeIgniter->createController()
#2 C:\xampp\htdocs\nxgestao\system\CodeIgniter.php(308): CodeIgniter\CodeIgniter->handleRequest(NULL, Object(Config\Cache), false)
#3 C:\xampp\htdocs\nxgestao\public\index.php(45): CodeIgniter\CodeIgniter->run()
#4 {main}
CRITICAL - 2020-11-06 21:04:54 --> Cannot redeclare App\Controllers\Painel::atualizaSenha()
#0 [internal function]: CodeIgniter\Debug\Exceptions->shutdownHandler()
#1 {main}
CRITICAL - 2020-11-06 21:04:55 --> Cannot redeclare App\Controllers\Painel::atualizaSenha()
#0 [internal function]: CodeIgniter\Debug\Exceptions->shutdownHandler()
#1 {main}
CRITICAL - 2020-11-06 21:04:56 --> Cannot redeclare App\Controllers\Painel::atualizaSenha()
#0 [internal function]: CodeIgniter\Debug\Exceptions->shutdownHandler()
#1 {main}
CRITICAL - 2020-11-06 21:04:57 --> Cannot redeclare App\Controllers\Painel::atualizaSenha()
#0 [internal function]: CodeIgniter\Debug\Exceptions->shutdownHandler()
#1 {main}
CRITICAL - 2020-11-06 21:04:58 --> Cannot redeclare App\Controllers\Painel::atualizaSenha()
#0 [internal function]: CodeIgniter\Debug\Exceptions->shutdownHandler()
#1 {main}
CRITICAL - 2020-11-06 21:04:59 --> Cannot redeclare App\Controllers\Painel::atualizaSenha()
#0 [internal function]: CodeIgniter\Debug\Exceptions->shutdownHandler()
#1 {main}
CRITICAL - 2020-11-06 21:05:00 --> Cannot redeclare App\Controllers\Painel::atualizaSenha()
#0 [internal function]: CodeIgniter\Debug\Exceptions->shutdownHandler()
#1 {main}
CRITICAL - 2020-11-06 21:05:01 --> Cannot redeclare App\Controllers\Painel::atualizaSenha()
#0 [internal function]: CodeIgniter\Debug\Exceptions->shutdownHandler()
#1 {main}
CRITICAL - 2020-11-06 21:05:02 --> Cannot redeclare App\Controllers\Painel::atualizaSenha()
#0 [internal function]: CodeIgniter\Debug\Exceptions->shutdownHandler()
#1 {main}
CRITICAL - 2020-11-06 21:05:03 --> Cannot redeclare App\Controllers\Painel::atualizaSenha()
#0 [internal function]: CodeIgniter\Debug\Exceptions->shutdownHandler()
#1 {main}
CRITICAL - 2020-11-06 21:05:04 --> Cannot redeclare App\Controllers\Painel::atualizaSenha()
#0 [internal function]: CodeIgniter\Debug\Exceptions->shutdownHandler()
#1 {main}
CRITICAL - 2020-11-06 21:05:05 --> Cannot redeclare App\Controllers\Painel::atualizaSenha()
#0 [internal function]: CodeIgniter\Debug\Exceptions->shutdownHandler()
#1 {main}
CRITICAL - 2020-11-06 21:05:06 --> Cannot redeclare App\Controllers\Painel::atualizaSenha()
#0 [internal function]: CodeIgniter\Debug\Exceptions->shutdownHandler()
#1 {main}
CRITICAL - 2020-11-06 21:05:07 --> Cannot redeclare App\Controllers\Painel::atualizaSenha()
#0 [internal function]: CodeIgniter\Debug\Exceptions->shutdownHandler()
#1 {main}
CRITICAL - 2020-11-06 21:05:08 --> Cannot redeclare App\Controllers\Painel::atualizaSenha()
#0 [internal function]: CodeIgniter\Debug\Exceptions->shutdownHandler()
#1 {main}
CRITICAL - 2020-11-06 21:05:09 --> Cannot redeclare App\Controllers\Painel::atualizaSenha()
#0 [internal function]: CodeIgniter\Debug\Exceptions->shutdownHandler()
#1 {main}
CRITICAL - 2020-11-06 21:05:10 --> Cannot redeclare App\Controllers\Painel::atualizaSenha()
#0 [internal function]: CodeIgniter\Debug\Exceptions->shutdownHandler()
#1 {main}
CRITICAL - 2020-11-06 21:05:11 --> Cannot redeclare App\Controllers\Painel::atualizaSenha()
#0 [internal function]: CodeIgniter\Debug\Exceptions->shutdownHandler()
#1 {main}
CRITICAL - 2020-11-06 21:05:12 --> Cannot redeclare App\Controllers\Painel::atualizaSenha()
#0 [internal function]: CodeIgniter\Debug\Exceptions->shutdownHandler()
#1 {main}
CRITICAL - 2020-11-06 21:05:13 --> Cannot redeclare App\Controllers\Painel::atualizaSenha()
#0 [internal function]: CodeIgniter\Debug\Exceptions->shutdownHandler()
#1 {main}
CRITICAL - 2020-11-06 21:05:14 --> Cannot redeclare App\Controllers\Painel::atualizaSenha()
#0 [internal function]: CodeIgniter\Debug\Exceptions->shutdownHandler()
#1 {main}
CRITICAL - 2020-11-06 21:05:15 --> Cannot redeclare App\Controllers\Painel::atualizaSenha()
#0 [internal function]: CodeIgniter\Debug\Exceptions->shutdownHandler()
#1 {main}
CRITICAL - 2020-11-06 21:05:16 --> Cannot redeclare App\Controllers\Painel::atualizaSenha()
#0 [internal function]: CodeIgniter\Debug\Exceptions->shutdownHandler()
#1 {main}
CRITICAL - 2020-11-06 21:05:17 --> Cannot redeclare App\Controllers\Painel::atualizaSenha()
#0 [internal function]: CodeIgniter\Debug\Exceptions->shutdownHandler()
#1 {main}
CRITICAL - 2020-11-06 21:05:18 --> Cannot redeclare App\Controllers\Painel::atualizaSenha()
#0 [internal function]: CodeIgniter\Debug\Exceptions->shutdownHandler()
#1 {main}
CRITICAL - 2020-11-06 21:05:19 --> Cannot redeclare App\Controllers\Painel::atualizaSenha()
#0 [internal function]: CodeIgniter\Debug\Exceptions->shutdownHandler()
#1 {main}
CRITICAL - 2020-11-06 21:05:27 --> syntax error, unexpected '->' (T_OBJECT_OPERATOR), expecting identifier (T_STRING) or variable (T_VARIABLE) or '{' or '$'
#0 C:\xampp\htdocs\nxgestao\system\Router\Router.php(192): CodeIgniter\Router\Router->autoRoute('painel/atualiza...')
#1 C:\xampp\htdocs\nxgestao\system\CodeIgniter.php(789): CodeIgniter\Router\Router->handle('painel/atualiza...')
#2 C:\xampp\htdocs\nxgestao\system\CodeIgniter.php(360): CodeIgniter\CodeIgniter->tryToRouteIt(Object(CodeIgniter\Router\RouteCollection))
#3 C:\xampp\htdocs\nxgestao\system\CodeIgniter.php(308): CodeIgniter\CodeIgniter->handleRequest(NULL, Object(Config\Cache), false)
#4 C:\xampp\htdocs\nxgestao\public\index.php(45): CodeIgniter\CodeIgniter->run()
#5 {main}
CRITICAL - 2020-11-06 21:05:28 --> syntax error, unexpected '->' (T_OBJECT_OPERATOR), expecting identifier (T_STRING) or variable (T_VARIABLE) or '{' or '$'
#0 C:\xampp\htdocs\nxgestao\system\Router\Router.php(192): CodeIgniter\Router\Router->autoRoute('painel/atualiza...')
#1 C:\xampp\htdocs\nxgestao\system\CodeIgniter.php(789): CodeIgniter\Router\Router->handle('painel/atualiza...')
#2 C:\xampp\htdocs\nxgestao\system\CodeIgniter.php(360): CodeIgniter\CodeIgniter->tryToRouteIt(Object(CodeIgniter\Router\RouteCollection))
#3 C:\xampp\htdocs\nxgestao\system\CodeIgniter.php(308): CodeIgniter\CodeIgniter->handleRequest(NULL, Object(Config\Cache), false)
#4 C:\xampp\htdocs\nxgestao\public\index.php(45): CodeIgniter\CodeIgniter->run()
#5 {main}
CRITICAL - 2020-11-06 21:05:29 --> syntax error, unexpected '->' (T_OBJECT_OPERATOR), expecting identifier (T_STRING) or variable (T_VARIABLE) or '{' or '$'
#0 C:\xampp\htdocs\nxgestao\system\Router\Router.php(192): CodeIgniter\Router\Router->autoRoute('painel/atualiza...')
#1 C:\xampp\htdocs\nxgestao\system\CodeIgniter.php(789): CodeIgniter\Router\Router->handle('painel/atualiza...')
#2 C:\xampp\htdocs\nxgestao\system\CodeIgniter.php(360): CodeIgniter\CodeIgniter->tryToRouteIt(Object(CodeIgniter\Router\RouteCollection))
#3 C:\xampp\htdocs\nxgestao\system\CodeIgniter.php(308): CodeIgniter\CodeIgniter->handleRequest(NULL, Object(Config\Cache), false)
#4 C:\xampp\htdocs\nxgestao\public\index.php(45): CodeIgniter\CodeIgniter->run()
#5 {main}
CRITICAL - 2020-11-06 21:05:30 --> syntax error, unexpected '->' (T_OBJECT_OPERATOR), expecting identifier (T_STRING) or variable (T_VARIABLE) or '{' or '$'
#0 C:\xampp\htdocs\nxgestao\system\Router\Router.php(192): CodeIgniter\Router\Router->autoRoute('painel/atualiza...')
#1 C:\xampp\htdocs\nxgestao\system\CodeIgniter.php(789): CodeIgniter\Router\Router->handle('painel/atualiza...')
#2 C:\xampp\htdocs\nxgestao\system\CodeIgniter.php(360): CodeIgniter\CodeIgniter->tryToRouteIt(Object(CodeIgniter\Router\RouteCollection))
#3 C:\xampp\htdocs\nxgestao\system\CodeIgniter.php(308): CodeIgniter\CodeIgniter->handleRequest(NULL, Object(Config\Cache), false)
#4 C:\xampp\htdocs\nxgestao\public\index.php(45): CodeIgniter\CodeIgniter->run()
#5 {main}
CRITICAL - 2020-11-06 21:05:32 --> syntax error, unexpected '->' (T_OBJECT_OPERATOR), expecting identifier (T_STRING) or variable (T_VARIABLE) or '{' or '$'
#0 C:\xampp\htdocs\nxgestao\system\Router\Router.php(192): CodeIgniter\Router\Router->autoRoute('painel/atualiza...')
#1 C:\xampp\htdocs\nxgestao\system\CodeIgniter.php(789): CodeIgniter\Router\Router->handle('painel/atualiza...')
#2 C:\xampp\htdocs\nxgestao\system\CodeIgniter.php(360): CodeIgniter\CodeIgniter->tryToRouteIt(Object(CodeIgniter\Router\RouteCollection))
#3 C:\xampp\htdocs\nxgestao\system\CodeIgniter.php(308): CodeIgniter\CodeIgniter->handleRequest(NULL, Object(Config\Cache), false)
#4 C:\xampp\htdocs\nxgestao\public\index.php(45): CodeIgniter\CodeIgniter->run()
#5 {main}
CRITICAL - 2020-11-06 21:05:33 --> syntax error, unexpected '->' (T_OBJECT_OPERATOR), expecting identifier (T_STRING) or variable (T_VARIABLE) or '{' or '$'
#0 C:\xampp\htdocs\nxgestao\system\Router\Router.php(192): CodeIgniter\Router\Router->autoRoute('painel/atualiza...')
#1 C:\xampp\htdocs\nxgestao\system\CodeIgniter.php(789): CodeIgniter\Router\Router->handle('painel/atualiza...')
#2 C:\xampp\htdocs\nxgestao\system\CodeIgniter.php(360): CodeIgniter\CodeIgniter->tryToRouteIt(Object(CodeIgniter\Router\RouteCollection))
#3 C:\xampp\htdocs\nxgestao\system\CodeIgniter.php(308): CodeIgniter\CodeIgniter->handleRequest(NULL, Object(Config\Cache), false)
#4 C:\xampp\htdocs\nxgestao\public\index.php(45): CodeIgniter\CodeIgniter->run()
#5 {main}
CRITICAL - 2020-11-06 21:05:34 --> syntax error, unexpected '->' (T_OBJECT_OPERATOR), expecting identifier (T_STRING) or variable (T_VARIABLE) or '{' or '$'
#0 C:\xampp\htdocs\nxgestao\system\Router\Router.php(192): CodeIgniter\Router\Router->autoRoute('painel/atualiza...')
#1 C:\xampp\htdocs\nxgestao\system\CodeIgniter.php(789): CodeIgniter\Router\Router->handle('painel/atualiza...')
#2 C:\xampp\htdocs\nxgestao\system\CodeIgniter.php(360): CodeIgniter\CodeIgniter->tryToRouteIt(Object(CodeIgniter\Router\RouteCollection))
#3 C:\xampp\htdocs\nxgestao\system\CodeIgniter.php(308): CodeIgniter\CodeIgniter->handleRequest(NULL, Object(Config\Cache), false)
#4 C:\xampp\htdocs\nxgestao\public\index.php(45): CodeIgniter\CodeIgniter->run()
#5 {main}
CRITICAL - 2020-11-06 21:05:35 --> syntax error, unexpected '->' (T_OBJECT_OPERATOR), expecting identifier (T_STRING) or variable (T_VARIABLE) or '{' or '$'
#0 C:\xampp\htdocs\nxgestao\system\Router\Router.php(192): CodeIgniter\Router\Router->autoRoute('painel/atualiza...')
#1 C:\xampp\htdocs\nxgestao\system\CodeIgniter.php(789): CodeIgniter\Router\Router->handle('painel/atualiza...')
#2 C:\xampp\htdocs\nxgestao\system\CodeIgniter.php(360): CodeIgniter\CodeIgniter->tryToRouteIt(Object(CodeIgniter\Router\RouteCollection))
#3 C:\xampp\htdocs\nxgestao\system\CodeIgniter.php(308): CodeIgniter\CodeIgniter->handleRequest(NULL, Object(Config\Cache), false)
#4 C:\xampp\htdocs\nxgestao\public\index.php(45): CodeIgniter\CodeIgniter->run()
#5 {main}
CRITICAL - 2020-11-06 21:05:44 --> syntax error, unexpected ';'
#0 C:\xampp\htdocs\nxgestao\system\Router\Router.php(192): CodeIgniter\Router\Router->autoRoute('painel/atualiza...')
#1 C:\xampp\htdocs\nxgestao\system\CodeIgniter.php(789): CodeIgniter\Router\Router->handle('painel/atualiza...')
#2 C:\xampp\htdocs\nxgestao\system\CodeIgniter.php(360): CodeIgniter\CodeIgniter->tryToRouteIt(Object(CodeIgniter\Router\RouteCollection))
#3 C:\xampp\htdocs\nxgestao\system\CodeIgniter.php(308): CodeIgniter\CodeIgniter->handleRequest(NULL, Object(Config\Cache), false)
#4 C:\xampp\htdocs\nxgestao\public\index.php(45): CodeIgniter\CodeIgniter->run()
#5 {main}
CRITICAL - 2020-11-06 21:05:45 --> syntax error, unexpected ';'
#0 C:\xampp\htdocs\nxgestao\system\Router\Router.php(192): CodeIgniter\Router\Router->autoRoute('painel/atualiza...')
#1 C:\xampp\htdocs\nxgestao\system\CodeIgniter.php(789): CodeIgniter\Router\Router->handle('painel/atualiza...')
#2 C:\xampp\htdocs\nxgestao\system\CodeIgniter.php(360): CodeIgniter\CodeIgniter->tryToRouteIt(Object(CodeIgniter\Router\RouteCollection))
#3 C:\xampp\htdocs\nxgestao\system\CodeIgniter.php(308): CodeIgniter\CodeIgniter->handleRequest(NULL, Object(Config\Cache), false)
#4 C:\xampp\htdocs\nxgestao\public\index.php(45): CodeIgniter\CodeIgniter->run()
#5 {main}
CRITICAL - 2020-11-06 21:05:46 --> syntax error, unexpected ';'
#0 C:\xampp\htdocs\nxgestao\system\Router\Router.php(192): CodeIgniter\Router\Router->autoRoute('painel/atualiza...')
#1 C:\xampp\htdocs\nxgestao\system\CodeIgniter.php(789): CodeIgniter\Router\Router->handle('painel/atualiza...')
#2 C:\xampp\htdocs\nxgestao\system\CodeIgniter.php(360): CodeIgniter\CodeIgniter->tryToRouteIt(Object(CodeIgniter\Router\RouteCollection))
#3 C:\xampp\htdocs\nxgestao\system\CodeIgniter.php(308): CodeIgniter\CodeIgniter->handleRequest(NULL, Object(Config\Cache), false)
#4 C:\xampp\htdocs\nxgestao\public\index.php(45): CodeIgniter\CodeIgniter->run()
#5 {main}
CRITICAL - 2020-11-06 21:05:47 --> syntax error, unexpected ';'
#0 C:\xampp\htdocs\nxgestao\system\Router\Router.php(192): CodeIgniter\Router\Router->autoRoute('painel/atualiza...')
#1 C:\xampp\htdocs\nxgestao\system\CodeIgniter.php(789): CodeIgniter\Router\Router->handle('painel/atualiza...')
#2 C:\xampp\htdocs\nxgestao\system\CodeIgniter.php(360): CodeIgniter\CodeIgniter->tryToRouteIt(Object(CodeIgniter\Router\RouteCollection))
#3 C:\xampp\htdocs\nxgestao\system\CodeIgniter.php(308): CodeIgniter\CodeIgniter->handleRequest(NULL, Object(Config\Cache), false)
#4 C:\xampp\htdocs\nxgestao\public\index.php(45): CodeIgniter\CodeIgniter->run()
#5 {main}
CRITICAL - 2020-11-06 21:05:48 --> syntax error, unexpected ';'
#0 C:\xampp\htdocs\nxgestao\system\Router\Router.php(192): CodeIgniter\Router\Router->autoRoute('painel/atualiza...')
#1 C:\xampp\htdocs\nxgestao\system\CodeIgniter.php(789): CodeIgniter\Router\Router->handle('painel/atualiza...')
#2 C:\xampp\htdocs\nxgestao\system\CodeIgniter.php(360): CodeIgniter\CodeIgniter->tryToRouteIt(Object(CodeIgniter\Router\RouteCollection))
#3 C:\xampp\htdocs\nxgestao\system\CodeIgniter.php(308): CodeIgniter\CodeIgniter->handleRequest(NULL, Object(Config\Cache), false)
#4 C:\xampp\htdocs\nxgestao\public\index.php(45): CodeIgniter\CodeIgniter->run()
#5 {main}
CRITICAL - 2020-11-06 21:05:53 --> syntax error, unexpected ';', expecting identifier (T_STRING) or variable (T_VARIABLE) or '{' or '$'
#0 C:\xampp\htdocs\nxgestao\system\Router\Router.php(192): CodeIgniter\Router\Router->autoRoute('painel/atualiza...')
#1 C:\xampp\htdocs\nxgestao\system\CodeIgniter.php(789): CodeIgniter\Router\Router->handle('painel/atualiza...')
#2 C:\xampp\htdocs\nxgestao\system\CodeIgniter.php(360): CodeIgniter\CodeIgniter->tryToRouteIt(Object(CodeIgniter\Router\RouteCollection))
#3 C:\xampp\htdocs\nxgestao\system\CodeIgniter.php(308): CodeIgniter\CodeIgniter->handleRequest(NULL, Object(Config\Cache), false)
#4 C:\xampp\htdocs\nxgestao\public\index.php(45): CodeIgniter\CodeIgniter->run()
#5 {main}
CRITICAL - 2020-11-06 21:05:54 --> syntax error, unexpected ';', expecting identifier (T_STRING) or variable (T_VARIABLE) or '{' or '$'
#0 C:\xampp\htdocs\nxgestao\system\Router\Router.php(192): CodeIgniter\Router\Router->autoRoute('painel/atualiza...')
#1 C:\xampp\htdocs\nxgestao\system\CodeIgniter.php(789): CodeIgniter\Router\Router->handle('painel/atualiza...')
#2 C:\xampp\htdocs\nxgestao\system\CodeIgniter.php(360): CodeIgniter\CodeIgniter->tryToRouteIt(Object(CodeIgniter\Router\RouteCollection))
#3 C:\xampp\htdocs\nxgestao\system\CodeIgniter.php(308): CodeIgniter\CodeIgniter->handleRequest(NULL, Object(Config\Cache), false)
#4 C:\xampp\htdocs\nxgestao\public\index.php(45): CodeIgniter\CodeIgniter->run()
#5 {main}
CRITICAL - 2020-11-06 21:05:55 --> syntax error, unexpected ';', expecting identifier (T_STRING) or variable (T_VARIABLE) or '{' or '$'
#0 C:\xampp\htdocs\nxgestao\system\Router\Router.php(192): CodeIgniter\Router\Router->autoRoute('painel/atualiza...')
#1 C:\xampp\htdocs\nxgestao\system\CodeIgniter.php(789): CodeIgniter\Router\Router->handle('painel/atualiza...')
#2 C:\xampp\htdocs\nxgestao\system\CodeIgniter.php(360): CodeIgniter\CodeIgniter->tryToRouteIt(Object(CodeIgniter\Router\RouteCollection))
#3 C:\xampp\htdocs\nxgestao\system\CodeIgniter.php(308): CodeIgniter\CodeIgniter->handleRequest(NULL, Object(Config\Cache), false)
#4 C:\xampp\htdocs\nxgestao\public\index.php(45): CodeIgniter\CodeIgniter->run()
#5 {main}
CRITICAL - 2020-11-06 21:05:56 --> syntax error, unexpected ';', expecting identifier (T_STRING) or variable (T_VARIABLE) or '{' or '$'
#0 C:\xampp\htdocs\nxgestao\system\Router\Router.php(192): CodeIgniter\Router\Router->autoRoute('painel/atualiza...')
#1 C:\xampp\htdocs\nxgestao\system\CodeIgniter.php(789): CodeIgniter\Router\Router->handle('painel/atualiza...')
#2 C:\xampp\htdocs\nxgestao\system\CodeIgniter.php(360): CodeIgniter\CodeIgniter->tryToRouteIt(Object(CodeIgniter\Router\RouteCollection))
#3 C:\xampp\htdocs\nxgestao\system\CodeIgniter.php(308): CodeIgniter\CodeIgniter->handleRequest(NULL, Object(Config\Cache), false)
#4 C:\xampp\htdocs\nxgestao\public\index.php(45): CodeIgniter\CodeIgniter->run()
#5 {main}
CRITICAL - 2020-11-06 21:05:57 --> syntax error, unexpected ';', expecting identifier (T_STRING) or variable (T_VARIABLE) or '{' or '$'
#0 C:\xampp\htdocs\nxgestao\system\Router\Router.php(192): CodeIgniter\Router\Router->autoRoute('painel/atualiza...')
#1 C:\xampp\htdocs\nxgestao\system\CodeIgniter.php(789): CodeIgniter\Router\Router->handle('painel/atualiza...')
#2 C:\xampp\htdocs\nxgestao\system\CodeIgniter.php(360): CodeIgniter\CodeIgniter->tryToRouteIt(Object(CodeIgniter\Router\RouteCollection))
#3 C:\xampp\htdocs\nxgestao\system\CodeIgniter.php(308): CodeIgniter\CodeIgniter->handleRequest(NULL, Object(Config\Cache), false)
#4 C:\xampp\htdocs\nxgestao\public\index.php(45): CodeIgniter\CodeIgniter->run()
#5 {main}
CRITICAL - 2020-11-06 21:07:11 --> syntax error, unexpected '}'
#0 C:\xampp\htdocs\nxgestao\system\Router\Router.php(192): CodeIgniter\Router\Router->autoRoute('painel/atualiza...')
#1 C:\xampp\htdocs\nxgestao\system\CodeIgniter.php(789): CodeIgniter\Router\Router->handle('painel/atualiza...')
#2 C:\xampp\htdocs\nxgestao\system\CodeIgniter.php(360): CodeIgniter\CodeIgniter->tryToRouteIt(Object(CodeIgniter\Router\RouteCollection))
#3 C:\xampp\htdocs\nxgestao\system\CodeIgniter.php(308): CodeIgniter\CodeIgniter->handleRequest(NULL, Object(Config\Cache), false)
#4 C:\xampp\htdocs\nxgestao\public\index.php(45): CodeIgniter\CodeIgniter->run()
#5 {main}
CRITICAL - 2020-11-06 21:07:12 --> syntax error, unexpected '}'
#0 C:\xampp\htdocs\nxgestao\system\Router\Router.php(192): CodeIgniter\Router\Router->autoRoute('painel/atualiza...')
#1 C:\xampp\htdocs\nxgestao\system\CodeIgniter.php(789): CodeIgniter\Router\Router->handle('painel/atualiza...')
#2 C:\xampp\htdocs\nxgestao\system\CodeIgniter.php(360): CodeIgniter\CodeIgniter->tryToRouteIt(Object(CodeIgniter\Router\RouteCollection))
#3 C:\xampp\htdocs\nxgestao\system\CodeIgniter.php(308): CodeIgniter\CodeIgniter->handleRequest(NULL, Object(Config\Cache), false)
#4 C:\xampp\htdocs\nxgestao\public\index.php(45): CodeIgniter\CodeIgniter->run()
#5 {main}
CRITICAL - 2020-11-06 21:07:13 --> syntax error, unexpected '}'
#0 C:\xampp\htdocs\nxgestao\system\Router\Router.php(192): CodeIgniter\Router\Router->autoRoute('painel/atualiza...')
#1 C:\xampp\htdocs\nxgestao\system\CodeIgniter.php(789): CodeIgniter\Router\Router->handle('painel/atualiza...')
#2 C:\xampp\htdocs\nxgestao\system\CodeIgniter.php(360): CodeIgniter\CodeIgniter->tryToRouteIt(Object(CodeIgniter\Router\RouteCollection))
#3 C:\xampp\htdocs\nxgestao\system\CodeIgniter.php(308): CodeIgniter\CodeIgniter->handleRequest(NULL, Object(Config\Cache), false)
#4 C:\xampp\htdocs\nxgestao\public\index.php(45): CodeIgniter\CodeIgniter->run()
#5 {main}
CRITICAL - 2020-11-06 21:07:14 --> syntax error, unexpected '}'
#0 C:\xampp\htdocs\nxgestao\system\Router\Router.php(192): CodeIgniter\Router\Router->autoRoute('painel/atualiza...')
#1 C:\xampp\htdocs\nxgestao\system\CodeIgniter.php(789): CodeIgniter\Router\Router->handle('painel/atualiza...')
#2 C:\xampp\htdocs\nxgestao\system\CodeIgniter.php(360): CodeIgniter\CodeIgniter->tryToRouteIt(Object(CodeIgniter\Router\RouteCollection))
#3 C:\xampp\htdocs\nxgestao\system\CodeIgniter.php(308): CodeIgniter\CodeIgniter->handleRequest(NULL, Object(Config\Cache), false)
#4 C:\xampp\htdocs\nxgestao\public\index.php(45): CodeIgniter\CodeIgniter->run()
#5 {main}
CRITICAL - 2020-11-06 21:07:15 --> syntax error, unexpected ')'
#0 C:\xampp\htdocs\nxgestao\system\Router\Router.php(192): CodeIgniter\Router\Router->autoRoute('painel/atualiza...')
#1 C:\xampp\htdocs\nxgestao\system\CodeIgniter.php(789): CodeIgniter\Router\Router->handle('painel/atualiza...')
#2 C:\xampp\htdocs\nxgestao\system\CodeIgniter.php(360): CodeIgniter\CodeIgniter->tryToRouteIt(Object(CodeIgniter\Router\RouteCollection))
#3 C:\xampp\htdocs\nxgestao\system\CodeIgniter.php(308): CodeIgniter\CodeIgniter->handleRequest(NULL, Object(Config\Cache), false)
#4 C:\xampp\htdocs\nxgestao\public\index.php(45): CodeIgniter\CodeIgniter->run()
#5 {main}
CRITICAL - 2020-11-06 21:07:16 --> syntax error, unexpected ')'
#0 C:\xampp\htdocs\nxgestao\system\Router\Router.php(192): CodeIgniter\Router\Router->autoRoute('painel/atualiza...')
#1 C:\xampp\htdocs\nxgestao\system\CodeIgniter.php(789): CodeIgniter\Router\Router->handle('painel/atualiza...')
#2 C:\xampp\htdocs\nxgestao\system\CodeIgniter.php(360): CodeIgniter\CodeIgniter->tryToRouteIt(Object(CodeIgniter\Router\RouteCollection))
#3 C:\xampp\htdocs\nxgestao\system\CodeIgniter.php(308): CodeIgniter\CodeIgniter->handleRequest(NULL, Object(Config\Cache), false)
#4 C:\xampp\htdocs\nxgestao\public\index.php(45): CodeIgniter\CodeIgniter->run()
#5 {main}
CRITICAL - 2020-11-06 21:07:17 --> syntax error, unexpected ')'
#0 C:\xampp\htdocs\nxgestao\system\Router\Router.php(192): CodeIgniter\Router\Router->autoRoute('painel/atualiza...')
#1 C:\xampp\htdocs\nxgestao\system\CodeIgniter.php(789): CodeIgniter\Router\Router->handle('painel/atualiza...')
#2 C:\xampp\htdocs\nxgestao\system\CodeIgniter.php(360): CodeIgniter\CodeIgniter->tryToRouteIt(Object(CodeIgniter\Router\RouteCollection))
#3 C:\xampp\htdocs\nxgestao\system\CodeIgniter.php(308): CodeIgniter\CodeIgniter->handleRequest(NULL, Object(Config\Cache), false)
#4 C:\xampp\htdocs\nxgestao\public\index.php(45): CodeIgniter\CodeIgniter->run()
#5 {main}
CRITICAL - 2020-11-06 21:07:18 --> syntax error, unexpected ')'
#0 C:\xampp\htdocs\nxgestao\system\Router\Router.php(192): CodeIgniter\Router\Router->autoRoute('painel/atualiza...')
#1 C:\xampp\htdocs\nxgestao\system\CodeIgniter.php(789): CodeIgniter\Router\Router->handle('painel/atualiza...')
#2 C:\xampp\htdocs\nxgestao\system\CodeIgniter.php(360): CodeIgniter\CodeIgniter->tryToRouteIt(Object(CodeIgniter\Router\RouteCollection))
#3 C:\xampp\htdocs\nxgestao\system\CodeIgniter.php(308): CodeIgniter\CodeIgniter->handleRequest(NULL, Object(Config\Cache), false)
#4 C:\xampp\htdocs\nxgestao\public\index.php(45): CodeIgniter\CodeIgniter->run()
#5 {main}
CRITICAL - 2020-11-06 21:07:19 --> syntax error, unexpected ')'
#0 C:\xampp\htdocs\nxgestao\system\Router\Router.php(192): CodeIgniter\Router\Router->autoRoute('painel/atualiza...')
#1 C:\xampp\htdocs\nxgestao\system\CodeIgniter.php(789): CodeIgniter\Router\Router->handle('painel/atualiza...')
#2 C:\xampp\htdocs\nxgestao\system\CodeIgniter.php(360): CodeIgniter\CodeIgniter->tryToRouteIt(Object(CodeIgniter\Router\RouteCollection))
#3 C:\xampp\htdocs\nxgestao\system\CodeIgniter.php(308): CodeIgniter\CodeIgniter->handleRequest(NULL, Object(Config\Cache), false)
#4 C:\xampp\htdocs\nxgestao\public\index.php(45): CodeIgniter\CodeIgniter->run()
#5 {main}
CRITICAL - 2020-11-06 21:07:20 --> syntax error, unexpected ')'
#0 C:\xampp\htdocs\nxgestao\system\Router\Router.php(192): CodeIgniter\Router\Router->autoRoute('painel/atualiza...')
#1 C:\xampp\htdocs\nxgestao\system\CodeIgniter.php(789): CodeIgniter\Router\Router->handle('painel/atualiza...')
#2 C:\xampp\htdocs\nxgestao\system\CodeIgniter.php(360): CodeIgniter\CodeIgniter->tryToRouteIt(Object(CodeIgniter\Router\RouteCollection))
#3 C:\xampp\htdocs\nxgestao\system\CodeIgniter.php(308): CodeIgniter\CodeIgniter->handleRequest(NULL, Object(Config\Cache), false)
#4 C:\xampp\htdocs\nxgestao\public\index.php(45): CodeIgniter\CodeIgniter->run()
#5 {main}
CRITICAL - 2020-11-06 21:07:21 --> syntax error, unexpected ')'
#0 C:\xampp\htdocs\nxgestao\system\Router\Router.php(192): CodeIgniter\Router\Router->autoRoute('painel/atualiza...')
#1 C:\xampp\htdocs\nxgestao\system\CodeIgniter.php(789): CodeIgniter\Router\Router->handle('painel/atualiza...')
#2 C:\xampp\htdocs\nxgestao\system\CodeIgniter.php(360): CodeIgniter\CodeIgniter->tryToRouteIt(Object(CodeIgniter\Router\RouteCollection))
#3 C:\xampp\htdocs\nxgestao\system\CodeIgniter.php(308): CodeIgniter\CodeIgniter->handleRequest(NULL, Object(Config\Cache), false)
#4 C:\xampp\htdocs\nxgestao\public\index.php(45): CodeIgniter\CodeIgniter->run()
#5 {main}
CRITICAL - 2020-11-06 21:07:22 --> syntax error, unexpected '}', expecting elseif (T_ELSEIF) or else (T_ELSE) or endif (T_ENDIF)
#0 C:\xampp\htdocs\nxgestao\system\Router\Router.php(192): CodeIgniter\Router\Router->autoRoute('painel/atualiza...')
#1 C:\xampp\htdocs\nxgestao\system\CodeIgniter.php(789): CodeIgniter\Router\Router->handle('painel/atualiza...')
#2 C:\xampp\htdocs\nxgestao\system\CodeIgniter.php(360): CodeIgniter\CodeIgniter->tryToRouteIt(Object(CodeIgniter\Router\RouteCollection))
#3 C:\xampp\htdocs\nxgestao\system\CodeIgniter.php(308): CodeIgniter\CodeIgniter->handleRequest(NULL, Object(Config\Cache), false)
#4 C:\xampp\htdocs\nxgestao\public\index.php(45): CodeIgniter\CodeIgniter->run()
#5 {main}
CRITICAL - 2020-11-06 21:07:23 --> syntax error, unexpected '}', expecting elseif (T_ELSEIF) or else (T_ELSE) or endif (T_ENDIF)
#0 C:\xampp\htdocs\nxgestao\system\Router\Router.php(192): CodeIgniter\Router\Router->autoRoute('painel/atualiza...')
#1 C:\xampp\htdocs\nxgestao\system\CodeIgniter.php(789): CodeIgniter\Router\Router->handle('painel/atualiza...')
#2 C:\xampp\htdocs\nxgestao\system\CodeIgniter.php(360): CodeIgniter\CodeIgniter->tryToRouteIt(Object(CodeIgniter\Router\RouteCollection))
#3 C:\xampp\htdocs\nxgestao\system\CodeIgniter.php(308): CodeIgniter\CodeIgniter->handleRequest(NULL, Object(Config\Cache), false)
#4 C:\xampp\htdocs\nxgestao\public\index.php(45): CodeIgniter\CodeIgniter->run()
#5 {main}
CRITICAL - 2020-11-06 21:07:24 --> syntax error, unexpected ')', expecting variable (T_VARIABLE) or '{' or '$'
#0 C:\xampp\htdocs\nxgestao\system\Router\Router.php(192): CodeIgniter\Router\Router->autoRoute('painel/atualiza...')
#1 C:\xampp\htdocs\nxgestao\system\CodeIgniter.php(789): CodeIgniter\Router\Router->handle('painel/atualiza...')
#2 C:\xampp\htdocs\nxgestao\system\CodeIgniter.php(360): CodeIgniter\CodeIgniter->tryToRouteIt(Object(CodeIgniter\Router\RouteCollection))
#3 C:\xampp\htdocs\nxgestao\system\CodeIgniter.php(308): CodeIgniter\CodeIgniter->handleRequest(NULL, Object(Config\Cache), false)
#4 C:\xampp\htdocs\nxgestao\public\index.php(45): CodeIgniter\CodeIgniter->run()
#5 {main}
CRITICAL - 2020-11-06 21:07:25 --> syntax error, unexpected ')', expecting variable (T_VARIABLE) or '{' or '$'
#0 C:\xampp\htdocs\nxgestao\system\Router\Router.php(192): CodeIgniter\Router\Router->autoRoute('painel/atualiza...')
#1 C:\xampp\htdocs\nxgestao\system\CodeIgniter.php(789): CodeIgniter\Router\Router->handle('painel/atualiza...')
#2 C:\xampp\htdocs\nxgestao\system\CodeIgniter.php(360): CodeIgniter\CodeIgniter->tryToRouteIt(Object(CodeIgniter\Router\RouteCollection))
#3 C:\xampp\htdocs\nxgestao\system\CodeIgniter.php(308): CodeIgniter\CodeIgniter->handleRequest(NULL, Object(Config\Cache), false)
#4 C:\xampp\htdocs\nxgestao\public\index.php(45): CodeIgniter\CodeIgniter->run()
#5 {main}
CRITICAL - 2020-11-06 21:07:26 --> syntax error, unexpected '}', expecting elseif (T_ELSEIF) or else (T_ELSE) or endif (T_ENDIF)
#0 C:\xampp\htdocs\nxgestao\system\Router\Router.php(192): CodeIgniter\Router\Router->autoRoute('painel/atualiza...')
#1 C:\xampp\htdocs\nxgestao\system\CodeIgniter.php(789): CodeIgniter\Router\Router->handle('painel/atualiza...')
#2 C:\xampp\htdocs\nxgestao\system\CodeIgniter.php(360): CodeIgniter\CodeIgniter->tryToRouteIt(Object(CodeIgniter\Router\RouteCollection))
#3 C:\xampp\htdocs\nxgestao\system\CodeIgniter.php(308): CodeIgniter\CodeIgniter->handleRequest(NULL, Object(Config\Cache), false)
#4 C:\xampp\htdocs\nxgestao\public\index.php(45): CodeIgniter\CodeIgniter->run()
#5 {main}
CRITICAL - 2020-11-06 21:07:27 --> syntax error, unexpected '}', expecting elseif (T_ELSEIF) or else (T_ELSE) or endif (T_ENDIF)
#0 C:\xampp\htdocs\nxgestao\system\Router\Router.php(192): CodeIgniter\Router\Router->autoRoute('painel/atualiza...')
#1 C:\xampp\htdocs\nxgestao\system\CodeIgniter.php(789): CodeIgniter\Router\Router->handle('painel/atualiza...')
#2 C:\xampp\htdocs\nxgestao\system\CodeIgniter.php(360): CodeIgniter\CodeIgniter->tryToRouteIt(Object(CodeIgniter\Router\RouteCollection))
#3 C:\xampp\htdocs\nxgestao\system\CodeIgniter.php(308): CodeIgniter\CodeIgniter->handleRequest(NULL, Object(Config\Cache), false)
#4 C:\xampp\htdocs\nxgestao\public\index.php(45): CodeIgniter\CodeIgniter->run()
#5 {main}
CRITICAL - 2020-11-06 21:07:28 --> syntax error, unexpected '}', expecting elseif (T_ELSEIF) or else (T_ELSE) or endif (T_ENDIF)
#0 C:\xampp\htdocs\nxgestao\system\Router\Router.php(192): CodeIgniter\Router\Router->autoRoute('painel/atualiza...')
#1 C:\xampp\htdocs\nxgestao\system\CodeIgniter.php(789): CodeIgniter\Router\Router->handle('painel/atualiza...')
#2 C:\xampp\htdocs\nxgestao\system\CodeIgniter.php(360): CodeIgniter\CodeIgniter->tryToRouteIt(Object(CodeIgniter\Router\RouteCollection))
#3 C:\xampp\htdocs\nxgestao\system\CodeIgniter.php(308): CodeIgniter\CodeIgniter->handleRequest(NULL, Object(Config\Cache), false)
#4 C:\xampp\htdocs\nxgestao\public\index.php(45): CodeIgniter\CodeIgniter->run()
#5 {main}
CRITICAL - 2020-11-06 21:07:29 --> syntax error, unexpected '}', expecting elseif (T_ELSEIF) or else (T_ELSE) or endif (T_ENDIF)
#0 C:\xampp\htdocs\nxgestao\system\Router\Router.php(192): CodeIgniter\Router\Router->autoRoute('painel/atualiza...')
#1 C:\xampp\htdocs\nxgestao\system\CodeIgniter.php(789): CodeIgniter\Router\Router->handle('painel/atualiza...')
#2 C:\xampp\htdocs\nxgestao\system\CodeIgniter.php(360): CodeIgniter\CodeIgniter->tryToRouteIt(Object(CodeIgniter\Router\RouteCollection))
#3 C:\xampp\htdocs\nxgestao\system\CodeIgniter.php(308): CodeIgniter\CodeIgniter->handleRequest(NULL, Object(Config\Cache), false)
#4 C:\xampp\htdocs\nxgestao\public\index.php(45): CodeIgniter\CodeIgniter->run()
#5 {main}
CRITICAL - 2020-11-06 21:07:38 --> syntax error, unexpected ')'
#0 C:\xampp\htdocs\nxgestao\system\Router\Router.php(192): CodeIgniter\Router\Router->autoRoute('painel/atualiza...')
#1 C:\xampp\htdocs\nxgestao\system\CodeIgniter.php(789): CodeIgniter\Router\Router->handle('painel/atualiza...')
#2 C:\xampp\htdocs\nxgestao\system\CodeIgniter.php(360): CodeIgniter\CodeIgniter->tryToRouteIt(Object(CodeIgniter\Router\RouteCollection))
#3 C:\xampp\htdocs\nxgestao\system\CodeIgniter.php(308): CodeIgniter\CodeIgniter->handleRequest(NULL, Object(Config\Cache), false)
#4 C:\xampp\htdocs\nxgestao\public\index.php(45): CodeIgniter\CodeIgniter->run()
#5 {main}
CRITICAL - 2020-11-06 21:07:39 --> syntax error, unexpected ')'
#0 C:\xampp\htdocs\nxgestao\system\Router\Router.php(192): CodeIgniter\Router\Router->autoRoute('painel/atualiza...')
#1 C:\xampp\htdocs\nxgestao\system\CodeIgniter.php(789): CodeIgniter\Router\Router->handle('painel/atualiza...')
#2 C:\xampp\htdocs\nxgestao\system\CodeIgniter.php(360): CodeIgniter\CodeIgniter->tryToRouteIt(Object(CodeIgniter\Router\RouteCollection))
#3 C:\xampp\htdocs\nxgestao\system\CodeIgniter.php(308): CodeIgniter\CodeIgniter->handleRequest(NULL, Object(Config\Cache), false)
#4 C:\xampp\htdocs\nxgestao\public\index.php(45): CodeIgniter\CodeIgniter->run()
#5 {main}
CRITICAL - 2020-11-06 21:07:40 --> syntax error, unexpected ')'
#0 C:\xampp\htdocs\nxgestao\system\Router\Router.php(192): CodeIgniter\Router\Router->autoRoute('painel/atualiza...')
#1 C:\xampp\htdocs\nxgestao\system\CodeIgniter.php(789): CodeIgniter\Router\Router->handle('painel/atualiza...')
#2 C:\xampp\htdocs\nxgestao\system\CodeIgniter.php(360): CodeIgniter\CodeIgniter->tryToRouteIt(Object(CodeIgniter\Router\RouteCollection))
#3 C:\xampp\htdocs\nxgestao\system\CodeIgniter.php(308): CodeIgniter\CodeIgniter->handleRequest(NULL, Object(Config\Cache), false)
#4 C:\xampp\htdocs\nxgestao\public\index.php(45): CodeIgniter\CodeIgniter->run()
#5 {main}
CRITICAL - 2020-11-06 21:07:41 --> syntax error, unexpected ')'
#0 C:\xampp\htdocs\nxgestao\system\Router\Router.php(192): CodeIgniter\Router\Router->autoRoute('painel/atualiza...')
#1 C:\xampp\htdocs\nxgestao\system\CodeIgniter.php(789): CodeIgniter\Router\Router->handle('painel/atualiza...')
#2 C:\xampp\htdocs\nxgestao\system\CodeIgniter.php(360): CodeIgniter\CodeIgniter->tryToRouteIt(Object(CodeIgniter\Router\RouteCollection))
#3 C:\xampp\htdocs\nxgestao\system\CodeIgniter.php(308): CodeIgniter\CodeIgniter->handleRequest(NULL, Object(Config\Cache), false)
#4 C:\xampp\htdocs\nxgestao\public\index.php(45): CodeIgniter\CodeIgniter->run()
#5 {main}
CRITICAL - 2020-11-06 21:07:42 --> syntax error, unexpected ')'
#0 C:\xampp\htdocs\nxgestao\system\Router\Router.php(192): CodeIgniter\Router\Router->autoRoute('painel/atualiza...')
#1 C:\xampp\htdocs\nxgestao\system\CodeIgniter.php(789): CodeIgniter\Router\Router->handle('painel/atualiza...')
#2 C:\xampp\htdocs\nxgestao\system\CodeIgniter.php(360): CodeIgniter\CodeIgniter->tryToRouteIt(Object(CodeIgniter\Router\RouteCollection))
#3 C:\xampp\htdocs\nxgestao\system\CodeIgniter.php(308): CodeIgniter\CodeIgniter->handleRequest(NULL, Object(Config\Cache), false)
#4 C:\xampp\htdocs\nxgestao\public\index.php(45): CodeIgniter\CodeIgniter->run()
#5 {main}
CRITICAL - 2020-11-06 21:07:43 --> syntax error, unexpected ')'
#0 C:\xampp\htdocs\nxgestao\system\Router\Router.php(192): CodeIgniter\Router\Router->autoRoute('painel/atualiza...')
#1 C:\xampp\htdocs\nxgestao\system\CodeIgniter.php(789): CodeIgniter\Router\Router->handle('painel/atualiza...')
#2 C:\xampp\htdocs\nxgestao\system\CodeIgniter.php(360): CodeIgniter\CodeIgniter->tryToRouteIt(Object(CodeIgniter\Router\RouteCollection))
#3 C:\xampp\htdocs\nxgestao\system\CodeIgniter.php(308): CodeIgniter\CodeIgniter->handleRequest(NULL, Object(Config\Cache), false)
#4 C:\xampp\htdocs\nxgestao\public\index.php(45): CodeIgniter\CodeIgniter->run()
#5 {main}
CRITICAL - 2020-11-06 21:07:44 --> syntax error, unexpected ')'
#0 C:\xampp\htdocs\nxgestao\system\Router\Router.php(192): CodeIgniter\Router\Router->autoRoute('painel/atualiza...')
#1 C:\xampp\htdocs\nxgestao\system\CodeIgniter.php(789): CodeIgniter\Router\Router->handle('painel/atualiza...')
#2 C:\xampp\htdocs\nxgestao\system\CodeIgniter.php(360): CodeIgniter\CodeIgniter->tryToRouteIt(Object(CodeIgniter\Router\RouteCollection))
#3 C:\xampp\htdocs\nxgestao\system\CodeIgniter.php(308): CodeIgniter\CodeIgniter->handleRequest(NULL, Object(Config\Cache), false)
#4 C:\xampp\htdocs\nxgestao\public\index.php(45): CodeIgniter\CodeIgniter->run()
#5 {main}
CRITICAL - 2020-11-06 21:07:45 --> syntax error, unexpected ')'
#0 C:\xampp\htdocs\nxgestao\system\Router\Router.php(192): CodeIgniter\Router\Router->autoRoute('painel/atualiza...')
#1 C:\xampp\htdocs\nxgestao\system\CodeIgniter.php(789): CodeIgniter\Router\Router->handle('painel/atualiza...')
#2 C:\xampp\htdocs\nxgestao\system\CodeIgniter.php(360): CodeIgniter\CodeIgniter->tryToRouteIt(Object(CodeIgniter\Router\RouteCollection))
#3 C:\xampp\htdocs\nxgestao\system\CodeIgniter.php(308): CodeIgniter\CodeIgniter->handleRequest(NULL, Object(Config\Cache), false)
#4 C:\xampp\htdocs\nxgestao\public\index.php(45): CodeIgniter\CodeIgniter->run()
#5 {main}
CRITICAL - 2020-11-06 21:07:46 --> syntax error, unexpected ')'
#0 C:\xampp\htdocs\nxgestao\system\Router\Router.php(192): CodeIgniter\Router\Router->autoRoute('painel/atualiza...')
#1 C:\xampp\htdocs\nxgestao\system\CodeIgniter.php(789): CodeIgniter\Router\Router->handle('painel/atualiza...')
#2 C:\xampp\htdocs\nxgestao\system\CodeIgniter.php(360): CodeIgniter\CodeIgniter->tryToRouteIt(Object(CodeIgniter\Router\RouteCollection))
#3 C:\xampp\htdocs\nxgestao\system\CodeIgniter.php(308): CodeIgniter\CodeIgniter->handleRequest(NULL, Object(Config\Cache), false)
#4 C:\xampp\htdocs\nxgestao\public\index.php(45): CodeIgniter\CodeIgniter->run()
#5 {main}
CRITICAL - 2020-11-06 21:07:47 --> syntax error, unexpected ')'
#0 C:\xampp\htdocs\nxgestao\system\Router\Router.php(192): CodeIgniter\Router\Router->autoRoute('painel/atualiza...')
#1 C:\xampp\htdocs\nxgestao\system\CodeIgniter.php(789): CodeIgniter\Router\Router->handle('painel/atualiza...')
#2 C:\xampp\htdocs\nxgestao\system\CodeIgniter.php(360): CodeIgniter\CodeIgniter->tryToRouteIt(Object(CodeIgniter\Router\RouteCollection))
#3 C:\xampp\htdocs\nxgestao\system\CodeIgniter.php(308): CodeIgniter\CodeIgniter->handleRequest(NULL, Object(Config\Cache), false)
#4 C:\xampp\htdocs\nxgestao\public\index.php(45): CodeIgniter\CodeIgniter->run()
#5 {main}
CRITICAL - 2020-11-06 21:07:53 --> syntax error, unexpected 'endforeach' (T_ENDFOREACH), expecting ';' or ','
#0 C:\xampp\htdocs\nxgestao\system\Router\Router.php(192): CodeIgniter\Router\Router->autoRoute('painel/atualiza...')
#1 C:\xampp\htdocs\nxgestao\system\CodeIgniter.php(789): CodeIgniter\Router\Router->handle('painel/atualiza...')
#2 C:\xampp\htdocs\nxgestao\system\CodeIgniter.php(360): CodeIgniter\CodeIgniter->tryToRouteIt(Object(CodeIgniter\Router\RouteCollection))
#3 C:\xampp\htdocs\nxgestao\system\CodeIgniter.php(308): CodeIgniter\CodeIgniter->handleRequest(NULL, Object(Config\Cache), false)
#4 C:\xampp\htdocs\nxgestao\public\index.php(45): CodeIgniter\CodeIgniter->run()
#5 {main}
CRITICAL - 2020-11-06 21:07:54 --> syntax error, unexpected 'endforeach' (T_ENDFOREACH), expecting ';' or ','
#0 C:\xampp\htdocs\nxgestao\system\Router\Router.php(192): CodeIgniter\Router\Router->autoRoute('painel/atualiza...')
#1 C:\xampp\htdocs\nxgestao\system\CodeIgniter.php(789): CodeIgniter\Router\Router->handle('painel/atualiza...')
#2 C:\xampp\htdocs\nxgestao\system\CodeIgniter.php(360): CodeIgniter\CodeIgniter->tryToRouteIt(Object(CodeIgniter\Router\RouteCollection))
#3 C:\xampp\htdocs\nxgestao\system\CodeIgniter.php(308): CodeIgniter\CodeIgniter->handleRequest(NULL, Object(Config\Cache), false)
#4 C:\xampp\htdocs\nxgestao\public\index.php(45): CodeIgniter\CodeIgniter->run()
#5 {main}
CRITICAL - 2020-11-06 21:07:55 --> syntax error, unexpected 'endforeach' (T_ENDFOREACH), expecting ';' or ','
#0 C:\xampp\htdocs\nxgestao\system\Router\Router.php(192): CodeIgniter\Router\Router->autoRoute('painel/atualiza...')
#1 C:\xampp\htdocs\nxgestao\system\CodeIgniter.php(789): CodeIgniter\Router\Router->handle('painel/atualiza...')
#2 C:\xampp\htdocs\nxgestao\system\CodeIgniter.php(360): CodeIgniter\CodeIgniter->tryToRouteIt(Object(CodeIgniter\Router\RouteCollection))
#3 C:\xampp\htdocs\nxgestao\system\CodeIgniter.php(308): CodeIgniter\CodeIgniter->handleRequest(NULL, Object(Config\Cache), false)
#4 C:\xampp\htdocs\nxgestao\public\index.php(45): CodeIgniter\CodeIgniter->run()
#5 {main}
CRITICAL - 2020-11-06 21:08:23 --> syntax error, unexpected ']', expecting '-' or identifier (T_STRING) or variable (T_VARIABLE) or number (T_NUM_STRING)
#0 C:\xampp\htdocs\nxgestao\system\Router\Router.php(192): CodeIgniter\Router\Router->autoRoute('painel/atualiza...')
#1 C:\xampp\htdocs\nxgestao\system\CodeIgniter.php(789): CodeIgniter\Router\Router->handle('painel/atualiza...')
#2 C:\xampp\htdocs\nxgestao\system\CodeIgniter.php(360): CodeIgniter\CodeIgniter->tryToRouteIt(Object(CodeIgniter\Router\RouteCollection))
#3 C:\xampp\htdocs\nxgestao\system\CodeIgniter.php(308): CodeIgniter\CodeIgniter->handleRequest(NULL, Object(Config\Cache), false)
#4 C:\xampp\htdocs\nxgestao\public\index.php(45): CodeIgniter\CodeIgniter->run()
#5 {main}
CRITICAL - 2020-11-06 21:08:24 --> syntax error, unexpected ']', expecting '-' or identifier (T_STRING) or variable (T_VARIABLE) or number (T_NUM_STRING)
#0 C:\xampp\htdocs\nxgestao\system\Router\Router.php(192): CodeIgniter\Router\Router->autoRoute('painel/atualiza...')
#1 C:\xampp\htdocs\nxgestao\system\CodeIgniter.php(789): CodeIgniter\Router\Router->handle('painel/atualiza...')
#2 C:\xampp\htdocs\nxgestao\system\CodeIgniter.php(360): CodeIgniter\CodeIgniter->tryToRouteIt(Object(CodeIgniter\Router\RouteCollection))
#3 C:\xampp\htdocs\nxgestao\system\CodeIgniter.php(308): CodeIgniter\CodeIgniter->handleRequest(NULL, Object(Config\Cache), false)
#4 C:\xampp\htdocs\nxgestao\public\index.php(45): CodeIgniter\CodeIgniter->run()
#5 {main}
CRITICAL - 2020-11-06 21:08:25 --> syntax error, unexpected '' (T_ENCAPSED_AND_WHITESPACE), expecting '-' or identifier (T_STRING) or variable (T_VARIABLE) or number (T_NUM_STRING)
#0 C:\xampp\htdocs\nxgestao\system\Router\Router.php(192): CodeIgniter\Router\Router->autoRoute('painel/atualiza...')
#1 C:\xampp\htdocs\nxgestao\system\CodeIgniter.php(789): CodeIgniter\Router\Router->handle('painel/atualiza...')
#2 C:\xampp\htdocs\nxgestao\system\CodeIgniter.php(360): CodeIgniter\CodeIgniter->tryToRouteIt(Object(CodeIgniter\Router\RouteCollection))
#3 C:\xampp\htdocs\nxgestao\system\CodeIgniter.php(308): CodeIgniter\CodeIgniter->handleRequest(NULL, Object(Config\Cache), false)
#4 C:\xampp\htdocs\nxgestao\public\index.php(45): CodeIgniter\CodeIgniter->run()
#5 {main}
CRITICAL - 2020-11-06 21:08:26 --> syntax error, unexpected '' (T_ENCAPSED_AND_WHITESPACE), expecting '-' or identifier (T_STRING) or variable (T_VARIABLE) or number (T_NUM_STRING)
#0 C:\xampp\htdocs\nxgestao\system\Router\Router.php(192): CodeIgniter\Router\Router->autoRoute('painel/atualiza...')
#1 C:\xampp\htdocs\nxgestao\system\CodeIgniter.php(789): CodeIgniter\Router\Router->handle('painel/atualiza...')
#2 C:\xampp\htdocs\nxgestao\system\CodeIgniter.php(360): CodeIgniter\CodeIgniter->tryToRouteIt(Object(CodeIgniter\Router\RouteCollection))
#3 C:\xampp\htdocs\nxgestao\system\CodeIgniter.php(308): CodeIgniter\CodeIgniter->handleRequest(NULL, Object(Config\Cache), false)
#4 C:\xampp\htdocs\nxgestao\public\index.php(45): CodeIgniter\CodeIgniter->run()
#5 {main}
CRITICAL - 2020-11-06 21:08:27 --> syntax error, unexpected '' (T_ENCAPSED_AND_WHITESPACE), expecting '-' or identifier (T_STRING) or variable (T_VARIABLE) or number (T_NUM_STRING)
#0 C:\xampp\htdocs\nxgestao\system\Router\Router.php(192): CodeIgniter\Router\Router->autoRoute('painel/atualiza...')
#1 C:\xampp\htdocs\nxgestao\system\CodeIgniter.php(789): CodeIgniter\Router\Router->handle('painel/atualiza...')
#2 C:\xampp\htdocs\nxgestao\system\CodeIgniter.php(360): CodeIgniter\CodeIgniter->tryToRouteIt(Object(CodeIgniter\Router\RouteCollection))
#3 C:\xampp\htdocs\nxgestao\system\CodeIgniter.php(308): CodeIgniter\CodeIgniter->handleRequest(NULL, Object(Config\Cache), false)
#4 C:\xampp\htdocs\nxgestao\public\index.php(45): CodeIgniter\CodeIgniter->run()
#5 {main}
CRITICAL - 2020-11-06 21:08:28 --> syntax error, unexpected '' (T_ENCAPSED_AND_WHITESPACE), expecting '-' or identifier (T_STRING) or variable (T_VARIABLE) or number (T_NUM_STRING)
#0 C:\xampp\htdocs\nxgestao\system\Router\Router.php(192): CodeIgniter\Router\Router->autoRoute('painel/atualiza...')
#1 C:\xampp\htdocs\nxgestao\system\CodeIgniter.php(789): CodeIgniter\Router\Router->handle('painel/atualiza...')
#2 C:\xampp\htdocs\nxgestao\system\CodeIgniter.php(360): CodeIgniter\CodeIgniter->tryToRouteIt(Object(CodeIgniter\Router\RouteCollection))
#3 C:\xampp\htdocs\nxgestao\system\CodeIgniter.php(308): CodeIgniter\CodeIgniter->handleRequest(NULL, Object(Config\Cache), false)
#4 C:\xampp\htdocs\nxgestao\public\index.php(45): CodeIgniter\CodeIgniter->run()
#5 {main}
CRITICAL - 2020-11-06 21:08:29 --> syntax error, unexpected '' (T_ENCAPSED_AND_WHITESPACE), expecting '-' or identifier (T_STRING) or variable (T_VARIABLE) or number (T_NUM_STRING)
#0 C:\xampp\htdocs\nxgestao\system\Router\Router.php(192): CodeIgniter\Router\Router->autoRoute('painel/atualiza...')
#1 C:\xampp\htdocs\nxgestao\system\CodeIgniter.php(789): CodeIgniter\Router\Router->handle('painel/atualiza...')
#2 C:\xampp\htdocs\nxgestao\system\CodeIgniter.php(360): CodeIgniter\CodeIgniter->tryToRouteIt(Object(CodeIgniter\Router\RouteCollection))
#3 C:\xampp\htdocs\nxgestao\system\CodeIgniter.php(308): CodeIgniter\CodeIgniter->handleRequest(NULL, Object(Config\Cache), false)
#4 C:\xampp\htdocs\nxgestao\public\index.php(45): CodeIgniter\CodeIgniter->run()
#5 {main}
CRITICAL - 2020-11-06 21:08:53 --> Call to undefined method App\Models\HistoricoUltimaSenhaModel::limite
#0 C:\xampp\htdocs\nxgestao\app\Controllers\Painel.php(169): CodeIgniter\Model->__call('limite', Array)
#1 C:\xampp\htdocs\nxgestao\system\CodeIgniter.php(914): App\Controllers\Painel->atualizaQuatroUltimasSenhas()
#2 C:\xampp\htdocs\nxgestao\system\CodeIgniter.php(400): CodeIgniter\CodeIgniter->runController(Object(App\Controllers\Painel))
#3 C:\xampp\htdocs\nxgestao\system\CodeIgniter.php(308): CodeIgniter\CodeIgniter->handleRequest(NULL, Object(Config\Cache), false)
#4 C:\xampp\htdocs\nxgestao\public\index.php(45): CodeIgniter\CodeIgniter->run()
#5 {main}
CRITICAL - 2020-11-06 21:08:54 --> Call to undefined method App\Models\HistoricoUltimaSenhaModel::limite
#0 C:\xampp\htdocs\nxgestao\app\Controllers\Painel.php(169): CodeIgniter\Model->__call('limite', Array)
#1 C:\xampp\htdocs\nxgestao\system\CodeIgniter.php(914): App\Controllers\Painel->atualizaQuatroUltimasSenhas()
#2 C:\xampp\htdocs\nxgestao\system\CodeIgniter.php(400): CodeIgniter\CodeIgniter->runController(Object(App\Controllers\Painel))
#3 C:\xampp\htdocs\nxgestao\system\CodeIgniter.php(308): CodeIgniter\CodeIgniter->handleRequest(NULL, Object(Config\Cache), false)
#4 C:\xampp\htdocs\nxgestao\public\index.php(45): CodeIgniter\CodeIgniter->run()
#5 {main}
CRITICAL - 2020-11-06 21:08:55 --> Call to undefined method App\Models\HistoricoUltimaSenhaModel::limite
#0 C:\xampp\htdocs\nxgestao\app\Controllers\Painel.php(169): CodeIgniter\Model->__call('limite', Array)
#1 C:\xampp\htdocs\nxgestao\system\CodeIgniter.php(914): App\Controllers\Painel->atualizaQuatroUltimasSenhas()
#2 C:\xampp\htdocs\nxgestao\system\CodeIgniter.php(400): CodeIgniter\CodeIgniter->runController(Object(App\Controllers\Painel))
#3 C:\xampp\htdocs\nxgestao\system\CodeIgniter.php(308): CodeIgniter\CodeIgniter->handleRequest(NULL, Object(Config\Cache), false)
#4 C:\xampp\htdocs\nxgestao\public\index.php(45): CodeIgniter\CodeIgniter->run()
#5 {main}
CRITICAL - 2020-11-06 21:08:57 --> Call to undefined method App\Models\HistoricoUltimaSenhaModel::limite
#0 C:\xampp\htdocs\nxgestao\app\Controllers\Painel.php(169): CodeIgniter\Model->__call('limite', Array)
#1 C:\xampp\htdocs\nxgestao\system\CodeIgniter.php(914): App\Controllers\Painel->atualizaQuatroUltimasSenhas()
#2 C:\xampp\htdocs\nxgestao\system\CodeIgniter.php(400): CodeIgniter\CodeIgniter->runController(Object(App\Controllers\Painel))
#3 C:\xampp\htdocs\nxgestao\system\CodeIgniter.php(308): CodeIgniter\CodeIgniter->handleRequest(NULL, Object(Config\Cache), false)
#4 C:\xampp\htdocs\nxgestao\public\index.php(45): CodeIgniter\CodeIgniter->run()
#5 {main}
CRITICAL - 2020-11-06 21:08:58 --> Call to undefined method App\Models\HistoricoUltimaSenhaModel::limite
#0 C:\xampp\htdocs\nxgestao\app\Controllers\Painel.php(169): CodeIgniter\Model->__call('limite', Array)
#1 C:\xampp\htdocs\nxgestao\system\CodeIgniter.php(914): App\Controllers\Painel->atualizaQuatroUltimasSenhas()
#2 C:\xampp\htdocs\nxgestao\system\CodeIgniter.php(400): CodeIgniter\CodeIgniter->runController(Object(App\Controllers\Painel))
#3 C:\xampp\htdocs\nxgestao\system\CodeIgniter.php(308): CodeIgniter\CodeIgniter->handleRequest(NULL, Object(Config\Cache), false)
#4 C:\xampp\htdocs\nxgestao\public\index.php(45): CodeIgniter\CodeIgniter->run()
#5 {main}
CRITICAL - 2020-11-06 21:09:00 --> Call to undefined method App\Models\HistoricoUltimaSenhaModel::limite
#0 C:\xampp\htdocs\nxgestao\app\Controllers\Painel.php(169): CodeIgniter\Model->__call('limite', Array)
#1 C:\xampp\htdocs\nxgestao\system\CodeIgniter.php(914): App\Controllers\Painel->atualizaQuatroUltimasSenhas()
#2 C:\xampp\htdocs\nxgestao\system\CodeIgniter.php(400): CodeIgniter\CodeIgniter->runController(Object(App\Controllers\Painel))
#3 C:\xampp\htdocs\nxgestao\system\CodeIgniter.php(308): CodeIgniter\CodeIgniter->handleRequest(NULL, Object(Config\Cache), false)
#4 C:\xampp\htdocs\nxgestao\public\index.php(45): CodeIgniter\CodeIgniter->run()
#5 {main}
CRITICAL - 2020-11-06 21:09:01 --> Call to undefined method App\Models\HistoricoUltimaSenhaModel::limite
#0 C:\xampp\htdocs\nxgestao\app\Controllers\Painel.php(169): CodeIgniter\Model->__call('limite', Array)
#1 C:\xampp\htdocs\nxgestao\system\CodeIgniter.php(914): App\Controllers\Painel->atualizaQuatroUltimasSenhas()
#2 C:\xampp\htdocs\nxgestao\system\CodeIgniter.php(400): CodeIgniter\CodeIgniter->runController(Object(App\Controllers\Painel))
#3 C:\xampp\htdocs\nxgestao\system\CodeIgniter.php(308): CodeIgniter\CodeIgniter->handleRequest(NULL, Object(Config\Cache), false)
#4 C:\xampp\htdocs\nxgestao\public\index.php(45): CodeIgniter\CodeIgniter->run()
#5 {main}
CRITICAL - 2020-11-06 21:09:02 --> Call to undefined method App\Models\HistoricoUltimaSenhaModel::limite
#0 C:\xampp\htdocs\nxgestao\app\Controllers\Painel.php(169): CodeIgniter\Model->__call('limite', Array)
#1 C:\xampp\htdocs\nxgestao\system\CodeIgniter.php(914): App\Controllers\Painel->atualizaQuatroUltimasSenhas()
#2 C:\xampp\htdocs\nxgestao\system\CodeIgniter.php(400): CodeIgniter\CodeIgniter->runController(Object(App\Controllers\Painel))
#3 C:\xampp\htdocs\nxgestao\system\CodeIgniter.php(308): CodeIgniter\CodeIgniter->handleRequest(NULL, Object(Config\Cache), false)
#4 C:\xampp\htdocs\nxgestao\public\index.php(45): CodeIgniter\CodeIgniter->run()
#5 {main}
CRITICAL - 2020-11-06 21:09:02 --> Call to undefined method App\Models\HistoricoUltimaSenhaModel::limite
#0 C:\xampp\htdocs\nxgestao\app\Controllers\Painel.php(169): CodeIgniter\Model->__call('limite', Array)
#1 C:\xampp\htdocs\nxgestao\system\CodeIgniter.php(914): App\Controllers\Painel->atualizaQuatroUltimasSenhas()
#2 C:\xampp\htdocs\nxgestao\system\CodeIgniter.php(400): CodeIgniter\CodeIgniter->runController(Object(App\Controllers\Painel))
#3 C:\xampp\htdocs\nxgestao\system\CodeIgniter.php(308): CodeIgniter\CodeIgniter->handleRequest(NULL, Object(Config\Cache), false)
#4 C:\xampp\htdocs\nxgestao\public\index.php(45): CodeIgniter\CodeIgniter->run()
#5 {main}
CRITICAL - 2020-11-06 21:09:03 --> Call to undefined method App\Models\HistoricoUltimaSenhaModel::limite
#0 C:\xampp\htdocs\nxgestao\app\Controllers\Painel.php(169): CodeIgniter\Model->__call('limite', Array)
#1 C:\xampp\htdocs\nxgestao\system\CodeIgniter.php(914): App\Controllers\Painel->atualizaQuatroUltimasSenhas()
#2 C:\xampp\htdocs\nxgestao\system\CodeIgniter.php(400): CodeIgniter\CodeIgniter->runController(Object(App\Controllers\Painel))
#3 C:\xampp\htdocs\nxgestao\system\CodeIgniter.php(308): CodeIgniter\CodeIgniter->handleRequest(NULL, Object(Config\Cache), false)
#4 C:\xampp\htdocs\nxgestao\public\index.php(45): CodeIgniter\CodeIgniter->run()
#5 {main}
CRITICAL - 2020-11-06 21:09:04 --> Call to undefined method App\Models\HistoricoUltimaSenhaModel::limite
#0 C:\xampp\htdocs\nxgestao\app\Controllers\Painel.php(169): CodeIgniter\Model->__call('limite', Array)
#1 C:\xampp\htdocs\nxgestao\system\CodeIgniter.php(914): App\Controllers\Painel->atualizaQuatroUltimasSenhas()
#2 C:\xampp\htdocs\nxgestao\system\CodeIgniter.php(400): CodeIgniter\CodeIgniter->runController(Object(App\Controllers\Painel))
#3 C:\xampp\htdocs\nxgestao\system\CodeIgniter.php(308): CodeIgniter\CodeIgniter->handleRequest(NULL, Object(Config\Cache), false)
#4 C:\xampp\htdocs\nxgestao\public\index.php(45): CodeIgniter\CodeIgniter->run()
#5 {main}
CRITICAL - 2020-11-06 21:09:05 --> Call to undefined method App\Models\HistoricoUltimaSenhaModel::limite
#0 C:\xampp\htdocs\nxgestao\app\Controllers\Painel.php(169): CodeIgniter\Model->__call('limite', Array)
#1 C:\xampp\htdocs\nxgestao\system\CodeIgniter.php(914): App\Controllers\Painel->atualizaQuatroUltimasSenhas()
#2 C:\xampp\htdocs\nxgestao\system\CodeIgniter.php(400): CodeIgniter\CodeIgniter->runController(Object(App\Controllers\Painel))
#3 C:\xampp\htdocs\nxgestao\system\CodeIgniter.php(308): CodeIgniter\CodeIgniter->handleRequest(NULL, Object(Config\Cache), false)
#4 C:\xampp\htdocs\nxgestao\public\index.php(45): CodeIgniter\CodeIgniter->run()
#5 {main}
CRITICAL - 2020-11-06 21:09:06 --> Call to undefined method App\Models\HistoricoUltimaSenhaModel::limite
#0 C:\xampp\htdocs\nxgestao\app\Controllers\Painel.php(169): CodeIgniter\Model->__call('limite', Array)
#1 C:\xampp\htdocs\nxgestao\system\CodeIgniter.php(914): App\Controllers\Painel->atualizaQuatroUltimasSenhas()
#2 C:\xampp\htdocs\nxgestao\system\CodeIgniter.php(400): CodeIgniter\CodeIgniter->runController(Object(App\Controllers\Painel))
#3 C:\xampp\htdocs\nxgestao\system\CodeIgniter.php(308): CodeIgniter\CodeIgniter->handleRequest(NULL, Object(Config\Cache), false)
#4 C:\xampp\htdocs\nxgestao\public\index.php(45): CodeIgniter\CodeIgniter->run()
#5 {main}
CRITICAL - 2020-11-06 21:09:07 --> Call to undefined method App\Models\HistoricoUltimaSenhaModel::limite
#0 C:\xampp\htdocs\nxgestao\app\Controllers\Painel.php(169): CodeIgniter\Model->__call('limite', Array)
#1 C:\xampp\htdocs\nxgestao\system\CodeIgniter.php(914): App\Controllers\Painel->atualizaQuatroUltimasSenhas()
#2 C:\xampp\htdocs\nxgestao\system\CodeIgniter.php(400): CodeIgniter\CodeIgniter->runController(Object(App\Controllers\Painel))
#3 C:\xampp\htdocs\nxgestao\system\CodeIgniter.php(308): CodeIgniter\CodeIgniter->handleRequest(NULL, Object(Config\Cache), false)
#4 C:\xampp\htdocs\nxgestao\public\index.php(45): CodeIgniter\CodeIgniter->run()
#5 {main}
CRITICAL - 2020-11-06 21:09:09 --> Call to undefined method App\Models\HistoricoUltimaSenhaModel::limite
#0 C:\xampp\htdocs\nxgestao\app\Controllers\Painel.php(169): CodeIgniter\Model->__call('limite', Array)
#1 C:\xampp\htdocs\nxgestao\system\CodeIgniter.php(914): App\Controllers\Painel->atualizaQuatroUltimasSenhas()
#2 C:\xampp\htdocs\nxgestao\system\CodeIgniter.php(400): CodeIgniter\CodeIgniter->runController(Object(App\Controllers\Painel))
#3 C:\xampp\htdocs\nxgestao\system\CodeIgniter.php(308): CodeIgniter\CodeIgniter->handleRequest(NULL, Object(Config\Cache), false)
#4 C:\xampp\htdocs\nxgestao\public\index.php(45): CodeIgniter\CodeIgniter->run()
#5 {main}
CRITICAL - 2020-11-06 21:09:09 --> Call to undefined method App\Models\HistoricoUltimaSenhaModel::limite
#0 C:\xampp\htdocs\nxgestao\app\Controllers\Painel.php(169): CodeIgniter\Model->__call('limite', Array)
#1 C:\xampp\htdocs\nxgestao\system\CodeIgniter.php(914): App\Controllers\Painel->atualizaQuatroUltimasSenhas()
#2 C:\xampp\htdocs\nxgestao\system\CodeIgniter.php(400): CodeIgniter\CodeIgniter->runController(Object(App\Controllers\Painel))
#3 C:\xampp\htdocs\nxgestao\system\CodeIgniter.php(308): CodeIgniter\CodeIgniter->handleRequest(NULL, Object(Config\Cache), false)
#4 C:\xampp\htdocs\nxgestao\public\index.php(45): CodeIgniter\CodeIgniter->run()
#5 {main}
CRITICAL - 2020-11-06 21:09:10 --> Call to undefined method App\Models\HistoricoUltimaSenhaModel::limite
#0 C:\xampp\htdocs\nxgestao\app\Controllers\Painel.php(169): CodeIgniter\Model->__call('limite', Array)
#1 C:\xampp\htdocs\nxgestao\system\CodeIgniter.php(914): App\Controllers\Painel->atualizaQuatroUltimasSenhas()
#2 C:\xampp\htdocs\nxgestao\system\CodeIgniter.php(400): CodeIgniter\CodeIgniter->runController(Object(App\Controllers\Painel))
#3 C:\xampp\htdocs\nxgestao\system\CodeIgniter.php(308): CodeIgniter\CodeIgniter->handleRequest(NULL, Object(Config\Cache), false)
#4 C:\xampp\htdocs\nxgestao\public\index.php(45): CodeIgniter\CodeIgniter->run()
#5 {main}
CRITICAL - 2020-11-06 21:09:11 --> Call to undefined method App\Models\HistoricoUltimaSenhaModel::limite
#0 C:\xampp\htdocs\nxgestao\app\Controllers\Painel.php(169): CodeIgniter\Model->__call('limite', Array)
#1 C:\xampp\htdocs\nxgestao\system\CodeIgniter.php(914): App\Controllers\Painel->atualizaQuatroUltimasSenhas()
#2 C:\xampp\htdocs\nxgestao\system\CodeIgniter.php(400): CodeIgniter\CodeIgniter->runController(Object(App\Controllers\Painel))
#3 C:\xampp\htdocs\nxgestao\system\CodeIgniter.php(308): CodeIgniter\CodeIgniter->handleRequest(NULL, Object(Config\Cache), false)
#4 C:\xampp\htdocs\nxgestao\public\index.php(45): CodeIgniter\CodeIgniter->run()
#5 {main}
CRITICAL - 2020-11-06 21:09:12 --> Call to undefined method App\Models\HistoricoUltimaSenhaModel::limite
#0 C:\xampp\htdocs\nxgestao\app\Controllers\Painel.php(169): CodeIgniter\Model->__call('limite', Array)
#1 C:\xampp\htdocs\nxgestao\system\CodeIgniter.php(914): App\Controllers\Painel->atualizaQuatroUltimasSenhas()
#2 C:\xampp\htdocs\nxgestao\system\CodeIgniter.php(400): CodeIgniter\CodeIgniter->runController(Object(App\Controllers\Painel))
#3 C:\xampp\htdocs\nxgestao\system\CodeIgniter.php(308): CodeIgniter\CodeIgniter->handleRequest(NULL, Object(Config\Cache), false)
#4 C:\xampp\htdocs\nxgestao\public\index.php(45): CodeIgniter\CodeIgniter->run()
#5 {main}
CRITICAL - 2020-11-06 21:09:14 --> Call to undefined method App\Models\HistoricoUltimaSenhaModel::limite
#0 C:\xampp\htdocs\nxgestao\app\Controllers\Painel.php(169): CodeIgniter\Model->__call('limite', Array)
#1 C:\xampp\htdocs\nxgestao\system\CodeIgniter.php(914): App\Controllers\Painel->atualizaQuatroUltimasSenhas()
#2 C:\xampp\htdocs\nxgestao\system\CodeIgniter.php(400): CodeIgniter\CodeIgniter->runController(Object(App\Controllers\Painel))
#3 C:\xampp\htdocs\nxgestao\system\CodeIgniter.php(308): CodeIgniter\CodeIgniter->handleRequest(NULL, Object(Config\Cache), false)
#4 C:\xampp\htdocs\nxgestao\public\index.php(45): CodeIgniter\CodeIgniter->run()
#5 {main}
CRITICAL - 2020-11-06 21:09:15 --> Call to undefined method App\Models\HistoricoUltimaSenhaModel::limite
#0 C:\xampp\htdocs\nxgestao\app\Controllers\Painel.php(169): CodeIgniter\Model->__call('limite', Array)
#1 C:\xampp\htdocs\nxgestao\system\CodeIgniter.php(914): App\Controllers\Painel->atualizaQuatroUltimasSenhas()
#2 C:\xampp\htdocs\nxgestao\system\CodeIgniter.php(400): CodeIgniter\CodeIgniter->runController(Object(App\Controllers\Painel))
#3 C:\xampp\htdocs\nxgestao\system\CodeIgniter.php(308): CodeIgniter\CodeIgniter->handleRequest(NULL, Object(Config\Cache), false)
#4 C:\xampp\htdocs\nxgestao\public\index.php(45): CodeIgniter\CodeIgniter->run()
#5 {main}
CRITICAL - 2020-11-06 21:09:16 --> Call to undefined method App\Models\HistoricoUltimaSenhaModel::limite
#0 C:\xampp\htdocs\nxgestao\app\Controllers\Painel.php(169): CodeIgniter\Model->__call('limite', Array)
#1 C:\xampp\htdocs\nxgestao\system\CodeIgniter.php(914): App\Controllers\Painel->atualizaQuatroUltimasSenhas()
#2 C:\xampp\htdocs\nxgestao\system\CodeIgniter.php(400): CodeIgniter\CodeIgniter->runController(Object(App\Controllers\Painel))
#3 C:\xampp\htdocs\nxgestao\system\CodeIgniter.php(308): CodeIgniter\CodeIgniter->handleRequest(NULL, Object(Config\Cache), false)
#4 C:\xampp\htdocs\nxgestao\public\index.php(45): CodeIgniter\CodeIgniter->run()
#5 {main}
CRITICAL - 2020-11-06 21:09:17 --> Call to undefined method App\Models\HistoricoUltimaSenhaModel::limite
#0 C:\xampp\htdocs\nxgestao\app\Controllers\Painel.php(169): CodeIgniter\Model->__call('limite', Array)
#1 C:\xampp\htdocs\nxgestao\system\CodeIgniter.php(914): App\Controllers\Painel->atualizaQuatroUltimasSenhas()
#2 C:\xampp\htdocs\nxgestao\system\CodeIgniter.php(400): CodeIgniter\CodeIgniter->runController(Object(App\Controllers\Painel))
#3 C:\xampp\htdocs\nxgestao\system\CodeIgniter.php(308): CodeIgniter\CodeIgniter->handleRequest(NULL, Object(Config\Cache), false)
#4 C:\xampp\htdocs\nxgestao\public\index.php(45): CodeIgniter\CodeIgniter->run()
#5 {main}
CRITICAL - 2020-11-06 21:09:18 --> Call to undefined method App\Models\HistoricoUltimaSenhaModel::limite
#0 C:\xampp\htdocs\nxgestao\app\Controllers\Painel.php(169): CodeIgniter\Model->__call('limite', Array)
#1 C:\xampp\htdocs\nxgestao\system\CodeIgniter.php(914): App\Controllers\Painel->atualizaQuatroUltimasSenhas()
#2 C:\xampp\htdocs\nxgestao\system\CodeIgniter.php(400): CodeIgniter\CodeIgniter->runController(Object(App\Controllers\Painel))
#3 C:\xampp\htdocs\nxgestao\system\CodeIgniter.php(308): CodeIgniter\CodeIgniter->handleRequest(NULL, Object(Config\Cache), false)
#4 C:\xampp\htdocs\nxgestao\public\index.php(45): CodeIgniter\CodeIgniter->run()
#5 {main}
CRITICAL - 2020-11-06 21:09:19 --> Call to undefined method App\Models\HistoricoUltimaSenhaModel::limite
#0 C:\xampp\htdocs\nxgestao\app\Controllers\Painel.php(169): CodeIgniter\Model->__call('limite', Array)
#1 C:\xampp\htdocs\nxgestao\system\CodeIgniter.php(914): App\Controllers\Painel->atualizaQuatroUltimasSenhas()
#2 C:\xampp\htdocs\nxgestao\system\CodeIgniter.php(400): CodeIgniter\CodeIgniter->runController(Object(App\Controllers\Painel))
#3 C:\xampp\htdocs\nxgestao\system\CodeIgniter.php(308): CodeIgniter\CodeIgniter->handleRequest(NULL, Object(Config\Cache), false)
#4 C:\xampp\htdocs\nxgestao\public\index.php(45): CodeIgniter\CodeIgniter->run()
#5 {main}
CRITICAL - 2020-11-06 21:09:20 --> Call to undefined method App\Models\HistoricoUltimaSenhaModel::limite
#0 C:\xampp\htdocs\nxgestao\app\Controllers\Painel.php(169): CodeIgniter\Model->__call('limite', Array)
#1 C:\xampp\htdocs\nxgestao\system\CodeIgniter.php(914): App\Controllers\Painel->atualizaQuatroUltimasSenhas()
#2 C:\xampp\htdocs\nxgestao\system\CodeIgniter.php(400): CodeIgniter\CodeIgniter->runController(Object(App\Controllers\Painel))
#3 C:\xampp\htdocs\nxgestao\system\CodeIgniter.php(308): CodeIgniter\CodeIgniter->handleRequest(NULL, Object(Config\Cache), false)
#4 C:\xampp\htdocs\nxgestao\public\index.php(45): CodeIgniter\CodeIgniter->run()
#5 {main}
CRITICAL - 2020-11-06 21:09:21 --> Call to undefined method App\Models\HistoricoUltimaSenhaModel::limite
#0 C:\xampp\htdocs\nxgestao\app\Controllers\Painel.php(169): CodeIgniter\Model->__call('limite', Array)
#1 C:\xampp\htdocs\nxgestao\system\CodeIgniter.php(914): App\Controllers\Painel->atualizaQuatroUltimasSenhas()
#2 C:\xampp\htdocs\nxgestao\system\CodeIgniter.php(400): CodeIgniter\CodeIgniter->runController(Object(App\Controllers\Painel))
#3 C:\xampp\htdocs\nxgestao\system\CodeIgniter.php(308): CodeIgniter\CodeIgniter->handleRequest(NULL, Object(Config\Cache), false)
#4 C:\xampp\htdocs\nxgestao\public\index.php(45): CodeIgniter\CodeIgniter->run()
#5 {main}
CRITICAL - 2020-11-06 21:09:22 --> Call to undefined method App\Models\HistoricoUltimaSenhaModel::limite
#0 C:\xampp\htdocs\nxgestao\app\Controllers\Painel.php(169): CodeIgniter\Model->__call('limite', Array)
#1 C:\xampp\htdocs\nxgestao\system\CodeIgniter.php(914): App\Controllers\Painel->atualizaQuatroUltimasSenhas()
#2 C:\xampp\htdocs\nxgestao\system\CodeIgniter.php(400): CodeIgniter\CodeIgniter->runController(Object(App\Controllers\Painel))
#3 C:\xampp\htdocs\nxgestao\system\CodeIgniter.php(308): CodeIgniter\CodeIgniter->handleRequest(NULL, Object(Config\Cache), false)
#4 C:\xampp\htdocs\nxgestao\public\index.php(45): CodeIgniter\CodeIgniter->run()
#5 {main}
CRITICAL - 2020-11-06 21:09:23 --> Call to undefined method App\Models\HistoricoUltimaSenhaModel::limite
#0 C:\xampp\htdocs\nxgestao\app\Controllers\Painel.php(169): CodeIgniter\Model->__call('limite', Array)
#1 C:\xampp\htdocs\nxgestao\system\CodeIgniter.php(914): App\Controllers\Painel->atualizaQuatroUltimasSenhas()
#2 C:\xampp\htdocs\nxgestao\system\CodeIgniter.php(400): CodeIgniter\CodeIgniter->runController(Object(App\Controllers\Painel))
#3 C:\xampp\htdocs\nxgestao\system\CodeIgniter.php(308): CodeIgniter\CodeIgniter->handleRequest(NULL, Object(Config\Cache), false)
#4 C:\xampp\htdocs\nxgestao\public\index.php(45): CodeIgniter\CodeIgniter->run()
#5 {main}
CRITICAL - 2020-11-06 21:09:24 --> Call to undefined method App\Models\HistoricoUltimaSenhaModel::limite
#0 C:\xampp\htdocs\nxgestao\app\Controllers\Painel.php(169): CodeIgniter\Model->__call('limite', Array)
#1 C:\xampp\htdocs\nxgestao\system\CodeIgniter.php(914): App\Controllers\Painel->atualizaQuatroUltimasSenhas()
#2 C:\xampp\htdocs\nxgestao\system\CodeIgniter.php(400): CodeIgniter\CodeIgniter->runController(Object(App\Controllers\Painel))
#3 C:\xampp\htdocs\nxgestao\system\CodeIgniter.php(308): CodeIgniter\CodeIgniter->handleRequest(NULL, Object(Config\Cache), false)
#4 C:\xampp\htdocs\nxgestao\public\index.php(45): CodeIgniter\CodeIgniter->run()
#5 {main}
CRITICAL - 2020-11-06 21:09:25 --> Call to undefined method App\Models\HistoricoUltimaSenhaModel::limite
#0 C:\xampp\htdocs\nxgestao\app\Controllers\Painel.php(169): CodeIgniter\Model->__call('limite', Array)
#1 C:\xampp\htdocs\nxgestao\system\CodeIgniter.php(914): App\Controllers\Painel->atualizaQuatroUltimasSenhas()
#2 C:\xampp\htdocs\nxgestao\system\CodeIgniter.php(400): CodeIgniter\CodeIgniter->runController(Object(App\Controllers\Painel))
#3 C:\xampp\htdocs\nxgestao\system\CodeIgniter.php(308): CodeIgniter\CodeIgniter->handleRequest(NULL, Object(Config\Cache), false)
#4 C:\xampp\htdocs\nxgestao\public\index.php(45): CodeIgniter\CodeIgniter->run()
#5 {main}
CRITICAL - 2020-11-06 21:09:25 --> Call to undefined method App\Models\HistoricoUltimaSenhaModel::limite
#0 C:\xampp\htdocs\nxgestao\app\Controllers\Painel.php(169): CodeIgniter\Model->__call('limite', Array)
#1 C:\xampp\htdocs\nxgestao\system\CodeIgniter.php(914): App\Controllers\Painel->atualizaQuatroUltimasSenhas()
#2 C:\xampp\htdocs\nxgestao\system\CodeIgniter.php(400): CodeIgniter\CodeIgniter->runController(Object(App\Controllers\Painel))
#3 C:\xampp\htdocs\nxgestao\system\CodeIgniter.php(308): CodeIgniter\CodeIgniter->handleRequest(NULL, Object(Config\Cache), false)
#4 C:\xampp\htdocs\nxgestao\public\index.php(45): CodeIgniter\CodeIgniter->run()
#5 {main}
CRITICAL - 2020-11-06 21:09:27 --> Call to undefined method App\Models\HistoricoUltimaSenhaModel::limite
#0 C:\xampp\htdocs\nxgestao\app\Controllers\Painel.php(169): CodeIgniter\Model->__call('limite', Array)
#1 C:\xampp\htdocs\nxgestao\system\CodeIgniter.php(914): App\Controllers\Painel->atualizaQuatroUltimasSenhas()
#2 C:\xampp\htdocs\nxgestao\system\CodeIgniter.php(400): CodeIgniter\CodeIgniter->runController(Object(App\Controllers\Painel))
#3 C:\xampp\htdocs\nxgestao\system\CodeIgniter.php(308): CodeIgniter\CodeIgniter->handleRequest(NULL, Object(Config\Cache), false)
#4 C:\xampp\htdocs\nxgestao\public\index.php(45): CodeIgniter\CodeIgniter->run()
#5 {main}
CRITICAL - 2020-11-06 21:09:28 --> Call to undefined method App\Models\HistoricoUltimaSenhaModel::limite
#0 C:\xampp\htdocs\nxgestao\app\Controllers\Painel.php(169): CodeIgniter\Model->__call('limite', Array)
#1 C:\xampp\htdocs\nxgestao\system\CodeIgniter.php(914): App\Controllers\Painel->atualizaQuatroUltimasSenhas()
#2 C:\xampp\htdocs\nxgestao\system\CodeIgniter.php(400): CodeIgniter\CodeIgniter->runController(Object(App\Controllers\Painel))
#3 C:\xampp\htdocs\nxgestao\system\CodeIgniter.php(308): CodeIgniter\CodeIgniter->handleRequest(NULL, Object(Config\Cache), false)
#4 C:\xampp\htdocs\nxgestao\public\index.php(45): CodeIgniter\CodeIgniter->run()
#5 {main}
CRITICAL - 2020-11-06 21:09:29 --> Call to undefined method App\Models\HistoricoUltimaSenhaModel::limite
#0 C:\xampp\htdocs\nxgestao\app\Controllers\Painel.php(169): CodeIgniter\Model->__call('limite', Array)
#1 C:\xampp\htdocs\nxgestao\system\CodeIgniter.php(914): App\Controllers\Painel->atualizaQuatroUltimasSenhas()
#2 C:\xampp\htdocs\nxgestao\system\CodeIgniter.php(400): CodeIgniter\CodeIgniter->runController(Object(App\Controllers\Painel))
#3 C:\xampp\htdocs\nxgestao\system\CodeIgniter.php(308): CodeIgniter\CodeIgniter->handleRequest(NULL, Object(Config\Cache), false)
#4 C:\xampp\htdocs\nxgestao\public\index.php(45): CodeIgniter\CodeIgniter->run()
#5 {main}
CRITICAL - 2020-11-06 21:09:29 --> Call to undefined method App\Models\HistoricoUltimaSenhaModel::limite
#0 C:\xampp\htdocs\nxgestao\app\Controllers\Painel.php(169): CodeIgniter\Model->__call('limite', Array)
#1 C:\xampp\htdocs\nxgestao\system\CodeIgniter.php(914): App\Controllers\Painel->atualizaQuatroUltimasSenhas()
#2 C:\xampp\htdocs\nxgestao\system\CodeIgniter.php(400): CodeIgniter\CodeIgniter->runController(Object(App\Controllers\Painel))
#3 C:\xampp\htdocs\nxgestao\system\CodeIgniter.php(308): CodeIgniter\CodeIgniter->handleRequest(NULL, Object(Config\Cache), false)
#4 C:\xampp\htdocs\nxgestao\public\index.php(45): CodeIgniter\CodeIgniter->run()
#5 {main}
CRITICAL - 2020-11-06 21:09:30 --> Call to undefined method App\Models\HistoricoUltimaSenhaModel::limite
#0 C:\xampp\htdocs\nxgestao\app\Controllers\Painel.php(169): CodeIgniter\Model->__call('limite', Array)
#1 C:\xampp\htdocs\nxgestao\system\CodeIgniter.php(914): App\Controllers\Painel->atualizaQuatroUltimasSenhas()
#2 C:\xampp\htdocs\nxgestao\system\CodeIgniter.php(400): CodeIgniter\CodeIgniter->runController(Object(App\Controllers\Painel))
#3 C:\xampp\htdocs\nxgestao\system\CodeIgniter.php(308): CodeIgniter\CodeIgniter->handleRequest(NULL, Object(Config\Cache), false)
#4 C:\xampp\htdocs\nxgestao\public\index.php(45): CodeIgniter\CodeIgniter->run()
#5 {main}
CRITICAL - 2020-11-06 21:09:31 --> Call to undefined method App\Models\HistoricoUltimaSenhaModel::limite
#0 C:\xampp\htdocs\nxgestao\app\Controllers\Painel.php(169): CodeIgniter\Model->__call('limite', Array)
#1 C:\xampp\htdocs\nxgestao\system\CodeIgniter.php(914): App\Controllers\Painel->atualizaQuatroUltimasSenhas()
#2 C:\xampp\htdocs\nxgestao\system\CodeIgniter.php(400): CodeIgniter\CodeIgniter->runController(Object(App\Controllers\Painel))
#3 C:\xampp\htdocs\nxgestao\system\CodeIgniter.php(308): CodeIgniter\CodeIgniter->handleRequest(NULL, Object(Config\Cache), false)
#4 C:\xampp\htdocs\nxgestao\public\index.php(45): CodeIgniter\CodeIgniter->run()
#5 {main}
CRITICAL - 2020-11-06 21:09:32 --> Call to undefined method App\Models\HistoricoUltimaSenhaModel::limite
#0 C:\xampp\htdocs\nxgestao\app\Controllers\Painel.php(169): CodeIgniter\Model->__call('limite', Array)
#1 C:\xampp\htdocs\nxgestao\system\CodeIgniter.php(914): App\Controllers\Painel->atualizaQuatroUltimasSenhas()
#2 C:\xampp\htdocs\nxgestao\system\CodeIgniter.php(400): CodeIgniter\CodeIgniter->runController(Object(App\Controllers\Painel))
#3 C:\xampp\htdocs\nxgestao\system\CodeIgniter.php(308): CodeIgniter\CodeIgniter->handleRequest(NULL, Object(Config\Cache), false)
#4 C:\xampp\htdocs\nxgestao\public\index.php(45): CodeIgniter\CodeIgniter->run()
#5 {main}
CRITICAL - 2020-11-06 21:09:33 --> Call to undefined method App\Models\HistoricoUltimaSenhaModel::limite
#0 C:\xampp\htdocs\nxgestao\app\Controllers\Painel.php(169): CodeIgniter\Model->__call('limite', Array)
#1 C:\xampp\htdocs\nxgestao\system\CodeIgniter.php(914): App\Controllers\Painel->atualizaQuatroUltimasSenhas()
#2 C:\xampp\htdocs\nxgestao\system\CodeIgniter.php(400): CodeIgniter\CodeIgniter->runController(Object(App\Controllers\Painel))
#3 C:\xampp\htdocs\nxgestao\system\CodeIgniter.php(308): CodeIgniter\CodeIgniter->handleRequest(NULL, Object(Config\Cache), false)
#4 C:\xampp\htdocs\nxgestao\public\index.php(45): CodeIgniter\CodeIgniter->run()
#5 {main}
CRITICAL - 2020-11-06 21:09:34 --> Call to undefined method App\Models\HistoricoUltimaSenhaModel::limite
#0 C:\xampp\htdocs\nxgestao\app\Controllers\Painel.php(169): CodeIgniter\Model->__call('limite', Array)
#1 C:\xampp\htdocs\nxgestao\system\CodeIgniter.php(914): App\Controllers\Painel->atualizaQuatroUltimasSenhas()
#2 C:\xampp\htdocs\nxgestao\system\CodeIgniter.php(400): CodeIgniter\CodeIgniter->runController(Object(App\Controllers\Painel))
#3 C:\xampp\htdocs\nxgestao\system\CodeIgniter.php(308): CodeIgniter\CodeIgniter->handleRequest(NULL, Object(Config\Cache), false)
#4 C:\xampp\htdocs\nxgestao\public\index.php(45): CodeIgniter\CodeIgniter->run()
#5 {main}
CRITICAL - 2020-11-06 21:09:35 --> Call to undefined method App\Models\HistoricoUltimaSenhaModel::limite
#0 C:\xampp\htdocs\nxgestao\app\Controllers\Painel.php(169): CodeIgniter\Model->__call('limite', Array)
#1 C:\xampp\htdocs\nxgestao\system\CodeIgniter.php(914): App\Controllers\Painel->atualizaQuatroUltimasSenhas()
#2 C:\xampp\htdocs\nxgestao\system\CodeIgniter.php(400): CodeIgniter\CodeIgniter->runController(Object(App\Controllers\Painel))
#3 C:\xampp\htdocs\nxgestao\system\CodeIgniter.php(308): CodeIgniter\CodeIgniter->handleRequest(NULL, Object(Config\Cache), false)
#4 C:\xampp\htdocs\nxgestao\public\index.php(45): CodeIgniter\CodeIgniter->run()
#5 {main}
CRITICAL - 2020-11-06 21:09:36 --> Call to undefined method App\Models\HistoricoUltimaSenhaModel::limite
#0 C:\xampp\htdocs\nxgestao\app\Controllers\Painel.php(169): CodeIgniter\Model->__call('limite', Array)
#1 C:\xampp\htdocs\nxgestao\system\CodeIgniter.php(914): App\Controllers\Painel->atualizaQuatroUltimasSenhas()
#2 C:\xampp\htdocs\nxgestao\system\CodeIgniter.php(400): CodeIgniter\CodeIgniter->runController(Object(App\Controllers\Painel))
#3 C:\xampp\htdocs\nxgestao\system\CodeIgniter.php(308): CodeIgniter\CodeIgniter->handleRequest(NULL, Object(Config\Cache), false)
#4 C:\xampp\htdocs\nxgestao\public\index.php(45): CodeIgniter\CodeIgniter->run()
#5 {main}
CRITICAL - 2020-11-06 21:09:37 --> Call to undefined method App\Models\HistoricoUltimaSenhaModel::limite
#0 C:\xampp\htdocs\nxgestao\app\Controllers\Painel.php(169): CodeIgniter\Model->__call('limite', Array)
#1 C:\xampp\htdocs\nxgestao\system\CodeIgniter.php(914): App\Controllers\Painel->atualizaQuatroUltimasSenhas()
#2 C:\xampp\htdocs\nxgestao\system\CodeIgniter.php(400): CodeIgniter\CodeIgniter->runController(Object(App\Controllers\Painel))
#3 C:\xampp\htdocs\nxgestao\system\CodeIgniter.php(308): CodeIgniter\CodeIgniter->handleRequest(NULL, Object(Config\Cache), false)
#4 C:\xampp\htdocs\nxgestao\public\index.php(45): CodeIgniter\CodeIgniter->run()
#5 {main}
CRITICAL - 2020-11-06 21:09:38 --> Call to undefined method App\Models\HistoricoUltimaSenhaModel::limite
#0 C:\xampp\htdocs\nxgestao\app\Controllers\Painel.php(169): CodeIgniter\Model->__call('limite', Array)
#1 C:\xampp\htdocs\nxgestao\system\CodeIgniter.php(914): App\Controllers\Painel->atualizaQuatroUltimasSenhas()
#2 C:\xampp\htdocs\nxgestao\system\CodeIgniter.php(400): CodeIgniter\CodeIgniter->runController(Object(App\Controllers\Painel))
#3 C:\xampp\htdocs\nxgestao\system\CodeIgniter.php(308): CodeIgniter\CodeIgniter->handleRequest(NULL, Object(Config\Cache), false)
#4 C:\xampp\htdocs\nxgestao\public\index.php(45): CodeIgniter\CodeIgniter->run()
#5 {main}
CRITICAL - 2020-11-06 21:09:39 --> Call to undefined method App\Models\HistoricoUltimaSenhaModel::limite
#0 C:\xampp\htdocs\nxgestao\app\Controllers\Painel.php(169): CodeIgniter\Model->__call('limite', Array)
#1 C:\xampp\htdocs\nxgestao\system\CodeIgniter.php(914): App\Controllers\Painel->atualizaQuatroUltimasSenhas()
#2 C:\xampp\htdocs\nxgestao\system\CodeIgniter.php(400): CodeIgniter\CodeIgniter->runController(Object(App\Controllers\Painel))
#3 C:\xampp\htdocs\nxgestao\system\CodeIgniter.php(308): CodeIgniter\CodeIgniter->handleRequest(NULL, Object(Config\Cache), false)
#4 C:\xampp\htdocs\nxgestao\public\index.php(45): CodeIgniter\CodeIgniter->run()
#5 {main}
CRITICAL - 2020-11-06 21:09:40 --> Call to undefined method App\Models\HistoricoUltimaSenhaModel::limite
#0 C:\xampp\htdocs\nxgestao\app\Controllers\Painel.php(169): CodeIgniter\Model->__call('limite', Array)
#1 C:\xampp\htdocs\nxgestao\system\CodeIgniter.php(914): App\Controllers\Painel->atualizaQuatroUltimasSenhas()
#2 C:\xampp\htdocs\nxgestao\system\CodeIgniter.php(400): CodeIgniter\CodeIgniter->runController(Object(App\Controllers\Painel))
#3 C:\xampp\htdocs\nxgestao\system\CodeIgniter.php(308): CodeIgniter\CodeIgniter->handleRequest(NULL, Object(Config\Cache), false)
#4 C:\xampp\htdocs\nxgestao\public\index.php(45): CodeIgniter\CodeIgniter->run()
#5 {main}
CRITICAL - 2020-11-06 21:09:41 --> Call to undefined method App\Models\HistoricoUltimaSenhaModel::limite
#0 C:\xampp\htdocs\nxgestao\app\Controllers\Painel.php(169): CodeIgniter\Model->__call('limite', Array)
#1 C:\xampp\htdocs\nxgestao\system\CodeIgniter.php(914): App\Controllers\Painel->atualizaQuatroUltimasSenhas()
#2 C:\xampp\htdocs\nxgestao\system\CodeIgniter.php(400): CodeIgniter\CodeIgniter->runController(Object(App\Controllers\Painel))
#3 C:\xampp\htdocs\nxgestao\system\CodeIgniter.php(308): CodeIgniter\CodeIgniter->handleRequest(NULL, Object(Config\Cache), false)
#4 C:\xampp\htdocs\nxgestao\public\index.php(45): CodeIgniter\CodeIgniter->run()
#5 {main}
CRITICAL - 2020-11-06 21:17:35 --> syntax error, unexpected 'endif' (T_ENDIF), expecting ';' or ','
#0 C:\xampp\htdocs\nxgestao\system\Router\Router.php(192): CodeIgniter\Router\Router->autoRoute('painel/atualiza...')
#1 C:\xampp\htdocs\nxgestao\system\CodeIgniter.php(789): CodeIgniter\Router\Router->handle('painel/atualiza...')
#2 C:\xampp\htdocs\nxgestao\system\CodeIgniter.php(360): CodeIgniter\CodeIgniter->tryToRouteIt(Object(CodeIgniter\Router\RouteCollection))
#3 C:\xampp\htdocs\nxgestao\system\CodeIgniter.php(308): CodeIgniter\CodeIgniter->handleRequest(NULL, Object(Config\Cache), false)
#4 C:\xampp\htdocs\nxgestao\public\index.php(45): CodeIgniter\CodeIgniter->run()
#5 {main}
CRITICAL - 2020-11-06 21:17:35 --> syntax error, unexpected 'endif' (T_ENDIF), expecting ';' or ','
#0 C:\xampp\htdocs\nxgestao\system\Router\Router.php(192): CodeIgniter\Router\Router->autoRoute('painel/atualiza...')
#1 C:\xampp\htdocs\nxgestao\system\CodeIgniter.php(789): CodeIgniter\Router\Router->handle('painel/atualiza...')
#2 C:\xampp\htdocs\nxgestao\system\CodeIgniter.php(360): CodeIgniter\CodeIgniter->tryToRouteIt(Object(CodeIgniter\Router\RouteCollection))
#3 C:\xampp\htdocs\nxgestao\system\CodeIgniter.php(308): CodeIgniter\CodeIgniter->handleRequest(NULL, Object(Config\Cache), false)
#4 C:\xampp\htdocs\nxgestao\public\index.php(45): CodeIgniter\CodeIgniter->run()
#5 {main}
CRITICAL - 2020-11-06 21:22:01 --> Cannot use [] for unsetting
#0 [internal function]: CodeIgniter\Debug\Exceptions->shutdownHandler()
#1 {main}
CRITICAL - 2020-11-06 21:22:01 --> Cannot use [] for unsetting
#0 [internal function]: CodeIgniter\Debug\Exceptions->shutdownHandler()
#1 {main}
CRITICAL - 2020-11-06 21:22:02 --> Cannot use [] for unsetting
#0 [internal function]: CodeIgniter\Debug\Exceptions->shutdownHandler()
#1 {main}
CRITICAL - 2020-11-06 21:22:02 --> Cannot use [] for unsetting
#0 [internal function]: CodeIgniter\Debug\Exceptions->shutdownHandler()
#1 {main}
CRITICAL - 2020-11-06 21:22:03 --> Cannot use [] for unsetting
#0 [internal function]: CodeIgniter\Debug\Exceptions->shutdownHandler()
#1 {main}
CRITICAL - 2020-11-06 21:22:03 --> Cannot use [] for unsetting
#0 [internal function]: CodeIgniter\Debug\Exceptions->shutdownHandler()
#1 {main}
CRITICAL - 2020-11-06 21:22:04 --> Cannot use [] for unsetting
#0 [internal function]: CodeIgniter\Debug\Exceptions->shutdownHandler()
#1 {main}
CRITICAL - 2020-11-06 21:22:04 --> Cannot use [] for unsetting
#0 [internal function]: CodeIgniter\Debug\Exceptions->shutdownHandler()
#1 {main}
